2025-05-10 10:00:19,111 - analytics_service - INFO - main.py:78 - run_analysis() - Starting analysis run
2025-05-10 10:00:19,362 - analytics_service - INFO - main.py:231 - main() - Analytics service started on port 5004
2025-05-10 10:00:22,114 - analytics_service - INFO - main.py:57 - fetch_sensor_data() - Fetched 9110 sensor readings from time series DB
2025-05-10 10:00:22,261 - analytics_service - INFO - main.py:117 - run_analysis() - Analysis completed successfully. Risk level: DANGER
2025-05-10 10:01:22,269 - analytics_service - INFO - main.py:78 - run_analysis() - Starting analysis run
2025-05-10 10:01:26,208 - analytics_service - INFO - main.py:57 - fetch_sensor_data() - Fetched 9111 sensor readings from time series DB
2025-05-10 10:01:26,609 - analytics_service - INFO - main.py:117 - run_analysis() - Analysis completed successfully. Risk level: DANGER
2025-05-10 10:02:26,627 - analytics_service - INFO - main.py:78 - run_analysis() - Starting analysis run
2025-05-10 10:02:29,619 - analytics_service - INFO - main.py:57 - fetch_sensor_data() - Fetched 9110 sensor readings from time series DB
2025-05-10 10:02:29,963 - analytics_service - INFO - main.py:117 - run_analysis() - Analysis completed successfully. Risk level: DANGER
2025-05-10 10:03:29,972 - analytics_service - INFO - main.py:78 - run_analysis() - Starting analysis run
2025-05-10 10:03:32,727 - analytics_service - INFO - main.py:57 - fetch_sensor_data() - Fetched 9110 sensor readings from time series DB
2025-05-10 10:03:32,858 - analytics_service - INFO - main.py:117 - run_analysis() - Analysis completed successfully. Risk level: DANGER
2025-05-10 10:04:32,868 - analytics_service - INFO - main.py:78 - run_analysis() - Starting analysis run
2025-05-10 10:04:35,610 - analytics_service - INFO - main.py:57 - fetch_sensor_data() - Fetched 9110 sensor readings from time series DB
2025-05-10 10:04:35,764 - analytics_service - INFO - main.py:117 - run_analysis() - Analysis completed successfully. Risk level: DANGER
2025-05-10 10:05:35,778 - analytics_service - INFO - main.py:78 - run_analysis() - Starting analysis run
2025-05-10 10:05:38,483 - analytics_service - INFO - main.py:57 - fetch_sensor_data() - Fetched 9110 sensor readings from time series DB
2025-05-10 10:05:38,583 - analytics_service - INFO - main.py:117 - run_analysis() - Analysis completed successfully. Risk level: DANGER
2025-05-10 10:06:38,592 - analytics_service - INFO - main.py:78 - run_analysis() - Starting analysis run
2025-05-10 10:06:41,235 - analytics_service - INFO - main.py:57 - fetch_sensor_data() - Fetched 9110 sensor readings from time series DB
2025-05-10 10:06:41,319 - analytics_service - INFO - main.py:117 - run_analysis() - Analysis completed successfully. Risk level: DANGER
2025-05-10 10:07:41,329 - analytics_service - INFO - main.py:78 - run_analysis() - Starting analysis run
2025-05-10 10:07:43,932 - analytics_service - INFO - main.py:57 - fetch_sensor_data() - Fetched 9110 sensor readings from time series DB
2025-05-10 10:07:44,029 - analytics_service - INFO - main.py:117 - run_analysis() - Analysis completed successfully. Risk level: DANGER
2025-05-10 10:08:44,036 - analytics_service - INFO - main.py:78 - run_analysis() - Starting analysis run
2025-05-10 10:08:46,912 - analytics_service - INFO - main.py:57 - fetch_sensor_data() - Fetched 9110 sensor readings from time series DB
2025-05-10 10:08:47,006 - analytics_service - INFO - main.py:117 - run_analysis() - Analysis completed successfully. Risk level: DANGER
2025-05-10 10:09:47,014 - analytics_service - INFO - main.py:78 - run_analysis() - Starting analysis run
2025-05-10 10:09:49,601 - analytics_service - INFO - main.py:57 - fetch_sensor_data() - Fetched 9110 sensor readings from time series DB
2025-05-10 10:09:49,701 - analytics_service - INFO - main.py:117 - run_analysis() - Analysis completed successfully. Risk level: DANGER
2025-05-10 10:10:49,706 - analytics_service - INFO - main.py:78 - run_analysis() - Starting analysis run
2025-05-10 10:10:52,592 - analytics_service - INFO - main.py:57 - fetch_sensor_data() - Fetched 9110 sensor readings from time series DB
2025-05-10 10:10:52,737 - analytics_service - INFO - main.py:117 - run_analysis() - Analysis completed successfully. Risk level: DANGER
2025-05-10 10:11:52,749 - analytics_service - INFO - main.py:78 - run_analysis() - Starting analysis run
2025-05-10 10:11:55,859 - analytics_service - INFO - main.py:57 - fetch_sensor_data() - Fetched 9110 sensor readings from time series DB
2025-05-10 10:11:55,956 - analytics_service - INFO - main.py:117 - run_analysis() - Analysis completed successfully. Risk level: DANGER
2025-05-10 10:12:55,964 - analytics_service - INFO - main.py:78 - run_analysis() - Starting analysis run
2025-05-10 10:12:58,777 - analytics_service - INFO - main.py:57 - fetch_sensor_data() - Fetched 9110 sensor readings from time series DB
2025-05-10 10:12:58,884 - analytics_service - INFO - main.py:117 - run_analysis() - Analysis completed successfully. Risk level: DANGER
2025-05-10 10:13:58,910 - analytics_service - INFO - main.py:78 - run_analysis() - Starting analysis run
2025-05-10 10:14:01,967 - analytics_service - INFO - main.py:57 - fetch_sensor_data() - Fetched 9110 sensor readings from time series DB
2025-05-10 10:14:02,132 - analytics_service - INFO - main.py:117 - run_analysis() - Analysis completed successfully. Risk level: DANGER
2025-05-10 10:15:02,140 - analytics_service - INFO - main.py:78 - run_analysis() - Starting analysis run
2025-05-10 10:15:04,831 - analytics_service - INFO - main.py:57 - fetch_sensor_data() - Fetched 9108 sensor readings from time series DB
2025-05-10 10:15:04,925 - analytics_service - INFO - main.py:117 - run_analysis() - Analysis completed successfully. Risk level: DANGER
2025-05-10 10:16:04,932 - analytics_service - INFO - main.py:78 - run_analysis() - Starting analysis run
2025-05-10 10:16:07,709 - analytics_service - INFO - main.py:57 - fetch_sensor_data() - Fetched 9108 sensor readings from time series DB
2025-05-10 10:16:07,824 - analytics_service - INFO - main.py:117 - run_analysis() - Analysis completed successfully. Risk level: DANGER
2025-05-10 10:17:07,830 - analytics_service - INFO - main.py:78 - run_analysis() - Starting analysis run
2025-05-10 10:17:10,462 - analytics_service - INFO - main.py:57 - fetch_sensor_data() - Fetched 9108 sensor readings from time series DB
2025-05-10 10:17:10,568 - analytics_service - INFO - main.py:117 - run_analysis() - Analysis completed successfully. Risk level: DANGER
2025-05-10 10:18:10,574 - analytics_service - INFO - main.py:78 - run_analysis() - Starting analysis run
2025-05-10 10:18:13,260 - analytics_service - INFO - main.py:57 - fetch_sensor_data() - Fetched 9108 sensor readings from time series DB
2025-05-10 10:18:13,369 - analytics_service - INFO - main.py:117 - run_analysis() - Analysis completed successfully. Risk level: DANGER
2025-05-10 10:19:13,379 - analytics_service - INFO - main.py:78 - run_analysis() - Starting analysis run
2025-05-10 10:19:16,163 - analytics_service - INFO - main.py:57 - fetch_sensor_data() - Fetched 9107 sensor readings from time series DB
2025-05-10 10:19:16,259 - analytics_service - INFO - main.py:117 - run_analysis() - Analysis completed successfully. Risk level: DANGER
2025-05-10 10:20:16,268 - analytics_service - INFO - main.py:78 - run_analysis() - Starting analysis run
2025-05-10 10:20:19,705 - analytics_service - INFO - main.py:57 - fetch_sensor_data() - Fetched 9108 sensor readings from time series DB
2025-05-10 10:20:19,935 - analytics_service - INFO - main.py:117 - run_analysis() - Analysis completed successfully. Risk level: DANGER
2025-05-10 10:21:19,945 - analytics_service - INFO - main.py:78 - run_analysis() - Starting analysis run
2025-05-10 10:21:22,572 - analytics_service - INFO - main.py:57 - fetch_sensor_data() - Fetched 9105 sensor readings from time series DB
2025-05-10 10:21:22,669 - analytics_service - INFO - main.py:117 - run_analysis() - Analysis completed successfully. Risk level: DANGER
2025-05-10 10:22:22,679 - analytics_service - INFO - main.py:78 - run_analysis() - Starting analysis run
2025-05-10 10:22:25,473 - analytics_service - INFO - main.py:57 - fetch_sensor_data() - Fetched 9105 sensor readings from time series DB
2025-05-10 10:22:25,569 - analytics_service - INFO - main.py:117 - run_analysis() - Analysis completed successfully. Risk level: DANGER
2025-05-10 10:23:25,575 - analytics_service - INFO - main.py:78 - run_analysis() - Starting analysis run
2025-05-10 10:23:29,036 - analytics_service - INFO - main.py:57 - fetch_sensor_data() - Fetched 9104 sensor readings from time series DB
2025-05-10 10:23:29,176 - analytics_service - INFO - main.py:117 - run_analysis() - Analysis completed successfully. Risk level: DANGER
2025-05-10 10:24:29,187 - analytics_service - INFO - main.py:78 - run_analysis() - Starting analysis run
2025-05-10 10:24:31,944 - analytics_service - INFO - main.py:57 - fetch_sensor_data() - Fetched 9104 sensor readings from time series DB
2025-05-10 10:24:32,129 - analytics_service - INFO - main.py:117 - run_analysis() - Analysis completed successfully. Risk level: DANGER
2025-05-10 10:25:32,140 - analytics_service - INFO - main.py:78 - run_analysis() - Starting analysis run
2025-05-10 10:25:34,823 - analytics_service - INFO - main.py:57 - fetch_sensor_data() - Fetched 9105 sensor readings from time series DB
2025-05-10 10:25:34,937 - analytics_service - INFO - main.py:117 - run_analysis() - Analysis completed successfully. Risk level: DANGER
2025-05-10 10:26:34,943 - analytics_service - INFO - main.py:78 - run_analysis() - Starting analysis run
2025-05-10 10:26:37,635 - analytics_service - INFO - main.py:57 - fetch_sensor_data() - Fetched 9104 sensor readings from time series DB
2025-05-10 10:26:37,752 - analytics_service - INFO - main.py:117 - run_analysis() - Analysis completed successfully. Risk level: DANGER
2025-05-10 10:27:37,758 - analytics_service - INFO - main.py:78 - run_analysis() - Starting analysis run
2025-05-10 10:27:41,155 - analytics_service - INFO - main.py:57 - fetch_sensor_data() - Fetched 9104 sensor readings from time series DB
2025-05-10 10:27:41,426 - analytics_service - INFO - main.py:117 - run_analysis() - Analysis completed successfully. Risk level: DANGER
2025-05-10 10:28:41,441 - analytics_service - INFO - main.py:78 - run_analysis() - Starting analysis run
2025-05-10 10:28:44,203 - analytics_service - INFO - main.py:57 - fetch_sensor_data() - Fetched 9101 sensor readings from time series DB
2025-05-10 10:28:44,303 - analytics_service - INFO - main.py:117 - run_analysis() - Analysis completed successfully. Risk level: DANGER
2025-05-10 10:29:44,308 - analytics_service - INFO - main.py:78 - run_analysis() - Starting analysis run
2025-05-10 10:29:47,463 - analytics_service - INFO - main.py:57 - fetch_sensor_data() - Fetched 9101 sensor readings from time series DB
2025-05-10 10:29:47,590 - analytics_service - INFO - main.py:117 - run_analysis() - Analysis completed successfully. Risk level: DANGER
2025-05-10 10:30:47,598 - analytics_service - INFO - main.py:78 - run_analysis() - Starting analysis run
2025-05-10 10:30:50,438 - analytics_service - INFO - main.py:57 - fetch_sensor_data() - Fetched 9101 sensor readings from time series DB
2025-05-10 10:30:50,536 - analytics_service - INFO - main.py:117 - run_analysis() - Analysis completed successfully. Risk level: DANGER
2025-05-10 10:31:50,552 - analytics_service - INFO - main.py:78 - run_analysis() - Starting analysis run
2025-05-10 10:31:53,717 - analytics_service - INFO - main.py:57 - fetch_sensor_data() - Fetched 9098 sensor readings from time series DB
2025-05-10 10:31:53,883 - analytics_service - INFO - main.py:117 - run_analysis() - Analysis completed successfully. Risk level: DANGER
2025-05-10 10:32:53,901 - analytics_service - INFO - main.py:78 - run_analysis() - Starting analysis run
2025-05-10 10:32:56,575 - analytics_service - INFO - main.py:57 - fetch_sensor_data() - Fetched 9097 sensor readings from time series DB
2025-05-10 10:32:56,690 - analytics_service - INFO - main.py:117 - run_analysis() - Analysis completed successfully. Risk level: DANGER
2025-05-10 10:33:56,700 - analytics_service - INFO - main.py:78 - run_analysis() - Starting analysis run
2025-05-10 10:33:59,422 - analytics_service - INFO - main.py:57 - fetch_sensor_data() - Fetched 9098 sensor readings from time series DB
2025-05-10 10:33:59,534 - analytics_service - INFO - main.py:117 - run_analysis() - Analysis completed successfully. Risk level: DANGER
2025-05-10 10:34:59,543 - analytics_service - INFO - main.py:78 - run_analysis() - Starting analysis run
2025-05-10 10:35:02,146 - analytics_service - INFO - main.py:57 - fetch_sensor_data() - Fetched 9097 sensor readings from time series DB
2025-05-10 10:35:02,240 - analytics_service - INFO - main.py:117 - run_analysis() - Analysis completed successfully. Risk level: DANGER
2025-05-10 10:36:02,248 - analytics_service - INFO - main.py:78 - run_analysis() - Starting analysis run
2025-05-10 10:36:05,276 - analytics_service - INFO - main.py:57 - fetch_sensor_data() - Fetched 9095 sensor readings from time series DB
2025-05-10 10:36:05,450 - analytics_service - INFO - main.py:117 - run_analysis() - Analysis completed successfully. Risk level: DANGER
2025-05-10 10:37:05,463 - analytics_service - INFO - main.py:78 - run_analysis() - Starting analysis run
2025-05-10 10:37:08,154 - analytics_service - INFO - main.py:57 - fetch_sensor_data() - Fetched 9095 sensor readings from time series DB
2025-05-10 10:37:08,254 - analytics_service - INFO - main.py:117 - run_analysis() - Analysis completed successfully. Risk level: DANGER
2025-05-10 10:38:08,265 - analytics_service - INFO - main.py:78 - run_analysis() - Starting analysis run
2025-05-10 10:38:11,346 - analytics_service - INFO - main.py:57 - fetch_sensor_data() - Fetched 9094 sensor readings from time series DB
2025-05-10 10:38:11,540 - analytics_service - INFO - main.py:117 - run_analysis() - Analysis completed successfully. Risk level: DANGER
2025-05-10 10:39:11,554 - analytics_service - INFO - main.py:78 - run_analysis() - Starting analysis run
2025-05-10 10:39:14,567 - analytics_service - INFO - main.py:57 - fetch_sensor_data() - Fetched 9093 sensor readings from time series DB
2025-05-10 10:39:14,873 - analytics_service - INFO - main.py:117 - run_analysis() - Analysis completed successfully. Risk level: DANGER
2025-05-10 10:40:14,880 - analytics_service - INFO - main.py:78 - run_analysis() - Starting analysis run
2025-05-10 10:40:17,576 - analytics_service - INFO - main.py:57 - fetch_sensor_data() - Fetched 9094 sensor readings from time series DB
2025-05-10 10:40:17,706 - analytics_service - INFO - main.py:117 - run_analysis() - Analysis completed successfully. Risk level: DANGER
2025-05-10 10:41:17,717 - analytics_service - INFO - main.py:78 - run_analysis() - Starting analysis run
2025-05-10 10:41:21,172 - analytics_service - INFO - main.py:57 - fetch_sensor_data() - Fetched 9093 sensor readings from time series DB
2025-05-10 10:41:21,621 - analytics_service - INFO - main.py:117 - run_analysis() - Analysis completed successfully. Risk level: DANGER
2025-05-10 10:42:21,650 - analytics_service - INFO - main.py:78 - run_analysis() - Starting analysis run
2025-05-10 10:42:24,382 - analytics_service - INFO - main.py:57 - fetch_sensor_data() - Fetched 9093 sensor readings from time series DB
2025-05-10 10:42:24,494 - analytics_service - INFO - main.py:117 - run_analysis() - Analysis completed successfully. Risk level: DANGER
2025-05-10 10:43:24,681 - analytics_service - INFO - main.py:78 - run_analysis() - Starting analysis run
2025-05-10 10:43:27,532 - analytics_service - INFO - main.py:57 - fetch_sensor_data() - Fetched 9093 sensor readings from time series DB
2025-05-10 10:43:27,628 - analytics_service - INFO - main.py:117 - run_analysis() - Analysis completed successfully. Risk level: DANGER
2025-05-10 10:44:27,642 - analytics_service - INFO - main.py:78 - run_analysis() - Starting analysis run
2025-05-10 10:44:30,518 - analytics_service - INFO - main.py:57 - fetch_sensor_data() - Fetched 9093 sensor readings from time series DB
2025-05-10 10:44:30,661 - analytics_service - INFO - main.py:117 - run_analysis() - Analysis completed successfully. Risk level: DANGER
2025-05-10 10:45:30,674 - analytics_service - INFO - main.py:78 - run_analysis() - Starting analysis run
2025-05-10 10:45:33,841 - analytics_service - INFO - main.py:57 - fetch_sensor_data() - Fetched 9091 sensor readings from time series DB
2025-05-10 10:45:34,006 - analytics_service - INFO - main.py:117 - run_analysis() - Analysis completed successfully. Risk level: DANGER
2025-05-10 10:46:34,019 - analytics_service - INFO - main.py:78 - run_analysis() - Starting analysis run
2025-05-10 10:46:37,021 - analytics_service - INFO - main.py:57 - fetch_sensor_data() - Fetched 9091 sensor readings from time series DB
2025-05-10 10:46:37,193 - analytics_service - INFO - main.py:117 - run_analysis() - Analysis completed successfully. Risk level: DANGER
2025-05-10 10:47:37,204 - analytics_service - INFO - main.py:78 - run_analysis() - Starting analysis run
2025-05-10 10:47:40,039 - analytics_service - INFO - main.py:57 - fetch_sensor_data() - Fetched 9090 sensor readings from time series DB
2025-05-10 10:47:40,200 - analytics_service - INFO - main.py:117 - run_analysis() - Analysis completed successfully. Risk level: DANGER
2025-05-10 10:48:40,208 - analytics_service - INFO - main.py:78 - run_analysis() - Starting analysis run
2025-05-10 10:48:43,064 - analytics_service - INFO - main.py:57 - fetch_sensor_data() - Fetched 9091 sensor readings from time series DB
2025-05-10 10:48:43,162 - analytics_service - INFO - main.py:117 - run_analysis() - Analysis completed successfully. Risk level: DANGER
2025-05-10 10:49:43,174 - analytics_service - INFO - main.py:78 - run_analysis() - Starting analysis run
2025-05-10 10:49:46,083 - analytics_service - INFO - main.py:57 - fetch_sensor_data() - Fetched 9090 sensor readings from time series DB
2025-05-10 10:49:46,331 - analytics_service - INFO - main.py:117 - run_analysis() - Analysis completed successfully. Risk level: DANGER
2025-05-10 10:50:46,351 - analytics_service - INFO - main.py:78 - run_analysis() - Starting analysis run
2025-05-10 10:50:49,023 - analytics_service - INFO - main.py:57 - fetch_sensor_data() - Fetched 9091 sensor readings from time series DB
2025-05-10 10:50:49,114 - analytics_service - INFO - main.py:117 - run_analysis() - Analysis completed successfully. Risk level: DANGER
2025-05-10 10:51:49,125 - analytics_service - INFO - main.py:78 - run_analysis() - Starting analysis run
2025-05-10 10:51:51,858 - analytics_service - INFO - main.py:57 - fetch_sensor_data() - Fetched 9090 sensor readings from time series DB
2025-05-10 10:51:51,955 - analytics_service - INFO - main.py:117 - run_analysis() - Analysis completed successfully. Risk level: DANGER
2025-05-10 10:52:51,962 - analytics_service - INFO - main.py:78 - run_analysis() - Starting analysis run
2025-05-10 10:52:54,609 - analytics_service - INFO - main.py:57 - fetch_sensor_data() - Fetched 9091 sensor readings from time series DB
2025-05-10 10:52:54,701 - analytics_service - INFO - main.py:117 - run_analysis() - Analysis completed successfully. Risk level: DANGER
2025-05-10 10:53:54,706 - analytics_service - INFO - main.py:78 - run_analysis() - Starting analysis run
2025-05-10 10:53:57,644 - analytics_service - INFO - main.py:57 - fetch_sensor_data() - Fetched 9091 sensor readings from time series DB
2025-05-10 10:53:57,782 - analytics_service - INFO - main.py:117 - run_analysis() - Analysis completed successfully. Risk level: DANGER
2025-05-10 10:54:57,790 - analytics_service - INFO - main.py:78 - run_analysis() - Starting analysis run
2025-05-10 10:55:00,438 - analytics_service - INFO - main.py:57 - fetch_sensor_data() - Fetched 9091 sensor readings from time series DB
2025-05-10 10:55:00,534 - analytics_service - INFO - main.py:117 - run_analysis() - Analysis completed successfully. Risk level: DANGER
2025-05-10 10:56:00,540 - analytics_service - INFO - main.py:78 - run_analysis() - Starting analysis run
2025-05-10 10:56:03,184 - analytics_service - INFO - main.py:57 - fetch_sensor_data() - Fetched 9091 sensor readings from time series DB
2025-05-10 10:56:03,284 - analytics_service - INFO - main.py:117 - run_analysis() - Analysis completed successfully. Risk level: DANGER
2025-05-10 10:57:03,303 - analytics_service - INFO - main.py:78 - run_analysis() - Starting analysis run
2025-05-10 10:57:06,142 - analytics_service - INFO - main.py:57 - fetch_sensor_data() - Fetched 9091 sensor readings from time series DB
2025-05-10 10:57:06,269 - analytics_service - INFO - main.py:117 - run_analysis() - Analysis completed successfully. Risk level: DANGER
2025-05-10 10:58:06,280 - analytics_service - INFO - main.py:78 - run_analysis() - Starting analysis run
2025-05-10 10:58:09,239 - analytics_service - INFO - main.py:57 - fetch_sensor_data() - Fetched 9091 sensor readings from time series DB
2025-05-10 10:58:09,343 - analytics_service - INFO - main.py:117 - run_analysis() - Analysis completed successfully. Risk level: DANGER
2025-05-10 10:59:09,354 - analytics_service - INFO - main.py:78 - run_analysis() - Starting analysis run
2025-05-10 10:59:12,160 - analytics_service - INFO - main.py:57 - fetch_sensor_data() - Fetched 9091 sensor readings from time series DB
2025-05-10 10:59:12,272 - analytics_service - INFO - main.py:117 - run_analysis() - Analysis completed successfully. Risk level: DANGER
2025-05-10 11:00:12,279 - analytics_service - INFO - main.py:78 - run_analysis() - Starting analysis run
2025-05-10 11:00:15,078 - analytics_service - INFO - main.py:57 - fetch_sensor_data() - Fetched 9090 sensor readings from time series DB
2025-05-10 11:00:15,259 - analytics_service - INFO - main.py:117 - run_analysis() - Analysis completed successfully. Risk level: DANGER
2025-05-10 11:01:15,277 - analytics_service - INFO - main.py:78 - run_analysis() - Starting analysis run
2025-05-10 11:01:18,268 - analytics_service - INFO - main.py:57 - fetch_sensor_data() - Fetched 9091 sensor readings from time series DB
2025-05-10 11:01:18,373 - analytics_service - INFO - main.py:117 - run_analysis() - Analysis completed successfully. Risk level: DANGER
2025-05-10 11:02:18,379 - analytics_service - INFO - main.py:78 - run_analysis() - Starting analysis run
2025-05-10 11:02:21,018 - analytics_service - INFO - main.py:57 - fetch_sensor_data() - Fetched 9090 sensor readings from time series DB
2025-05-10 11:02:21,114 - analytics_service - INFO - main.py:117 - run_analysis() - Analysis completed successfully. Risk level: DANGER
2025-05-10 11:03:21,130 - analytics_service - INFO - main.py:78 - run_analysis() - Starting analysis run
2025-05-10 11:03:23,920 - analytics_service - INFO - main.py:57 - fetch_sensor_data() - Fetched 9091 sensor readings from time series DB
2025-05-10 11:03:24,018 - analytics_service - INFO - main.py:117 - run_analysis() - Analysis completed successfully. Risk level: DANGER
2025-05-10 11:04:24,028 - analytics_service - INFO - main.py:78 - run_analysis() - Starting analysis run
2025-05-10 11:04:26,956 - analytics_service - INFO - main.py:57 - fetch_sensor_data() - Fetched 9090 sensor readings from time series DB
2025-05-10 11:04:27,063 - analytics_service - INFO - main.py:117 - run_analysis() - Analysis completed successfully. Risk level: DANGER
2025-05-10 11:05:27,074 - analytics_service - INFO - main.py:78 - run_analysis() - Starting analysis run
2025-05-10 11:05:30,155 - analytics_service - INFO - main.py:57 - fetch_sensor_data() - Fetched 9090 sensor readings from time series DB
2025-05-10 11:05:30,329 - analytics_service - INFO - main.py:117 - run_analysis() - Analysis completed successfully. Risk level: DANGER
2025-05-10 11:06:30,343 - analytics_service - INFO - main.py:78 - run_analysis() - Starting analysis run
2025-05-10 11:06:33,446 - analytics_service - INFO - main.py:57 - fetch_sensor_data() - Fetched 9090 sensor readings from time series DB
2025-05-10 11:06:33,596 - analytics_service - INFO - main.py:117 - run_analysis() - Analysis completed successfully. Risk level: DANGER
2025-05-10 11:07:33,607 - analytics_service - INFO - main.py:78 - run_analysis() - Starting analysis run
2025-05-10 11:07:36,804 - analytics_service - INFO - main.py:57 - fetch_sensor_data() - Fetched 9091 sensor readings from time series DB
2025-05-10 11:07:36,962 - analytics_service - INFO - main.py:117 - run_analysis() - Analysis completed successfully. Risk level: DANGER
2025-05-10 11:08:36,976 - analytics_service - INFO - main.py:78 - run_analysis() - Starting analysis run
2025-05-10 11:08:39,995 - analytics_service - INFO - main.py:57 - fetch_sensor_data() - Fetched 9090 sensor readings from time series DB
2025-05-10 11:08:40,186 - analytics_service - INFO - main.py:117 - run_analysis() - Analysis completed successfully. Risk level: DANGER
2025-05-10 11:09:40,202 - analytics_service - INFO - main.py:78 - run_analysis() - Starting analysis run
2025-05-10 11:09:43,276 - analytics_service - INFO - main.py:57 - fetch_sensor_data() - Fetched 9091 sensor readings from time series DB
2025-05-10 11:09:43,432 - analytics_service - INFO - main.py:117 - run_analysis() - Analysis completed successfully. Risk level: DANGER
2025-05-10 11:10:43,437 - analytics_service - INFO - main.py:78 - run_analysis() - Starting analysis run
2025-05-10 11:10:46,339 - analytics_service - INFO - main.py:57 - fetch_sensor_data() - Fetched 9090 sensor readings from time series DB
2025-05-10 11:10:46,472 - analytics_service - INFO - main.py:117 - run_analysis() - Analysis completed successfully. Risk level: DANGER
2025-05-10 11:11:46,495 - analytics_service - INFO - main.py:78 - run_analysis() - Starting analysis run
2025-05-10 11:11:49,408 - analytics_service - INFO - main.py:57 - fetch_sensor_data() - Fetched 9091 sensor readings from time series DB
2025-05-10 11:11:49,694 - analytics_service - INFO - main.py:117 - run_analysis() - Analysis completed successfully. Risk level: DANGER
2025-05-10 11:12:49,711 - analytics_service - INFO - main.py:78 - run_analysis() - Starting analysis run
2025-05-10 11:12:53,776 - analytics_service - ERROR - main.py:67 - fetch_sensor_data() - Request error fetching sensor data: HTTPConnectionPool(host='localhost', port=8084): Max retries exceeded with url: /sensor_data?device_id=1&sensor_type=pressure&start=2025-05-09T11%3A12%3A49.713933&end=2025-05-10T11%3A12%3A49.713933 (Caused by NewConnectionError('<urllib3.connection.HTTPConnection object at 0x000002A7EF14CE10>: Failed to establish a new connection: [WinError 10061] No connection could be made because the target machine actively refused it'))
2025-05-10 11:12:53,776 - analytics_service - WARNING - main.py:83 - run_analysis() - Insufficient sensor data for analysis
2025-05-10 11:13:53,781 - analytics_service - INFO - main.py:78 - run_analysis() - Starting analysis run
2025-05-10 11:13:57,655 - analytics_service - INFO - main.py:57 - fetch_sensor_data() - Fetched 9084 sensor readings from time series DB
2025-05-10 11:13:57,932 - analytics_service - INFO - main.py:117 - run_analysis() - Analysis completed successfully. Risk level: DANGER
2025-05-10 11:14:57,939 - analytics_service - INFO - main.py:78 - run_analysis() - Starting analysis run
2025-05-10 11:15:09,979 - analytics_service - ERROR - main.py:67 - fetch_sensor_data() - Request error fetching sensor data: HTTPConnectionPool(host='localhost', port=8084): Read timed out. (read timeout=10)
2025-05-10 11:15:09,988 - analytics_service - WARNING - main.py:83 - run_analysis() - Insufficient sensor data for analysis
2025-05-10 11:16:09,989 - analytics_service - INFO - main.py:78 - run_analysis() - Starting analysis run
2025-05-10 11:16:20,194 - analytics_service - INFO - main.py:57 - fetch_sensor_data() - Fetched 9065 sensor readings from time series DB
2025-05-10 11:16:20,562 - analytics_service - INFO - main.py:117 - run_analysis() - Analysis completed successfully. Risk level: DANGER
2025-05-10 11:17:20,576 - analytics_service - INFO - main.py:78 - run_analysis() - Starting analysis run
2025-05-10 11:17:23,302 - analytics_service - INFO - main.py:57 - fetch_sensor_data() - Fetched 9084 sensor readings from time series DB
2025-05-10 11:17:23,423 - analytics_service - INFO - main.py:117 - run_analysis() - Analysis completed successfully. Risk level: DANGER
2025-05-10 11:18:23,429 - analytics_service - INFO - main.py:78 - run_analysis() - Starting analysis run
2025-05-10 11:18:26,450 - analytics_service - INFO - main.py:57 - fetch_sensor_data() - Fetched 9085 sensor readings from time series DB
2025-05-10 11:18:26,598 - analytics_service - INFO - main.py:117 - run_analysis() - Analysis completed successfully. Risk level: DANGER
2025-05-10 11:19:26,632 - analytics_service - INFO - main.py:78 - run_analysis() - Starting analysis run
2025-05-10 11:19:29,641 - analytics_service - INFO - main.py:57 - fetch_sensor_data() - Fetched 9084 sensor readings from time series DB
2025-05-10 11:19:29,854 - analytics_service - INFO - main.py:117 - run_analysis() - Analysis completed successfully. Risk level: DANGER
2025-05-10 11:20:29,867 - analytics_service - INFO - main.py:78 - run_analysis() - Starting analysis run
2025-05-10 11:20:32,845 - analytics_service - INFO - main.py:57 - fetch_sensor_data() - Fetched 9085 sensor readings from time series DB
2025-05-10 11:20:33,029 - analytics_service - INFO - main.py:117 - run_analysis() - Analysis completed successfully. Risk level: DANGER
2025-05-10 11:21:33,040 - analytics_service - INFO - main.py:78 - run_analysis() - Starting analysis run
2025-05-10 11:21:36,257 - analytics_service - INFO - main.py:57 - fetch_sensor_data() - Fetched 9082 sensor readings from time series DB
2025-05-10 11:21:36,520 - analytics_service - INFO - main.py:117 - run_analysis() - Analysis completed successfully. Risk level: DANGER
2025-05-10 11:22:36,538 - analytics_service - INFO - main.py:78 - run_analysis() - Starting analysis run
2025-05-10 11:22:39,478 - analytics_service - INFO - main.py:57 - fetch_sensor_data() - Fetched 9082 sensor readings from time series DB
2025-05-10 11:22:39,606 - analytics_service - INFO - main.py:117 - run_analysis() - Analysis completed successfully. Risk level: DANGER
2025-05-10 11:23:39,612 - analytics_service - INFO - main.py:78 - run_analysis() - Starting analysis run
2025-05-10 11:23:42,474 - analytics_service - INFO - main.py:57 - fetch_sensor_data() - Fetched 9082 sensor readings from time series DB
2025-05-10 11:23:42,611 - analytics_service - INFO - main.py:117 - run_analysis() - Analysis completed successfully. Risk level: DANGER
2025-05-10 11:24:42,629 - analytics_service - INFO - main.py:78 - run_analysis() - Starting analysis run
2025-05-10 11:24:45,343 - analytics_service - INFO - main.py:57 - fetch_sensor_data() - Fetched 9082 sensor readings from time series DB
2025-05-10 11:24:45,469 - analytics_service - INFO - main.py:117 - run_analysis() - Analysis completed successfully. Risk level: DANGER
2025-05-10 11:25:45,475 - analytics_service - INFO - main.py:78 - run_analysis() - Starting analysis run
2025-05-10 11:25:48,314 - analytics_service - INFO - main.py:57 - fetch_sensor_data() - Fetched 9082 sensor readings from time series DB
2025-05-10 11:25:48,453 - analytics_service - INFO - main.py:117 - run_analysis() - Analysis completed successfully. Risk level: DANGER
2025-05-10 11:26:48,462 - analytics_service - INFO - main.py:78 - run_analysis() - Starting analysis run
2025-05-10 11:26:51,209 - analytics_service - INFO - main.py:57 - fetch_sensor_data() - Fetched 9082 sensor readings from time series DB
2025-05-10 11:26:51,342 - analytics_service - INFO - main.py:117 - run_analysis() - Analysis completed successfully. Risk level: DANGER
2025-05-10 11:27:51,352 - analytics_service - INFO - main.py:78 - run_analysis() - Starting analysis run
2025-05-10 11:27:54,228 - analytics_service - INFO - main.py:57 - fetch_sensor_data() - Fetched 9082 sensor readings from time series DB
2025-05-10 11:27:54,356 - analytics_service - INFO - main.py:117 - run_analysis() - Analysis completed successfully. Risk level: DANGER
2025-05-10 11:28:54,369 - analytics_service - INFO - main.py:78 - run_analysis() - Starting analysis run
2025-05-10 11:28:57,350 - analytics_service - INFO - main.py:57 - fetch_sensor_data() - Fetched 9082 sensor readings from time series DB
2025-05-10 11:28:57,511 - analytics_service - INFO - main.py:117 - run_analysis() - Analysis completed successfully. Risk level: DANGER
2025-05-10 11:29:57,518 - analytics_service - INFO - main.py:78 - run_analysis() - Starting analysis run
2025-05-10 11:30:00,405 - analytics_service - INFO - main.py:57 - fetch_sensor_data() - Fetched 9083 sensor readings from time series DB
2025-05-10 11:30:00,529 - analytics_service - INFO - main.py:117 - run_analysis() - Analysis completed successfully. Risk level: DANGER
2025-05-10 11:31:00,552 - analytics_service - INFO - main.py:78 - run_analysis() - Starting analysis run
2025-05-10 11:31:03,314 - analytics_service - INFO - main.py:57 - fetch_sensor_data() - Fetched 9082 sensor readings from time series DB
2025-05-10 11:31:03,481 - analytics_service - INFO - main.py:117 - run_analysis() - Analysis completed successfully. Risk level: DANGER
2025-05-10 11:32:03,499 - analytics_service - INFO - main.py:78 - run_analysis() - Starting analysis run
2025-05-10 11:32:07,362 - analytics_service - INFO - main.py:57 - fetch_sensor_data() - Fetched 9081 sensor readings from time series DB
2025-05-10 11:32:07,870 - analytics_service - INFO - main.py:117 - run_analysis() - Analysis completed successfully. Risk level: DANGER
2025-05-10 11:33:07,998 - analytics_service - INFO - main.py:78 - run_analysis() - Starting analysis run
2025-05-10 11:33:10,862 - analytics_service - INFO - main.py:57 - fetch_sensor_data() - Fetched 9081 sensor readings from time series DB
2025-05-10 11:33:11,008 - analytics_service - INFO - main.py:117 - run_analysis() - Analysis completed successfully. Risk level: DANGER
2025-05-10 11:34:11,031 - analytics_service - INFO - main.py:78 - run_analysis() - Starting analysis run
2025-05-10 11:34:14,074 - analytics_service - INFO - main.py:57 - fetch_sensor_data() - Fetched 9080 sensor readings from time series DB
2025-05-10 11:34:14,179 - analytics_service - INFO - main.py:117 - run_analysis() - Analysis completed successfully. Risk level: DANGER
2025-05-10 11:35:14,195 - analytics_service - INFO - main.py:78 - run_analysis() - Starting analysis run
2025-05-10 11:35:16,839 - analytics_service - INFO - main.py:57 - fetch_sensor_data() - Fetched 9081 sensor readings from time series DB
2025-05-10 11:35:16,944 - analytics_service - INFO - main.py:117 - run_analysis() - Analysis completed successfully. Risk level: DANGER
2025-05-10 11:36:16,951 - analytics_service - INFO - main.py:78 - run_analysis() - Starting analysis run
2025-05-10 11:36:19,742 - analytics_service - INFO - main.py:57 - fetch_sensor_data() - Fetched 9081 sensor readings from time series DB
2025-05-10 11:36:19,861 - analytics_service - INFO - main.py:117 - run_analysis() - Analysis completed successfully. Risk level: DANGER
2025-05-10 11:37:19,867 - analytics_service - INFO - main.py:78 - run_analysis() - Starting analysis run
2025-05-10 11:37:22,526 - analytics_service - INFO - main.py:57 - fetch_sensor_data() - Fetched 9081 sensor readings from time series DB
2025-05-10 11:37:22,630 - analytics_service - INFO - main.py:117 - run_analysis() - Analysis completed successfully. Risk level: DANGER
2025-05-10 11:38:22,636 - analytics_service - INFO - main.py:78 - run_analysis() - Starting analysis run
2025-05-10 11:38:25,404 - analytics_service - INFO - main.py:57 - fetch_sensor_data() - Fetched 9081 sensor readings from time series DB
2025-05-10 11:38:25,517 - analytics_service - INFO - main.py:117 - run_analysis() - Analysis completed successfully. Risk level: DANGER
2025-05-10 11:39:25,522 - analytics_service - INFO - main.py:78 - run_analysis() - Starting analysis run
2025-05-10 11:39:28,103 - analytics_service - INFO - main.py:57 - fetch_sensor_data() - Fetched 9081 sensor readings from time series DB
2025-05-10 11:39:28,192 - analytics_service - INFO - main.py:117 - run_analysis() - Analysis completed successfully. Risk level: DANGER
2025-05-10 11:40:28,197 - analytics_service - INFO - main.py:78 - run_analysis() - Starting analysis run
2025-05-10 11:40:30,805 - analytics_service - INFO - main.py:57 - fetch_sensor_data() - Fetched 9081 sensor readings from time series DB
2025-05-10 11:40:30,896 - analytics_service - INFO - main.py:117 - run_analysis() - Analysis completed successfully. Risk level: DANGER
2025-05-10 11:41:30,917 - analytics_service - INFO - main.py:78 - run_analysis() - Starting analysis run
2025-05-10 11:41:35,762 - analytics_service - INFO - main.py:57 - fetch_sensor_data() - Fetched 9080 sensor readings from time series DB
2025-05-10 11:41:36,412 - analytics_service - INFO - main.py:117 - run_analysis() - Analysis completed successfully. Risk level: DANGER
2025-05-10 11:42:36,437 - analytics_service - INFO - main.py:78 - run_analysis() - Starting analysis run
2025-05-10 11:42:39,041 - analytics_service - INFO - main.py:57 - fetch_sensor_data() - Fetched 9080 sensor readings from time series DB
2025-05-10 11:42:39,146 - analytics_service - INFO - main.py:117 - run_analysis() - Analysis completed successfully. Risk level: DANGER
2025-05-10 11:43:39,150 - analytics_service - INFO - main.py:78 - run_analysis() - Starting analysis run
2025-05-10 11:43:41,740 - analytics_service - INFO - main.py:57 - fetch_sensor_data() - Fetched 9080 sensor readings from time series DB
2025-05-10 11:43:41,861 - analytics_service - INFO - main.py:117 - run_analysis() - Analysis completed successfully. Risk level: DANGER
2025-05-10 11:44:41,866 - analytics_service - INFO - main.py:78 - run_analysis() - Starting analysis run
2025-05-10 11:44:44,497 - analytics_service - INFO - main.py:57 - fetch_sensor_data() - Fetched 9080 sensor readings from time series DB
2025-05-10 11:44:44,589 - analytics_service - INFO - main.py:117 - run_analysis() - Analysis completed successfully. Risk level: DANGER
2025-05-10 11:45:44,593 - analytics_service - INFO - main.py:78 - run_analysis() - Starting analysis run
2025-05-10 11:45:47,214 - analytics_service - INFO - main.py:57 - fetch_sensor_data() - Fetched 9080 sensor readings from time series DB
2025-05-10 11:45:47,325 - analytics_service - INFO - main.py:117 - run_analysis() - Analysis completed successfully. Risk level: DANGER
2025-05-10 11:46:47,332 - analytics_service - INFO - main.py:78 - run_analysis() - Starting analysis run
2025-05-10 11:46:49,955 - analytics_service - INFO - main.py:57 - fetch_sensor_data() - Fetched 9080 sensor readings from time series DB
2025-05-10 11:46:50,047 - analytics_service - INFO - main.py:117 - run_analysis() - Analysis completed successfully. Risk level: DANGER
2025-05-10 11:47:50,051 - analytics_service - INFO - main.py:78 - run_analysis() - Starting analysis run
2025-05-10 11:47:52,964 - analytics_service - INFO - main.py:57 - fetch_sensor_data() - Fetched 9080 sensor readings from time series DB
2025-05-10 11:47:53,085 - analytics_service - INFO - main.py:117 - run_analysis() - Analysis completed successfully. Risk level: DANGER
2025-05-10 11:48:53,092 - analytics_service - INFO - main.py:78 - run_analysis() - Starting analysis run
2025-05-10 11:48:55,847 - analytics_service - INFO - main.py:57 - fetch_sensor_data() - Fetched 9080 sensor readings from time series DB
2025-05-10 11:48:55,952 - analytics_service - INFO - main.py:117 - run_analysis() - Analysis completed successfully. Risk level: DANGER
2025-05-10 11:49:55,956 - analytics_service - INFO - main.py:78 - run_analysis() - Starting analysis run
2025-05-10 11:49:58,802 - analytics_service - INFO - main.py:57 - fetch_sensor_data() - Fetched 9080 sensor readings from time series DB
2025-05-10 11:49:58,896 - analytics_service - INFO - main.py:117 - run_analysis() - Analysis completed successfully. Risk level: DANGER
2025-05-10 11:50:58,901 - analytics_service - INFO - main.py:78 - run_analysis() - Starting analysis run
2025-05-10 11:51:01,492 - analytics_service - INFO - main.py:57 - fetch_sensor_data() - Fetched 9081 sensor readings from time series DB
2025-05-10 11:51:01,585 - analytics_service - INFO - main.py:117 - run_analysis() - Analysis completed successfully. Risk level: DANGER
2025-05-10 11:52:01,589 - analytics_service - INFO - main.py:78 - run_analysis() - Starting analysis run
2025-05-10 11:52:04,475 - analytics_service - INFO - main.py:57 - fetch_sensor_data() - Fetched 9080 sensor readings from time series DB
2025-05-10 11:52:04,593 - analytics_service - INFO - main.py:117 - run_analysis() - Analysis completed successfully. Risk level: DANGER
2025-05-10 11:53:04,598 - analytics_service - INFO - main.py:78 - run_analysis() - Starting analysis run
2025-05-10 11:53:07,597 - analytics_service - INFO - main.py:57 - fetch_sensor_data() - Fetched 9079 sensor readings from time series DB
2025-05-10 11:53:07,690 - analytics_service - INFO - main.py:117 - run_analysis() - Analysis completed successfully. Risk level: DANGER
2025-05-10 11:54:07,695 - analytics_service - INFO - main.py:78 - run_analysis() - Starting analysis run
2025-05-10 11:54:11,207 - analytics_service - INFO - main.py:57 - fetch_sensor_data() - Fetched 9078 sensor readings from time series DB
2025-05-10 11:54:11,362 - analytics_service - INFO - main.py:117 - run_analysis() - Analysis completed successfully. Risk level: DANGER
2025-05-10 11:55:11,374 - analytics_service - INFO - main.py:78 - run_analysis() - Starting analysis run
2025-05-10 11:55:14,294 - analytics_service - INFO - main.py:57 - fetch_sensor_data() - Fetched 9079 sensor readings from time series DB
2025-05-10 11:55:14,387 - analytics_service - INFO - main.py:117 - run_analysis() - Analysis completed successfully. Risk level: DANGER
2025-05-10 11:56:14,390 - analytics_service - INFO - main.py:78 - run_analysis() - Starting analysis run
2025-05-10 11:56:17,335 - analytics_service - INFO - main.py:57 - fetch_sensor_data() - Fetched 9074 sensor readings from time series DB
2025-05-10 11:56:17,447 - analytics_service - INFO - main.py:117 - run_analysis() - Analysis completed successfully. Risk level: DANGER
2025-05-10 11:57:17,452 - analytics_service - INFO - main.py:78 - run_analysis() - Starting analysis run
2025-05-10 11:57:20,357 - analytics_service - INFO - main.py:57 - fetch_sensor_data() - Fetched 9075 sensor readings from time series DB
2025-05-10 11:57:20,435 - analytics_service - INFO - main.py:117 - run_analysis() - Analysis completed successfully. Risk level: DANGER
2025-05-10 11:58:20,439 - analytics_service - INFO - main.py:78 - run_analysis() - Starting analysis run
2025-05-10 11:58:23,452 - analytics_service - INFO - main.py:57 - fetch_sensor_data() - Fetched 9074 sensor readings from time series DB
2025-05-10 11:58:23,614 - analytics_service - INFO - main.py:117 - run_analysis() - Analysis completed successfully. Risk level: DANGER
2025-05-10 11:59:23,633 - analytics_service - INFO - main.py:78 - run_analysis() - Starting analysis run
2025-05-10 11:59:26,636 - analytics_service - INFO - main.py:57 - fetch_sensor_data() - Fetched 9075 sensor readings from time series DB
2025-05-10 11:59:26,715 - analytics_service - INFO - main.py:117 - run_analysis() - Analysis completed successfully. Risk level: DANGER
2025-05-10 12:00:26,720 - analytics_service - INFO - main.py:78 - run_analysis() - Starting analysis run
2025-05-10 12:00:30,103 - analytics_service - INFO - main.py:57 - fetch_sensor_data() - Fetched 9075 sensor readings from time series DB
2025-05-10 12:00:30,215 - analytics_service - INFO - main.py:117 - run_analysis() - Analysis completed successfully. Risk level: DANGER
2025-05-10 12:01:30,220 - analytics_service - INFO - main.py:78 - run_analysis() - Starting analysis run
2025-05-10 12:01:33,285 - analytics_service - INFO - main.py:57 - fetch_sensor_data() - Fetched 9074 sensor readings from time series DB
2025-05-10 12:01:33,402 - analytics_service - INFO - main.py:117 - run_analysis() - Analysis completed successfully. Risk level: DANGER
2025-05-10 12:02:33,406 - analytics_service - INFO - main.py:78 - run_analysis() - Starting analysis run
2025-05-10 12:02:36,302 - analytics_service - INFO - main.py:57 - fetch_sensor_data() - Fetched 9075 sensor readings from time series DB
2025-05-10 12:02:36,383 - analytics_service - INFO - main.py:117 - run_analysis() - Analysis completed successfully. Risk level: DANGER
2025-05-10 12:03:36,392 - analytics_service - INFO - main.py:78 - run_analysis() - Starting analysis run
2025-05-10 12:03:39,172 - analytics_service - INFO - main.py:57 - fetch_sensor_data() - Fetched 9072 sensor readings from time series DB
2025-05-10 12:03:39,251 - analytics_service - INFO - main.py:117 - run_analysis() - Analysis completed successfully. Risk level: DANGER
2025-05-10 12:04:39,256 - analytics_service - INFO - main.py:78 - run_analysis() - Starting analysis run
2025-05-10 12:04:41,930 - analytics_service - INFO - main.py:57 - fetch_sensor_data() - Fetched 9073 sensor readings from time series DB
2025-05-10 12:04:42,082 - analytics_service - INFO - main.py:117 - run_analysis() - Analysis completed successfully. Risk level: DANGER
2025-05-10 12:05:42,097 - analytics_service - INFO - main.py:78 - run_analysis() - Starting analysis run
2025-05-10 12:05:45,260 - analytics_service - INFO - main.py:57 - fetch_sensor_data() - Fetched 9072 sensor readings from time series DB
2025-05-10 12:05:45,389 - analytics_service - INFO - main.py:117 - run_analysis() - Analysis completed successfully. Risk level: DANGER
2025-05-10 12:06:45,396 - analytics_service - INFO - main.py:78 - run_analysis() - Starting analysis run
2025-05-10 12:06:48,110 - analytics_service - INFO - main.py:57 - fetch_sensor_data() - Fetched 9073 sensor readings from time series DB
2025-05-10 12:06:48,188 - analytics_service - INFO - main.py:117 - run_analysis() - Analysis completed successfully. Risk level: DANGER
2025-05-10 12:07:48,192 - analytics_service - INFO - main.py:78 - run_analysis() - Starting analysis run
2025-05-10 12:07:50,952 - analytics_service - INFO - main.py:57 - fetch_sensor_data() - Fetched 9073 sensor readings from time series DB
2025-05-10 12:07:51,030 - analytics_service - INFO - main.py:117 - run_analysis() - Analysis completed successfully. Risk level: DANGER
2025-05-10 12:08:51,036 - analytics_service - INFO - main.py:78 - run_analysis() - Starting analysis run
2025-05-10 12:08:54,495 - analytics_service - INFO - main.py:57 - fetch_sensor_data() - Fetched 9072 sensor readings from time series DB
2025-05-10 12:08:54,670 - analytics_service - INFO - main.py:117 - run_analysis() - Analysis completed successfully. Risk level: DANGER
2025-05-10 12:09:54,674 - analytics_service - INFO - main.py:78 - run_analysis() - Starting analysis run
2025-05-10 12:09:57,770 - analytics_service - INFO - main.py:57 - fetch_sensor_data() - Fetched 9070 sensor readings from time series DB
2025-05-10 12:09:57,863 - analytics_service - INFO - main.py:117 - run_analysis() - Analysis completed successfully. Risk level: DANGER
2025-05-10 12:10:57,869 - analytics_service - INFO - main.py:78 - run_analysis() - Starting analysis run
2025-05-10 12:11:01,929 - analytics_service - INFO - main.py:57 - fetch_sensor_data() - Fetched 9071 sensor readings from time series DB
2025-05-10 12:11:02,088 - analytics_service - INFO - main.py:117 - run_analysis() - Analysis completed successfully. Risk level: DANGER
2025-05-10 12:12:02,094 - analytics_service - INFO - main.py:78 - run_analysis() - Starting analysis run
2025-05-10 12:12:05,072 - analytics_service - INFO - main.py:57 - fetch_sensor_data() - Fetched 9070 sensor readings from time series DB
2025-05-10 12:12:05,172 - analytics_service - INFO - main.py:117 - run_analysis() - Analysis completed successfully. Risk level: DANGER
2025-05-10 12:13:05,178 - analytics_service - INFO - main.py:78 - run_analysis() - Starting analysis run
2025-05-10 12:13:08,572 - analytics_service - INFO - main.py:57 - fetch_sensor_data() - Fetched 9070 sensor readings from time series DB
2025-05-10 12:13:08,816 - analytics_service - INFO - main.py:117 - run_analysis() - Analysis completed successfully. Risk level: DANGER
2025-05-10 12:14:08,825 - analytics_service - INFO - main.py:78 - run_analysis() - Starting analysis run
2025-05-10 12:14:12,794 - analytics_service - INFO - main.py:57 - fetch_sensor_data() - Fetched 9071 sensor readings from time series DB
2025-05-10 12:14:12,961 - analytics_service - INFO - main.py:117 - run_analysis() - Analysis completed successfully. Risk level: DANGER
2025-05-10 12:15:12,968 - analytics_service - INFO - main.py:78 - run_analysis() - Starting analysis run
2025-05-10 12:15:16,109 - analytics_service - INFO - main.py:57 - fetch_sensor_data() - Fetched 9070 sensor readings from time series DB
2025-05-10 12:15:16,190 - analytics_service - INFO - main.py:117 - run_analysis() - Analysis completed successfully. Risk level: DANGER
2025-05-10 12:16:16,195 - analytics_service - INFO - main.py:78 - run_analysis() - Starting analysis run
2025-05-10 12:16:19,352 - analytics_service - INFO - main.py:57 - fetch_sensor_data() - Fetched 9071 sensor readings from time series DB
2025-05-10 12:16:19,433 - analytics_service - INFO - main.py:117 - run_analysis() - Analysis completed successfully. Risk level: DANGER
2025-05-10 12:17:19,437 - analytics_service - INFO - main.py:78 - run_analysis() - Starting analysis run
2025-05-10 12:17:22,732 - analytics_service - INFO - main.py:57 - fetch_sensor_data() - Fetched 9070 sensor readings from time series DB
2025-05-10 12:17:22,813 - analytics_service - INFO - main.py:117 - run_analysis() - Analysis completed successfully. Risk level: DANGER
2025-05-10 12:18:22,821 - analytics_service - INFO - main.py:78 - run_analysis() - Starting analysis run
2025-05-10 12:18:25,931 - analytics_service - INFO - main.py:57 - fetch_sensor_data() - Fetched 9071 sensor readings from time series DB
2025-05-10 12:18:26,103 - analytics_service - INFO - main.py:117 - run_analysis() - Analysis completed successfully. Risk level: DANGER
2025-05-10 12:19:26,112 - analytics_service - INFO - main.py:78 - run_analysis() - Starting analysis run
2025-05-10 12:19:29,926 - analytics_service - INFO - main.py:57 - fetch_sensor_data() - Fetched 9071 sensor readings from time series DB
2025-05-10 12:19:30,007 - analytics_service - INFO - main.py:117 - run_analysis() - Analysis completed successfully. Risk level: DANGER
2025-05-10 12:20:30,012 - analytics_service - INFO - main.py:78 - run_analysis() - Starting analysis run
2025-05-10 12:20:32,968 - analytics_service - INFO - main.py:57 - fetch_sensor_data() - Fetched 9070 sensor readings from time series DB
2025-05-10 12:20:33,063 - analytics_service - INFO - main.py:117 - run_analysis() - Analysis completed successfully. Risk level: DANGER
2025-05-10 12:21:33,069 - analytics_service - INFO - main.py:78 - run_analysis() - Starting analysis run
2025-05-10 12:21:36,352 - analytics_service - INFO - main.py:57 - fetch_sensor_data() - Fetched 9069 sensor readings from time series DB
2025-05-10 12:21:36,629 - analytics_service - INFO - main.py:117 - run_analysis() - Analysis completed successfully. Risk level: DANGER
2025-05-10 12:22:36,637 - analytics_service - INFO - main.py:78 - run_analysis() - Starting analysis run
2025-05-10 12:22:41,095 - analytics_service - INFO - main.py:57 - fetch_sensor_data() - Fetched 9068 sensor readings from time series DB
2025-05-10 12:22:41,245 - analytics_service - INFO - main.py:117 - run_analysis() - Analysis completed successfully. Risk level: DANGER
2025-05-10 12:23:41,253 - analytics_service - INFO - main.py:78 - run_analysis() - Starting analysis run
2025-05-10 12:23:44,694 - analytics_service - INFO - main.py:57 - fetch_sensor_data() - Fetched 9068 sensor readings from time series DB
2025-05-10 12:23:44,785 - analytics_service - INFO - main.py:117 - run_analysis() - Analysis completed successfully. Risk level: DANGER
2025-05-10 12:24:44,790 - analytics_service - INFO - main.py:78 - run_analysis() - Starting analysis run
2025-05-10 12:24:50,074 - analytics_service - INFO - main.py:57 - fetch_sensor_data() - Fetched 9069 sensor readings from time series DB
2025-05-10 12:24:50,247 - analytics_service - INFO - main.py:117 - run_analysis() - Analysis completed successfully. Risk level: DANGER
2025-05-10 12:25:50,254 - analytics_service - INFO - main.py:78 - run_analysis() - Starting analysis run
2025-05-10 12:25:54,326 - analytics_service - ERROR - main.py:67 - fetch_sensor_data() - Request error fetching sensor data: HTTPConnectionPool(host='localhost', port=8084): Max retries exceeded with url: /sensor_data?device_id=1&sensor_type=pressure&start=2025-05-09T12%3A25%3A50.255546&end=2025-05-10T12%3A25%3A50.255546 (Caused by NewConnectionError('<urllib3.connection.HTTPConnection object at 0x000002A7EEFD4490>: Failed to establish a new connection: [WinError 10061] No connection could be made because the target machine actively refused it'))
2025-05-10 12:25:54,328 - analytics_service - WARNING - main.py:83 - run_analysis() - Insufficient sensor data for analysis
2025-05-10 12:26:54,330 - analytics_service - INFO - main.py:78 - run_analysis() - Starting analysis run
2025-05-10 12:26:57,854 - analytics_service - INFO - main.py:57 - fetch_sensor_data() - Fetched 9066 sensor readings from time series DB
2025-05-10 12:26:57,937 - analytics_service - INFO - main.py:117 - run_analysis() - Analysis completed successfully. Risk level: DANGER
2025-05-10 12:27:57,942 - analytics_service - INFO - main.py:78 - run_analysis() - Starting analysis run
2025-05-10 12:28:01,236 - analytics_service - INFO - main.py:57 - fetch_sensor_data() - Fetched 9066 sensor readings from time series DB
2025-05-10 12:28:01,323 - analytics_service - INFO - main.py:117 - run_analysis() - Analysis completed successfully. Risk level: DANGER
2025-05-10 12:29:01,328 - analytics_service - INFO - main.py:78 - run_analysis() - Starting analysis run
2025-05-10 12:29:05,375 - analytics_service - INFO - main.py:57 - fetch_sensor_data() - Fetched 9067 sensor readings from time series DB
2025-05-10 12:29:05,473 - analytics_service - INFO - main.py:117 - run_analysis() - Analysis completed successfully. Risk level: DANGER
2025-05-10 12:30:05,477 - analytics_service - INFO - main.py:78 - run_analysis() - Starting analysis run
2025-05-10 12:30:09,324 - analytics_service - INFO - main.py:57 - fetch_sensor_data() - Fetched 9066 sensor readings from time series DB
2025-05-10 12:30:09,403 - analytics_service - INFO - main.py:117 - run_analysis() - Analysis completed successfully. Risk level: DANGER
2025-05-10 12:31:09,407 - analytics_service - INFO - main.py:78 - run_analysis() - Starting analysis run
2025-05-10 12:31:12,838 - analytics_service - INFO - main.py:57 - fetch_sensor_data() - Fetched 9066 sensor readings from time series DB
2025-05-10 12:31:12,914 - analytics_service - INFO - main.py:117 - run_analysis() - Analysis completed successfully. Risk level: DANGER
2025-05-10 12:32:12,919 - analytics_service - INFO - main.py:78 - run_analysis() - Starting analysis run
2025-05-10 12:32:16,544 - analytics_service - INFO - main.py:57 - fetch_sensor_data() - Fetched 9067 sensor readings from time series DB
2025-05-10 12:32:16,621 - analytics_service - INFO - main.py:117 - run_analysis() - Analysis completed successfully. Risk level: DANGER
2025-05-10 12:33:16,626 - analytics_service - INFO - main.py:78 - run_analysis() - Starting analysis run
2025-05-10 12:33:20,606 - analytics_service - INFO - main.py:57 - fetch_sensor_data() - Fetched 9066 sensor readings from time series DB
2025-05-10 12:33:20,729 - analytics_service - INFO - main.py:117 - run_analysis() - Analysis completed successfully. Risk level: DANGER
2025-05-10 12:34:20,735 - analytics_service - INFO - main.py:78 - run_analysis() - Starting analysis run
2025-05-10 12:34:24,238 - analytics_service - INFO - main.py:57 - fetch_sensor_data() - Fetched 9066 sensor readings from time series DB
2025-05-10 12:34:24,346 - analytics_service - INFO - main.py:117 - run_analysis() - Analysis completed successfully. Risk level: DANGER
2025-05-10 12:35:24,352 - analytics_service - INFO - main.py:78 - run_analysis() - Starting analysis run
2025-05-10 12:35:27,638 - analytics_service - INFO - main.py:57 - fetch_sensor_data() - Fetched 9067 sensor readings from time series DB
2025-05-10 12:35:27,714 - analytics_service - INFO - main.py:117 - run_analysis() - Analysis completed successfully. Risk level: DANGER
2025-05-10 12:36:27,719 - analytics_service - INFO - main.py:78 - run_analysis() - Starting analysis run
2025-05-10 12:36:31,128 - analytics_service - INFO - main.py:57 - fetch_sensor_data() - Fetched 9066 sensor readings from time series DB
2025-05-10 12:36:31,207 - analytics_service - INFO - main.py:117 - run_analysis() - Analysis completed successfully. Risk level: DANGER
2025-05-10 12:37:31,213 - analytics_service - INFO - main.py:78 - run_analysis() - Starting analysis run
2025-05-10 12:37:34,691 - analytics_service - INFO - main.py:57 - fetch_sensor_data() - Fetched 9067 sensor readings from time series DB
2025-05-10 12:37:34,774 - analytics_service - INFO - main.py:117 - run_analysis() - Analysis completed successfully. Risk level: DANGER
2025-05-10 12:38:34,779 - analytics_service - INFO - main.py:78 - run_analysis() - Starting analysis run
2025-05-10 12:38:38,520 - analytics_service - INFO - main.py:57 - fetch_sensor_data() - Fetched 9067 sensor readings from time series DB
2025-05-10 12:38:38,605 - analytics_service - INFO - main.py:117 - run_analysis() - Analysis completed successfully. Risk level: DANGER
2025-05-10 12:39:38,610 - analytics_service - INFO - main.py:78 - run_analysis() - Starting analysis run
2025-05-10 12:39:42,682 - analytics_service - INFO - main.py:57 - fetch_sensor_data() - Fetched 9064 sensor readings from time series DB
2025-05-10 12:39:42,797 - analytics_service - INFO - main.py:117 - run_analysis() - Analysis completed successfully. Risk level: DANGER
2025-05-10 12:40:42,804 - analytics_service - INFO - main.py:78 - run_analysis() - Starting analysis run
2025-05-10 12:40:46,009 - analytics_service - INFO - main.py:57 - fetch_sensor_data() - Fetched 9063 sensor readings from time series DB
2025-05-10 12:40:46,085 - analytics_service - INFO - main.py:117 - run_analysis() - Analysis completed successfully. Risk level: DANGER
2025-05-10 12:41:46,089 - analytics_service - INFO - main.py:78 - run_analysis() - Starting analysis run
2025-05-10 12:41:50,093 - analytics_service - INFO - main.py:57 - fetch_sensor_data() - Fetched 9063 sensor readings from time series DB
2025-05-10 12:41:50,286 - analytics_service - INFO - main.py:117 - run_analysis() - Analysis completed successfully. Risk level: DANGER
2025-05-10 12:42:50,291 - analytics_service - INFO - main.py:78 - run_analysis() - Starting analysis run
2025-05-10 12:42:53,624 - analytics_service - INFO - main.py:57 - fetch_sensor_data() - Fetched 9062 sensor readings from time series DB
2025-05-10 12:42:53,733 - analytics_service - INFO - main.py:117 - run_analysis() - Analysis completed successfully. Risk level: DANGER
2025-05-10 12:43:53,737 - analytics_service - INFO - main.py:78 - run_analysis() - Starting analysis run
2025-05-10 12:43:57,033 - analytics_service - INFO - main.py:57 - fetch_sensor_data() - Fetched 9063 sensor readings from time series DB
2025-05-10 12:43:57,111 - analytics_service - INFO - main.py:117 - run_analysis() - Analysis completed successfully. Risk level: DANGER
2025-05-10 12:44:57,115 - analytics_service - INFO - main.py:78 - run_analysis() - Starting analysis run
2025-05-10 12:45:00,477 - analytics_service - INFO - main.py:57 - fetch_sensor_data() - Fetched 9062 sensor readings from time series DB
2025-05-10 12:45:00,571 - analytics_service - INFO - main.py:117 - run_analysis() - Analysis completed successfully. Risk level: DANGER
2025-05-10 12:46:00,575 - analytics_service - INFO - main.py:78 - run_analysis() - Starting analysis run
2025-05-10 12:46:04,947 - analytics_service - INFO - main.py:57 - fetch_sensor_data() - Fetched 9055 sensor readings from time series DB
2025-05-10 12:46:05,036 - analytics_service - INFO - main.py:117 - run_analysis() - Analysis completed successfully. Risk level: DANGER
2025-05-10 12:47:05,040 - analytics_service - INFO - main.py:78 - run_analysis() - Starting analysis run
2025-05-10 12:47:08,442 - analytics_service - INFO - main.py:57 - fetch_sensor_data() - Fetched 9055 sensor readings from time series DB
2025-05-10 12:47:08,521 - analytics_service - INFO - main.py:117 - run_analysis() - Analysis completed successfully. Risk level: DANGER
2025-05-10 12:48:08,546 - analytics_service - INFO - main.py:78 - run_analysis() - Starting analysis run
2025-05-10 12:48:12,270 - analytics_service - INFO - main.py:57 - fetch_sensor_data() - Fetched 9054 sensor readings from time series DB
2025-05-10 12:48:12,369 - analytics_service - INFO - main.py:117 - run_analysis() - Analysis completed successfully. Risk level: DANGER
2025-05-10 12:49:12,374 - analytics_service - INFO - main.py:78 - run_analysis() - Starting analysis run
2025-05-10 12:49:15,640 - analytics_service - INFO - main.py:57 - fetch_sensor_data() - Fetched 9055 sensor readings from time series DB
2025-05-10 12:49:15,719 - analytics_service - INFO - main.py:117 - run_analysis() - Analysis completed successfully. Risk level: DANGER
2025-05-10 12:50:15,724 - analytics_service - INFO - main.py:78 - run_analysis() - Starting analysis run
2025-05-10 12:50:18,976 - analytics_service - INFO - main.py:57 - fetch_sensor_data() - Fetched 9055 sensor readings from time series DB
2025-05-10 12:50:19,052 - analytics_service - INFO - main.py:117 - run_analysis() - Analysis completed successfully. Risk level: DANGER
2025-05-10 12:51:19,057 - analytics_service - INFO - main.py:78 - run_analysis() - Starting analysis run
2025-05-10 12:51:22,340 - analytics_service - INFO - main.py:57 - fetch_sensor_data() - Fetched 9054 sensor readings from time series DB
2025-05-10 12:51:22,425 - analytics_service - INFO - main.py:117 - run_analysis() - Analysis completed successfully. Risk level: DANGER
2025-05-10 12:52:22,429 - analytics_service - INFO - main.py:78 - run_analysis() - Starting analysis run
2025-05-10 12:52:26,143 - analytics_service - INFO - main.py:57 - fetch_sensor_data() - Fetched 9055 sensor readings from time series DB
2025-05-10 12:52:26,265 - analytics_service - INFO - main.py:117 - run_analysis() - Analysis completed successfully. Risk level: DANGER
2025-05-10 12:53:26,274 - analytics_service - INFO - main.py:78 - run_analysis() - Starting analysis run
2025-05-10 12:53:29,544 - analytics_service - INFO - main.py:57 - fetch_sensor_data() - Fetched 9055 sensor readings from time series DB
2025-05-10 12:53:29,629 - analytics_service - INFO - main.py:117 - run_analysis() - Analysis completed successfully. Risk level: DANGER
2025-05-10 12:54:29,636 - analytics_service - INFO - main.py:78 - run_analysis() - Starting analysis run
2025-05-10 12:54:34,723 - analytics_service - INFO - main.py:57 - fetch_sensor_data() - Fetched 9055 sensor readings from time series DB
2025-05-10 12:54:34,804 - analytics_service - INFO - main.py:117 - run_analysis() - Analysis completed successfully. Risk level: DANGER
2025-05-10 12:55:34,808 - analytics_service - INFO - main.py:78 - run_analysis() - Starting analysis run
2025-05-10 12:55:38,450 - analytics_service - INFO - main.py:57 - fetch_sensor_data() - Fetched 9055 sensor readings from time series DB
2025-05-10 12:55:38,540 - analytics_service - INFO - main.py:117 - run_analysis() - Analysis completed successfully. Risk level: DANGER
2025-05-10 12:56:38,569 - analytics_service - INFO - main.py:78 - run_analysis() - Starting analysis run
2025-05-10 12:56:42,036 - analytics_service - INFO - main.py:57 - fetch_sensor_data() - Fetched 9055 sensor readings from time series DB
2025-05-10 12:56:42,180 - analytics_service - INFO - main.py:117 - run_analysis() - Analysis completed successfully. Risk level: DANGER
2025-05-10 12:57:42,184 - analytics_service - INFO - main.py:78 - run_analysis() - Starting analysis run
2025-05-10 12:57:45,555 - analytics_service - INFO - main.py:57 - fetch_sensor_data() - Fetched 9054 sensor readings from time series DB
2025-05-10 12:57:45,644 - analytics_service - INFO - main.py:117 - run_analysis() - Analysis completed successfully. Risk level: DANGER
2025-05-10 12:58:45,651 - analytics_service - INFO - main.py:78 - run_analysis() - Starting analysis run
2025-05-10 12:58:49,144 - analytics_service - INFO - main.py:57 - fetch_sensor_data() - Fetched 9053 sensor readings from time series DB
2025-05-10 12:58:49,226 - analytics_service - INFO - main.py:117 - run_analysis() - Analysis completed successfully. Risk level: DANGER
2025-05-10 12:59:49,231 - analytics_service - INFO - main.py:78 - run_analysis() - Starting analysis run
2025-05-10 12:59:52,971 - analytics_service - INFO - main.py:57 - fetch_sensor_data() - Fetched 9051 sensor readings from time series DB
2025-05-10 12:59:53,097 - analytics_service - INFO - main.py:117 - run_analysis() - Analysis completed successfully. Risk level: DANGER
2025-05-10 13:00:53,103 - analytics_service - INFO - main.py:78 - run_analysis() - Starting analysis run
2025-05-10 13:00:56,476 - analytics_service - INFO - main.py:57 - fetch_sensor_data() - Fetched 9051 sensor readings from time series DB
2025-05-10 13:00:56,560 - analytics_service - INFO - main.py:117 - run_analysis() - Analysis completed successfully. Risk level: DANGER
2025-05-10 13:01:56,564 - analytics_service - INFO - main.py:78 - run_analysis() - Starting analysis run
2025-05-10 13:02:00,783 - analytics_service - INFO - main.py:57 - fetch_sensor_data() - Fetched 9049 sensor readings from time series DB
2025-05-10 13:02:00,866 - analytics_service - INFO - main.py:117 - run_analysis() - Analysis completed successfully. Risk level: DANGER
2025-05-10 13:03:00,871 - analytics_service - INFO - main.py:78 - run_analysis() - Starting analysis run
2025-05-10 13:03:04,212 - analytics_service - INFO - main.py:57 - fetch_sensor_data() - Fetched 9049 sensor readings from time series DB
2025-05-10 13:03:04,291 - analytics_service - INFO - main.py:117 - run_analysis() - Analysis completed successfully. Risk level: DANGER
2025-05-10 13:04:04,296 - analytics_service - INFO - main.py:78 - run_analysis() - Starting analysis run
2025-05-10 13:04:08,236 - analytics_service - INFO - main.py:57 - fetch_sensor_data() - Fetched 9049 sensor readings from time series DB
2025-05-10 13:04:08,318 - analytics_service - INFO - main.py:117 - run_analysis() - Analysis completed successfully. Risk level: DANGER
2025-05-10 13:05:08,323 - analytics_service - INFO - main.py:78 - run_analysis() - Starting analysis run
2025-05-10 13:05:12,586 - analytics_service - INFO - main.py:57 - fetch_sensor_data() - Fetched 9047 sensor readings from time series DB
2025-05-10 13:05:12,723 - analytics_service - INFO - main.py:117 - run_analysis() - Analysis completed successfully. Risk level: DANGER
2025-05-10 13:06:12,732 - analytics_service - INFO - main.py:78 - run_analysis() - Starting analysis run
2025-05-10 13:06:17,143 - analytics_service - INFO - main.py:57 - fetch_sensor_data() - Fetched 9047 sensor readings from time series DB
2025-05-10 13:06:17,295 - analytics_service - INFO - main.py:117 - run_analysis() - Analysis completed successfully. Risk level: DANGER
2025-05-10 13:07:17,302 - analytics_service - INFO - main.py:78 - run_analysis() - Starting analysis run
2025-05-10 13:07:22,689 - analytics_service - INFO - main.py:57 - fetch_sensor_data() - Fetched 9046 sensor readings from time series DB
2025-05-10 13:07:22,856 - analytics_service - INFO - main.py:117 - run_analysis() - Analysis completed successfully. Risk level: DANGER
2025-05-10 13:08:22,863 - analytics_service - INFO - main.py:78 - run_analysis() - Starting analysis run
2025-05-10 13:08:26,558 - analytics_service - INFO - main.py:57 - fetch_sensor_data() - Fetched 9046 sensor readings from time series DB
2025-05-10 13:08:26,640 - analytics_service - INFO - main.py:117 - run_analysis() - Analysis completed successfully. Risk level: DANGER
2025-05-10 13:09:26,646 - analytics_service - INFO - main.py:78 - run_analysis() - Starting analysis run
2025-05-10 13:09:30,026 - analytics_service - INFO - main.py:57 - fetch_sensor_data() - Fetched 9047 sensor readings from time series DB
2025-05-10 13:09:30,117 - analytics_service - INFO - main.py:117 - run_analysis() - Analysis completed successfully. Risk level: DANGER
2025-05-10 13:10:30,122 - analytics_service - INFO - main.py:78 - run_analysis() - Starting analysis run
2025-05-10 13:10:34,705 - analytics_service - INFO - main.py:57 - fetch_sensor_data() - Fetched 9047 sensor readings from time series DB
2025-05-10 13:10:34,787 - analytics_service - INFO - main.py:117 - run_analysis() - Analysis completed successfully. Risk level: DANGER
2025-05-10 13:11:34,792 - analytics_service - INFO - main.py:78 - run_analysis() - Starting analysis run
2025-05-10 13:11:38,116 - analytics_service - INFO - main.py:57 - fetch_sensor_data() - Fetched 9046 sensor readings from time series DB
2025-05-10 13:11:38,194 - analytics_service - INFO - main.py:117 - run_analysis() - Analysis completed successfully. Risk level: DANGER
2025-05-10 13:12:38,200 - analytics_service - INFO - main.py:78 - run_analysis() - Starting analysis run
2025-05-10 13:12:41,429 - analytics_service - INFO - main.py:57 - fetch_sensor_data() - Fetched 9047 sensor readings from time series DB
2025-05-10 13:12:41,523 - analytics_service - INFO - main.py:117 - run_analysis() - Analysis completed successfully. Risk level: DANGER
2025-05-10 13:13:18,404 - analytics_service - INFO - main.py:76 - run_analysis() - Starting analysis run
2025-05-10 13:13:18,405 - analytics_service - ERROR - main.py:119 - run_analysis() - Error running analysis: fetch_sensor_data() missing 2 required positional arguments: 'device_id' and 'sensor_type'
2025-05-10 13:13:41,530 - analytics_service - INFO - main.py:78 - run_analysis() - Starting analysis run
2025-05-10 13:13:44,891 - analytics_service - INFO - main.py:57 - fetch_sensor_data() - Fetched 9047 sensor readings from time series DB
2025-05-10 13:13:44,965 - analytics_service - INFO - main.py:117 - run_analysis() - Analysis completed successfully. Risk level: DANGER
2025-05-10 13:14:44,970 - analytics_service - INFO - main.py:78 - run_analysis() - Starting analysis run
2025-05-10 13:14:48,560 - analytics_service - INFO - main.py:57 - fetch_sensor_data() - Fetched 9047 sensor readings from time series DB
2025-05-10 13:14:48,730 - analytics_service - INFO - main.py:117 - run_analysis() - Analysis completed successfully. Risk level: DANGER
2025-05-10 13:15:48,751 - analytics_service - INFO - main.py:78 - run_analysis() - Starting analysis run
2025-05-10 13:15:52,134 - analytics_service - INFO - main.py:57 - fetch_sensor_data() - Fetched 9047 sensor readings from time series DB
2025-05-10 13:15:52,218 - analytics_service - INFO - main.py:117 - run_analysis() - Analysis completed successfully. Risk level: DANGER
2025-05-10 13:16:52,222 - analytics_service - INFO - main.py:78 - run_analysis() - Starting analysis run
2025-05-10 13:16:55,734 - analytics_service - INFO - main.py:57 - fetch_sensor_data() - Fetched 9046 sensor readings from time series DB
2025-05-10 13:16:55,831 - analytics_service - INFO - main.py:117 - run_analysis() - Analysis completed successfully. Risk level: DANGER
2025-05-10 13:17:55,835 - analytics_service - INFO - main.py:78 - run_analysis() - Starting analysis run
2025-05-10 13:17:56,966 - analytics_service - INFO - main.py:76 - run_analysis() - Starting analysis run
2025-05-10 13:17:59,246 - analytics_service - INFO - main.py:57 - fetch_sensor_data() - Fetched 9047 sensor readings from time series DB
2025-05-10 13:17:59,367 - analytics_service - INFO - main.py:117 - run_analysis() - Analysis completed successfully. Risk level: DANGER
2025-05-10 13:18:59,371 - analytics_service - INFO - main.py:78 - run_analysis() - Starting analysis run
2025-05-10 13:19:03,913 - analytics_service - INFO - main.py:57 - fetch_sensor_data() - Fetched 9047 sensor readings from time series DB
2025-05-10 13:19:03,997 - analytics_service - INFO - main.py:117 - run_analysis() - Analysis completed successfully. Risk level: DANGER
2025-05-10 13:20:04,002 - analytics_service - INFO - main.py:78 - run_analysis() - Starting analysis run
2025-05-10 13:20:07,682 - analytics_service - INFO - main.py:57 - fetch_sensor_data() - Fetched 9046 sensor readings from time series DB
2025-05-10 13:20:07,798 - analytics_service - INFO - main.py:117 - run_analysis() - Analysis completed successfully. Risk level: DANGER
2025-05-10 13:21:07,805 - analytics_service - INFO - main.py:78 - run_analysis() - Starting analysis run
2025-05-10 13:21:11,973 - analytics_service - INFO - main.py:57 - fetch_sensor_data() - Fetched 9047 sensor readings from time series DB
2025-05-10 13:21:12,062 - analytics_service - INFO - main.py:117 - run_analysis() - Analysis completed successfully. Risk level: DANGER
2025-05-10 13:22:12,068 - analytics_service - INFO - main.py:78 - run_analysis() - Starting analysis run
2025-05-10 13:22:15,430 - analytics_service - INFO - main.py:57 - fetch_sensor_data() - Fetched 9047 sensor readings from time series DB
2025-05-10 13:22:15,783 - analytics_service - INFO - main.py:117 - run_analysis() - Analysis completed successfully. Risk level: DANGER
2025-05-10 13:23:15,794 - analytics_service - INFO - main.py:78 - run_analysis() - Starting analysis run
2025-05-10 13:23:19,881 - analytics_service - INFO - main.py:57 - fetch_sensor_data() - Fetched 9046 sensor readings from time series DB
2025-05-10 13:23:19,962 - analytics_service - INFO - main.py:117 - run_analysis() - Analysis completed successfully. Risk level: DANGER
2025-05-10 13:24:19,966 - analytics_service - INFO - main.py:78 - run_analysis() - Starting analysis run
2025-05-10 13:24:23,364 - analytics_service - INFO - main.py:57 - fetch_sensor_data() - Fetched 9046 sensor readings from time series DB
2025-05-10 13:24:23,463 - analytics_service - INFO - main.py:117 - run_analysis() - Analysis completed successfully. Risk level: DANGER
2025-05-10 13:24:33,701 - analytics_service - INFO - main.py:74 - run_analysis() - Starting analysis run
2025-05-10 13:25:23,469 - analytics_service - INFO - main.py:78 - run_analysis() - Starting analysis run
2025-05-10 13:25:26,777 - analytics_service - INFO - main.py:57 - fetch_sensor_data() - Fetched 9047 sensor readings from time series DB
2025-05-10 13:25:26,863 - analytics_service - INFO - main.py:117 - run_analysis() - Analysis completed successfully. Risk level: DANGER
2025-05-10 13:26:26,869 - analytics_service - INFO - main.py:78 - run_analysis() - Starting analysis run
2025-05-10 13:26:30,284 - analytics_service - INFO - main.py:57 - fetch_sensor_data() - Fetched 9046 sensor readings from time series DB
2025-05-10 13:26:30,415 - analytics_service - INFO - main.py:117 - run_analysis() - Analysis completed successfully. Risk level: DANGER
2025-05-10 13:27:27,801 - analytics_service - INFO - main.py:74 - run_analysis() - Starting analysis run
2025-05-10 13:27:28,053 - analytics_service - INFO - main.py:224 - main() - Analytics service started on port 5004
2025-05-10 13:27:39,856 - analytics_service - ERROR - main.py:63 - fetch_sensor_data() - Request error fetching sensor data: HTTPConnectionPool(host='localhost', port=8084): Read timed out. (read timeout=10)
2025-05-10 13:27:39,856 - analytics_service - WARNING - main.py:79 - run_analysis() - Insufficient sensor data for analysis
2025-05-10 13:28:39,858 - analytics_service - INFO - main.py:74 - run_analysis() - Starting analysis run
2025-05-10 13:28:51,897 - analytics_service - ERROR - main.py:63 - fetch_sensor_data() - Request error fetching sensor data: HTTPConnectionPool(host='localhost', port=8084): Read timed out. (read timeout=10)
2025-05-10 13:28:51,899 - analytics_service - WARNING - main.py:79 - run_analysis() - Insufficient sensor data for analysis
2025-05-10 13:30:09,741 - analytics_service - INFO - main.py:74 - run_analysis() - Starting analysis run
2025-05-10 13:30:09,970 - analytics_service - INFO - main.py:224 - main() - Analytics service started on port 5004
2025-05-10 13:30:21,800 - analytics_service - ERROR - main.py:63 - fetch_sensor_data() - Request error fetching sensor data: HTTPConnectionPool(host='localhost', port=8084): Read timed out. (read timeout=10)
2025-05-10 13:30:21,801 - analytics_service - WARNING - main.py:79 - run_analysis() - Insufficient sensor data for analysis
2025-05-10 13:31:21,802 - analytics_service - INFO - main.py:74 - run_analysis() - Starting analysis run
2025-05-10 13:32:55,475 - analytics_service - ERROR - main.py:63 - fetch_sensor_data() - Request error fetching sensor data: HTTPConnectionPool(host='localhost', port=8084): Read timed out. (read timeout=10)
2025-05-10 13:32:55,475 - analytics_service - WARNING - main.py:79 - run_analysis() - Insufficient sensor data for analysis
2025-05-10 13:34:09,854 - analytics_service - INFO - main.py:73 - run_analysis() - Starting analysis run
2025-05-10 13:34:10,073 - analytics_service - INFO - main.py:223 - main() - Analytics service started on port 5004
2025-05-10 13:35:11,914 - analytics_service - ERROR - main.py:62 - fetch_sensor_data() - Request error fetching sensor data: HTTPConnectionPool(host='localhost', port=8084): Read timed out. (read timeout=60)
2025-05-10 13:35:11,915 - analytics_service - WARNING - main.py:78 - run_analysis() - Insufficient sensor data for analysis
2025-05-10 13:36:11,916 - analytics_service - INFO - main.py:73 - run_analysis() - Starting analysis run
2025-05-10 13:37:13,963 - analytics_service - ERROR - main.py:62 - fetch_sensor_data() - Request error fetching sensor data: HTTPConnectionPool(host='localhost', port=8084): Read timed out. (read timeout=60)
2025-05-10 13:37:13,972 - analytics_service - WARNING - main.py:78 - run_analysis() - Insufficient sensor data for analysis
2025-05-10 13:40:52,077 - analytics_service - INFO - main.py:73 - run_analysis() - Starting analysis run
2025-05-10 13:40:52,309 - analytics_service - INFO - main.py:223 - main() - Analytics service started on port 5004
2025-05-10 13:42:13,713 - analytics_service - INFO - main.py:52 - fetch_sensor_data() - Fetched 35940 sensor readings from time series DB
2025-05-10 13:42:18,214 - analytics_service - INFO - main.py:112 - run_analysis() - Analysis completed successfully. Risk level: DANGER
2025-05-10 13:43:18,218 - analytics_service - INFO - main.py:73 - run_analysis() - Starting analysis run
2025-05-10 14:04:26,653 - analytics_service - INFO - main.py:73 - run_analysis() - Starting analysis run
2025-05-10 14:04:26,920 - analytics_service - INFO - main.py:223 - main() - Analytics service started on port 5004
2025-05-10 14:05:47,209 - analytics_service - INFO - main.py:52 - fetch_sensor_data() - Fetched 35946 sensor readings from time series DB
2025-05-10 14:05:47,561 - analytics_service - INFO - main.py:112 - run_analysis() - Analysis completed successfully. Risk level: NORMAL
2025-05-10 14:06:47,606 - analytics_service - INFO - main.py:73 - run_analysis() - Starting analysis run
2025-05-10 14:08:27,028 - analytics_service - INFO - main.py:52 - fetch_sensor_data() - Fetched 35948 sensor readings from time series DB
2025-05-10 14:08:27,457 - analytics_service - INFO - main.py:112 - run_analysis() - Analysis completed successfully. Risk level: NORMAL
2025-05-10 14:09:27,515 - analytics_service - INFO - main.py:73 - run_analysis() - Starting analysis run
2025-05-10 14:11:06,508 - analytics_service - INFO - main.py:52 - fetch_sensor_data() - Fetched 35940 sensor readings from time series DB
2025-05-10 14:11:06,921 - analytics_service - INFO - main.py:112 - run_analysis() - Analysis completed successfully. Risk level: NORMAL
2025-05-10 14:12:02,519 - analytics_service - INFO - main.py:73 - run_analysis() - Starting analysis run
2025-05-10 14:12:02,766 - analytics_service - INFO - main.py:225 - main() - Analytics service started on port 5004
2025-05-10 14:13:22,528 - analytics_service - INFO - main.py:52 - fetch_sensor_data() - Fetched 35944 sensor readings from time series DB
2025-05-10 14:13:26,967 - analytics_service - INFO - main.py:112 - run_analysis() - Analysis completed successfully. Risk level: DANGER
2025-05-10 14:14:26,970 - analytics_service - INFO - main.py:73 - run_analysis() - Starting analysis run
2025-05-10 14:16:09,024 - analytics_service - ERROR - main.py:62 - fetch_sensor_data() - Request error fetching sensor data: HTTPConnectionPool(host='localhost', port=8084): Read timed out. (read timeout=100)
2025-05-10 14:16:09,024 - analytics_service - WARNING - main.py:78 - run_analysis() - Insufficient sensor data for analysis
2025-05-10 14:17:09,026 - analytics_service - INFO - main.py:73 - run_analysis() - Starting analysis run
2025-05-10 14:17:44,815 - analytics_service - INFO - main.py:73 - run_analysis() - Starting analysis run
2025-05-10 14:17:45,034 - analytics_service - INFO - main.py:227 - main() - Analytics service started on port 5004
2025-05-10 14:19:21,375 - analytics_service - INFO - main.py:52 - fetch_sensor_data() - Fetched 35945 sensor readings from time series DB
2025-05-10 14:19:25,819 - analytics_service - INFO - main.py:112 - run_analysis() - Analysis completed successfully. Risk level: DANGER
2025-05-10 14:20:25,824 - analytics_service - INFO - main.py:73 - run_analysis() - Starting analysis run
2025-05-10 14:21:43,933 - analytics_service - INFO - main.py:52 - fetch_sensor_data() - Fetched 35938 sensor readings from time series DB
2025-05-10 14:21:44,281 - analytics_service - INFO - main.py:112 - run_analysis() - Analysis completed successfully. Risk level: DANGER
2025-05-10 14:22:44,348 - analytics_service - INFO - main.py:73 - run_analysis() - Starting analysis run
2025-05-10 14:24:00,786 - analytics_service - INFO - main.py:52 - fetch_sensor_data() - Fetched 35938 sensor readings from time series DB
2025-05-10 14:24:01,643 - analytics_service - INFO - main.py:112 - run_analysis() - Analysis completed successfully. Risk level: DANGER
2025-05-10 14:25:01,689 - analytics_service - INFO - main.py:73 - run_analysis() - Starting analysis run
2025-05-10 14:26:19,581 - analytics_service - INFO - main.py:52 - fetch_sensor_data() - Fetched 35938 sensor readings from time series DB
2025-05-10 14:26:24,432 - analytics_service - INFO - main.py:112 - run_analysis() - Analysis completed successfully. Risk level: DANGER
2025-05-10 14:27:24,446 - analytics_service - INFO - main.py:73 - run_analysis() - Starting analysis run
2025-05-10 14:28:43,842 - analytics_service - INFO - main.py:52 - fetch_sensor_data() - Fetched 35938 sensor readings from time series DB
2025-05-10 14:28:44,164 - analytics_service - INFO - main.py:112 - run_analysis() - Analysis completed successfully. Risk level: DANGER
2025-05-10 14:29:44,220 - analytics_service - INFO - main.py:73 - run_analysis() - Starting analysis run
2025-05-10 14:31:03,379 - analytics_service - INFO - main.py:52 - fetch_sensor_data() - Fetched 35940 sensor readings from time series DB
2025-05-10 14:31:04,027 - analytics_service - INFO - main.py:112 - run_analysis() - Analysis completed successfully. Risk level: DANGER
2025-05-10 14:32:04,136 - analytics_service - INFO - main.py:73 - run_analysis() - Starting analysis run
2025-05-10 14:33:21,130 - analytics_service - INFO - main.py:52 - fetch_sensor_data() - Fetched 35940 sensor readings from time series DB
2025-05-10 14:33:25,995 - analytics_service - INFO - main.py:112 - run_analysis() - Analysis completed successfully. Risk level: DANGER
2025-05-10 14:34:26,005 - analytics_service - INFO - main.py:73 - run_analysis() - Starting analysis run
2025-05-10 14:35:42,480 - analytics_service - INFO - main.py:52 - fetch_sensor_data() - Fetched 35934 sensor readings from time series DB
2025-05-10 14:35:42,845 - analytics_service - INFO - main.py:112 - run_analysis() - Analysis completed successfully. Risk level: DANGER
2025-05-10 14:36:42,892 - analytics_service - INFO - main.py:73 - run_analysis() - Starting analysis run
2025-05-10 14:38:01,222 - analytics_service - INFO - main.py:52 - fetch_sensor_data() - Fetched 35934 sensor readings from time series DB
2025-05-10 14:38:01,530 - analytics_service - INFO - main.py:112 - run_analysis() - Analysis completed successfully. Risk level: DANGER
2025-05-10 14:39:01,576 - analytics_service - INFO - main.py:73 - run_analysis() - Starting analysis run
2025-05-10 14:40:18,802 - analytics_service - INFO - main.py:52 - fetch_sensor_data() - Fetched 35936 sensor readings from time series DB
2025-05-10 14:40:23,430 - analytics_service - INFO - main.py:112 - run_analysis() - Analysis completed successfully. Risk level: DANGER
2025-05-10 14:41:23,443 - analytics_service - INFO - main.py:73 - run_analysis() - Starting analysis run
2025-05-10 14:42:41,613 - analytics_service - INFO - main.py:52 - fetch_sensor_data() - Fetched 35936 sensor readings from time series DB
2025-05-10 14:42:42,237 - analytics_service - INFO - main.py:112 - run_analysis() - Analysis completed successfully. Risk level: DANGER
2025-05-10 14:43:42,300 - analytics_service - INFO - main.py:73 - run_analysis() - Starting analysis run
2025-05-10 14:45:02,508 - analytics_service - INFO - main.py:52 - fetch_sensor_data() - Fetched 35940 sensor readings from time series DB
2025-05-10 14:45:02,914 - analytics_service - INFO - main.py:112 - run_analysis() - Analysis completed successfully. Risk level: DANGER
2025-05-10 14:46:02,979 - analytics_service - INFO - main.py:73 - run_analysis() - Starting analysis run
2025-05-10 15:10:21,990 - analytics_service - INFO - main.py:73 - run_analysis() - Starting analysis run
2025-05-10 15:10:22,245 - analytics_service - INFO - main.py:227 - main() - Analytics service started on port 5004
2025-05-10 15:10:26,073 - analytics_service - ERROR - main.py:62 - fetch_sensor_data() - Request error fetching sensor data: HTTPConnectionPool(host='localhost', port=8084): Max retries exceeded with url: /all_seneor_data?start=2025-05-09T15%3A10%3A21.998757&end=2025-05-10T15%3A10%3A21.998757 (Caused by NewConnectionError('<urllib3.connection.HTTPConnection object at 0x00000156187F9C90>: Failed to establish a new connection: [WinError 10061] No connection could be made because the target machine actively refused it'))
2025-05-10 15:10:26,073 - analytics_service - WARNING - main.py:78 - run_analysis() - Insufficient sensor data for analysis
2025-05-10 15:11:26,088 - analytics_service - INFO - main.py:73 - run_analysis() - Starting analysis run
2025-05-10 15:11:30,171 - analytics_service - ERROR - main.py:62 - fetch_sensor_data() - Request error fetching sensor data: HTTPConnectionPool(host='localhost', port=8084): Max retries exceeded with url: /all_seneor_data?start=2025-05-09T15%3A11%3A26.088701&end=2025-05-10T15%3A11%3A26.088701 (Caused by NewConnectionError('<urllib3.connection.HTTPConnection object at 0x00000156187F7950>: Failed to establish a new connection: [WinError 10061] No connection could be made because the target machine actively refused it'))
2025-05-10 15:11:30,171 - analytics_service - WARNING - main.py:78 - run_analysis() - Insufficient sensor data for analysis
2025-05-10 15:12:30,185 - analytics_service - INFO - main.py:73 - run_analysis() - Starting analysis run
2025-05-10 15:25:18,921 - analytics_service - INFO - main.py:73 - run_analysis() - Starting analysis run
2025-05-10 15:25:19,149 - analytics_service - INFO - main.py:227 - main() - Analytics service started on port 5004
2025-05-10 15:26:41,457 - analytics_service - INFO - main.py:52 - fetch_sensor_data() - Fetched 35026 sensor readings from time series DB
2025-05-10 15:26:46,023 - analytics_service - INFO - main.py:112 - run_analysis() - Analysis completed successfully. Risk level: DANGER
2025-05-10 15:29:20,585 - analytics_service - INFO - main.py:73 - run_analysis() - Starting analysis run
2025-05-10 15:29:20,814 - analytics_service - INFO - main.py:227 - main() - Analytics service started on port 5004
2025-05-10 15:31:02,637 - analytics_service - ERROR - main.py:62 - fetch_sensor_data() - Request error fetching sensor data: HTTPConnectionPool(host='localhost', port=8084): Read timed out. (read timeout=100)
2025-05-10 15:31:02,637 - analytics_service - WARNING - main.py:78 - run_analysis() - Insufficient sensor data for analysis
2025-05-10 15:31:42,486 - analytics_service - INFO - main.py:73 - run_analysis() - Starting analysis run
2025-05-10 15:31:42,743 - analytics_service - INFO - main.py:227 - main() - Analytics service started on port 5004
2025-05-10 15:33:07,791 - analytics_service - INFO - main.py:52 - fetch_sensor_data() - Fetched 34957 sensor readings from time series DB
2025-05-10 15:33:12,235 - analytics_service - INFO - main.py:112 - run_analysis() - Analysis completed successfully. Risk level: DANGER
2025-05-10 15:34:12,237 - analytics_service - INFO - main.py:73 - run_analysis() - Starting analysis run
2025-05-10 15:37:12,846 - analytics_service - INFO - main.py:52 - fetch_sensor_data() - Fetched 34957 sensor readings from time series DB
2025-05-10 15:37:13,183 - analytics_service - INFO - main.py:112 - run_analysis() - Analysis completed successfully. Risk level: DANGER
2025-05-10 15:37:28,606 - analytics_service - INFO - main.py:73 - run_analysis() - Starting analysis run
2025-05-10 15:37:28,840 - analytics_service - INFO - main.py:227 - main() - Analytics service started on port 5004
2025-05-10 15:38:42,998 - analytics_service - INFO - main.py:52 - fetch_sensor_data() - Fetched 34951 sensor readings from time series DB
2025-05-10 15:38:47,369 - analytics_service - INFO - main.py:112 - run_analysis() - Analysis completed successfully. Risk level: DANGER
2025-05-10 15:39:47,380 - analytics_service - INFO - main.py:73 - run_analysis() - Starting analysis run
2025-05-10 15:39:55,527 - analytics_service - INFO - main.py:232 - main() - Shutting down analytics service
2025-05-10 15:40:16,477 - analytics_service - INFO - main.py:73 - run_analysis() - Starting analysis run
2025-05-10 15:40:16,697 - analytics_service - INFO - main.py:227 - main() - Analytics service started on port 5004
2025-05-10 15:41:49,021 - analytics_service - INFO - main.py:52 - fetch_sensor_data() - Fetched 34951 sensor readings from time series DB
2025-05-10 15:41:53,575 - analytics_service - INFO - main.py:112 - run_analysis() - Analysis completed successfully. Risk level: DANGER
2025-05-10 15:43:08,486 - analytics_service - INFO - main.py:73 - run_analysis() - Starting analysis run
2025-05-10 15:43:08,721 - analytics_service - INFO - main.py:227 - main() - Analytics service started on port 5004
2025-05-10 15:44:24,175 - analytics_service - INFO - main.py:52 - fetch_sensor_data() - Fetched 34951 sensor readings from time series DB
2025-05-10 15:44:29,349 - analytics_service - INFO - main.py:112 - run_analysis() - Analysis completed successfully. Risk level: DANGER
2025-05-10 15:45:29,352 - analytics_service - INFO - main.py:73 - run_analysis() - Starting analysis run
2025-05-10 15:46:56,008 - analytics_service - INFO - main.py:52 - fetch_sensor_data() - Fetched 34951 sensor readings from time series DB
2025-05-10 15:46:56,481 - analytics_service - INFO - main.py:112 - run_analysis() - Analysis completed successfully. Risk level: DANGER
2025-05-10 15:47:56,529 - analytics_service - INFO - main.py:73 - run_analysis() - Starting analysis run
2025-05-10 15:52:00,730 - analytics_service - INFO - main.py:52 - fetch_sensor_data() - Fetched 34951 sensor readings from time series DB
2025-05-10 15:52:05,890 - analytics_service - INFO - main.py:112 - run_analysis() - Analysis completed successfully. Risk level: DANGER
2025-05-10 15:52:30,832 - analytics_service - INFO - main.py:73 - run_analysis() - Starting analysis run
2025-05-10 15:52:31,064 - analytics_service - INFO - main.py:227 - main() - Analytics service started on port 5004
2025-05-10 15:53:42,508 - analytics_service - INFO - main.py:52 - fetch_sensor_data() - Fetched 34947 sensor readings from time series DB
2025-05-10 15:53:47,706 - analytics_service - INFO - main.py:112 - run_analysis() - Analysis completed successfully. Risk level: DANGER
2025-05-10 15:54:47,775 - analytics_service - INFO - main.py:73 - run_analysis() - Starting analysis run
2025-05-10 15:56:28,450 - analytics_service - INFO - main.py:52 - fetch_sensor_data() - Fetched 34948 sensor readings from time series DB
2025-05-10 15:56:28,794 - analytics_service - INFO - main.py:112 - run_analysis() - Analysis completed successfully. Risk level: DANGER
2025-05-10 15:56:56,024 - analytics_service - INFO - main.py:73 - run_analysis() - Starting analysis run
2025-05-10 15:56:56,259 - analytics_service - INFO - main.py:227 - main() - Analytics service started on port 5004
2025-05-10 15:58:08,086 - analytics_service - INFO - main.py:52 - fetch_sensor_data() - Fetched 34952 sensor readings from time series DB
2025-05-10 15:58:13,214 - analytics_service - INFO - main.py:112 - run_analysis() - Analysis completed successfully. Risk level: DANGER
2025-05-10 15:59:13,219 - analytics_service - INFO - main.py:73 - run_analysis() - Starting analysis run
2025-05-10 16:00:37,226 - analytics_service - INFO - main.py:52 - fetch_sensor_data() - Fetched 34948 sensor readings from time series DB
2025-05-10 16:00:37,799 - analytics_service - INFO - main.py:112 - run_analysis() - Analysis completed successfully. Risk level: DANGER
2025-05-10 16:01:37,849 - analytics_service - INFO - main.py:73 - run_analysis() - Starting analysis run
2025-05-10 16:02:59,630 - analytics_service - INFO - main.py:52 - fetch_sensor_data() - Fetched 34952 sensor readings from time series DB
2025-05-10 16:02:59,961 - analytics_service - INFO - main.py:112 - run_analysis() - Analysis completed successfully. Risk level: DANGER
2025-05-10 16:04:00,007 - analytics_service - INFO - main.py:73 - run_analysis() - Starting analysis run
2025-05-10 16:05:30,247 - analytics_service - INFO - main.py:52 - fetch_sensor_data() - Fetched 34948 sensor readings from time series DB
2025-05-10 16:05:35,696 - analytics_service - INFO - main.py:112 - run_analysis() - Analysis completed successfully. Risk level: DANGER
2025-05-10 16:06:35,698 - analytics_service - INFO - main.py:73 - run_analysis() - Starting analysis run
2025-05-10 16:08:08,159 - analytics_service - INFO - main.py:52 - fetch_sensor_data() - Fetched 34953 sensor readings from time series DB
2025-05-10 16:08:08,531 - analytics_service - INFO - main.py:112 - run_analysis() - Analysis completed successfully. Risk level: DANGER
2025-05-10 16:09:08,569 - analytics_service - INFO - main.py:73 - run_analysis() - Starting analysis run
2025-05-10 16:10:40,588 - analytics_service - INFO - main.py:52 - fetch_sensor_data() - Fetched 34949 sensor readings from time series DB
2025-05-10 16:10:46,181 - analytics_service - INFO - main.py:112 - run_analysis() - Analysis completed successfully. Risk level: DANGER
2025-05-10 16:11:46,182 - analytics_service - INFO - main.py:73 - run_analysis() - Starting analysis run
2025-05-10 16:13:12,038 - analytics_service - INFO - main.py:52 - fetch_sensor_data() - Fetched 34949 sensor readings from time series DB
2025-05-10 16:13:12,323 - analytics_service - INFO - main.py:112 - run_analysis() - Analysis completed successfully. Risk level: DANGER
2025-05-10 16:14:12,363 - analytics_service - INFO - main.py:73 - run_analysis() - Starting analysis run
2025-05-10 16:15:37,249 - analytics_service - INFO - main.py:52 - fetch_sensor_data() - Fetched 34949 sensor readings from time series DB
2025-05-10 16:15:37,533 - analytics_service - INFO - main.py:112 - run_analysis() - Analysis completed successfully. Risk level: DANGER
2025-05-10 16:16:37,567 - analytics_service - INFO - main.py:73 - run_analysis() - Starting analysis run
2025-05-10 16:17:59,388 - analytics_service - INFO - main.py:52 - fetch_sensor_data() - Fetched 34944 sensor readings from time series DB
2025-05-10 16:18:04,564 - analytics_service - INFO - main.py:112 - run_analysis() - Analysis completed successfully. Risk level: DANGER
2025-05-10 16:19:04,565 - analytics_service - INFO - main.py:73 - run_analysis() - Starting analysis run
2025-05-10 16:20:29,176 - analytics_service - INFO - main.py:52 - fetch_sensor_data() - Fetched 34948 sensor readings from time series DB
2025-05-10 16:20:29,621 - analytics_service - INFO - main.py:112 - run_analysis() - Analysis completed successfully. Risk level: DANGER
2025-05-10 16:21:29,667 - analytics_service - INFO - main.py:73 - run_analysis() - Starting analysis run
2025-05-10 16:22:55,765 - analytics_service - INFO - main.py:52 - fetch_sensor_data() - Fetched 34946 sensor readings from time series DB
2025-05-10 16:22:56,321 - analytics_service - INFO - main.py:112 - run_analysis() - Analysis completed successfully. Risk level: DANGER
2025-05-10 16:23:56,357 - analytics_service - INFO - main.py:73 - run_analysis() - Starting analysis run
2025-05-10 16:25:15,994 - analytics_service - INFO - main.py:52 - fetch_sensor_data() - Fetched 34950 sensor readings from time series DB
2025-05-10 16:25:21,060 - analytics_service - INFO - main.py:112 - run_analysis() - Analysis completed successfully. Risk level: DANGER
2025-05-10 16:26:21,062 - analytics_service - INFO - main.py:73 - run_analysis() - Starting analysis run
2025-05-10 16:27:46,836 - analytics_service - INFO - main.py:52 - fetch_sensor_data() - Fetched 34946 sensor readings from time series DB
2025-05-10 16:27:47,305 - analytics_service - INFO - main.py:112 - run_analysis() - Analysis completed successfully. Risk level: DANGER
2025-05-10 16:28:47,341 - analytics_service - INFO - main.py:73 - run_analysis() - Starting analysis run
2025-05-10 16:30:17,585 - analytics_service - INFO - main.py:52 - fetch_sensor_data() - Fetched 34945 sensor readings from time series DB
2025-05-10 16:30:22,609 - analytics_service - INFO - main.py:112 - run_analysis() - Analysis completed successfully. Risk level: DANGER
2025-05-10 16:31:22,623 - analytics_service - INFO - main.py:73 - run_analysis() - Starting analysis run
2025-05-10 16:32:47,346 - analytics_service - INFO - main.py:52 - fetch_sensor_data() - Fetched 34951 sensor readings from time series DB
2025-05-10 16:32:47,658 - analytics_service - INFO - main.py:112 - run_analysis() - Analysis completed successfully. Risk level: DANGER
