2025-03-08 23:17:38,968 - AnalyticsService - INFO - Successfully registered with Resource Catalog
2025-03-08 23:17:38,968 - AnalyticsService - INFO - Analytics Service initialized
2025-03-08 23:17:38,968 - AnalyticsService - INFO - Analysis background thread started
2025-03-08 23:17:38,968 - cherrypy.error - INFO - [08/Mar/2025:23:17:38] ENGINE Bus STARTING
2025-03-08 23:17:38,971 - AnalyticsService - INFO - Successfully updated registration with Resource Catalog
2025-03-08 23:17:38,974 - AnalyticsService - ERROR - Error in analysis loop: string indices must be integers, not 'str'
2025-03-08 23:17:40,030 - cherrypy.error - ERROR - [08/Mar/2025:23:17:40] ENGINE Error in 'start' listener <bound method Server.start of <cherrypy._cpserver.Server object at 0x1091a96a0>>
Traceback (most recent call last):
  File "/Library/Frameworks/Python.framework/Versions/3.13/lib/python3.13/site-packages/portend.py", line 122, in free
    Checker(timeout=0.1).assert_free(host, port)
    ~~~~~~~~~~~~~~~~~~~~~~~~~~~~~~~~^^^^^^^^^^^^
  File "/Library/Frameworks/Python.framework/Versions/3.13/lib/python3.13/site-packages/portend.py", line 71, in assert_free
    list(itertools.starmap(self._connect, info))
    ~~~~^^^^^^^^^^^^^^^^^^^^^^^^^^^^^^^^^^^^^^^^
  File "/Library/Frameworks/Python.framework/Versions/3.13/lib/python3.13/site-packages/portend.py", line 87, in _connect
    raise PortNotFree(tmpl.format(**locals()))
portend.PortNotFree: Port 5000 is in use on 0.0.0.0.

During handling of the above exception, another exception occurred:

Traceback (most recent call last):
  File "/Library/Frameworks/Python.framework/Versions/3.13/lib/python3.13/site-packages/cherrypy/process/wspbus.py", line 229, in publish
    output.append(listener(*args, **kwargs))
                  ~~~~~~~~^^^^^^^^^^^^^^^^^
  File "/Library/Frameworks/Python.framework/Versions/3.13/lib/python3.13/site-packages/cherrypy/_cpserver.py", line 191, in start
    super(Server, self).start()
    ~~~~~~~~~~~~~~~~~~~~~~~~~^^
  File "/Library/Frameworks/Python.framework/Versions/3.13/lib/python3.13/site-packages/cherrypy/process/servers.py", line 176, in start
    portend.free(*self.bind_addr, timeout=Timeouts.free)
    ~~~~~~~~~~~~^^^^^^^^^^^^^^^^^^^^^^^^^^^^^^^^^^^^^^^^
  File "/Library/Frameworks/Python.framework/Versions/3.13/lib/python3.13/site-packages/portend.py", line 126, in free
    raise Timeout("Port {port} not free on {host}.".format(**locals()))
portend.Timeout: Port 5000 not free on 0.0.0.0.

2025-03-08 23:17:40,031 - cherrypy.error - ERROR - [08/Mar/2025:23:17:40] ENGINE Shutting down due to error in start listener:
Traceback (most recent call last):
  File "/Library/Frameworks/Python.framework/Versions/3.13/lib/python3.13/site-packages/cherrypy/process/wspbus.py", line 267, in start
    self.publish('start')
    ~~~~~~~~~~~~^^^^^^^^^
  File "/Library/Frameworks/Python.framework/Versions/3.13/lib/python3.13/site-packages/cherrypy/process/wspbus.py", line 247, in publish
    raise exc
cherrypy.process.wspbus.ChannelFailures: Timeout('Port 5000 not free on 0.0.0.0.')

2025-03-08 23:17:40,031 - cherrypy.error - INFO - [08/Mar/2025:23:17:40] ENGINE Bus STOPPING
2025-03-08 23:17:40,031 - cherrypy.error - INFO - [08/Mar/2025:23:17:40] ENGINE HTTP Server cherrypy._cpwsgi_server.CPWSGIServer(('0.0.0.0', 5000)) already shut down
2025-03-08 23:17:40,031 - cherrypy.error - INFO - [08/Mar/2025:23:17:40] ENGINE Bus STOPPED
2025-03-08 23:17:40,032 - cherrypy.error - INFO - [08/Mar/2025:23:17:40] ENGINE Bus EXITING
2025-03-08 23:17:40,032 - cherrypy.error - INFO - [08/Mar/2025:23:17:40] ENGINE Bus EXITED
2025-03-09 14:26:09,355 - AnalyticsService - INFO - Successfully registered with Resource Catalog
2025-03-09 14:26:09,355 - AnalyticsService - INFO - Analytics Service initialized
2025-03-09 14:26:09,355 - AnalyticsService - INFO - Analysis background thread started
2025-03-09 14:26:09,355 - cherrypy.error - INFO - [09/Mar/2025:14:26:09] ENGINE Bus STARTING
2025-03-09 14:26:09,357 - AnalyticsService - INFO - Successfully updated registration with Resource Catalog
2025-03-09 14:26:09,359 - AnalyticsService - ERROR - Error in analysis loop: string indices must be integers, not 'str'
2025-03-09 14:26:10,415 - cherrypy.error - ERROR - [09/Mar/2025:14:26:10] ENGINE Error in 'start' listener <bound method Server.start of <cherrypy._cpserver.Server object at 0x106ab96a0>>
Traceback (most recent call last):
  File "/Library/Frameworks/Python.framework/Versions/3.13/lib/python3.13/site-packages/portend.py", line 122, in free
    Checker(timeout=0.1).assert_free(host, port)
    ~~~~~~~~~~~~~~~~~~~~~~~~~~~~~~~~^^^^^^^^^^^^
  File "/Library/Frameworks/Python.framework/Versions/3.13/lib/python3.13/site-packages/portend.py", line 71, in assert_free
    list(itertools.starmap(self._connect, info))
    ~~~~^^^^^^^^^^^^^^^^^^^^^^^^^^^^^^^^^^^^^^^^
  File "/Library/Frameworks/Python.framework/Versions/3.13/lib/python3.13/site-packages/portend.py", line 87, in _connect
    raise PortNotFree(tmpl.format(**locals()))
portend.PortNotFree: Port 5001 is in use on 0.0.0.0.

During handling of the above exception, another exception occurred:

Traceback (most recent call last):
  File "/Library/Frameworks/Python.framework/Versions/3.13/lib/python3.13/site-packages/cherrypy/process/wspbus.py", line 229, in publish
    output.append(listener(*args, **kwargs))
                  ~~~~~~~~^^^^^^^^^^^^^^^^^
  File "/Library/Frameworks/Python.framework/Versions/3.13/lib/python3.13/site-packages/cherrypy/_cpserver.py", line 191, in start
    super(Server, self).start()
    ~~~~~~~~~~~~~~~~~~~~~~~~~^^
  File "/Library/Frameworks/Python.framework/Versions/3.13/lib/python3.13/site-packages/cherrypy/process/servers.py", line 176, in start
    portend.free(*self.bind_addr, timeout=Timeouts.free)
    ~~~~~~~~~~~~^^^^^^^^^^^^^^^^^^^^^^^^^^^^^^^^^^^^^^^^
  File "/Library/Frameworks/Python.framework/Versions/3.13/lib/python3.13/site-packages/portend.py", line 126, in free
    raise Timeout("Port {port} not free on {host}.".format(**locals()))
portend.Timeout: Port 5001 not free on 0.0.0.0.

2025-03-09 14:26:10,416 - cherrypy.error - ERROR - [09/Mar/2025:14:26:10] ENGINE Shutting down due to error in start listener:
Traceback (most recent call last):
  File "/Library/Frameworks/Python.framework/Versions/3.13/lib/python3.13/site-packages/cherrypy/process/wspbus.py", line 267, in start
    self.publish('start')
    ~~~~~~~~~~~~^^^^^^^^^
  File "/Library/Frameworks/Python.framework/Versions/3.13/lib/python3.13/site-packages/cherrypy/process/wspbus.py", line 247, in publish
    raise exc
cherrypy.process.wspbus.ChannelFailures: Timeout('Port 5001 not free on 0.0.0.0.')

2025-03-09 14:26:10,416 - cherrypy.error - INFO - [09/Mar/2025:14:26:10] ENGINE Bus STOPPING
2025-03-09 14:26:10,416 - cherrypy.error - INFO - [09/Mar/2025:14:26:10] ENGINE HTTP Server cherrypy._cpwsgi_server.CPWSGIServer(('0.0.0.0', 5001)) already shut down
2025-03-09 14:26:10,416 - cherrypy.error - INFO - [09/Mar/2025:14:26:10] ENGINE Bus STOPPED
2025-03-09 14:26:10,416 - cherrypy.error - INFO - [09/Mar/2025:14:26:10] ENGINE Bus EXITING
2025-03-09 14:26:10,416 - cherrypy.error - INFO - [09/Mar/2025:14:26:10] ENGINE Bus EXITED
2025-03-09 14:28:27,184 - AnalyticsService - INFO - Successfully registered with Resource Catalog
2025-03-09 14:28:27,185 - AnalyticsService - INFO - Analytics Service initialized
2025-03-09 14:28:27,185 - AnalyticsService - INFO - Analysis background thread started
2025-03-09 14:28:27,185 - cherrypy.error - INFO - [09/Mar/2025:14:28:27] ENGINE Bus STARTING
2025-03-09 14:28:27,187 - AnalyticsService - INFO - Successfully updated registration with Resource Catalog
2025-03-09 14:28:27,188 - AnalyticsService - ERROR - Error in analysis loop: string indices must be integers, not 'str'
2025-03-09 14:28:27,288 - cherrypy.error - INFO - [09/Mar/2025:14:28:27] ENGINE Serving on http://0.0.0.0:5002
2025-03-09 14:28:27,288 - cherrypy.error - INFO - [09/Mar/2025:14:28:27] ENGINE Bus STARTED
2025-03-09 14:29:27,203 - AnalyticsService - INFO - Successfully updated registration with Resource Catalog
2025-03-09 14:29:27,209 - AnalyticsService - ERROR - Error in analysis loop: string indices must be integers, not 'str'
2025-03-09 14:30:27,200 - AnalyticsService - INFO - Successfully updated registration with Resource Catalog
2025-03-09 14:30:27,207 - AnalyticsService - ERROR - Error in analysis loop: string indices must be integers, not 'str'
2025-03-09 14:31:27,229 - AnalyticsService - INFO - Successfully updated registration with Resource Catalog
2025-03-09 14:31:27,234 - AnalyticsService - ERROR - Error in analysis loop: string indices must be integers, not 'str'
2025-03-09 14:32:27,266 - AnalyticsService - INFO - Successfully updated registration with Resource Catalog
2025-03-09 14:32:27,269 - AnalyticsService - ERROR - Error in analysis loop: string indices must be integers, not 'str'
