2025-04-24 15:22:11,040 - registration - INFO - Registering with Resource Catalog at http://localhost:8080/register_service
2025-04-24 15:22:11,069 - registration - INFO - Registration successful
2025-04-24 15:22:11,072 - registration - INFO - Discovered Time Series DB service: {'service_id': 'timeseries_db_connector', 'name': 'Time Series DB Connector', 'description': 'Stores sensor data and valve states in a time series database', 'service_type': 'data_storage', 'endpoints': {'mqtt': 'mqtt://localhost:1883', 'topics': {'sensor_data': 'sensor/readings', 'valve_status': 'valve/status'}}, 'required_inputs': {'sensor_data': 'JSON formatted sensor readings', 'valve_status': 'JSON formatted valve state information'}, 'provided_outputs': {'storage': 'Time series data stored in influxdb'}, 'status': 'online', 'last_update': 1745500929.3782039, 'last_update_formatted': '2025-04-24 15:22:09', 'registration_timestamp': 1745500931.07139}
2025-04-24 15:22:11,072 - registration - INFO - Configured MQTT settings: localhost:1883
2025-04-24 15:22:11,072 - registration - INFO - Registration service started in background
2025-04-24 15:22:11,072 - analytics_service - INFO - Starting analysis run
2025-04-24 15:22:11,072 - registration - INFO - Registering with Resource Catalog at http://localhost:8080/register_service
2025-04-24 15:22:11,072 - cherrypy.error - INFO - [24/Apr/2025:15:22:11] ENGINE Bus STARTING
2025-04-24 15:22:11,076 - registration - ERROR - Registration failed with status code 400: {"status": "error", "message": "Error registering service: Expecting value: line 1 column 1 (char 0)"}
2025-04-24 15:22:11,077 - registration - INFO - Discovered Time Series DB service: {'service_id': 'timeseries_db_connector', 'name': 'Time Series DB Connector', 'description': 'Stores sensor data and valve states in a time series database', 'service_type': 'data_storage', 'endpoints': {'mqtt': 'mqtt://localhost:1883', 'topics': {'sensor_data': 'sensor/readings', 'valve_status': 'valve/status'}}, 'required_inputs': {'sensor_data': 'JSON formatted sensor readings', 'valve_status': 'JSON formatted valve state information'}, 'provided_outputs': {'storage': 'Time series data stored in influxdb'}, 'status': 'online', 'last_update': 1745500929.3782039, 'last_update_formatted': '2025-04-24 15:22:09', 'registration_timestamp': 1745500931.076024}
2025-04-24 15:22:11,077 - analytics_service - ERROR - Failed to discover Time Series DB API URL from Resource Catalog
2025-04-24 15:22:11,077 - analytics_service - WARNING - Insufficient sensor data for analysis
2025-04-24 15:22:11,181 - cherrypy.error - INFO - [24/Apr/2025:15:22:11] ENGINE Serving on http://0.0.0.0:5002
2025-04-24 15:22:11,182 - cherrypy.error - INFO - [24/Apr/2025:15:22:11] ENGINE Bus STARTED
2025-04-24 15:22:11,182 - analytics_service - INFO - Analytics service started on port 5002
2025-04-24 15:23:11,080 - analytics_service - INFO - Starting analysis run
2025-04-24 15:23:11,081 - registration - INFO - Registering with Resource Catalog at http://localhost:8080/register_service
2025-04-24 15:23:11,100 - registration - ERROR - Registration failed with status code 400: {"status": "error", "message": "Error registering service: Expecting value: line 1 column 1 (char 0)"}
2025-04-24 15:23:11,101 - registration - INFO - Discovered Time Series DB service: {'service_id': 'timeseries_db_connector', 'name': 'Time Series DB Connector', 'description': 'Stores sensor data and valve states in a time series database', 'service_type': 'data_storage', 'endpoints': {'mqtt': 'mqtt://localhost:1883', 'topics': {'sensor_data': 'sensor/readings', 'valve_status': 'valve/status'}}, 'required_inputs': {'sensor_data': 'JSON formatted sensor readings', 'valve_status': 'JSON formatted valve state information'}, 'provided_outputs': {'storage': 'Time series data stored in influxdb'}, 'status': 'online', 'last_update': 1745500989.3989062, 'last_update_formatted': '2025-04-24 15:23:09', 'registration_timestamp': 1745500991.0986261}
2025-04-24 15:23:11,101 - analytics_service - ERROR - Failed to discover Time Series DB API URL from Resource Catalog
2025-04-24 15:23:11,101 - analytics_service - WARNING - Insufficient sensor data for analysis
2025-04-24 15:24:11,104 - analytics_service - INFO - Starting analysis run
2025-04-24 15:24:11,105 - registration - INFO - Registering with Resource Catalog at http://localhost:8080/register_service
2025-04-24 15:24:11,121 - registration - ERROR - Service discovery failed with status code 400
2025-04-24 15:24:11,122 - registration - INFO - Registration successful
2025-04-24 15:24:11,122 - analytics_service - ERROR - Failed to discover Time Series DB API URL from Resource Catalog
2025-04-24 15:24:11,123 - analytics_service - WARNING - Insufficient sensor data for analysis
2025-04-24 15:25:11,123 - analytics_service - INFO - Starting analysis run
2025-04-24 15:25:11,128 - registration - INFO - Registering with Resource Catalog at http://localhost:8080/register_service
2025-04-24 15:25:11,139 - registration - INFO - Discovered Time Series DB service: {'service_id': 'timeseries_db_connector', 'name': 'Time Series DB Connector', 'description': 'Stores sensor data and valve states in a time series database', 'service_type': 'data_storage', 'endpoints': {'mqtt': 'mqtt://localhost:1883', 'topics': {'sensor_data': 'sensor/readings', 'valve_status': 'valve/status'}}, 'required_inputs': {'sensor_data': 'JSON formatted sensor readings', 'valve_status': 'JSON formatted valve state information'}, 'provided_outputs': {'storage': 'Time series data stored in influxdb'}, 'status': 'online', 'last_update': 1745501109.435897, 'last_update_formatted': '2025-04-24 15:25:09', 'registration_timestamp': 1745501111.13777}
2025-04-24 15:25:11,140 - registration - INFO - Registration successful
2025-04-24 15:25:11,140 - analytics_service - ERROR - Failed to discover Time Series DB API URL from Resource Catalog
2025-04-24 15:25:11,140 - analytics_service - WARNING - Insufficient sensor data for analysis
2025-04-24 15:25:33,856 - cherrypy.error - INFO - [24/Apr/2025:15:25:33] ENGINE Keyboard Interrupt: shutting down bus
2025-04-24 15:25:33,857 - cherrypy.error - INFO - [24/Apr/2025:15:25:33] ENGINE Bus STOPPING
2025-04-24 15:25:34,106 - cherrypy.error - INFO - [24/Apr/2025:15:25:34] ENGINE HTTP Server cherrypy._cpwsgi_server.CPWSGIServer(('0.0.0.0', 5002)) shut down
2025-04-24 15:25:34,106 - cherrypy.error - INFO - [24/Apr/2025:15:25:34] ENGINE Bus STOPPED
2025-04-24 15:25:34,106 - cherrypy.error - INFO - [24/Apr/2025:15:25:34] ENGINE Bus EXITING
2025-04-24 15:25:34,106 - cherrypy.error - INFO - [24/Apr/2025:15:25:34] ENGINE Bus EXITED
2025-04-24 15:25:34,106 - cherrypy.error - INFO - [24/Apr/2025:15:25:34] ENGINE Waiting for child threads to terminate...
