[08/Mar/2025:15:23:43] ENGINE Bus STARTING
[08/Mar/2025:15:23:43] ENGINE Started monitor thread 'Autoreloader'.
[08/Mar/2025:15:23:43] ENGINE Serving on http://0.0.0.0:8085
[08/Mar/2025:15:23:43] ENGINE Bus STARTED
[08/Mar/2025:15:30:39] ENGINE Keyboard Interrupt: shutting down bus
[08/Mar/2025:15:30:39] ENGINE Bus STOPPING
[08/Mar/2025:15:30:39] ENGINE HTTP Server cherrypy._cpwsgi_server.CPWSGIServer(('0.0.0.0', 8085)) shut down
[08/Mar/2025:15:30:39] ENGINE Stopped thread 'Autoreloader'.
[08/Mar/2025:15:30:39] ENGINE Bus STOPPED
[08/Mar/2025:15:30:39] ENGINE Bus EXITING
[08/Mar/2025:15:30:39] ENGINE Bus EXITED
[08/Mar/2025:15:30:39] ENGINE Waiting for child threads to terminate...
[08/Mar/2025:16:38:52] ENGINE Bus STARTING
[08/Mar/2025:16:38:52] ENGINE Started monitor thread 'Autoreloader'.
[08/Mar/2025:16:38:52] ENGINE Serving on http://0.0.0.0:8082
[08/Mar/2025:16:38:52] ENGINE Bus STARTED
[08/Mar/2025:16:39:31] ENGINE Keyboard Interrupt: shutting down bus
[08/Mar/2025:16:39:31] ENGINE Bus STOPPING
[08/Mar/2025:16:39:31] ENGINE HTTP Server cherrypy._cpwsgi_server.CPWSGIServer(('0.0.0.0', 8082)) shut down
[08/Mar/2025:16:39:31] ENGINE Stopped thread 'Autoreloader'.
[08/Mar/2025:16:39:31] ENGINE Bus STOPPED
[08/Mar/2025:16:39:31] ENGINE Bus EXITING
[08/Mar/2025:16:39:31] ENGINE Bus EXITED
[08/Mar/2025:16:39:31] ENGINE Waiting for child threads to terminate...
[08/Mar/2025:17:43:38] ENGINE Bus STARTING
[08/Mar/2025:17:43:38] ENGINE Started monitor thread 'Autoreloader'.
[08/Mar/2025:17:43:38] ENGINE Serving on http://0.0.0.0:8085
[08/Mar/2025:17:43:38] ENGINE Bus STARTED
[08/Mar/2025:17:43:43] ENGINE Keyboard Interrupt: shutting down bus
[08/Mar/2025:17:43:43] ENGINE Bus STOPPING
[08/Mar/2025:17:43:44] ENGINE HTTP Server cherrypy._cpwsgi_server.CPWSGIServer(('0.0.0.0', 8085)) shut down
[08/Mar/2025:17:43:44] ENGINE Stopped thread 'Autoreloader'.
[08/Mar/2025:17:43:44] ENGINE Bus STOPPED
[08/Mar/2025:17:43:44] ENGINE Bus EXITING
[08/Mar/2025:17:43:44] ENGINE Bus EXITED
[08/Mar/2025:17:43:44] ENGINE Waiting for child threads to terminate...
