2025-03-08 15:18:56,643 - TelegramBot - ERROR - TELEGRAM_TOKEN is required
2025-03-08 15:18:56,643 - TelegramBot - CRITICAL - Failed to start Telegram Bot Service: TELEGRAM_TOKEN environment variable is required
2025-03-08 15:21:28,685 - TelegramBot - ERROR - Error setting up MQTT: 'TelegramBotService' object has no attribute 'service_cache'
2025-03-08 15:21:28,694 - TelegramBot - ERROR - Error registering with catalog: HTTPConnectionPool(host='localhost', port=8080): Max retries exceeded with url: /services (Caused by NewConnectionError('<urllib3.connection.HTTPConnection object at 0x102c14830>: Failed to establish a new connection: [Errno 61] Connection refused'))
2025-03-08 15:21:32,080 - httpx - INFO - HTTP Request: POST https://api.telegram.org/bot7947622045:AAHsINxjjK35EFgPUmGOB8y5DZD5ytYR1So/getMe "HTTP/1.1 200 OK"
2025-03-08 15:21:32,183 - httpx - INFO - HTTP Request: POST https://api.telegram.org/bot7947622045:AAHsINxjjK35EFgPUmGOB8y5DZD5ytYR1So/deleteWebhook "HTTP/1.1 200 OK"
2025-03-08 15:21:32,186 - telegram.ext.Application - INFO - Application started
2025-03-08 15:21:42,568 - httpx - INFO - HTTP Request: POST https://api.telegram.org/bot7947622045:AAHsINxjjK35EFgPUmGOB8y5DZD5ytYR1So/getUpdates "HTTP/1.1 200 OK"
2025-03-08 15:21:52,701 - httpx - INFO - HTTP Request: POST https://api.telegram.org/bot7947622045:AAHsINxjjK35EFgPUmGOB8y5DZD5ytYR1So/getUpdates "HTTP/1.1 200 OK"
2025-03-08 15:21:54,047 - httpx - INFO - HTTP Request: POST https://api.telegram.org/bot7947622045:AAHsINxjjK35EFgPUmGOB8y5DZD5ytYR1So/getUpdates "HTTP/1.1 200 OK"
2025-03-08 15:21:54,057 - TelegramBot - ERROR - Error getting service by type: HTTPConnectionPool(host='localhost', port=8080): Max retries exceeded with url: /services/type/accountManager (Caused by NewConnectionError('<urllib3.connection.HTTPConnection object at 0x102c83610>: Failed to establish a new connection: [Errno 61] Connection refused'))
2025-03-08 15:21:54,057 - TelegramBot - WARNING - Account Manager service not found, authorization check will be skipped
2025-03-08 15:21:54,446 - httpx - INFO - HTTP Request: POST https://api.telegram.org/bot7947622045:AAHsINxjjK35EFgPUmGOB8y5DZD5ytYR1So/sendMessage "HTTP/1.1 200 OK"
2025-03-08 15:22:02,391 - httpx - INFO - HTTP Request: POST https://api.telegram.org/bot7947622045:AAHsINxjjK35EFgPUmGOB8y5DZD5ytYR1So/getUpdates "HTTP/1.1 200 OK"
2025-03-08 15:22:02,791 - httpx - INFO - HTTP Request: POST https://api.telegram.org/bot7947622045:AAHsINxjjK35EFgPUmGOB8y5DZD5ytYR1So/sendMessage "HTTP/1.1 200 OK"
2025-03-08 15:22:12,578 - httpx - INFO - HTTP Request: POST https://api.telegram.org/bot7947622045:AAHsINxjjK35EFgPUmGOB8y5DZD5ytYR1So/getUpdates "HTTP/1.1 200 OK"
2025-03-08 15:22:15,964 - httpx - INFO - HTTP Request: POST https://api.telegram.org/bot7947622045:AAHsINxjjK35EFgPUmGOB8y5DZD5ytYR1So/getUpdates "HTTP/1.1 200 OK"
2025-03-08 15:22:16,277 - httpx - INFO - HTTP Request: POST https://api.telegram.org/bot7947622045:AAHsINxjjK35EFgPUmGOB8y5DZD5ytYR1So/sendChatAction "HTTP/1.1 200 OK"
2025-03-08 15:22:16,282 - TelegramBot - ERROR - Error getting pipelines: HTTPConnectionPool(host='localhost', port=8080): Max retries exceeded with url: /sectors (Caused by NewConnectionError('<urllib3.connection.HTTPConnection object at 0x102ce8b90>: Failed to establish a new connection: [Errno 61] Connection refused'))
2025-03-08 15:22:16,439 - httpx - INFO - HTTP Request: POST https://api.telegram.org/bot7947622045:AAHsINxjjK35EFgPUmGOB8y5DZD5ytYR1So/sendMessage "HTTP/1.1 200 OK"
2025-03-08 15:22:25,981 - httpx - INFO - HTTP Request: POST https://api.telegram.org/bot7947622045:AAHsINxjjK35EFgPUmGOB8y5DZD5ytYR1So/getUpdates "HTTP/1.1 200 OK"
2025-03-08 15:22:25,993 - TelegramBot - ERROR - Error getting pipelines: HTTPConnectionPool(host='localhost', port=8080): Max retries exceeded with url: /sectors (Caused by NewConnectionError('<urllib3.connection.HTTPConnection object at 0x102cdbbb0>: Failed to establish a new connection: [Errno 61] Connection refused'))
2025-03-08 15:22:25,995 - TelegramBot - ERROR - Error getting service by type: HTTPConnectionPool(host='localhost', port=8080): Max retries exceeded with url: /services/type/accountManager (Caused by NewConnectionError('<urllib3.connection.HTTPConnection object at 0x102d0c3e0>: Failed to establish a new connection: [Errno 61] Connection refused'))
2025-03-08 15:22:25,996 - TelegramBot - WARNING - Account Manager service not found, returning all pipelines
2025-03-08 15:22:26,346 - httpx - INFO - HTTP Request: POST https://api.telegram.org/bot7947622045:AAHsINxjjK35EFgPUmGOB8y5DZD5ytYR1So/sendMessage "HTTP/1.1 200 OK"
2025-03-08 15:22:30,627 - httpx - INFO - HTTP Request: POST https://api.telegram.org/bot7947622045:AAHsINxjjK35EFgPUmGOB8y5DZD5ytYR1So/getUpdates "HTTP/1.1 200 OK"
2025-03-08 15:22:30,771 - httpx - INFO - HTTP Request: POST https://api.telegram.org/bot7947622045:AAHsINxjjK35EFgPUmGOB8y5DZD5ytYR1So/sendChatAction "HTTP/1.1 200 OK"
2025-03-08 15:22:30,777 - TelegramBot - ERROR - Error getting service by type: HTTPConnectionPool(host='localhost', port=8080): Max retries exceeded with url: /services/type/analytics (Caused by NewConnectionError('<urllib3.connection.HTTPConnection object at 0x102ce7530>: Failed to establish a new connection: [Errno 61] Connection refused'))
2025-03-08 15:22:30,929 - httpx - INFO - HTTP Request: POST https://api.telegram.org/bot7947622045:AAHsINxjjK35EFgPUmGOB8y5DZD5ytYR1So/sendMessage "HTTP/1.1 200 OK"
2025-03-08 15:22:41,148 - httpx - INFO - HTTP Request: POST https://api.telegram.org/bot7947622045:AAHsINxjjK35EFgPUmGOB8y5DZD5ytYR1So/getUpdates "HTTP/1.1 200 OK"
2025-03-08 15:22:51,381 - httpx - INFO - HTTP Request: POST https://api.telegram.org/bot7947622045:AAHsINxjjK35EFgPUmGOB8y5DZD5ytYR1So/getUpdates "HTTP/1.1 200 OK"
2025-03-08 15:23:01,621 - httpx - INFO - HTTP Request: POST https://api.telegram.org/bot7947622045:AAHsINxjjK35EFgPUmGOB8y5DZD5ytYR1So/getUpdates "HTTP/1.1 200 OK"
2025-03-08 15:23:10,970 - httpx - INFO - HTTP Request: POST https://api.telegram.org/bot7947622045:AAHsINxjjK35EFgPUmGOB8y5DZD5ytYR1So/getUpdates "HTTP/1.1 200 OK"
2025-03-08 15:23:21,099 - httpx - INFO - HTTP Request: POST https://api.telegram.org/bot7947622045:AAHsINxjjK35EFgPUmGOB8y5DZD5ytYR1So/getUpdates "HTTP/1.1 200 OK"
2025-03-08 15:23:31,204 - httpx - INFO - HTTP Request: POST https://api.telegram.org/bot7947622045:AAHsINxjjK35EFgPUmGOB8y5DZD5ytYR1So/getUpdates "HTTP/1.1 200 OK"
2025-03-08 15:23:41,336 - httpx - INFO - HTTP Request: POST https://api.telegram.org/bot7947622045:AAHsINxjjK35EFgPUmGOB8y5DZD5ytYR1So/getUpdates "HTTP/1.1 200 OK"
2025-03-08 15:23:43,833 - telegram.ext.Application - INFO - Application is stopping. This might take a moment.
2025-03-08 15:23:43,834 - telegram.ext.Application - INFO - Application.stop() complete
2025-03-08 15:23:43,834 - TelegramBot - INFO - Telegram bot started successfully
2025-03-08 15:23:43,835 - TelegramBot - INFO - Started catalog update thread
2025-03-08 15:23:43,835 - TelegramBot - INFO - Telegram Bot Service initialized
2025-03-08 15:23:43,837 - cherrypy.error - INFO - [08/Mar/2025:15:23:43] ENGINE Bus STARTING
2025-03-08 15:23:43,837 - cherrypy.error - INFO - [08/Mar/2025:15:23:43] ENGINE Started monitor thread 'Autoreloader'.
2025-03-08 15:23:43,837 - TelegramBot - ERROR - Error updating status with catalog: HTTPConnectionPool(host='localhost', port=8080): Max retries exceeded with url: /services/telegram_bot_service (Caused by NewConnectionError('<urllib3.connection.HTTPConnection object at 0x102c9bce0>: Failed to establish a new connection: [Errno 61] Connection refused'))
2025-03-08 15:23:43,946 - cherrypy.error - INFO - [08/Mar/2025:15:23:43] ENGINE Serving on http://0.0.0.0:8085
2025-03-08 15:23:43,947 - cherrypy.error - INFO - [08/Mar/2025:15:23:43] ENGINE Bus STARTED
2025-03-08 15:24:43,849 - TelegramBot - ERROR - Error updating status with catalog: HTTPConnectionPool(host='localhost', port=8080): Max retries exceeded with url: /services/telegram_bot_service (Caused by NewConnectionError('<urllib3.connection.HTTPConnection object at 0x102c9a7a0>: Failed to establish a new connection: [Errno 61] Connection refused'))
2025-03-08 15:25:43,859 - TelegramBot - ERROR - Error updating status with catalog: HTTPConnectionPool(host='localhost', port=8080): Max retries exceeded with url: /services/telegram_bot_service (Caused by NewConnectionError('<urllib3.connection.HTTPConnection object at 0x102c9aad0>: Failed to establish a new connection: [Errno 61] Connection refused'))
2025-03-08 15:26:43,875 - TelegramBot - ERROR - Error updating status with catalog: HTTPConnectionPool(host='localhost', port=8080): Max retries exceeded with url: /services/telegram_bot_service (Caused by NewConnectionError('<urllib3.connection.HTTPConnection object at 0x102c9ae00>: Failed to establish a new connection: [Errno 61] Connection refused'))
2025-03-08 15:27:43,897 - TelegramBot - ERROR - Error updating status with catalog: HTTPConnectionPool(host='localhost', port=8080): Max retries exceeded with url: /services/telegram_bot_service (Caused by NewConnectionError('<urllib3.connection.HTTPConnection object at 0x102c9a8b0>: Failed to establish a new connection: [Errno 61] Connection refused'))
2025-03-08 15:28:43,908 - TelegramBot - ERROR - Error updating status with catalog: HTTPConnectionPool(host='localhost', port=8080): Max retries exceeded with url: /services/telegram_bot_service (Caused by NewConnectionError('<urllib3.connection.HTTPConnection object at 0x102c99480>: Failed to establish a new connection: [Errno 61] Connection refused'))
2025-03-08 15:29:43,917 - TelegramBot - ERROR - Error updating status with catalog: HTTPConnectionPool(host='localhost', port=8080): Max retries exceeded with url: /services/telegram_bot_service (Caused by NewConnectionError('<urllib3.connection.HTTPConnection object at 0x102c99150>: Failed to establish a new connection: [Errno 61] Connection refused'))
2025-03-08 15:30:39,855 - cherrypy.error - INFO - [08/Mar/2025:15:30:39] ENGINE Keyboard Interrupt: shutting down bus
2025-03-08 15:30:39,858 - cherrypy.error - INFO - [08/Mar/2025:15:30:39] ENGINE Bus STOPPING
2025-03-08 15:30:39,876 - cherrypy.error - INFO - [08/Mar/2025:15:30:39] ENGINE HTTP Server cherrypy._cpwsgi_server.CPWSGIServer(('0.0.0.0', 8085)) shut down
2025-03-08 15:30:39,876 - cherrypy.error - INFO - [08/Mar/2025:15:30:39] ENGINE Stopped thread 'Autoreloader'.
2025-03-08 15:30:39,876 - cherrypy.error - INFO - [08/Mar/2025:15:30:39] ENGINE Bus STOPPED
2025-03-08 15:30:39,876 - cherrypy.error - INFO - [08/Mar/2025:15:30:39] ENGINE Bus EXITING
2025-03-08 15:30:39,876 - cherrypy.error - INFO - [08/Mar/2025:15:30:39] ENGINE Bus EXITED
2025-03-08 15:30:39,876 - cherrypy.error - INFO - [08/Mar/2025:15:30:39] ENGINE Waiting for child threads to terminate...
2025-03-08 17:25:46,950 - TelegramBot - ERROR - TELEGRAM_TOKEN is required
2025-03-08 17:25:46,950 - TelegramBot - CRITICAL - Failed to start Telegram Bot Service: TELEGRAM_TOKEN environment variable is required
2025-03-08 17:36:46,269 - TelegramBot - ERROR - Error setting up MQTT: 'TelegramBotService' object has no attribute 'service_cache'
2025-03-08 17:36:46,274 - TelegramBot - ERROR - Error registering with catalog: HTTPConnectionPool(host='localhost', port=8080): Max retries exceeded with url: /services (Caused by NewConnectionError('<urllib3.connection.HTTPConnection object at 0x102df0830>: Failed to establish a new connection: [Errno 61] Connection refused'))
2025-03-08 17:36:46,726 - httpx - INFO - HTTP Request: POST https://api.telegram.org/bot7947622045:AAHsINxjjK35EFgPUmGOB8y5DZD5ytYR1So/getMe "HTTP/1.1 200 OK"
2025-03-08 17:36:46,850 - httpx - INFO - HTTP Request: POST https://api.telegram.org/bot7947622045:AAHsINxjjK35EFgPUmGOB8y5DZD5ytYR1So/deleteWebhook "HTTP/1.1 200 OK"
2025-03-08 17:36:46,853 - telegram.ext.Application - INFO - Application started
2025-03-08 17:36:57,161 - httpx - INFO - HTTP Request: POST https://api.telegram.org/bot7947622045:AAHsINxjjK35EFgPUmGOB8y5DZD5ytYR1So/getUpdates "HTTP/1.1 200 OK"
2025-03-08 17:37:07,276 - httpx - INFO - HTTP Request: POST https://api.telegram.org/bot7947622045:AAHsINxjjK35EFgPUmGOB8y5DZD5ytYR1So/getUpdates "HTTP/1.1 200 OK"
2025-03-08 17:37:17,435 - httpx - INFO - HTTP Request: POST https://api.telegram.org/bot7947622045:AAHsINxjjK35EFgPUmGOB8y5DZD5ytYR1So/getUpdates "HTTP/1.1 200 OK"
2025-03-08 17:37:27,533 - httpx - INFO - HTTP Request: POST https://api.telegram.org/bot7947622045:AAHsINxjjK35EFgPUmGOB8y5DZD5ytYR1So/getUpdates "HTTP/1.1 200 OK"
2025-03-08 17:37:37,709 - httpx - INFO - HTTP Request: POST https://api.telegram.org/bot7947622045:AAHsINxjjK35EFgPUmGOB8y5DZD5ytYR1So/getUpdates "HTTP/1.1 200 OK"
2025-03-08 17:37:47,818 - httpx - INFO - HTTP Request: POST https://api.telegram.org/bot7947622045:AAHsINxjjK35EFgPUmGOB8y5DZD5ytYR1So/getUpdates "HTTP/1.1 200 OK"
2025-03-08 17:37:50,271 - httpx - INFO - HTTP Request: POST https://api.telegram.org/bot7947622045:AAHsINxjjK35EFgPUmGOB8y5DZD5ytYR1So/getUpdates "HTTP/1.1 200 OK"
2025-03-08 17:37:50,296 - TelegramBot - ERROR - Error getting service by type: HTTPConnectionPool(host='localhost', port=8080): Max retries exceeded with url: /services/type/accountManager (Caused by NewConnectionError('<urllib3.connection.HTTPConnection object at 0x102e574d0>: Failed to establish a new connection: [Errno 61] Connection refused'))
2025-03-08 17:37:50,296 - TelegramBot - WARNING - Account Manager service not found, authorization check will be skipped
2025-03-08 17:37:50,740 - httpx - INFO - HTTP Request: POST https://api.telegram.org/bot7947622045:AAHsINxjjK35EFgPUmGOB8y5DZD5ytYR1So/sendMessage "HTTP/1.1 200 OK"
2025-03-08 17:38:00,433 - httpx - INFO - HTTP Request: POST https://api.telegram.org/bot7947622045:AAHsINxjjK35EFgPUmGOB8y5DZD5ytYR1So/getUpdates "HTTP/1.1 200 OK"
2025-03-08 17:38:10,572 - httpx - INFO - HTTP Request: POST https://api.telegram.org/bot7947622045:AAHsINxjjK35EFgPUmGOB8y5DZD5ytYR1So/getUpdates "HTTP/1.1 200 OK"
2025-03-08 17:38:20,708 - httpx - INFO - HTTP Request: POST https://api.telegram.org/bot7947622045:AAHsINxjjK35EFgPUmGOB8y5DZD5ytYR1So/getUpdates "HTTP/1.1 200 OK"
2025-03-08 17:38:30,862 - httpx - INFO - HTTP Request: POST https://api.telegram.org/bot7947622045:AAHsINxjjK35EFgPUmGOB8y5DZD5ytYR1So/getUpdates "HTTP/1.1 200 OK"
2025-03-08 17:38:41,086 - httpx - INFO - HTTP Request: POST https://api.telegram.org/bot7947622045:AAHsINxjjK35EFgPUmGOB8y5DZD5ytYR1So/getUpdates "HTTP/1.1 200 OK"
2025-03-08 17:38:51,224 - httpx - INFO - HTTP Request: POST https://api.telegram.org/bot7947622045:AAHsINxjjK35EFgPUmGOB8y5DZD5ytYR1So/getUpdates "HTTP/1.1 200 OK"
2025-03-08 17:38:52,120 - httpx - INFO - HTTP Request: POST https://api.telegram.org/bot7947622045:AAHsINxjjK35EFgPUmGOB8y5DZD5ytYR1So/getUpdates "HTTP/1.1 200 OK"
2025-03-08 17:38:52,543 - httpx - INFO - HTTP Request: POST https://api.telegram.org/bot7947622045:AAHsINxjjK35EFgPUmGOB8y5DZD5ytYR1So/sendMessage "HTTP/1.1 200 OK"
2025-03-08 17:38:55,945 - httpx - INFO - HTTP Request: POST https://api.telegram.org/bot7947622045:AAHsINxjjK35EFgPUmGOB8y5DZD5ytYR1So/getUpdates "HTTP/1.1 200 OK"
2025-03-08 17:38:56,068 - httpx - INFO - HTTP Request: POST https://api.telegram.org/bot7947622045:AAHsINxjjK35EFgPUmGOB8y5DZD5ytYR1So/sendChatAction "HTTP/1.1 200 OK"
2025-03-08 17:38:56,073 - TelegramBot - ERROR - Error getting pipelines: HTTPConnectionPool(host='localhost', port=8080): Max retries exceeded with url: /sectors (Caused by NewConnectionError('<urllib3.connection.HTTPConnection object at 0x102ec4a50>: Failed to establish a new connection: [Errno 61] Connection refused'))
2025-03-08 17:38:56,194 - httpx - INFO - HTTP Request: POST https://api.telegram.org/bot7947622045:AAHsINxjjK35EFgPUmGOB8y5DZD5ytYR1So/sendMessage "HTTP/1.1 200 OK"
2025-03-08 17:39:06,076 - httpx - INFO - HTTP Request: POST https://api.telegram.org/bot7947622045:AAHsINxjjK35EFgPUmGOB8y5DZD5ytYR1So/getUpdates "HTTP/1.1 200 OK"
2025-03-08 17:39:16,210 - httpx - INFO - HTTP Request: POST https://api.telegram.org/bot7947622045:AAHsINxjjK35EFgPUmGOB8y5DZD5ytYR1So/getUpdates "HTTP/1.1 200 OK"
2025-03-08 17:39:26,346 - httpx - INFO - HTTP Request: POST https://api.telegram.org/bot7947622045:AAHsINxjjK35EFgPUmGOB8y5DZD5ytYR1So/getUpdates "HTTP/1.1 200 OK"
2025-03-08 17:39:36,587 - httpx - INFO - HTTP Request: POST https://api.telegram.org/bot7947622045:AAHsINxjjK35EFgPUmGOB8y5DZD5ytYR1So/getUpdates "HTTP/1.1 200 OK"
2025-03-08 17:39:46,705 - httpx - INFO - HTTP Request: POST https://api.telegram.org/bot7947622045:AAHsINxjjK35EFgPUmGOB8y5DZD5ytYR1So/getUpdates "HTTP/1.1 200 OK"
2025-03-08 17:39:56,862 - httpx - INFO - HTTP Request: POST https://api.telegram.org/bot7947622045:AAHsINxjjK35EFgPUmGOB8y5DZD5ytYR1So/getUpdates "HTTP/1.1 200 OK"
2025-03-08 17:40:06,960 - httpx - INFO - HTTP Request: POST https://api.telegram.org/bot7947622045:AAHsINxjjK35EFgPUmGOB8y5DZD5ytYR1So/getUpdates "HTTP/1.1 200 OK"
2025-03-08 17:40:17,139 - httpx - INFO - HTTP Request: POST https://api.telegram.org/bot7947622045:AAHsINxjjK35EFgPUmGOB8y5DZD5ytYR1So/getUpdates "HTTP/1.1 200 OK"
2025-03-08 17:40:27,274 - httpx - INFO - HTTP Request: POST https://api.telegram.org/bot7947622045:AAHsINxjjK35EFgPUmGOB8y5DZD5ytYR1So/getUpdates "HTTP/1.1 200 OK"
2025-03-08 17:40:37,413 - httpx - INFO - HTTP Request: POST https://api.telegram.org/bot7947622045:AAHsINxjjK35EFgPUmGOB8y5DZD5ytYR1So/getUpdates "HTTP/1.1 200 OK"
2025-03-08 17:40:47,550 - httpx - INFO - HTTP Request: POST https://api.telegram.org/bot7947622045:AAHsINxjjK35EFgPUmGOB8y5DZD5ytYR1So/getUpdates "HTTP/1.1 200 OK"
2025-03-08 17:40:57,689 - httpx - INFO - HTTP Request: POST https://api.telegram.org/bot7947622045:AAHsINxjjK35EFgPUmGOB8y5DZD5ytYR1So/getUpdates "HTTP/1.1 200 OK"
2025-03-08 17:41:07,826 - httpx - INFO - HTTP Request: POST https://api.telegram.org/bot7947622045:AAHsINxjjK35EFgPUmGOB8y5DZD5ytYR1So/getUpdates "HTTP/1.1 200 OK"
2025-03-08 17:41:17,963 - httpx - INFO - HTTP Request: POST https://api.telegram.org/bot7947622045:AAHsINxjjK35EFgPUmGOB8y5DZD5ytYR1So/getUpdates "HTTP/1.1 200 OK"
2025-03-08 17:41:28,067 - httpx - INFO - HTTP Request: POST https://api.telegram.org/bot7947622045:AAHsINxjjK35EFgPUmGOB8y5DZD5ytYR1So/getUpdates "HTTP/1.1 200 OK"
2025-03-08 17:41:38,239 - httpx - INFO - HTTP Request: POST https://api.telegram.org/bot7947622045:AAHsINxjjK35EFgPUmGOB8y5DZD5ytYR1So/getUpdates "HTTP/1.1 200 OK"
2025-03-08 17:41:48,339 - httpx - INFO - HTTP Request: POST https://api.telegram.org/bot7947622045:AAHsINxjjK35EFgPUmGOB8y5DZD5ytYR1So/getUpdates "HTTP/1.1 200 OK"
2025-03-08 17:41:58,515 - httpx - INFO - HTTP Request: POST https://api.telegram.org/bot7947622045:AAHsINxjjK35EFgPUmGOB8y5DZD5ytYR1So/getUpdates "HTTP/1.1 200 OK"
2025-03-08 17:42:08,653 - httpx - INFO - HTTP Request: POST https://api.telegram.org/bot7947622045:AAHsINxjjK35EFgPUmGOB8y5DZD5ytYR1So/getUpdates "HTTP/1.1 200 OK"
2025-03-08 17:42:18,788 - httpx - INFO - HTTP Request: POST https://api.telegram.org/bot7947622045:AAHsINxjjK35EFgPUmGOB8y5DZD5ytYR1So/getUpdates "HTTP/1.1 200 OK"
2025-03-08 17:42:28,927 - httpx - INFO - HTTP Request: POST https://api.telegram.org/bot7947622045:AAHsINxjjK35EFgPUmGOB8y5DZD5ytYR1So/getUpdates "HTTP/1.1 200 OK"
2025-03-08 17:42:39,069 - httpx - INFO - HTTP Request: POST https://api.telegram.org/bot7947622045:AAHsINxjjK35EFgPUmGOB8y5DZD5ytYR1So/getUpdates "HTTP/1.1 200 OK"
2025-03-08 17:42:49,202 - httpx - INFO - HTTP Request: POST https://api.telegram.org/bot7947622045:AAHsINxjjK35EFgPUmGOB8y5DZD5ytYR1So/getUpdates "HTTP/1.1 200 OK"
2025-03-08 17:42:59,341 - httpx - INFO - HTTP Request: POST https://api.telegram.org/bot7947622045:AAHsINxjjK35EFgPUmGOB8y5DZD5ytYR1So/getUpdates "HTTP/1.1 200 OK"
2025-03-08 17:43:09,477 - httpx - INFO - HTTP Request: POST https://api.telegram.org/bot7947622045:AAHsINxjjK35EFgPUmGOB8y5DZD5ytYR1So/getUpdates "HTTP/1.1 200 OK"
2025-03-08 17:43:19,599 - httpx - INFO - HTTP Request: POST https://api.telegram.org/bot7947622045:AAHsINxjjK35EFgPUmGOB8y5DZD5ytYR1So/getUpdates "HTTP/1.1 200 OK"
2025-03-08 17:43:29,752 - httpx - INFO - HTTP Request: POST https://api.telegram.org/bot7947622045:AAHsINxjjK35EFgPUmGOB8y5DZD5ytYR1So/getUpdates "HTTP/1.1 200 OK"
2025-03-08 17:43:38,531 - telegram.ext.Application - INFO - Application is stopping. This might take a moment.
2025-03-08 17:43:38,534 - telegram.ext.Application - INFO - Application.stop() complete
2025-03-08 17:43:38,537 - TelegramBot - INFO - Telegram bot started successfully
2025-03-08 17:43:38,540 - TelegramBot - INFO - Started catalog update thread
2025-03-08 17:43:38,541 - TelegramBot - INFO - Telegram Bot Service initialized
2025-03-08 17:43:38,546 - cherrypy.error - INFO - [08/Mar/2025:17:43:38] ENGINE Bus STARTING
2025-03-08 17:43:38,547 - cherrypy.error - INFO - [08/Mar/2025:17:43:38] ENGINE Started monitor thread 'Autoreloader'.
2025-03-08 17:43:38,547 - TelegramBot - ERROR - Error updating status with catalog: HTTPConnectionPool(host='localhost', port=8080): Max retries exceeded with url: /services/telegram_bot_service (Caused by NewConnectionError('<urllib3.connection.HTTPConnection object at 0x102db9cd0>: Failed to establish a new connection: [Errno 61] Connection refused'))
2025-03-08 17:43:38,658 - cherrypy.error - INFO - [08/Mar/2025:17:43:38] ENGINE Serving on http://0.0.0.0:8085
2025-03-08 17:43:38,659 - cherrypy.error - INFO - [08/Mar/2025:17:43:38] ENGINE Bus STARTED
2025-03-08 17:43:43,794 - cherrypy.error - INFO - [08/Mar/2025:17:43:43] ENGINE Keyboard Interrupt: shutting down bus
2025-03-08 17:43:43,794 - cherrypy.error - INFO - [08/Mar/2025:17:43:43] ENGINE Bus STOPPING
2025-03-08 17:43:44,174 - cherrypy.error - INFO - [08/Mar/2025:17:43:44] ENGINE HTTP Server cherrypy._cpwsgi_server.CPWSGIServer(('0.0.0.0', 8085)) shut down
2025-03-08 17:43:44,174 - cherrypy.error - INFO - [08/Mar/2025:17:43:44] ENGINE Stopped thread 'Autoreloader'.
2025-03-08 17:43:44,174 - cherrypy.error - INFO - [08/Mar/2025:17:43:44] ENGINE Bus STOPPED
2025-03-08 17:43:44,174 - cherrypy.error - INFO - [08/Mar/2025:17:43:44] ENGINE Bus EXITING
2025-03-08 17:43:44,174 - cherrypy.error - INFO - [08/Mar/2025:17:43:44] ENGINE Bus EXITED
2025-03-08 17:43:44,174 - cherrypy.error - INFO - [08/Mar/2025:17:43:44] ENGINE Waiting for child threads to terminate...
