1744036088: mosquitto version 2.0.21 starting
1744036088: Config loaded from mosquitto.conf.
1744036088: Opening ipv4 listen socket on port 1884.
1744036088: mosquitto version 2.0.21 running
1744036267: Reloading config.
1744036405: New connection from 127.0.0.1:52708 on port 1884.
1744036405: Client <unknown> closed its connection.
1744036654: New connection from 127.0.0.1:52919 on port 1884.
1744036654: Client <unknown> closed its connection.
1744036854: New connection from 127.0.0.1:53084 on port 1884.
1744036854: Client <unknown> closed its connection.
1744036854: mosquitto version 2.0.21 starting
1744036854: Config loaded from mosquitto.conf.
1744036854: Opening ipv4 listen socket on port 1885.
1744036854: mosquitto version 2.0.21 running
1744036912: mosquitto version 2.0.21 terminating
1744036912: Saving in-memory database to ./mosquitto_data//mosquitto.db.
1744036930: New connection from 127.0.0.1:53124 on port 1884.
1744036930: Client <unknown> closed its connection.
1744037889: Saving in-memory database to ./mosquitto_data//mosquitto.db.
1744038117: New connection from 127.0.0.1:53550 on port 1884.
1744038117: Client <unknown> closed its connection.
1744038125: New connection from 127.0.0.1:53588 on port 1884.
1744038125: Client <unknown> closed its connection.
1744038125: mosquitto version 2.0.21 starting
1744038125: Config loaded from mosquitto.conf.
1744038125: Opening ipv4 listen socket on port 1885.
1744038125: mosquitto version 2.0.21 running
1744038213: Reloading config.
1744038227: New connection from 127.0.0.1:53700 on port 1884.
1744038227: Client <unknown> closed its connection.
1744038227: New connection from 127.0.0.1:53701 on port 1885.
1744038227: Client <unknown> closed its connection.
1744038234: New connection from 127.0.0.1:53719 on port 1884.
1744038234: New connection from 127.0.0.1:53720 on port 1885.
1744038234: Client <unknown> closed its connection.
1744038234: Client <unknown> closed its connection.
1744038234: mosquitto version 2.0.21 starting
1744038234: Config loaded from mosquitto.conf.
1744038234: Opening ipv4 listen socket on port 1886.
1744038234: mosquitto version 2.0.21 running
1744038926: Reloading config.
1744038996: New connection from 127.0.0.1:54243 on port 1884.
1744038996: New connection from 127.0.0.1:54244 on port 1885.
1744038996: Client <unknown> closed its connection.
1744038996: Client <unknown> closed its connection.
1744038996: New connection from 127.0.0.1:54245 on port 1886.
1744038996: Client <unknown> closed its connection.
1744039002: New connection from 127.0.0.1:54263 on port 1884.
1744039002: Client <unknown> closed its connection.
1744039002: New connection from 127.0.0.1:54264 on port 1885.
1744039002: Client <unknown> closed its connection.
1744039002: New connection from 127.0.0.1:54265 on port 1886.
1744039002: Client <unknown> closed its connection.
1744039002: mosquitto version 2.0.21 starting
1744039002: Config loaded from mosquitto.conf.
1744039002: Opening ipv4 listen socket on port 8883.
1744039002: mosquitto version 2.0.21 running
1744039421: Reloading config.
1744039474: New connection from 127.0.0.1:54724 on port 1884.
1744039474: Client <unknown> closed its connection.
1744039474: New connection from 127.0.0.1:54725 on port 1885.
1744039474: Client <unknown> closed its connection.
1744039474: New connection from 127.0.0.1:54726 on port 1886.
1744039474: Client <unknown> closed its connection.
1744039480: New connection from 127.0.0.1:54743 on port 1884.
1744039480: New connection from 127.0.0.1:54744 on port 1885.
1744039480: Client <unknown> closed its connection.
1744039480: New connection from 127.0.0.1:54745 on port 1886.
1744039480: Client <unknown> closed its connection.
1744039480: Client <unknown> closed its connection.
1744039480: New connection from 127.0.0.1:54746 on port 8883.
1744039480: Client <unknown> closed its connection.
1744039690: Saving in-memory database to ./mosquitto_data//mosquitto.db.
1744039700: mosquitto version 2.0.21 terminating
1744039700: Saving in-memory database to ./mosquitto_data//mosquitto.db.
1744039700: mosquitto version 2.0.21 terminating
1744039700: Saving in-memory database to ./mosquitto_data//mosquitto.db.
1744039700: mosquitto version 2.0.21 terminating
1744039700: Saving in-memory database to ./mosquitto_data//mosquitto.db.
1744039700: mosquitto version 2.0.21 terminating
1744039700: Saving in-memory database to ./mosquitto_data//mosquitto.db.
1744039712: mosquitto version 2.0.21 starting
1744039712: Config loaded from mosquitto.conf.
1744039712: Opening ipv4 listen socket on port 1883.
1744039712: mosquitto version 2.0.21 running
1744039719: New connection from 127.0.0.1:54910 on port 1883.
1744039719: New client connected from 127.0.0.1:54910 as raspberry_pi_1_dev010_cce1e41a (p2, c1, k60).
1744039719: No will message specified.
1744039719: Sending CONNACK to raspberry_pi_1_dev010_cce1e41a (0, 0)
1744039719: Received SUBSCRIBE from raspberry_pi_1_dev010_cce1e41a
1744039719: 	/actuator/valve/1/dev010 (QoS 0)
1744039719: raspberry_pi_1_dev010_cce1e41a 0 /actuator/valve/1/dev010
1744039719: Sending SUBACK to raspberry_pi_1_dev010_cce1e41a
1744039719: Received PUBLISH from raspberry_pi_1_dev010_cce1e41a (d0, q0, r0, m0, '/sensor/temperature/1/dev010', ... (101 bytes))
1744039719: Received PUBLISH from raspberry_pi_1_dev010_cce1e41a (d0, q0, r0, m0, '/sensor/pressure/1/dev010', ... (98 bytes))
1744039724: Received PUBLISH from raspberry_pi_1_dev010_cce1e41a (d0, q0, r0, m0, '/sensor/temperature/1/dev010', ... (101 bytes))
1744039724: Received PUBLISH from raspberry_pi_1_dev010_cce1e41a (d0, q0, r0, m0, '/sensor/pressure/1/dev010', ... (98 bytes))
1744039729: Received PUBLISH from raspberry_pi_1_dev010_cce1e41a (d0, q0, r0, m0, '/sensor/temperature/1/dev010', ... (101 bytes))
1744039729: Received PUBLISH from raspberry_pi_1_dev010_cce1e41a (d0, q0, r0, m0, '/sensor/pressure/1/dev010', ... (97 bytes))
1744039734: Received PUBLISH from raspberry_pi_1_dev010_cce1e41a (d0, q0, r0, m0, '/sensor/temperature/1/dev010', ... (101 bytes))
1744039734: Received PUBLISH from raspberry_pi_1_dev010_cce1e41a (d0, q0, r0, m0, '/sensor/pressure/1/dev010', ... (98 bytes))
1744039739: Received PUBLISH from raspberry_pi_1_dev010_cce1e41a (d0, q0, r0, m0, '/sensor/temperature/1/dev010', ... (101 bytes))
1744039739: Received PUBLISH from raspberry_pi_1_dev010_cce1e41a (d0, q0, r0, m0, '/sensor/pressure/1/dev010', ... (97 bytes))
1744039744: Received PUBLISH from raspberry_pi_1_dev010_cce1e41a (d0, q0, r0, m0, '/sensor/temperature/1/dev010', ... (101 bytes))
1744039744: Received PUBLISH from raspberry_pi_1_dev010_cce1e41a (d0, q0, r0, m0, '/sensor/pressure/1/dev010', ... (97 bytes))
1744039749: Received PUBLISH from raspberry_pi_1_dev010_cce1e41a (d0, q0, r0, m0, '/sensor/temperature/1/dev010', ... (100 bytes))
1744039749: Received PUBLISH from raspberry_pi_1_dev010_cce1e41a (d0, q0, r0, m0, '/sensor/pressure/1/dev010', ... (98 bytes))
1744039754: Received PUBLISH from raspberry_pi_1_dev010_cce1e41a (d0, q0, r0, m0, '/sensor/temperature/1/dev010', ... (101 bytes))
1744039754: Received PUBLISH from raspberry_pi_1_dev010_cce1e41a (d0, q0, r0, m0, '/sensor/pressure/1/dev010', ... (97 bytes))
1744039759: Received PUBLISH from raspberry_pi_1_dev010_cce1e41a (d0, q0, r0, m0, '/sensor/temperature/1/dev010', ... (101 bytes))
1744039759: Received PUBLISH from raspberry_pi_1_dev010_cce1e41a (d0, q0, r0, m0, '/sensor/pressure/1/dev010', ... (98 bytes))
1744039764: Received PUBLISH from raspberry_pi_1_dev010_cce1e41a (d0, q0, r0, m0, '/sensor/temperature/1/dev010', ... (101 bytes))
1744039764: Received PUBLISH from raspberry_pi_1_dev010_cce1e41a (d0, q0, r0, m0, '/sensor/pressure/1/dev010', ... (98 bytes))
1744039769: Received PUBLISH from raspberry_pi_1_dev010_cce1e41a (d0, q0, r0, m0, '/sensor/temperature/1/dev010', ... (101 bytes))
1744039769: Received PUBLISH from raspberry_pi_1_dev010_cce1e41a (d0, q0, r0, m0, '/sensor/pressure/1/dev010', ... (97 bytes))
1744039774: Received PUBLISH from raspberry_pi_1_dev010_cce1e41a (d0, q0, r0, m0, '/sensor/temperature/1/dev010', ... (101 bytes))
1744039774: Received PUBLISH from raspberry_pi_1_dev010_cce1e41a (d0, q0, r0, m0, '/sensor/pressure/1/dev010', ... (98 bytes))
1744039779: Received PUBLISH from raspberry_pi_1_dev010_cce1e41a (d0, q0, r0, m0, '/sensor/temperature/1/dev010', ... (100 bytes))
1744039779: Received PUBLISH from raspberry_pi_1_dev010_cce1e41a (d0, q0, r0, m0, '/sensor/pressure/1/dev010', ... (96 bytes))
1744039779: Received PINGREQ from raspberry_pi_1_dev010_cce1e41a
1744039779: Sending PINGRESP to raspberry_pi_1_dev010_cce1e41a
1744039784: Received PUBLISH from raspberry_pi_1_dev010_cce1e41a (d0, q0, r0, m0, '/sensor/temperature/1/dev010', ... (101 bytes))
1744039784: Received PUBLISH from raspberry_pi_1_dev010_cce1e41a (d0, q0, r0, m0, '/sensor/pressure/1/dev010', ... (98 bytes))
1744039789: Received PUBLISH from raspberry_pi_1_dev010_cce1e41a (d0, q0, r0, m0, '/sensor/temperature/1/dev010', ... (101 bytes))
1744039789: Received PUBLISH from raspberry_pi_1_dev010_cce1e41a (d0, q0, r0, m0, '/sensor/pressure/1/dev010', ... (97 bytes))
1744039794: Received PUBLISH from raspberry_pi_1_dev010_cce1e41a (d0, q0, r0, m0, '/sensor/temperature/1/dev010', ... (100 bytes))
1744039794: Received PUBLISH from raspberry_pi_1_dev010_cce1e41a (d0, q0, r0, m0, '/sensor/pressure/1/dev010', ... (97 bytes))
1744039799: Received PUBLISH from raspberry_pi_1_dev010_cce1e41a (d0, q0, r0, m0, '/sensor/temperature/1/dev010', ... (101 bytes))
1744039799: Received PUBLISH from raspberry_pi_1_dev010_cce1e41a (d0, q0, r0, m0, '/sensor/pressure/1/dev010', ... (98 bytes))
1744039804: Received PUBLISH from raspberry_pi_1_dev010_cce1e41a (d0, q0, r0, m0, '/sensor/temperature/1/dev010', ... (101 bytes))
1744039804: Received PUBLISH from raspberry_pi_1_dev010_cce1e41a (d0, q0, r0, m0, '/sensor/pressure/1/dev010', ... (98 bytes))
1744039809: Received PUBLISH from raspberry_pi_1_dev010_cce1e41a (d0, q0, r0, m0, '/sensor/temperature/1/dev010', ... (101 bytes))
1744039809: Received PUBLISH from raspberry_pi_1_dev010_cce1e41a (d0, q0, r0, m0, '/sensor/pressure/1/dev010', ... (98 bytes))
1744039814: Received PUBLISH from raspberry_pi_1_dev010_cce1e41a (d0, q0, r0, m0, '/sensor/temperature/1/dev010', ... (101 bytes))
1744039814: Received PUBLISH from raspberry_pi_1_dev010_cce1e41a (d0, q0, r0, m0, '/sensor/pressure/1/dev010', ... (98 bytes))
1744039819: Received PUBLISH from raspberry_pi_1_dev010_cce1e41a (d0, q0, r0, m0, '/sensor/temperature/1/dev010', ... (101 bytes))
1744039819: Received PUBLISH from raspberry_pi_1_dev010_cce1e41a (d0, q0, r0, m0, '/sensor/pressure/1/dev010', ... (98 bytes))
1744039824: Received PUBLISH from raspberry_pi_1_dev010_cce1e41a (d0, q0, r0, m0, '/sensor/temperature/1/dev010', ... (101 bytes))
1744039824: Received PUBLISH from raspberry_pi_1_dev010_cce1e41a (d0, q0, r0, m0, '/sensor/pressure/1/dev010', ... (97 bytes))
1744039829: Received PUBLISH from raspberry_pi_1_dev010_cce1e41a (d0, q0, r0, m0, '/sensor/temperature/1/dev010', ... (101 bytes))
1744039829: Received PUBLISH from raspberry_pi_1_dev010_cce1e41a (d0, q0, r0, m0, '/sensor/pressure/1/dev010', ... (98 bytes))
1744039834: Received PUBLISH from raspberry_pi_1_dev010_cce1e41a (d0, q0, r0, m0, '/sensor/temperature/1/dev010', ... (101 bytes))
1744039834: Received PUBLISH from raspberry_pi_1_dev010_cce1e41a (d0, q0, r0, m0, '/sensor/pressure/1/dev010', ... (97 bytes))
1744039839: Received PUBLISH from raspberry_pi_1_dev010_cce1e41a (d0, q0, r0, m0, '/sensor/temperature/1/dev010', ... (101 bytes))
1744039839: Received PUBLISH from raspberry_pi_1_dev010_cce1e41a (d0, q0, r0, m0, '/sensor/pressure/1/dev010', ... (98 bytes))
1744039839: Received PINGREQ from raspberry_pi_1_dev010_cce1e41a
1744039839: Sending PINGRESP to raspberry_pi_1_dev010_cce1e41a
1744039844: Received PUBLISH from raspberry_pi_1_dev010_cce1e41a (d0, q0, r0, m0, '/sensor/temperature/1/dev010', ... (101 bytes))
1744039844: Received PUBLISH from raspberry_pi_1_dev010_cce1e41a (d0, q0, r0, m0, '/sensor/pressure/1/dev010', ... (97 bytes))
1744039849: Received PUBLISH from raspberry_pi_1_dev010_cce1e41a (d0, q0, r0, m0, '/sensor/temperature/1/dev010', ... (101 bytes))
1744039849: Received PUBLISH from raspberry_pi_1_dev010_cce1e41a (d0, q0, r0, m0, '/sensor/pressure/1/dev010', ... (97 bytes))
1744039854: Received PUBLISH from raspberry_pi_1_dev010_cce1e41a (d0, q0, r0, m0, '/sensor/temperature/1/dev010', ... (101 bytes))
1744039854: Received PUBLISH from raspberry_pi_1_dev010_cce1e41a (d0, q0, r0, m0, '/sensor/pressure/1/dev010', ... (98 bytes))
1744039859: Received PUBLISH from raspberry_pi_1_dev010_cce1e41a (d0, q0, r0, m0, '/sensor/temperature/1/dev010', ... (101 bytes))
1744039859: Received PUBLISH from raspberry_pi_1_dev010_cce1e41a (d0, q0, r0, m0, '/sensor/pressure/1/dev010', ... (98 bytes))
1744039864: Reloading config.
1744039864: Received PUBLISH from raspberry_pi_1_dev010_cce1e41a (d0, q0, r0, m0, '/sensor/temperature/1/dev010', ... (101 bytes))
1744039864: Received PUBLISH from raspberry_pi_1_dev010_cce1e41a (d0, q0, r0, m0, '/sensor/pressure/1/dev010', ... (98 bytes))
1744039864: Client raspberry_pi_1_dev010_cce1e41a closed its connection.
1744041513: Saving in-memory database to ./mosquitto_data//mosquitto.db.
1744043314: Saving in-memory database to ./mosquitto_data//mosquitto.db.
1744045115: Saving in-memory database to ./mosquitto_data//mosquitto.db.
1744045520: New connection from 127.0.0.1:56485 on port 1883.
1744045520: New connection from 127.0.0.1:56486 on port 1883.
1744045520: Client <unknown> closed its connection.
1744045520: Client <unknown> closed its connection.
1744045526: New connection from 127.0.0.1:56507 on port 1883.
1744045526: Client <unknown> closed its connection.
1744045526: mosquitto version 2.0.21 starting
1744045526: Config loaded from mosquitto.conf.
1744045526: Opening ipv4 listen socket on port 1884.
1744045526: mosquitto version 2.0.21 running
1744045533: New connection from 127.0.0.1:56546 on port 1883.
1744045533: New client connected from 127.0.0.1:56546 as raspberry_pi_1_dev010_78c48c06 (p2, c1, k60).
1744045533: No will message specified.
1744045533: Sending CONNACK to raspberry_pi_1_dev010_78c48c06 (0, 0)
1744045533: Received SUBSCRIBE from raspberry_pi_1_dev010_78c48c06
1744045533: 	/actuator/valve/1/dev010 (QoS 0)
1744045533: raspberry_pi_1_dev010_78c48c06 0 /actuator/valve/1/dev010
1744045533: Sending SUBACK to raspberry_pi_1_dev010_78c48c06
1744045533: Received PUBLISH from raspberry_pi_1_dev010_78c48c06 (d0, q0, r0, m0, '/sensor/temperature/1/dev010', ... (101 bytes))
1744045533: Received PUBLISH from raspberry_pi_1_dev010_78c48c06 (d0, q0, r0, m0, '/sensor/pressure/1/dev010', ... (97 bytes))
1744045538: Received PUBLISH from raspberry_pi_1_dev010_78c48c06 (d0, q0, r0, m0, '/sensor/temperature/1/dev010', ... (101 bytes))
1744045538: Received PUBLISH from raspberry_pi_1_dev010_78c48c06 (d0, q0, r0, m0, '/sensor/pressure/1/dev010', ... (97 bytes))
1744045543: Received PUBLISH from raspberry_pi_1_dev010_78c48c06 (d0, q0, r0, m0, '/sensor/temperature/1/dev010', ... (101 bytes))
1744045543: Received PUBLISH from raspberry_pi_1_dev010_78c48c06 (d0, q0, r0, m0, '/sensor/pressure/1/dev010', ... (97 bytes))
1744045548: Received PUBLISH from raspberry_pi_1_dev010_78c48c06 (d0, q0, r0, m0, '/sensor/temperature/1/dev010', ... (100 bytes))
1744045548: Received PUBLISH from raspberry_pi_1_dev010_78c48c06 (d0, q0, r0, m0, '/sensor/pressure/1/dev010', ... (98 bytes))
1744045553: Received PUBLISH from raspberry_pi_1_dev010_78c48c06 (d0, q0, r0, m0, '/sensor/temperature/1/dev010', ... (101 bytes))
1744045553: Received PUBLISH from raspberry_pi_1_dev010_78c48c06 (d0, q0, r0, m0, '/sensor/pressure/1/dev010', ... (97 bytes))
1744045558: Received PUBLISH from raspberry_pi_1_dev010_78c48c06 (d0, q0, r0, m0, '/sensor/temperature/1/dev010', ... (101 bytes))
1744045558: Received PUBLISH from raspberry_pi_1_dev010_78c48c06 (d0, q0, r0, m0, '/sensor/pressure/1/dev010', ... (97 bytes))
1744045563: Received PUBLISH from raspberry_pi_1_dev010_78c48c06 (d0, q0, r0, m0, '/sensor/temperature/1/dev010', ... (100 bytes))
1744045563: Received PUBLISH from raspberry_pi_1_dev010_78c48c06 (d0, q0, r0, m0, '/sensor/pressure/1/dev010', ... (98 bytes))
1744045568: Received PUBLISH from raspberry_pi_1_dev010_78c48c06 (d0, q0, r0, m0, '/sensor/temperature/1/dev010', ... (101 bytes))
1744045568: Received PUBLISH from raspberry_pi_1_dev010_78c48c06 (d0, q0, r0, m0, '/sensor/pressure/1/dev010', ... (98 bytes))
1744045573: Received PUBLISH from raspberry_pi_1_dev010_78c48c06 (d0, q0, r0, m0, '/sensor/temperature/1/dev010', ... (101 bytes))
1744045573: Received PUBLISH from raspberry_pi_1_dev010_78c48c06 (d0, q0, r0, m0, '/sensor/pressure/1/dev010', ... (98 bytes))
1744045578: Received PUBLISH from raspberry_pi_1_dev010_78c48c06 (d0, q0, r0, m0, '/sensor/temperature/1/dev010', ... (101 bytes))
1744045578: Received PUBLISH from raspberry_pi_1_dev010_78c48c06 (d0, q0, r0, m0, '/sensor/pressure/1/dev010', ... (97 bytes))
1744045583: Received PUBLISH from raspberry_pi_1_dev010_78c48c06 (d0, q0, r0, m0, '/sensor/temperature/1/dev010', ... (101 bytes))
1744045583: Received PUBLISH from raspberry_pi_1_dev010_78c48c06 (d0, q0, r0, m0, '/sensor/pressure/1/dev010', ... (97 bytes))
1744045588: Received PUBLISH from raspberry_pi_1_dev010_78c48c06 (d0, q0, r0, m0, '/sensor/temperature/1/dev010', ... (101 bytes))
1744045588: Received PUBLISH from raspberry_pi_1_dev010_78c48c06 (d0, q0, r0, m0, '/sensor/pressure/1/dev010', ... (98 bytes))
1744045593: Received PUBLISH from raspberry_pi_1_dev010_78c48c06 (d0, q0, r0, m0, '/sensor/temperature/1/dev010', ... (101 bytes))
1744045593: Received PUBLISH from raspberry_pi_1_dev010_78c48c06 (d0, q0, r0, m0, '/sensor/pressure/1/dev010', ... (96 bytes))
1744045593: Received PINGREQ from raspberry_pi_1_dev010_78c48c06
1744045593: Sending PINGRESP to raspberry_pi_1_dev010_78c48c06
1744045598: Received PUBLISH from raspberry_pi_1_dev010_78c48c06 (d0, q0, r0, m0, '/sensor/temperature/1/dev010', ... (101 bytes))
1744045598: Received PUBLISH from raspberry_pi_1_dev010_78c48c06 (d0, q0, r0, m0, '/sensor/pressure/1/dev010', ... (98 bytes))
1744045603: Received PUBLISH from raspberry_pi_1_dev010_78c48c06 (d0, q0, r0, m0, '/sensor/temperature/1/dev010', ... (101 bytes))
1744045603: Received PUBLISH from raspberry_pi_1_dev010_78c48c06 (d0, q0, r0, m0, '/sensor/pressure/1/dev010', ... (96 bytes))
1744045608: Received PUBLISH from raspberry_pi_1_dev010_78c48c06 (d0, q0, r0, m0, '/sensor/temperature/1/dev010', ... (101 bytes))
1744045608: Received PUBLISH from raspberry_pi_1_dev010_78c48c06 (d0, q0, r0, m0, '/sensor/pressure/1/dev010', ... (96 bytes))
1744045613: Received PUBLISH from raspberry_pi_1_dev010_78c48c06 (d0, q0, r0, m0, '/sensor/temperature/1/dev010', ... (101 bytes))
1744045613: Received PUBLISH from raspberry_pi_1_dev010_78c48c06 (d0, q0, r0, m0, '/sensor/pressure/1/dev010', ... (97 bytes))
1744045618: Received PUBLISH from raspberry_pi_1_dev010_78c48c06 (d0, q0, r0, m0, '/sensor/temperature/1/dev010', ... (101 bytes))
1744045618: Received PUBLISH from raspberry_pi_1_dev010_78c48c06 (d0, q0, r0, m0, '/sensor/pressure/1/dev010', ... (97 bytes))
1744045623: Received PUBLISH from raspberry_pi_1_dev010_78c48c06 (d0, q0, r0, m0, '/sensor/temperature/1/dev010', ... (101 bytes))
1744045623: Received PUBLISH from raspberry_pi_1_dev010_78c48c06 (d0, q0, r0, m0, '/sensor/pressure/1/dev010', ... (98 bytes))
1744045628: Received PUBLISH from raspberry_pi_1_dev010_78c48c06 (d0, q0, r0, m0, '/sensor/temperature/1/dev010', ... (101 bytes))
1744045628: Received PUBLISH from raspberry_pi_1_dev010_78c48c06 (d0, q0, r0, m0, '/sensor/pressure/1/dev010', ... (97 bytes))
1744045633: Received PUBLISH from raspberry_pi_1_dev010_78c48c06 (d0, q0, r0, m0, '/sensor/temperature/1/dev010', ... (101 bytes))
1744045633: Received PUBLISH from raspberry_pi_1_dev010_78c48c06 (d0, q0, r0, m0, '/sensor/pressure/1/dev010', ... (97 bytes))
1744045638: Received PUBLISH from raspberry_pi_1_dev010_78c48c06 (d0, q0, r0, m0, '/sensor/temperature/1/dev010', ... (101 bytes))
1744045638: Received PUBLISH from raspberry_pi_1_dev010_78c48c06 (d0, q0, r0, m0, '/sensor/pressure/1/dev010', ... (98 bytes))
1744045643: Received PUBLISH from raspberry_pi_1_dev010_78c48c06 (d0, q0, r0, m0, '/sensor/temperature/1/dev010', ... (101 bytes))
1744045643: Received PUBLISH from raspberry_pi_1_dev010_78c48c06 (d0, q0, r0, m0, '/sensor/pressure/1/dev010', ... (98 bytes))
1744045648: Received PUBLISH from raspberry_pi_1_dev010_78c48c06 (d0, q0, r0, m0, '/sensor/temperature/1/dev010', ... (101 bytes))
1744045648: Received PUBLISH from raspberry_pi_1_dev010_78c48c06 (d0, q0, r0, m0, '/sensor/pressure/1/dev010', ... (98 bytes))
1744045653: Received PUBLISH from raspberry_pi_1_dev010_78c48c06 (d0, q0, r0, m0, '/sensor/temperature/1/dev010', ... (101 bytes))
1744045653: Received PUBLISH from raspberry_pi_1_dev010_78c48c06 (d0, q0, r0, m0, '/sensor/pressure/1/dev010', ... (98 bytes))
1744045653: Received PINGREQ from raspberry_pi_1_dev010_78c48c06
1744045653: Sending PINGRESP to raspberry_pi_1_dev010_78c48c06
1744045658: Received PUBLISH from raspberry_pi_1_dev010_78c48c06 (d0, q0, r0, m0, '/sensor/temperature/1/dev010', ... (101 bytes))
1744045658: Received PUBLISH from raspberry_pi_1_dev010_78c48c06 (d0, q0, r0, m0, '/sensor/pressure/1/dev010', ... (97 bytes))
1744045663: Received PUBLISH from raspberry_pi_1_dev010_78c48c06 (d0, q0, r0, m0, '/sensor/temperature/1/dev010', ... (100 bytes))
1744045663: Received PUBLISH from raspberry_pi_1_dev010_78c48c06 (d0, q0, r0, m0, '/sensor/pressure/1/dev010', ... (97 bytes))
1744045668: Received PUBLISH from raspberry_pi_1_dev010_78c48c06 (d0, q0, r0, m0, '/sensor/temperature/1/dev010', ... (100 bytes))
1744045668: Received PUBLISH from raspberry_pi_1_dev010_78c48c06 (d0, q0, r0, m0, '/sensor/pressure/1/dev010', ... (97 bytes))
1744045672: Client raspberry_pi_1_dev010_78c48c06 closed its connection.
1744045673: Reloading config.
1744045808: mosquitto version 2.0.21 terminating
1744045808: Saving in-memory database to ./mosquitto_data//mosquitto.db.
1744045808: mosquitto version 2.0.21 terminating
1744045808: Saving in-memory database to ./mosquitto_data//mosquitto.db.
1744046022: mosquitto version 2.0.21 starting
1744046022: Config loaded from mosquitto.conf.
1744046022: Opening ipv4 listen socket on port 1884.
1744046022: mosquitto version 2.0.21 running
1744046091: Reloading config.
1744046249: New connection from 127.0.0.1:49454 on port 1884.
1744046249: Client <unknown> closed its connection.
1744046255: New connection from 127.0.0.1:49468 on port 1884.
1744046255: Client <unknown> closed its connection.
1744046255: mosquitto version 2.0.21 starting
1744046255: Config loaded from mosquitto.conf.
1744046255: Opening ipv4 listen socket on port 1885.
1744046255: mosquitto version 2.0.21 running
1744046810: Reloading config.
1744047025: New connection from 127.0.0.1:49964 on port 1884.
1744047025: Client <unknown> closed its connection.
1744047025: New connection from 127.0.0.1:49965 on port 1885.
1744047025: Client <unknown> closed its connection.
1744047031: New connection from 127.0.0.1:49981 on port 1884.
1744047031: Client <unknown> closed its connection.
1744047031: New connection from 127.0.0.1:49982 on port 1885.
1744047031: Client <unknown> closed its connection.
1744047031: mosquitto version 2.0.21 starting
1744047031: Config loaded from mosquitto.conf.
1744047031: Opening ipv4 listen socket on port 1886.
1744047031: mosquitto version 2.0.21 running
1744047406: Reloading config.
1744047823: Saving in-memory database to ./mosquitto_data//mosquitto.db.
1744048056: Saving in-memory database to ./mosquitto_data//mosquitto.db.
1744048284: New connection from 127.0.0.1:50765 on port 1884.
1744048284: New connection from 127.0.0.1:50766 on port 1885.
1744048284: Client <unknown> closed its connection.
1744048284: Client <unknown> closed its connection.
1744048284: New connection from 127.0.0.1:50767 on port 1886.
1744048284: Client <unknown> closed its connection.
1744048290: New connection from 127.0.0.1:50782 on port 1884.
1744048290: Client <unknown> closed its connection.
1744048290: New connection from 127.0.0.1:50783 on port 1885.
1744048290: Client <unknown> closed its connection.
1744048290: New connection from 127.0.0.1:50784 on port 1886.
1744048290: Client <unknown> closed its connection.
1744048290: mosquitto version 2.0.21 starting
1744048290: Config loaded from mosquitto.conf.
1744048290: Opening ipv4 listen socket on port 8883.
1744048290: mosquitto version 2.0.21 running
1744048432: Reloading config.
