[08/Mar/2025:23:16:29] ENGINE Bus STARTING
[08/Mar/2025:23:16:29] ENGINE Started monitor thread 'Autoreloader'.
[08/Mar/2025:23:16:29] ENGINE Serving on http://0.0.0.0:5000
[08/Mar/2025:23:16:29] ENGINE Bus STARTED
[08/Mar/2025:23:24:13] ENGINE Keyboard Interrupt: shutting down bus
[08/Mar/2025:23:24:13] ENGINE Bus STOPPING
[08/Mar/2025:23:24:14] ENGINE HTTP Server cherrypy._cpwsgi_server.CPWSGIServer(('0.0.0.0', 5000)) shut down
[08/Mar/2025:23:24:14] ENGINE Stopped thread 'Autoreloader'.
[08/Mar/2025:23:24:14] ENGINE Bus STOPPED
[08/Mar/2025:23:24:14] ENGINE Bus EXITING
[08/Mar/2025:23:24:14] ENGINE Bus EXITED
[08/Mar/2025:23:24:14] ENGINE Waiting for child threads to terminate...
[09/Mar/2025:14:24:08] ENGINE Bus STARTING
[09/Mar/2025:14:24:08] ENGINE Started monitor thread 'Autoreloader'.
[09/Mar/2025:14:24:08] ENGINE Serving on http://0.0.0.0:5000
[09/Mar/2025:14:24:08] ENGINE Bus STARTED
[09/Mar/2025:14:58:14] ENGINE Keyboard Interrupt: shutting down bus
[09/Mar/2025:14:58:14] ENGINE Bus STOPPING
[09/Mar/2025:14:58:14] ENGINE HTTP Server cherrypy._cpwsgi_server.CPWSGIServer(('0.0.0.0', 5000)) shut down
[09/Mar/2025:14:58:14] ENGINE Stopped thread 'Autoreloader'.
[09/Mar/2025:14:58:14] ENGINE Bus STOPPED
[09/Mar/2025:14:58:14] ENGINE Bus EXITING
[09/Mar/2025:14:58:14] ENGINE Bus EXITED
[09/Mar/2025:14:58:14] ENGINE Waiting for child threads to terminate...
[09/Mar/2025:17:38:56] ENGINE Bus STARTING
[09/Mar/2025:17:38:56] ENGINE Started monitor thread 'Autoreloader'.
[09/Mar/2025:17:38:56] ENGINE Serving on http://0.0.0.0:5000
[09/Mar/2025:17:38:56] ENGINE Bus STARTED
