[08/Mar/2025:23:23:51] ENGINE Bus STARTING
[08/Mar/2025:23:23:51] ENGINE Started monitor thread 'Autoreloader'.
[08/Mar/2025:23:23:51] ENGINE Serving on http://0.0.0.0:8085
[08/Mar/2025:23:23:51] ENGINE Bus STARTED
[08/Mar/2025:23:23:53] ENGINE Keyboard Interrupt: shutting down bus
[08/Mar/2025:23:23:53] ENGINE Bus STOPPING
[08/Mar/2025:23:23:53] ENGINE HTTP Server cherrypy._cpwsgi_server.CPWSGIServer(('0.0.0.0', 8085)) shut down
[08/Mar/2025:23:23:53] ENGINE Stopped thread 'Autoreloader'.
[08/Mar/2025:23:23:53] ENGINE Bus STOPPED
[08/Mar/2025:23:23:53] ENGINE Bus EXITING
[08/Mar/2025:23:23:53] ENGINE Bus EXITED
[08/Mar/2025:23:23:53] ENGINE Waiting for child threads to terminate...
[09/Mar/2025:15:01:04] ENGINE Bus STARTING
[09/Mar/2025:15:01:04] ENGINE Started monitor thread 'Autoreloader'.
[09/Mar/2025:15:01:04] ENGINE Serving on http://0.0.0.0:8085
[09/Mar/2025:15:01:04] ENGINE Bus STARTED
[09/Mar/2025:15:01:12] ENGINE Keyboard Interrupt: shutting down bus
[09/Mar/2025:15:01:12] ENGINE Bus STOPPING
[09/Mar/2025:15:01:12] ENGINE HTTP Server cherrypy._cpwsgi_server.CPWSGIServer(('0.0.0.0', 8085)) shut down
[09/Mar/2025:15:01:12] ENGINE Stopped thread 'Autoreloader'.
[09/Mar/2025:15:01:12] ENGINE Bus STOPPED
[09/Mar/2025:15:01:12] ENGINE Bus EXITING
[09/Mar/2025:15:01:12] ENGINE Bus EXITED
[09/Mar/2025:15:01:12] ENGINE Waiting for child threads to terminate...
