2025-03-08 23:22:56,862 - TelegramBot - INFO - Loaded configuration from config.json
2025-03-08 23:22:56,862 - TelegramBot - ERROR - Error setting up MQTT: 'TelegramBotService' object has no attribute 'service_cache'
2025-03-08 23:22:56,869 - TelegramBot - INFO - Successfully registered with catalog
2025-03-08 23:22:57,254 - httpx - INFO - HTTP Request: POST https://api.telegram.org/bot7947622045:AAHsINxjjK35EFgPUmGOB8y5DZD5ytYR1So/getMe "HTTP/1.1 200 OK"
2025-03-08 23:22:57,356 - httpx - INFO - HTTP Request: POST https://api.telegram.org/bot7947622045:AAHsINxjjK35EFgPUmGOB8y5DZD5ytYR1So/deleteWebhook "HTTP/1.1 200 OK"
2025-03-08 23:22:57,360 - telegram.ext.Application - INFO - Application started
2025-03-08 23:23:07,736 - httpx - INFO - HTTP Request: POST https://api.telegram.org/bot7947622045:AAHsINxjjK35EFgPUmGOB8y5DZD5ytYR1So/getUpdates "HTTP/1.1 200 OK"
2025-03-08 23:23:08,811 - httpx - INFO - HTTP Request: POST https://api.telegram.org/bot7947622045:AAHsINxjjK35EFgPUmGOB8y5DZD5ytYR1So/getUpdates "HTTP/1.1 200 OK"
2025-03-08 23:23:08,824 - TelegramBot - ERROR - Error getting service by type: 0
2025-03-08 23:23:08,824 - TelegramBot - WARNING - Account Manager service not found, authorization check will be skipped
2025-03-08 23:23:09,248 - httpx - INFO - HTTP Request: POST https://api.telegram.org/bot7947622045:AAHsINxjjK35EFgPUmGOB8y5DZD5ytYR1So/sendMessage "HTTP/1.1 200 OK"
2025-03-08 23:23:13,984 - httpx - INFO - HTTP Request: POST https://api.telegram.org/bot7947622045:AAHsINxjjK35EFgPUmGOB8y5DZD5ytYR1So/getUpdates "HTTP/1.1 200 OK"
2025-03-08 23:23:14,161 - httpx - INFO - HTTP Request: POST https://api.telegram.org/bot7947622045:AAHsINxjjK35EFgPUmGOB8y5DZD5ytYR1So/sendChatAction "HTTP/1.1 200 OK"
2025-03-08 23:23:14,175 - TelegramBot - ERROR - Error getting service by type: 0
2025-03-08 23:23:14,176 - TelegramBot - ERROR - Time Series DB Connector service not found
2025-03-08 23:23:14,330 - httpx - INFO - HTTP Request: POST https://api.telegram.org/bot7947622045:AAHsINxjjK35EFgPUmGOB8y5DZD5ytYR1So/sendMessage "HTTP/1.1 200 OK"
2025-03-08 23:23:18,183 - httpx - INFO - HTTP Request: POST https://api.telegram.org/bot7947622045:AAHsINxjjK35EFgPUmGOB8y5DZD5ytYR1So/getUpdates "HTTP/1.1 200 OK"
2025-03-08 23:23:18,202 - TelegramBot - ERROR - Error getting service by type: 0
2025-03-08 23:23:18,202 - TelegramBot - WARNING - Account Manager service not found, returning all pipelines
2025-03-08 23:23:18,202 - TelegramBot - ERROR - Error in control command: 'str' object has no attribute 'get'
2025-03-08 23:23:18,335 - httpx - INFO - HTTP Request: POST https://api.telegram.org/bot7947622045:AAHsINxjjK35EFgPUmGOB8y5DZD5ytYR1So/sendMessage "HTTP/1.1 200 OK"
2025-03-08 23:23:22,773 - httpx - INFO - HTTP Request: POST https://api.telegram.org/bot7947622045:AAHsINxjjK35EFgPUmGOB8y5DZD5ytYR1So/getUpdates "HTTP/1.1 200 OK"
2025-03-08 23:23:22,906 - httpx - INFO - HTTP Request: POST https://api.telegram.org/bot7947622045:AAHsINxjjK35EFgPUmGOB8y5DZD5ytYR1So/sendChatAction "HTTP/1.1 200 OK"
2025-03-08 23:23:22,915 - TelegramBot - ERROR - Error getting service by type: 0
2025-03-08 23:23:23,048 - httpx - INFO - HTTP Request: POST https://api.telegram.org/bot7947622045:AAHsINxjjK35EFgPUmGOB8y5DZD5ytYR1So/sendMessage "HTTP/1.1 200 OK"
2025-03-08 23:23:25,913 - httpx - INFO - HTTP Request: POST https://api.telegram.org/bot7947622045:AAHsINxjjK35EFgPUmGOB8y5DZD5ytYR1So/getUpdates "HTTP/1.1 200 OK"
2025-03-08 23:23:26,105 - httpx - INFO - HTTP Request: POST https://api.telegram.org/bot7947622045:AAHsINxjjK35EFgPUmGOB8y5DZD5ytYR1So/sendChatAction "HTTP/1.1 200 OK"
2025-03-08 23:23:26,115 - TelegramBot - ERROR - Error getting service by type: 0
2025-03-08 23:23:26,265 - httpx - INFO - HTTP Request: POST https://api.telegram.org/bot7947622045:AAHsINxjjK35EFgPUmGOB8y5DZD5ytYR1So/sendMessage "HTTP/1.1 200 OK"
2025-03-08 23:23:28,310 - httpx - INFO - HTTP Request: POST https://api.telegram.org/bot7947622045:AAHsINxjjK35EFgPUmGOB8y5DZD5ytYR1So/getUpdates "HTTP/1.1 200 OK"
2025-03-08 23:23:38,459 - httpx - INFO - HTTP Request: POST https://api.telegram.org/bot7947622045:AAHsINxjjK35EFgPUmGOB8y5DZD5ytYR1So/getUpdates "HTTP/1.1 200 OK"
2025-03-08 23:23:48,591 - httpx - INFO - HTTP Request: POST https://api.telegram.org/bot7947622045:AAHsINxjjK35EFgPUmGOB8y5DZD5ytYR1So/getUpdates "HTTP/1.1 200 OK"
2025-03-08 23:23:51,304 - telegram.ext.Application - INFO - Application is stopping. This might take a moment.
2025-03-08 23:23:51,305 - telegram.ext.Application - INFO - Application.stop() complete
2025-03-08 23:23:51,306 - TelegramBot - INFO - Telegram bot started successfully
2025-03-08 23:23:51,307 - TelegramBot - INFO - Started catalog update thread
2025-03-08 23:23:51,308 - TelegramBot - INFO - Telegram Bot Service initialized
2025-03-08 23:23:51,311 - cherrypy.error - INFO - [08/Mar/2025:23:23:51] ENGINE Bus STARTING
2025-03-08 23:23:51,312 - cherrypy.error - INFO - [08/Mar/2025:23:23:51] ENGINE Started monitor thread 'Autoreloader'.
2025-03-08 23:23:51,421 - cherrypy.error - INFO - [08/Mar/2025:23:23:51] ENGINE Serving on http://0.0.0.0:8085
2025-03-08 23:23:51,422 - cherrypy.error - INFO - [08/Mar/2025:23:23:51] ENGINE Bus STARTED
2025-03-08 23:23:53,866 - cherrypy.error - INFO - [08/Mar/2025:23:23:53] ENGINE Keyboard Interrupt: shutting down bus
2025-03-08 23:23:53,866 - cherrypy.error - INFO - [08/Mar/2025:23:23:53] ENGINE Bus STOPPING
2025-03-08 23:23:53,933 - cherrypy.error - INFO - [08/Mar/2025:23:23:53] ENGINE HTTP Server cherrypy._cpwsgi_server.CPWSGIServer(('0.0.0.0', 8085)) shut down
2025-03-08 23:23:53,933 - cherrypy.error - INFO - [08/Mar/2025:23:23:53] ENGINE Stopped thread 'Autoreloader'.
2025-03-08 23:23:53,934 - cherrypy.error - INFO - [08/Mar/2025:23:23:53] ENGINE Bus STOPPED
2025-03-08 23:23:53,934 - cherrypy.error - INFO - [08/Mar/2025:23:23:53] ENGINE Bus EXITING
2025-03-08 23:23:53,934 - cherrypy.error - INFO - [08/Mar/2025:23:23:53] ENGINE Bus EXITED
2025-03-08 23:23:53,934 - cherrypy.error - INFO - [08/Mar/2025:23:23:53] ENGINE Waiting for child threads to terminate...
2025-03-09 14:29:29,885 - TelegramBot - INFO - Loaded configuration from config.json
2025-03-09 14:29:29,885 - TelegramBot - ERROR - Error setting up MQTT: 'TelegramBotService' object has no attribute 'service_cache'
2025-03-09 14:29:29,891 - TelegramBot - INFO - Successfully registered with catalog
2025-03-09 14:29:30,261 - httpx - INFO - HTTP Request: POST https://api.telegram.org/bot7947622045:AAHsINxjjK35EFgPUmGOB8y5DZD5ytYR1So/getMe "HTTP/1.1 200 OK"
2025-03-09 14:29:30,373 - httpx - INFO - HTTP Request: POST https://api.telegram.org/bot7947622045:AAHsINxjjK35EFgPUmGOB8y5DZD5ytYR1So/deleteWebhook "HTTP/1.1 200 OK"
2025-03-09 14:29:30,379 - telegram.ext.Application - INFO - Application started
2025-03-09 14:29:40,674 - httpx - INFO - HTTP Request: POST https://api.telegram.org/bot7947622045:AAHsINxjjK35EFgPUmGOB8y5DZD5ytYR1So/getUpdates "HTTP/1.1 200 OK"
2025-03-09 14:29:51,255 - httpx - INFO - HTTP Request: POST https://api.telegram.org/bot7947622045:AAHsINxjjK35EFgPUmGOB8y5DZD5ytYR1So/getUpdates "HTTP/1.1 200 OK"
2025-03-09 14:30:01,380 - httpx - INFO - HTTP Request: POST https://api.telegram.org/bot7947622045:AAHsINxjjK35EFgPUmGOB8y5DZD5ytYR1So/getUpdates "HTTP/1.1 200 OK"
2025-03-09 14:30:11,516 - httpx - INFO - HTTP Request: POST https://api.telegram.org/bot7947622045:AAHsINxjjK35EFgPUmGOB8y5DZD5ytYR1So/getUpdates "HTTP/1.1 200 OK"
2025-03-09 14:30:21,958 - httpx - INFO - HTTP Request: POST https://api.telegram.org/bot7947622045:AAHsINxjjK35EFgPUmGOB8y5DZD5ytYR1So/getUpdates "HTTP/1.1 200 OK"
2025-03-09 14:30:32,082 - httpx - INFO - HTTP Request: POST https://api.telegram.org/bot7947622045:AAHsINxjjK35EFgPUmGOB8y5DZD5ytYR1So/getUpdates "HTTP/1.1 200 OK"
2025-03-09 14:30:42,198 - httpx - INFO - HTTP Request: POST https://api.telegram.org/bot7947622045:AAHsINxjjK35EFgPUmGOB8y5DZD5ytYR1So/getUpdates "HTTP/1.1 200 OK"
2025-03-09 14:30:52,676 - httpx - INFO - HTTP Request: POST https://api.telegram.org/bot7947622045:AAHsINxjjK35EFgPUmGOB8y5DZD5ytYR1So/getUpdates "HTTP/1.1 200 OK"
2025-03-09 14:31:02,816 - httpx - INFO - HTTP Request: POST https://api.telegram.org/bot7947622045:AAHsINxjjK35EFgPUmGOB8y5DZD5ytYR1So/getUpdates "HTTP/1.1 200 OK"
2025-03-09 14:31:13,264 - httpx - INFO - HTTP Request: POST https://api.telegram.org/bot7947622045:AAHsINxjjK35EFgPUmGOB8y5DZD5ytYR1So/getUpdates "HTTP/1.1 200 OK"
2025-03-09 14:31:23,703 - httpx - INFO - HTTP Request: POST https://api.telegram.org/bot7947622045:AAHsINxjjK35EFgPUmGOB8y5DZD5ytYR1So/getUpdates "HTTP/1.1 200 OK"
2025-03-09 14:31:34,148 - httpx - INFO - HTTP Request: POST https://api.telegram.org/bot7947622045:AAHsINxjjK35EFgPUmGOB8y5DZD5ytYR1So/getUpdates "HTTP/1.1 200 OK"
2025-03-09 14:31:44,264 - httpx - INFO - HTTP Request: POST https://api.telegram.org/bot7947622045:AAHsINxjjK35EFgPUmGOB8y5DZD5ytYR1So/getUpdates "HTTP/1.1 200 OK"
2025-03-09 14:31:54,731 - httpx - INFO - HTTP Request: POST https://api.telegram.org/bot7947622045:AAHsINxjjK35EFgPUmGOB8y5DZD5ytYR1So/getUpdates "HTTP/1.1 200 OK"
2025-03-09 14:32:04,876 - httpx - INFO - HTTP Request: POST https://api.telegram.org/bot7947622045:AAHsINxjjK35EFgPUmGOB8y5DZD5ytYR1So/getUpdates "HTTP/1.1 200 OK"
2025-03-09 14:32:15,081 - httpx - INFO - HTTP Request: POST https://api.telegram.org/bot7947622045:AAHsINxjjK35EFgPUmGOB8y5DZD5ytYR1So/getUpdates "HTTP/1.1 200 OK"
2025-03-09 14:32:25,455 - httpx - INFO - HTTP Request: POST https://api.telegram.org/bot7947622045:AAHsINxjjK35EFgPUmGOB8y5DZD5ytYR1So/getUpdates "HTTP/1.1 200 OK"
2025-03-09 14:32:35,572 - httpx - INFO - HTTP Request: POST https://api.telegram.org/bot7947622045:AAHsINxjjK35EFgPUmGOB8y5DZD5ytYR1So/getUpdates "HTTP/1.1 200 OK"
2025-03-09 14:32:45,749 - httpx - INFO - HTTP Request: POST https://api.telegram.org/bot7947622045:AAHsINxjjK35EFgPUmGOB8y5DZD5ytYR1So/getUpdates "HTTP/1.1 200 OK"
2025-03-09 14:32:55,850 - httpx - INFO - HTTP Request: POST https://api.telegram.org/bot7947622045:AAHsINxjjK35EFgPUmGOB8y5DZD5ytYR1So/getUpdates "HTTP/1.1 200 OK"
2025-03-09 14:33:06,001 - httpx - INFO - HTTP Request: POST https://api.telegram.org/bot7947622045:AAHsINxjjK35EFgPUmGOB8y5DZD5ytYR1So/getUpdates "HTTP/1.1 200 OK"
2025-03-09 14:33:16,115 - httpx - INFO - HTTP Request: POST https://api.telegram.org/bot7947622045:AAHsINxjjK35EFgPUmGOB8y5DZD5ytYR1So/getUpdates "HTTP/1.1 200 OK"
2025-03-09 14:33:26,225 - httpx - INFO - HTTP Request: POST https://api.telegram.org/bot7947622045:AAHsINxjjK35EFgPUmGOB8y5DZD5ytYR1So/getUpdates "HTTP/1.1 200 OK"
2025-03-09 14:33:36,399 - httpx - INFO - HTTP Request: POST https://api.telegram.org/bot7947622045:AAHsINxjjK35EFgPUmGOB8y5DZD5ytYR1So/getUpdates "HTTP/1.1 200 OK"
2025-03-09 14:33:46,548 - httpx - INFO - HTTP Request: POST https://api.telegram.org/bot7947622045:AAHsINxjjK35EFgPUmGOB8y5DZD5ytYR1So/getUpdates "HTTP/1.1 200 OK"
2025-03-09 14:33:56,855 - httpx - INFO - HTTP Request: POST https://api.telegram.org/bot7947622045:AAHsINxjjK35EFgPUmGOB8y5DZD5ytYR1So/getUpdates "HTTP/1.1 200 OK"
2025-03-09 14:34:06,963 - httpx - INFO - HTTP Request: POST https://api.telegram.org/bot7947622045:AAHsINxjjK35EFgPUmGOB8y5DZD5ytYR1So/getUpdates "HTTP/1.1 200 OK"
2025-03-09 14:34:17,073 - httpx - INFO - HTTP Request: POST https://api.telegram.org/bot7947622045:AAHsINxjjK35EFgPUmGOB8y5DZD5ytYR1So/getUpdates "HTTP/1.1 200 OK"
2025-03-09 14:34:27,226 - httpx - INFO - HTTP Request: POST https://api.telegram.org/bot7947622045:AAHsINxjjK35EFgPUmGOB8y5DZD5ytYR1So/getUpdates "HTTP/1.1 200 OK"
2025-03-09 14:34:37,462 - httpx - INFO - HTTP Request: POST https://api.telegram.org/bot7947622045:AAHsINxjjK35EFgPUmGOB8y5DZD5ytYR1So/getUpdates "HTTP/1.1 200 OK"
2025-03-09 14:34:47,572 - httpx - INFO - HTTP Request: POST https://api.telegram.org/bot7947622045:AAHsINxjjK35EFgPUmGOB8y5DZD5ytYR1So/getUpdates "HTTP/1.1 200 OK"
2025-03-09 14:34:57,678 - httpx - INFO - HTTP Request: POST https://api.telegram.org/bot7947622045:AAHsINxjjK35EFgPUmGOB8y5DZD5ytYR1So/getUpdates "HTTP/1.1 200 OK"
2025-03-09 14:35:07,804 - httpx - INFO - HTTP Request: POST https://api.telegram.org/bot7947622045:AAHsINxjjK35EFgPUmGOB8y5DZD5ytYR1So/getUpdates "HTTP/1.1 200 OK"
2025-03-09 14:35:18,016 - httpx - INFO - HTTP Request: POST https://api.telegram.org/bot7947622045:AAHsINxjjK35EFgPUmGOB8y5DZD5ytYR1So/getUpdates "HTTP/1.1 200 OK"
2025-03-09 14:35:28,234 - httpx - INFO - HTTP Request: POST https://api.telegram.org/bot7947622045:AAHsINxjjK35EFgPUmGOB8y5DZD5ytYR1So/getUpdates "HTTP/1.1 200 OK"
2025-03-09 14:35:38,362 - httpx - INFO - HTTP Request: POST https://api.telegram.org/bot7947622045:AAHsINxjjK35EFgPUmGOB8y5DZD5ytYR1So/getUpdates "HTTP/1.1 200 OK"
2025-03-09 14:35:48,466 - httpx - INFO - HTTP Request: POST https://api.telegram.org/bot7947622045:AAHsINxjjK35EFgPUmGOB8y5DZD5ytYR1So/getUpdates "HTTP/1.1 200 OK"
2025-03-09 14:35:58,647 - httpx - INFO - HTTP Request: POST https://api.telegram.org/bot7947622045:AAHsINxjjK35EFgPUmGOB8y5DZD5ytYR1So/getUpdates "HTTP/1.1 200 OK"
2025-03-09 14:36:08,785 - httpx - INFO - HTTP Request: POST https://api.telegram.org/bot7947622045:AAHsINxjjK35EFgPUmGOB8y5DZD5ytYR1So/getUpdates "HTTP/1.1 200 OK"
2025-03-09 14:36:19,229 - httpx - INFO - HTTP Request: POST https://api.telegram.org/bot7947622045:AAHsINxjjK35EFgPUmGOB8y5DZD5ytYR1So/getUpdates "HTTP/1.1 200 OK"
2025-03-09 14:36:29,407 - httpx - INFO - HTTP Request: POST https://api.telegram.org/bot7947622045:AAHsINxjjK35EFgPUmGOB8y5DZD5ytYR1So/getUpdates "HTTP/1.1 200 OK"
2025-03-09 14:36:39,518 - httpx - INFO - HTTP Request: POST https://api.telegram.org/bot7947622045:AAHsINxjjK35EFgPUmGOB8y5DZD5ytYR1So/getUpdates "HTTP/1.1 200 OK"
2025-03-09 14:36:49,642 - httpx - INFO - HTTP Request: POST https://api.telegram.org/bot7947622045:AAHsINxjjK35EFgPUmGOB8y5DZD5ytYR1So/getUpdates "HTTP/1.1 200 OK"
2025-03-09 14:36:59,779 - httpx - INFO - HTTP Request: POST https://api.telegram.org/bot7947622045:AAHsINxjjK35EFgPUmGOB8y5DZD5ytYR1So/getUpdates "HTTP/1.1 200 OK"
2025-03-09 14:37:10,161 - httpx - INFO - HTTP Request: POST https://api.telegram.org/bot7947622045:AAHsINxjjK35EFgPUmGOB8y5DZD5ytYR1So/getUpdates "HTTP/1.1 200 OK"
2025-03-09 14:37:20,363 - httpx - INFO - HTTP Request: POST https://api.telegram.org/bot7947622045:AAHsINxjjK35EFgPUmGOB8y5DZD5ytYR1So/getUpdates "HTTP/1.1 200 OK"
2025-03-09 14:37:30,807 - httpx - INFO - HTTP Request: POST https://api.telegram.org/bot7947622045:AAHsINxjjK35EFgPUmGOB8y5DZD5ytYR1So/getUpdates "HTTP/1.1 200 OK"
2025-03-09 14:37:40,945 - httpx - INFO - HTTP Request: POST https://api.telegram.org/bot7947622045:AAHsINxjjK35EFgPUmGOB8y5DZD5ytYR1So/getUpdates "HTTP/1.1 200 OK"
2025-03-09 14:37:51,082 - httpx - INFO - HTTP Request: POST https://api.telegram.org/bot7947622045:AAHsINxjjK35EFgPUmGOB8y5DZD5ytYR1So/getUpdates "HTTP/1.1 200 OK"
2025-03-09 14:38:01,223 - httpx - INFO - HTTP Request: POST https://api.telegram.org/bot7947622045:AAHsINxjjK35EFgPUmGOB8y5DZD5ytYR1So/getUpdates "HTTP/1.1 200 OK"
2025-03-09 14:38:11,358 - httpx - INFO - HTTP Request: POST https://api.telegram.org/bot7947622045:AAHsINxjjK35EFgPUmGOB8y5DZD5ytYR1So/getUpdates "HTTP/1.1 200 OK"
2025-03-09 14:38:16,946 - httpx - INFO - HTTP Request: POST https://api.telegram.org/bot7947622045:AAHsINxjjK35EFgPUmGOB8y5DZD5ytYR1So/getUpdates "HTTP/1.1 200 OK"
2025-03-09 14:38:16,963 - TelegramBot - ERROR - Error getting service by type: 0
2025-03-09 14:38:16,963 - TelegramBot - WARNING - Account Manager service not found, authorization check will be skipped
2025-03-09 14:38:17,386 - httpx - INFO - HTTP Request: POST https://api.telegram.org/bot7947622045:AAHsINxjjK35EFgPUmGOB8y5DZD5ytYR1So/sendMessage "HTTP/1.1 200 OK"
2025-03-09 14:38:21,438 - httpx - INFO - HTTP Request: POST https://api.telegram.org/bot7947622045:AAHsINxjjK35EFgPUmGOB8y5DZD5ytYR1So/getUpdates "HTTP/1.1 200 OK"
2025-03-09 14:38:21,584 - httpx - INFO - HTTP Request: POST https://api.telegram.org/bot7947622045:AAHsINxjjK35EFgPUmGOB8y5DZD5ytYR1So/sendMessage "HTTP/1.1 200 OK"
2025-03-09 14:38:27,198 - httpx - INFO - HTTP Request: POST https://api.telegram.org/bot7947622045:AAHsINxjjK35EFgPUmGOB8y5DZD5ytYR1So/getUpdates "HTTP/1.1 200 OK"
2025-03-09 14:38:27,210 - TelegramBot - ERROR - Error getting service by type: 0
2025-03-09 14:38:27,210 - TelegramBot - WARNING - Account Manager service not found, authorization check will be skipped
2025-03-09 14:38:27,566 - httpx - INFO - HTTP Request: POST https://api.telegram.org/bot7947622045:AAHsINxjjK35EFgPUmGOB8y5DZD5ytYR1So/sendMessage "HTTP/1.1 200 OK"
2025-03-09 14:38:31,250 - httpx - INFO - HTTP Request: POST https://api.telegram.org/bot7947622045:AAHsINxjjK35EFgPUmGOB8y5DZD5ytYR1So/getUpdates "HTTP/1.1 200 OK"
2025-03-09 14:38:31,371 - httpx - INFO - HTTP Request: POST https://api.telegram.org/bot7947622045:AAHsINxjjK35EFgPUmGOB8y5DZD5ytYR1So/sendChatAction "HTTP/1.1 200 OK"
2025-03-09 14:38:31,397 - TelegramBot - ERROR - Error getting service by type: 0
2025-03-09 14:38:31,397 - TelegramBot - ERROR - Time Series DB Connector service not found
2025-03-09 14:38:31,507 - httpx - INFO - HTTP Request: POST https://api.telegram.org/bot7947622045:AAHsINxjjK35EFgPUmGOB8y5DZD5ytYR1So/sendMessage "HTTP/1.1 200 OK"
2025-03-09 14:38:41,245 - httpx - INFO - HTTP Request: POST https://api.telegram.org/bot7947622045:AAHsINxjjK35EFgPUmGOB8y5DZD5ytYR1So/getUpdates "HTTP/1.1 200 OK"
2025-03-09 14:38:41,255 - TelegramBot - ERROR - Error getting service by type: 0
2025-03-09 14:38:41,256 - TelegramBot - WARNING - Account Manager service not found, returning all pipelines
2025-03-09 14:38:41,256 - TelegramBot - ERROR - Error in control command: 'str' object has no attribute 'get'
2025-03-09 14:38:42,105 - httpx - INFO - HTTP Request: POST https://api.telegram.org/bot7947622045:AAHsINxjjK35EFgPUmGOB8y5DZD5ytYR1So/sendMessage "HTTP/1.1 200 OK"
2025-03-09 14:38:49,070 - httpx - INFO - HTTP Request: POST https://api.telegram.org/bot7947622045:AAHsINxjjK35EFgPUmGOB8y5DZD5ytYR1So/getUpdates "HTTP/1.1 200 OK"
2025-03-09 14:38:49,361 - httpx - INFO - HTTP Request: POST https://api.telegram.org/bot7947622045:AAHsINxjjK35EFgPUmGOB8y5DZD5ytYR1So/sendChatAction "HTTP/1.1 200 OK"
2025-03-09 14:38:49,370 - TelegramBot - ERROR - Error getting service by type: 0
2025-03-09 14:38:49,488 - httpx - INFO - HTTP Request: POST https://api.telegram.org/bot7947622045:AAHsINxjjK35EFgPUmGOB8y5DZD5ytYR1So/sendMessage "HTTP/1.1 200 OK"
2025-03-09 14:38:59,171 - httpx - INFO - HTTP Request: POST https://api.telegram.org/bot7947622045:AAHsINxjjK35EFgPUmGOB8y5DZD5ytYR1So/getUpdates "HTTP/1.1 200 OK"
2025-03-09 14:39:09,305 - httpx - INFO - HTTP Request: POST https://api.telegram.org/bot7947622045:AAHsINxjjK35EFgPUmGOB8y5DZD5ytYR1So/getUpdates "HTTP/1.1 200 OK"
2025-03-09 14:39:19,559 - httpx - INFO - HTTP Request: POST https://api.telegram.org/bot7947622045:AAHsINxjjK35EFgPUmGOB8y5DZD5ytYR1So/getUpdates "HTTP/1.1 200 OK"
2025-03-09 14:39:30,000 - httpx - INFO - HTTP Request: POST https://api.telegram.org/bot7947622045:AAHsINxjjK35EFgPUmGOB8y5DZD5ytYR1So/getUpdates "HTTP/1.1 200 OK"
2025-03-09 14:39:40,446 - httpx - INFO - HTTP Request: POST https://api.telegram.org/bot7947622045:AAHsINxjjK35EFgPUmGOB8y5DZD5ytYR1So/getUpdates "HTTP/1.1 200 OK"
2025-03-09 14:39:50,604 - httpx - INFO - HTTP Request: POST https://api.telegram.org/bot7947622045:AAHsINxjjK35EFgPUmGOB8y5DZD5ytYR1So/getUpdates "HTTP/1.1 200 OK"
2025-03-09 14:40:01,028 - httpx - INFO - HTTP Request: POST https://api.telegram.org/bot7947622045:AAHsINxjjK35EFgPUmGOB8y5DZD5ytYR1So/getUpdates "HTTP/1.1 200 OK"
2025-03-09 14:40:11,166 - httpx - INFO - HTTP Request: POST https://api.telegram.org/bot7947622045:AAHsINxjjK35EFgPUmGOB8y5DZD5ytYR1So/getUpdates "HTTP/1.1 200 OK"
2025-03-09 14:40:21,263 - httpx - INFO - HTTP Request: POST https://api.telegram.org/bot7947622045:AAHsINxjjK35EFgPUmGOB8y5DZD5ytYR1So/getUpdates "HTTP/1.1 200 OK"
2025-03-09 14:40:31,441 - httpx - INFO - HTTP Request: POST https://api.telegram.org/bot7947622045:AAHsINxjjK35EFgPUmGOB8y5DZD5ytYR1So/getUpdates "HTTP/1.1 200 OK"
2025-03-09 14:40:41,579 - httpx - INFO - HTTP Request: POST https://api.telegram.org/bot7947622045:AAHsINxjjK35EFgPUmGOB8y5DZD5ytYR1So/getUpdates "HTTP/1.1 200 OK"
2025-03-09 14:40:51,685 - httpx - INFO - HTTP Request: POST https://api.telegram.org/bot7947622045:AAHsINxjjK35EFgPUmGOB8y5DZD5ytYR1So/getUpdates "HTTP/1.1 200 OK"
2025-03-09 14:41:01,853 - httpx - INFO - HTTP Request: POST https://api.telegram.org/bot7947622045:AAHsINxjjK35EFgPUmGOB8y5DZD5ytYR1So/getUpdates "HTTP/1.1 200 OK"
2025-03-09 14:41:11,961 - httpx - INFO - HTTP Request: POST https://api.telegram.org/bot7947622045:AAHsINxjjK35EFgPUmGOB8y5DZD5ytYR1So/getUpdates "HTTP/1.1 200 OK"
2025-03-09 14:41:22,129 - httpx - INFO - HTTP Request: POST https://api.telegram.org/bot7947622045:AAHsINxjjK35EFgPUmGOB8y5DZD5ytYR1So/getUpdates "HTTP/1.1 200 OK"
2025-03-09 14:41:32,267 - httpx - INFO - HTTP Request: POST https://api.telegram.org/bot7947622045:AAHsINxjjK35EFgPUmGOB8y5DZD5ytYR1So/getUpdates "HTTP/1.1 200 OK"
2025-03-09 14:41:42,436 - httpx - INFO - HTTP Request: POST https://api.telegram.org/bot7947622045:AAHsINxjjK35EFgPUmGOB8y5DZD5ytYR1So/getUpdates "HTTP/1.1 200 OK"
2025-03-09 14:41:52,850 - httpx - INFO - HTTP Request: POST https://api.telegram.org/bot7947622045:AAHsINxjjK35EFgPUmGOB8y5DZD5ytYR1So/getUpdates "HTTP/1.1 200 OK"
2025-03-09 14:42:03,293 - httpx - INFO - HTTP Request: POST https://api.telegram.org/bot7947622045:AAHsINxjjK35EFgPUmGOB8y5DZD5ytYR1So/getUpdates "HTTP/1.1 200 OK"
2025-03-09 14:42:13,523 - httpx - INFO - HTTP Request: POST https://api.telegram.org/bot7947622045:AAHsINxjjK35EFgPUmGOB8y5DZD5ytYR1So/getUpdates "HTTP/1.1 200 OK"
2025-03-09 14:42:23,950 - httpx - INFO - HTTP Request: POST https://api.telegram.org/bot7947622045:AAHsINxjjK35EFgPUmGOB8y5DZD5ytYR1So/getUpdates "HTTP/1.1 200 OK"
2025-03-09 14:42:34,107 - httpx - INFO - HTTP Request: POST https://api.telegram.org/bot7947622045:AAHsINxjjK35EFgPUmGOB8y5DZD5ytYR1So/getUpdates "HTTP/1.1 200 OK"
2025-03-09 14:42:45,427 - httpx - INFO - HTTP Request: POST https://api.telegram.org/bot7947622045:AAHsINxjjK35EFgPUmGOB8y5DZD5ytYR1So/getUpdates "HTTP/1.1 200 OK"
2025-03-09 14:42:55,826 - httpx - INFO - HTTP Request: POST https://api.telegram.org/bot7947622045:AAHsINxjjK35EFgPUmGOB8y5DZD5ytYR1So/getUpdates "HTTP/1.1 200 OK"
2025-03-09 14:43:05,951 - httpx - INFO - HTTP Request: POST https://api.telegram.org/bot7947622045:AAHsINxjjK35EFgPUmGOB8y5DZD5ytYR1So/getUpdates "HTTP/1.1 200 OK"
2025-03-09 14:43:16,044 - httpx - INFO - HTTP Request: POST https://api.telegram.org/bot7947622045:AAHsINxjjK35EFgPUmGOB8y5DZD5ytYR1So/getUpdates "HTTP/1.1 200 OK"
2025-03-09 14:43:26,237 - httpx - INFO - HTTP Request: POST https://api.telegram.org/bot7947622045:AAHsINxjjK35EFgPUmGOB8y5DZD5ytYR1So/getUpdates "HTTP/1.1 200 OK"
2025-03-09 14:43:36,682 - httpx - INFO - HTTP Request: POST https://api.telegram.org/bot7947622045:AAHsINxjjK35EFgPUmGOB8y5DZD5ytYR1So/getUpdates "HTTP/1.1 200 OK"
2025-03-09 14:43:46,820 - httpx - INFO - HTTP Request: POST https://api.telegram.org/bot7947622045:AAHsINxjjK35EFgPUmGOB8y5DZD5ytYR1So/getUpdates "HTTP/1.1 200 OK"
2025-03-09 14:43:57,168 - httpx - INFO - HTTP Request: POST https://api.telegram.org/bot7947622045:AAHsINxjjK35EFgPUmGOB8y5DZD5ytYR1So/getUpdates "HTTP/1.1 200 OK"
2025-03-09 14:44:07,308 - httpx - INFO - HTTP Request: POST https://api.telegram.org/bot7947622045:AAHsINxjjK35EFgPUmGOB8y5DZD5ytYR1So/getUpdates "HTTP/1.1 200 OK"
2025-03-09 14:44:17,436 - httpx - INFO - HTTP Request: POST https://api.telegram.org/bot7947622045:AAHsINxjjK35EFgPUmGOB8y5DZD5ytYR1So/getUpdates "HTTP/1.1 200 OK"
2025-03-09 14:44:27,577 - httpx - INFO - HTTP Request: POST https://api.telegram.org/bot7947622045:AAHsINxjjK35EFgPUmGOB8y5DZD5ytYR1So/getUpdates "HTTP/1.1 200 OK"
2025-03-09 14:44:37,815 - httpx - INFO - HTTP Request: POST https://api.telegram.org/bot7947622045:AAHsINxjjK35EFgPUmGOB8y5DZD5ytYR1So/getUpdates "HTTP/1.1 200 OK"
2025-03-09 14:44:47,956 - httpx - INFO - HTTP Request: POST https://api.telegram.org/bot7947622045:AAHsINxjjK35EFgPUmGOB8y5DZD5ytYR1So/getUpdates "HTTP/1.1 200 OK"
2025-03-09 14:44:58,411 - httpx - INFO - HTTP Request: POST https://api.telegram.org/bot7947622045:AAHsINxjjK35EFgPUmGOB8y5DZD5ytYR1So/getUpdates "HTTP/1.1 200 OK"
2025-03-09 14:45:08,868 - httpx - INFO - HTTP Request: POST https://api.telegram.org/bot7947622045:AAHsINxjjK35EFgPUmGOB8y5DZD5ytYR1So/getUpdates "HTTP/1.1 200 OK"
2025-03-09 14:45:19,318 - httpx - INFO - HTTP Request: POST https://api.telegram.org/bot7947622045:AAHsINxjjK35EFgPUmGOB8y5DZD5ytYR1So/getUpdates "HTTP/1.1 200 OK"
2025-03-09 14:45:29,453 - httpx - INFO - HTTP Request: POST https://api.telegram.org/bot7947622045:AAHsINxjjK35EFgPUmGOB8y5DZD5ytYR1So/getUpdates "HTTP/1.1 200 OK"
2025-03-09 14:45:39,558 - httpx - INFO - HTTP Request: POST https://api.telegram.org/bot7947622045:AAHsINxjjK35EFgPUmGOB8y5DZD5ytYR1So/getUpdates "HTTP/1.1 200 OK"
2025-03-09 14:45:49,669 - httpx - INFO - HTTP Request: POST https://api.telegram.org/bot7947622045:AAHsINxjjK35EFgPUmGOB8y5DZD5ytYR1So/getUpdates "HTTP/1.1 200 OK"
2025-03-09 14:45:59,874 - httpx - INFO - HTTP Request: POST https://api.telegram.org/bot7947622045:AAHsINxjjK35EFgPUmGOB8y5DZD5ytYR1So/getUpdates "HTTP/1.1 200 OK"
2025-03-09 14:46:10,320 - httpx - INFO - HTTP Request: POST https://api.telegram.org/bot7947622045:AAHsINxjjK35EFgPUmGOB8y5DZD5ytYR1So/getUpdates "HTTP/1.1 200 OK"
2025-03-09 14:46:20,764 - httpx - INFO - HTTP Request: POST https://api.telegram.org/bot7947622045:AAHsINxjjK35EFgPUmGOB8y5DZD5ytYR1So/getUpdates "HTTP/1.1 200 OK"
2025-03-09 14:46:30,901 - httpx - INFO - HTTP Request: POST https://api.telegram.org/bot7947622045:AAHsINxjjK35EFgPUmGOB8y5DZD5ytYR1So/getUpdates "HTTP/1.1 200 OK"
2025-03-09 14:46:41,348 - httpx - INFO - HTTP Request: POST https://api.telegram.org/bot7947622045:AAHsINxjjK35EFgPUmGOB8y5DZD5ytYR1So/getUpdates "HTTP/1.1 200 OK"
2025-03-09 14:46:51,516 - httpx - INFO - HTTP Request: POST https://api.telegram.org/bot7947622045:AAHsINxjjK35EFgPUmGOB8y5DZD5ytYR1So/getUpdates "HTTP/1.1 200 OK"
2025-03-09 14:47:01,932 - httpx - INFO - HTTP Request: POST https://api.telegram.org/bot7947622045:AAHsINxjjK35EFgPUmGOB8y5DZD5ytYR1So/getUpdates "HTTP/1.1 200 OK"
2025-03-09 14:47:12,055 - httpx - INFO - HTTP Request: POST https://api.telegram.org/bot7947622045:AAHsINxjjK35EFgPUmGOB8y5DZD5ytYR1So/getUpdates "HTTP/1.1 200 OK"
2025-03-09 14:47:22,378 - httpx - INFO - HTTP Request: POST https://api.telegram.org/bot7947622045:AAHsINxjjK35EFgPUmGOB8y5DZD5ytYR1So/getUpdates "HTTP/1.1 200 OK"
2025-03-09 14:47:32,649 - httpx - INFO - HTTP Request: POST https://api.telegram.org/bot7947622045:AAHsINxjjK35EFgPUmGOB8y5DZD5ytYR1So/getUpdates "HTTP/1.1 200 OK"
2025-03-09 14:47:42,851 - httpx - INFO - HTTP Request: POST https://api.telegram.org/bot7947622045:AAHsINxjjK35EFgPUmGOB8y5DZD5ytYR1So/getUpdates "HTTP/1.1 200 OK"
2025-03-09 14:47:52,955 - httpx - INFO - HTTP Request: POST https://api.telegram.org/bot7947622045:AAHsINxjjK35EFgPUmGOB8y5DZD5ytYR1So/getUpdates "HTTP/1.1 200 OK"
2025-03-09 14:48:03,370 - httpx - INFO - HTTP Request: POST https://api.telegram.org/bot7947622045:AAHsINxjjK35EFgPUmGOB8y5DZD5ytYR1So/getUpdates "HTTP/1.1 200 OK"
2025-03-09 14:48:13,538 - httpx - INFO - HTTP Request: POST https://api.telegram.org/bot7947622045:AAHsINxjjK35EFgPUmGOB8y5DZD5ytYR1So/getUpdates "HTTP/1.1 200 OK"
2025-03-09 14:48:23,953 - httpx - INFO - HTTP Request: POST https://api.telegram.org/bot7947622045:AAHsINxjjK35EFgPUmGOB8y5DZD5ytYR1So/getUpdates "HTTP/1.1 200 OK"
2025-03-09 14:48:34,171 - httpx - INFO - HTTP Request: POST https://api.telegram.org/bot7947622045:AAHsINxjjK35EFgPUmGOB8y5DZD5ytYR1So/getUpdates "HTTP/1.1 200 OK"
2025-03-09 14:48:44,321 - httpx - INFO - HTTP Request: POST https://api.telegram.org/bot7947622045:AAHsINxjjK35EFgPUmGOB8y5DZD5ytYR1So/getUpdates "HTTP/1.1 200 OK"
2025-03-09 14:48:54,448 - httpx - INFO - HTTP Request: POST https://api.telegram.org/bot7947622045:AAHsINxjjK35EFgPUmGOB8y5DZD5ytYR1So/getUpdates "HTTP/1.1 200 OK"
2025-03-09 14:49:04,810 - httpx - INFO - HTTP Request: POST https://api.telegram.org/bot7947622045:AAHsINxjjK35EFgPUmGOB8y5DZD5ytYR1So/getUpdates "HTTP/1.1 200 OK"
2025-03-09 14:49:14,947 - httpx - INFO - HTTP Request: POST https://api.telegram.org/bot7947622045:AAHsINxjjK35EFgPUmGOB8y5DZD5ytYR1So/getUpdates "HTTP/1.1 200 OK"
2025-03-09 14:49:25,086 - httpx - INFO - HTTP Request: POST https://api.telegram.org/bot7947622045:AAHsINxjjK35EFgPUmGOB8y5DZD5ytYR1So/getUpdates "HTTP/1.1 200 OK"
2025-03-09 14:49:35,531 - httpx - INFO - HTTP Request: POST https://api.telegram.org/bot7947622045:AAHsINxjjK35EFgPUmGOB8y5DZD5ytYR1So/getUpdates "HTTP/1.1 200 OK"
2025-03-09 14:49:45,975 - httpx - INFO - HTTP Request: POST https://api.telegram.org/bot7947622045:AAHsINxjjK35EFgPUmGOB8y5DZD5ytYR1So/getUpdates "HTTP/1.1 200 OK"
2025-03-09 14:49:56,420 - httpx - INFO - HTTP Request: POST https://api.telegram.org/bot7947622045:AAHsINxjjK35EFgPUmGOB8y5DZD5ytYR1So/getUpdates "HTTP/1.1 200 OK"
2025-03-09 14:50:06,557 - httpx - INFO - HTTP Request: POST https://api.telegram.org/bot7947622045:AAHsINxjjK35EFgPUmGOB8y5DZD5ytYR1So/getUpdates "HTTP/1.1 200 OK"
2025-03-09 14:50:17,003 - httpx - INFO - HTTP Request: POST https://api.telegram.org/bot7947622045:AAHsINxjjK35EFgPUmGOB8y5DZD5ytYR1So/getUpdates "HTTP/1.1 200 OK"
2025-03-09 14:50:27,342 - httpx - INFO - HTTP Request: POST https://api.telegram.org/bot7947622045:AAHsINxjjK35EFgPUmGOB8y5DZD5ytYR1So/getUpdates "HTTP/1.1 200 OK"
2025-03-09 14:50:37,585 - httpx - INFO - HTTP Request: POST https://api.telegram.org/bot7947622045:AAHsINxjjK35EFgPUmGOB8y5DZD5ytYR1So/getUpdates "HTTP/1.1 200 OK"
2025-03-09 14:50:48,035 - httpx - INFO - HTTP Request: POST https://api.telegram.org/bot7947622045:AAHsINxjjK35EFgPUmGOB8y5DZD5ytYR1So/getUpdates "HTTP/1.1 200 OK"
2025-03-09 14:50:58,475 - httpx - INFO - HTTP Request: POST https://api.telegram.org/bot7947622045:AAHsINxjjK35EFgPUmGOB8y5DZD5ytYR1So/getUpdates "HTTP/1.1 200 OK"
2025-03-09 14:51:08,613 - httpx - INFO - HTTP Request: POST https://api.telegram.org/bot7947622045:AAHsINxjjK35EFgPUmGOB8y5DZD5ytYR1So/getUpdates "HTTP/1.1 200 OK"
2025-03-09 14:51:18,751 - httpx - INFO - HTTP Request: POST https://api.telegram.org/bot7947622045:AAHsINxjjK35EFgPUmGOB8y5DZD5ytYR1So/getUpdates "HTTP/1.1 200 OK"
2025-03-09 14:51:28,886 - httpx - INFO - HTTP Request: POST https://api.telegram.org/bot7947622045:AAHsINxjjK35EFgPUmGOB8y5DZD5ytYR1So/getUpdates "HTTP/1.1 200 OK"
2025-03-09 14:51:39,025 - httpx - INFO - HTTP Request: POST https://api.telegram.org/bot7947622045:AAHsINxjjK35EFgPUmGOB8y5DZD5ytYR1So/getUpdates "HTTP/1.1 200 OK"
2025-03-09 14:51:49,163 - httpx - INFO - HTTP Request: POST https://api.telegram.org/bot7947622045:AAHsINxjjK35EFgPUmGOB8y5DZD5ytYR1So/getUpdates "HTTP/1.1 200 OK"
2025-03-09 14:51:59,608 - httpx - INFO - HTTP Request: POST https://api.telegram.org/bot7947622045:AAHsINxjjK35EFgPUmGOB8y5DZD5ytYR1So/getUpdates "HTTP/1.1 200 OK"
2025-03-09 14:52:09,745 - httpx - INFO - HTTP Request: POST https://api.telegram.org/bot7947622045:AAHsINxjjK35EFgPUmGOB8y5DZD5ytYR1So/getUpdates "HTTP/1.1 200 OK"
2025-03-09 14:52:19,883 - httpx - INFO - HTTP Request: POST https://api.telegram.org/bot7947622045:AAHsINxjjK35EFgPUmGOB8y5DZD5ytYR1So/getUpdates "HTTP/1.1 200 OK"
2025-03-09 14:52:29,993 - httpx - INFO - HTTP Request: POST https://api.telegram.org/bot7947622045:AAHsINxjjK35EFgPUmGOB8y5DZD5ytYR1So/getUpdates "HTTP/1.1 200 OK"
2025-03-09 14:52:40,466 - httpx - INFO - HTTP Request: POST https://api.telegram.org/bot7947622045:AAHsINxjjK35EFgPUmGOB8y5DZD5ytYR1So/getUpdates "HTTP/1.1 200 OK"
2025-03-09 14:52:50,604 - httpx - INFO - HTTP Request: POST https://api.telegram.org/bot7947622045:AAHsINxjjK35EFgPUmGOB8y5DZD5ytYR1So/getUpdates "HTTP/1.1 200 OK"
2025-03-09 14:53:00,741 - httpx - INFO - HTTP Request: POST https://api.telegram.org/bot7947622045:AAHsINxjjK35EFgPUmGOB8y5DZD5ytYR1So/getUpdates "HTTP/1.1 200 OK"
2025-03-09 14:53:10,879 - httpx - INFO - HTTP Request: POST https://api.telegram.org/bot7947622045:AAHsINxjjK35EFgPUmGOB8y5DZD5ytYR1So/getUpdates "HTTP/1.1 200 OK"
2025-03-09 14:53:21,017 - httpx - INFO - HTTP Request: POST https://api.telegram.org/bot7947622045:AAHsINxjjK35EFgPUmGOB8y5DZD5ytYR1So/getUpdates "HTTP/1.1 200 OK"
2025-03-09 14:53:31,417 - httpx - INFO - HTTP Request: POST https://api.telegram.org/bot7947622045:AAHsINxjjK35EFgPUmGOB8y5DZD5ytYR1So/getUpdates "HTTP/1.1 200 OK"
2025-03-09 14:53:41,550 - httpx - INFO - HTTP Request: POST https://api.telegram.org/bot7947622045:AAHsINxjjK35EFgPUmGOB8y5DZD5ytYR1So/getUpdates "HTTP/1.1 200 OK"
2025-03-09 14:53:51,662 - httpx - INFO - HTTP Request: POST https://api.telegram.org/bot7947622045:AAHsINxjjK35EFgPUmGOB8y5DZD5ytYR1So/getUpdates "HTTP/1.1 200 OK"
2025-03-09 14:54:01,822 - httpx - INFO - HTTP Request: POST https://api.telegram.org/bot7947622045:AAHsINxjjK35EFgPUmGOB8y5DZD5ytYR1So/getUpdates "HTTP/1.1 200 OK"
2025-03-09 14:54:11,940 - httpx - INFO - HTTP Request: POST https://api.telegram.org/bot7947622045:AAHsINxjjK35EFgPUmGOB8y5DZD5ytYR1So/getUpdates "HTTP/1.1 200 OK"
2025-03-09 14:54:22,150 - httpx - INFO - HTTP Request: POST https://api.telegram.org/bot7947622045:AAHsINxjjK35EFgPUmGOB8y5DZD5ytYR1So/getUpdates "HTTP/1.1 200 OK"
2025-03-09 14:54:32,270 - httpx - INFO - HTTP Request: POST https://api.telegram.org/bot7947622045:AAHsINxjjK35EFgPUmGOB8y5DZD5ytYR1So/getUpdates "HTTP/1.1 200 OK"
2025-03-09 14:54:42,442 - httpx - INFO - HTTP Request: POST https://api.telegram.org/bot7947622045:AAHsINxjjK35EFgPUmGOB8y5DZD5ytYR1So/getUpdates "HTTP/1.1 200 OK"
2025-03-09 14:54:52,547 - httpx - INFO - HTTP Request: POST https://api.telegram.org/bot7947622045:AAHsINxjjK35EFgPUmGOB8y5DZD5ytYR1So/getUpdates "HTTP/1.1 200 OK"
2025-03-09 14:55:02,843 - httpx - INFO - HTTP Request: POST https://api.telegram.org/bot7947622045:AAHsINxjjK35EFgPUmGOB8y5DZD5ytYR1So/getUpdates "HTTP/1.1 200 OK"
2025-03-09 14:55:13,048 - httpx - INFO - HTTP Request: POST https://api.telegram.org/bot7947622045:AAHsINxjjK35EFgPUmGOB8y5DZD5ytYR1So/getUpdates "HTTP/1.1 200 OK"
2025-03-09 14:55:24,511 - httpx - INFO - HTTP Request: POST https://api.telegram.org/bot7947622045:AAHsINxjjK35EFgPUmGOB8y5DZD5ytYR1So/getUpdates "HTTP/1.1 200 OK"
2025-03-09 14:55:34,958 - httpx - INFO - HTTP Request: POST https://api.telegram.org/bot7947622045:AAHsINxjjK35EFgPUmGOB8y5DZD5ytYR1So/getUpdates "HTTP/1.1 200 OK"
2025-03-09 14:55:45,402 - httpx - INFO - HTTP Request: POST https://api.telegram.org/bot7947622045:AAHsINxjjK35EFgPUmGOB8y5DZD5ytYR1So/getUpdates "HTTP/1.1 200 OK"
2025-03-09 14:55:55,848 - httpx - INFO - HTTP Request: POST https://api.telegram.org/bot7947622045:AAHsINxjjK35EFgPUmGOB8y5DZD5ytYR1So/getUpdates "HTTP/1.1 200 OK"
2025-03-09 14:56:06,290 - httpx - INFO - HTTP Request: POST https://api.telegram.org/bot7947622045:AAHsINxjjK35EFgPUmGOB8y5DZD5ytYR1So/getUpdates "HTTP/1.1 200 OK"
2025-03-09 14:56:16,411 - httpx - INFO - HTTP Request: POST https://api.telegram.org/bot7947622045:AAHsINxjjK35EFgPUmGOB8y5DZD5ytYR1So/getUpdates "HTTP/1.1 200 OK"
2025-03-09 14:56:26,567 - httpx - INFO - HTTP Request: POST https://api.telegram.org/bot7947622045:AAHsINxjjK35EFgPUmGOB8y5DZD5ytYR1So/getUpdates "HTTP/1.1 200 OK"
2025-03-09 14:56:37,012 - httpx - INFO - HTTP Request: POST https://api.telegram.org/bot7947622045:AAHsINxjjK35EFgPUmGOB8y5DZD5ytYR1So/getUpdates "HTTP/1.1 200 OK"
2025-03-09 14:56:47,116 - httpx - INFO - HTTP Request: POST https://api.telegram.org/bot7947622045:AAHsINxjjK35EFgPUmGOB8y5DZD5ytYR1So/getUpdates "HTTP/1.1 200 OK"
2025-03-09 14:56:57,287 - httpx - INFO - HTTP Request: POST https://api.telegram.org/bot7947622045:AAHsINxjjK35EFgPUmGOB8y5DZD5ytYR1So/getUpdates "HTTP/1.1 200 OK"
2025-03-09 14:57:07,394 - httpx - INFO - HTTP Request: POST https://api.telegram.org/bot7947622045:AAHsINxjjK35EFgPUmGOB8y5DZD5ytYR1So/getUpdates "HTTP/1.1 200 OK"
2025-03-09 14:57:17,562 - httpx - INFO - HTTP Request: POST https://api.telegram.org/bot7947622045:AAHsINxjjK35EFgPUmGOB8y5DZD5ytYR1So/getUpdates "HTTP/1.1 200 OK"
2025-03-09 14:57:27,700 - httpx - INFO - HTTP Request: POST https://api.telegram.org/bot7947622045:AAHsINxjjK35EFgPUmGOB8y5DZD5ytYR1So/getUpdates "HTTP/1.1 200 OK"
2025-03-09 14:57:37,849 - httpx - INFO - HTTP Request: POST https://api.telegram.org/bot7947622045:AAHsINxjjK35EFgPUmGOB8y5DZD5ytYR1So/getUpdates "HTTP/1.1 200 OK"
2025-03-09 14:57:47,984 - httpx - INFO - HTTP Request: POST https://api.telegram.org/bot7947622045:AAHsINxjjK35EFgPUmGOB8y5DZD5ytYR1So/getUpdates "HTTP/1.1 200 OK"
2025-03-09 14:57:58,097 - httpx - INFO - HTTP Request: POST https://api.telegram.org/bot7947622045:AAHsINxjjK35EFgPUmGOB8y5DZD5ytYR1So/getUpdates "HTTP/1.1 200 OK"
2025-03-09 14:58:08,251 - httpx - INFO - HTTP Request: POST https://api.telegram.org/bot7947622045:AAHsINxjjK35EFgPUmGOB8y5DZD5ytYR1So/getUpdates "HTTP/1.1 200 OK"
2025-03-09 14:58:18,388 - httpx - INFO - HTTP Request: POST https://api.telegram.org/bot7947622045:AAHsINxjjK35EFgPUmGOB8y5DZD5ytYR1So/getUpdates "HTTP/1.1 200 OK"
2025-03-09 14:58:28,526 - httpx - INFO - HTTP Request: POST https://api.telegram.org/bot7947622045:AAHsINxjjK35EFgPUmGOB8y5DZD5ytYR1So/getUpdates "HTTP/1.1 200 OK"
2025-03-09 14:58:38,670 - httpx - INFO - HTTP Request: POST https://api.telegram.org/bot7947622045:AAHsINxjjK35EFgPUmGOB8y5DZD5ytYR1So/getUpdates "HTTP/1.1 200 OK"
2025-03-09 14:58:48,781 - httpx - INFO - HTTP Request: POST https://api.telegram.org/bot7947622045:AAHsINxjjK35EFgPUmGOB8y5DZD5ytYR1So/getUpdates "HTTP/1.1 200 OK"
2025-03-09 14:58:58,900 - httpx - INFO - HTTP Request: POST https://api.telegram.org/bot7947622045:AAHsINxjjK35EFgPUmGOB8y5DZD5ytYR1So/getUpdates "HTTP/1.1 200 OK"
2025-03-09 14:59:09,383 - httpx - INFO - HTTP Request: POST https://api.telegram.org/bot7947622045:AAHsINxjjK35EFgPUmGOB8y5DZD5ytYR1So/getUpdates "HTTP/1.1 200 OK"
2025-03-09 14:59:19,523 - httpx - INFO - HTTP Request: POST https://api.telegram.org/bot7947622045:AAHsINxjjK35EFgPUmGOB8y5DZD5ytYR1So/getUpdates "HTTP/1.1 200 OK"
2025-03-09 14:59:29,659 - httpx - INFO - HTTP Request: POST https://api.telegram.org/bot7947622045:AAHsINxjjK35EFgPUmGOB8y5DZD5ytYR1So/getUpdates "HTTP/1.1 200 OK"
2025-03-09 14:59:39,756 - httpx - INFO - HTTP Request: POST https://api.telegram.org/bot7947622045:AAHsINxjjK35EFgPUmGOB8y5DZD5ytYR1So/getUpdates "HTTP/1.1 200 OK"
2025-03-09 14:59:49,934 - httpx - INFO - HTTP Request: POST https://api.telegram.org/bot7947622045:AAHsINxjjK35EFgPUmGOB8y5DZD5ytYR1So/getUpdates "HTTP/1.1 200 OK"
2025-03-09 15:00:00,380 - httpx - INFO - HTTP Request: POST https://api.telegram.org/bot7947622045:AAHsINxjjK35EFgPUmGOB8y5DZD5ytYR1So/getUpdates "HTTP/1.1 200 OK"
2025-03-09 15:00:10,826 - httpx - INFO - HTTP Request: POST https://api.telegram.org/bot7947622045:AAHsINxjjK35EFgPUmGOB8y5DZD5ytYR1So/getUpdates "HTTP/1.1 200 OK"
2025-03-09 15:00:21,272 - httpx - INFO - HTTP Request: POST https://api.telegram.org/bot7947622045:AAHsINxjjK35EFgPUmGOB8y5DZD5ytYR1So/getUpdates "HTTP/1.1 200 OK"
2025-03-09 15:00:31,410 - httpx - INFO - HTTP Request: POST https://api.telegram.org/bot7947622045:AAHsINxjjK35EFgPUmGOB8y5DZD5ytYR1So/getUpdates "HTTP/1.1 200 OK"
2025-03-09 15:00:41,547 - httpx - INFO - HTTP Request: POST https://api.telegram.org/bot7947622045:AAHsINxjjK35EFgPUmGOB8y5DZD5ytYR1So/getUpdates "HTTP/1.1 200 OK"
2025-03-09 15:00:51,686 - httpx - INFO - HTTP Request: POST https://api.telegram.org/bot7947622045:AAHsINxjjK35EFgPUmGOB8y5DZD5ytYR1So/getUpdates "HTTP/1.1 200 OK"
2025-03-09 15:01:01,788 - httpx - INFO - HTTP Request: POST https://api.telegram.org/bot7947622045:AAHsINxjjK35EFgPUmGOB8y5DZD5ytYR1So/getUpdates "HTTP/1.1 200 OK"
2025-03-09 15:01:04,171 - telegram.ext.Application - INFO - Application is stopping. This might take a moment.
2025-03-09 15:01:04,172 - telegram.ext.Application - INFO - Application.stop() complete
2025-03-09 15:01:04,178 - TelegramBot - INFO - Telegram bot started successfully
2025-03-09 15:01:04,178 - TelegramBot - INFO - Started catalog update thread
2025-03-09 15:01:04,180 - TelegramBot - INFO - Telegram Bot Service initialized
2025-03-09 15:01:04,182 - cherrypy.error - INFO - [09/Mar/2025:15:01:04] ENGINE Bus STARTING
2025-03-09 15:01:04,183 - cherrypy.error - INFO - [09/Mar/2025:15:01:04] ENGINE Started monitor thread 'Autoreloader'.
2025-03-09 15:01:04,190 - TelegramBot - ERROR - Failed to update status with catalog: 404 <!DOCTYPE html PUBLIC
"-//W3C//DTD XHTML 1.0 Transitional//EN"
"http://www.w3.org/TR/xhtml1/DTD/xhtml1-transitional.dtd">
<html>
<head>
    <meta http-equiv="Content-Type" content="text/html; charset=utf-8"></meta>
    <title>404 Not Found</title>
    <style type="text/css">
    #powered_by {
        margin-top: 20px;
        border-top: 2px solid black;
        font-style: italic;
    }

    #traceback {
        color: red;
    }
    </style>
</head>
    <body>
        <h2>404 Not Found</h2>
        <p>Service telegram_bot_service not found</p>
        <pre id="traceback">Traceback (most recent call last):
  File "/Library/Frameworks/Python.framework/Versions/3.13/lib/python3.13/site-packages/cherrypy/_cprequest.py", line 659, in respond
    self._do_respond(path_info)
    ~~~~~~~~~~~~~~~~^^^^^^^^^^^
  File "/Library/Frameworks/Python.framework/Versions/3.13/lib/python3.13/site-packages/cherrypy/_cprequest.py", line 718, in _do_respond
    response.body = self.handler()
                    ~~~~~~~~~~~~^^
  File "/Library/Frameworks/Python.framework/Versions/3.13/lib/python3.13/site-packages/cherrypy/lib/encoding.py", line 223, in __call__
    self.body = self.oldhandler(*args, **kwargs)
                ~~~~~~~~~~~~~~~^^^^^^^^^^^^^^^^^
  File "/Library/Frameworks/Python.framework/Versions/3.13/lib/python3.13/site-packages/cherrypy/lib/jsontools.py", line 59, in json_handler
    value = cherrypy.serving.request._json_inner_handler(*args, **kwargs)
  File "/Library/Frameworks/Python.framework/Versions/3.13/lib/python3.13/site-packages/cherrypy/_cpdispatch.py", line 54, in __call__
    return self.callable(*self.args, **self.kwargs)
           ~~~~~~~~~~~~~^^^^^^^^^^^^^^^^^^^^^^^^^^^
  File "/Users/mehdi/Desktop/IOT_LastV_GroupWork/SmartBolt_IOT_Platform/MS_ResourceCatalog/main.py", line 229, in PUT
    raise cherrypy.HTTPError(404, f"Service {resource_id} not found")
cherrypy._cperror.HTTPError: (404, 'Service telegram_bot_service not found')
</pre>
    <div id="powered_by">
      <span>
        Powered by <a href="http://www.cherrypy.dev">CherryPy 18.10.0</a>
      </span>
    </div>
    </body>
</html>

2025-03-09 15:01:04,292 - cherrypy.error - INFO - [09/Mar/2025:15:01:04] ENGINE Serving on http://0.0.0.0:8085
2025-03-09 15:01:04,293 - cherrypy.error - INFO - [09/Mar/2025:15:01:04] ENGINE Bus STARTED
2025-03-09 15:01:12,560 - cherrypy.error - INFO - [09/Mar/2025:15:01:12] ENGINE Keyboard Interrupt: shutting down bus
2025-03-09 15:01:12,560 - cherrypy.error - INFO - [09/Mar/2025:15:01:12] ENGINE Bus STOPPING
2025-03-09 15:01:12,814 - cherrypy.error - INFO - [09/Mar/2025:15:01:12] ENGINE HTTP Server cherrypy._cpwsgi_server.CPWSGIServer(('0.0.0.0', 8085)) shut down
2025-03-09 15:01:12,814 - cherrypy.error - INFO - [09/Mar/2025:15:01:12] ENGINE Stopped thread 'Autoreloader'.
2025-03-09 15:01:12,814 - cherrypy.error - INFO - [09/Mar/2025:15:01:12] ENGINE Bus STOPPED
2025-03-09 15:01:12,814 - cherrypy.error - INFO - [09/Mar/2025:15:01:12] ENGINE Bus EXITING
2025-03-09 15:01:12,814 - cherrypy.error - INFO - [09/Mar/2025:15:01:12] ENGINE Bus EXITED
2025-03-09 15:01:12,814 - cherrypy.error - INFO - [09/Mar/2025:15:01:12] ENGINE Waiting for child threads to terminate...
2025-03-09 17:39:06,671 - TelegramBot - INFO - Loaded configuration from config.json
2025-03-09 17:39:06,673 - TelegramBot - ERROR - Error setting up MQTT: 'TelegramBotService' object has no attribute 'service_cache'
2025-03-09 17:39:06,678 - TelegramBot - INFO - Successfully registered with catalog
2025-03-09 17:39:07,078 - httpx - INFO - HTTP Request: POST https://api.telegram.org/bot7947622045:AAHsINxjjK35EFgPUmGOB8y5DZD5ytYR1So/getMe "HTTP/1.1 200 OK"
2025-03-09 17:39:07,193 - httpx - INFO - HTTP Request: POST https://api.telegram.org/bot7947622045:AAHsINxjjK35EFgPUmGOB8y5DZD5ytYR1So/deleteWebhook "HTTP/1.1 200 OK"
2025-03-09 17:39:07,196 - telegram.ext.Application - INFO - Application started
2025-03-09 17:39:17,511 - httpx - INFO - HTTP Request: POST https://api.telegram.org/bot7947622045:AAHsINxjjK35EFgPUmGOB8y5DZD5ytYR1So/getUpdates "HTTP/1.1 200 OK"
2025-03-09 17:39:27,697 - httpx - INFO - HTTP Request: POST https://api.telegram.org/bot7947622045:AAHsINxjjK35EFgPUmGOB8y5DZD5ytYR1So/getUpdates "HTTP/1.1 200 OK"
2025-03-09 17:39:37,971 - httpx - INFO - HTTP Request: POST https://api.telegram.org/bot7947622045:AAHsINxjjK35EFgPUmGOB8y5DZD5ytYR1So/getUpdates "HTTP/1.1 200 OK"
2025-03-09 17:39:48,128 - httpx - INFO - HTTP Request: POST https://api.telegram.org/bot7947622045:AAHsINxjjK35EFgPUmGOB8y5DZD5ytYR1So/getUpdates "HTTP/1.1 200 OK"
2025-03-09 17:39:58,248 - httpx - INFO - HTTP Request: POST https://api.telegram.org/bot7947622045:AAHsINxjjK35EFgPUmGOB8y5DZD5ytYR1So/getUpdates "HTTP/1.1 200 OK"
2025-03-09 17:40:08,382 - httpx - INFO - HTTP Request: POST https://api.telegram.org/bot7947622045:AAHsINxjjK35EFgPUmGOB8y5DZD5ytYR1So/getUpdates "HTTP/1.1 200 OK"
2025-03-09 17:40:18,835 - httpx - INFO - HTTP Request: POST https://api.telegram.org/bot7947622045:AAHsINxjjK35EFgPUmGOB8y5DZD5ytYR1So/getUpdates "HTTP/1.1 200 OK"
2025-03-09 17:40:29,242 - httpx - INFO - HTTP Request: POST https://api.telegram.org/bot7947622045:AAHsINxjjK35EFgPUmGOB8y5DZD5ytYR1So/getUpdates "HTTP/1.1 200 OK"
2025-03-09 17:40:39,379 - httpx - INFO - HTTP Request: POST https://api.telegram.org/bot7947622045:AAHsINxjjK35EFgPUmGOB8y5DZD5ytYR1So/getUpdates "HTTP/1.1 200 OK"
2025-03-09 17:40:49,542 - httpx - INFO - HTTP Request: POST https://api.telegram.org/bot7947622045:AAHsINxjjK35EFgPUmGOB8y5DZD5ytYR1So/getUpdates "HTTP/1.1 200 OK"
2025-03-09 17:40:59,732 - httpx - INFO - HTTP Request: POST https://api.telegram.org/bot7947622045:AAHsINxjjK35EFgPUmGOB8y5DZD5ytYR1So/getUpdates "HTTP/1.1 200 OK"
2025-03-09 17:41:09,848 - httpx - INFO - HTTP Request: POST https://api.telegram.org/bot7947622045:AAHsINxjjK35EFgPUmGOB8y5DZD5ytYR1So/getUpdates "HTTP/1.1 200 OK"
2025-03-09 17:41:19,962 - httpx - INFO - HTTP Request: POST https://api.telegram.org/bot7947622045:AAHsINxjjK35EFgPUmGOB8y5DZD5ytYR1So/getUpdates "HTTP/1.1 200 OK"
2025-03-09 17:41:30,069 - httpx - INFO - HTTP Request: POST https://api.telegram.org/bot7947622045:AAHsINxjjK35EFgPUmGOB8y5DZD5ytYR1So/getUpdates "HTTP/1.1 200 OK"
2025-03-09 17:41:40,179 - httpx - INFO - HTTP Request: POST https://api.telegram.org/bot7947622045:AAHsINxjjK35EFgPUmGOB8y5DZD5ytYR1So/getUpdates "HTTP/1.1 200 OK"
2025-03-09 17:41:50,535 - httpx - INFO - HTTP Request: POST https://api.telegram.org/bot7947622045:AAHsINxjjK35EFgPUmGOB8y5DZD5ytYR1So/getUpdates "HTTP/1.1 200 OK"
2025-03-09 17:42:00,651 - httpx - INFO - HTTP Request: POST https://api.telegram.org/bot7947622045:AAHsINxjjK35EFgPUmGOB8y5DZD5ytYR1So/getUpdates "HTTP/1.1 200 OK"
2025-03-09 17:42:10,775 - httpx - INFO - HTTP Request: POST https://api.telegram.org/bot7947622045:AAHsINxjjK35EFgPUmGOB8y5DZD5ytYR1So/getUpdates "HTTP/1.1 200 OK"
2025-03-09 17:42:20,905 - httpx - INFO - HTTP Request: POST https://api.telegram.org/bot7947622045:AAHsINxjjK35EFgPUmGOB8y5DZD5ytYR1So/getUpdates "HTTP/1.1 200 OK"
2025-03-09 17:42:31,233 - httpx - INFO - HTTP Request: POST https://api.telegram.org/bot7947622045:AAHsINxjjK35EFgPUmGOB8y5DZD5ytYR1So/getUpdates "HTTP/1.1 200 OK"
2025-03-09 17:42:41,348 - httpx - INFO - HTTP Request: POST https://api.telegram.org/bot7947622045:AAHsINxjjK35EFgPUmGOB8y5DZD5ytYR1So/getUpdates "HTTP/1.1 200 OK"
2025-03-09 17:42:51,670 - httpx - INFO - HTTP Request: POST https://api.telegram.org/bot7947622045:AAHsINxjjK35EFgPUmGOB8y5DZD5ytYR1So/getUpdates "HTTP/1.1 200 OK"
2025-03-09 17:43:02,259 - httpx - INFO - HTTP Request: POST https://api.telegram.org/bot7947622045:AAHsINxjjK35EFgPUmGOB8y5DZD5ytYR1So/getUpdates "HTTP/1.1 200 OK"
2025-03-09 17:43:12,705 - httpx - INFO - HTTP Request: POST https://api.telegram.org/bot7947622045:AAHsINxjjK35EFgPUmGOB8y5DZD5ytYR1So/getUpdates "HTTP/1.1 200 OK"
2025-03-09 17:43:23,150 - httpx - INFO - HTTP Request: POST https://api.telegram.org/bot7947622045:AAHsINxjjK35EFgPUmGOB8y5DZD5ytYR1So/getUpdates "HTTP/1.1 200 OK"
2025-03-09 17:43:33,595 - httpx - INFO - HTTP Request: POST https://api.telegram.org/bot7947622045:AAHsINxjjK35EFgPUmGOB8y5DZD5ytYR1So/getUpdates "HTTP/1.1 200 OK"
2025-03-09 17:43:43,733 - httpx - INFO - HTTP Request: POST https://api.telegram.org/bot7947622045:AAHsINxjjK35EFgPUmGOB8y5DZD5ytYR1So/getUpdates "HTTP/1.1 200 OK"
2025-03-09 17:43:53,870 - httpx - INFO - HTTP Request: POST https://api.telegram.org/bot7947622045:AAHsINxjjK35EFgPUmGOB8y5DZD5ytYR1So/getUpdates "HTTP/1.1 200 OK"
2025-03-09 17:44:03,988 - httpx - INFO - HTTP Request: POST https://api.telegram.org/bot7947622045:AAHsINxjjK35EFgPUmGOB8y5DZD5ytYR1So/getUpdates "HTTP/1.1 200 OK"
2025-03-09 17:44:14,238 - httpx - INFO - HTTP Request: POST https://api.telegram.org/bot7947622045:AAHsINxjjK35EFgPUmGOB8y5DZD5ytYR1So/getUpdates "HTTP/1.1 200 OK"
2025-03-09 17:44:24,362 - httpx - INFO - HTTP Request: POST https://api.telegram.org/bot7947622045:AAHsINxjjK35EFgPUmGOB8y5DZD5ytYR1So/getUpdates "HTTP/1.1 200 OK"
2025-03-09 17:44:34,728 - httpx - INFO - HTTP Request: POST https://api.telegram.org/bot7947622045:AAHsINxjjK35EFgPUmGOB8y5DZD5ytYR1So/getUpdates "HTTP/1.1 200 OK"
2025-03-09 17:44:45,173 - httpx - INFO - HTTP Request: POST https://api.telegram.org/bot7947622045:AAHsINxjjK35EFgPUmGOB8y5DZD5ytYR1So/getUpdates "HTTP/1.1 200 OK"
2025-03-09 17:44:55,619 - httpx - INFO - HTTP Request: POST https://api.telegram.org/bot7947622045:AAHsINxjjK35EFgPUmGOB8y5DZD5ytYR1So/getUpdates "HTTP/1.1 200 OK"
2025-03-09 17:45:06,063 - httpx - INFO - HTTP Request: POST https://api.telegram.org/bot7947622045:AAHsINxjjK35EFgPUmGOB8y5DZD5ytYR1So/getUpdates "HTTP/1.1 200 OK"
2025-03-09 17:45:16,199 - httpx - INFO - HTTP Request: POST https://api.telegram.org/bot7947622045:AAHsINxjjK35EFgPUmGOB8y5DZD5ytYR1So/getUpdates "HTTP/1.1 200 OK"
2025-03-09 17:45:26,646 - httpx - INFO - HTTP Request: POST https://api.telegram.org/bot7947622045:AAHsINxjjK35EFgPUmGOB8y5DZD5ytYR1So/getUpdates "HTTP/1.1 200 OK"
2025-03-09 17:45:36,783 - httpx - INFO - HTTP Request: POST https://api.telegram.org/bot7947622045:AAHsINxjjK35EFgPUmGOB8y5DZD5ytYR1So/getUpdates "HTTP/1.1 200 OK"
2025-03-09 17:45:46,923 - httpx - INFO - HTTP Request: POST https://api.telegram.org/bot7947622045:AAHsINxjjK35EFgPUmGOB8y5DZD5ytYR1So/getUpdates "HTTP/1.1 200 OK"
2025-03-09 17:45:57,366 - httpx - INFO - HTTP Request: POST https://api.telegram.org/bot7947622045:AAHsINxjjK35EFgPUmGOB8y5DZD5ytYR1So/getUpdates "HTTP/1.1 200 OK"
2025-03-09 17:46:07,503 - httpx - INFO - HTTP Request: POST https://api.telegram.org/bot7947622045:AAHsINxjjK35EFgPUmGOB8y5DZD5ytYR1So/getUpdates "HTTP/1.1 200 OK"
2025-03-09 17:46:17,641 - httpx - INFO - HTTP Request: POST https://api.telegram.org/bot7947622045:AAHsINxjjK35EFgPUmGOB8y5DZD5ytYR1So/getUpdates "HTTP/1.1 200 OK"
2025-03-09 17:46:28,087 - httpx - INFO - HTTP Request: POST https://api.telegram.org/bot7947622045:AAHsINxjjK35EFgPUmGOB8y5DZD5ytYR1So/getUpdates "HTTP/1.1 200 OK"
2025-03-09 17:46:38,532 - httpx - INFO - HTTP Request: POST https://api.telegram.org/bot7947622045:AAHsINxjjK35EFgPUmGOB8y5DZD5ytYR1So/getUpdates "HTTP/1.1 200 OK"
2025-03-09 17:46:48,675 - httpx - INFO - HTTP Request: POST https://api.telegram.org/bot7947622045:AAHsINxjjK35EFgPUmGOB8y5DZD5ytYR1So/getUpdates "HTTP/1.1 200 OK"
2025-03-09 17:46:58,788 - httpx - INFO - HTTP Request: POST https://api.telegram.org/bot7947622045:AAHsINxjjK35EFgPUmGOB8y5DZD5ytYR1So/getUpdates "HTTP/1.1 200 OK"
2025-03-09 17:47:08,948 - httpx - INFO - HTTP Request: POST https://api.telegram.org/bot7947622045:AAHsINxjjK35EFgPUmGOB8y5DZD5ytYR1So/getUpdates "HTTP/1.1 200 OK"
2025-03-09 17:47:19,052 - httpx - INFO - HTTP Request: POST https://api.telegram.org/bot7947622045:AAHsINxjjK35EFgPUmGOB8y5DZD5ytYR1So/getUpdates "HTTP/1.1 200 OK"
2025-03-09 17:47:29,176 - httpx - INFO - HTTP Request: POST https://api.telegram.org/bot7947622045:AAHsINxjjK35EFgPUmGOB8y5DZD5ytYR1So/getUpdates "HTTP/1.1 200 OK"
2025-03-09 17:47:39,291 - httpx - INFO - HTTP Request: POST https://api.telegram.org/bot7947622045:AAHsINxjjK35EFgPUmGOB8y5DZD5ytYR1So/getUpdates "HTTP/1.1 200 OK"
2025-03-09 17:47:49,526 - httpx - INFO - HTTP Request: POST https://api.telegram.org/bot7947622045:AAHsINxjjK35EFgPUmGOB8y5DZD5ytYR1So/getUpdates "HTTP/1.1 200 OK"
2025-03-09 17:47:59,666 - httpx - INFO - HTTP Request: POST https://api.telegram.org/bot7947622045:AAHsINxjjK35EFgPUmGOB8y5DZD5ytYR1So/getUpdates "HTTP/1.1 200 OK"
2025-03-09 17:48:09,784 - httpx - INFO - HTTP Request: POST https://api.telegram.org/bot7947622045:AAHsINxjjK35EFgPUmGOB8y5DZD5ytYR1So/getUpdates "HTTP/1.1 200 OK"
2025-03-09 17:48:20,248 - httpx - INFO - HTTP Request: POST https://api.telegram.org/bot7947622045:AAHsINxjjK35EFgPUmGOB8y5DZD5ytYR1So/getUpdates "HTTP/1.1 200 OK"
2025-03-09 17:48:30,740 - httpx - INFO - HTTP Request: POST https://api.telegram.org/bot7947622045:AAHsINxjjK35EFgPUmGOB8y5DZD5ytYR1So/getUpdates "HTTP/1.1 200 OK"
2025-03-09 17:48:40,844 - httpx - INFO - HTTP Request: POST https://api.telegram.org/bot7947622045:AAHsINxjjK35EFgPUmGOB8y5DZD5ytYR1So/getUpdates "HTTP/1.1 200 OK"
2025-03-09 17:48:50,954 - httpx - INFO - HTTP Request: POST https://api.telegram.org/bot7947622045:AAHsINxjjK35EFgPUmGOB8y5DZD5ytYR1So/getUpdates "HTTP/1.1 200 OK"
2025-03-09 17:49:01,070 - httpx - INFO - HTTP Request: POST https://api.telegram.org/bot7947622045:AAHsINxjjK35EFgPUmGOB8y5DZD5ytYR1So/getUpdates "HTTP/1.1 200 OK"
2025-03-09 17:49:11,244 - httpx - INFO - HTTP Request: POST https://api.telegram.org/bot7947622045:AAHsINxjjK35EFgPUmGOB8y5DZD5ytYR1So/getUpdates "HTTP/1.1 200 OK"
2025-03-09 17:49:21,372 - httpx - INFO - HTTP Request: POST https://api.telegram.org/bot7947622045:AAHsINxjjK35EFgPUmGOB8y5DZD5ytYR1So/getUpdates "HTTP/1.1 200 OK"
2025-03-09 17:49:31,492 - httpx - INFO - HTTP Request: POST https://api.telegram.org/bot7947622045:AAHsINxjjK35EFgPUmGOB8y5DZD5ytYR1So/getUpdates "HTTP/1.1 200 OK"
2025-03-09 17:49:43,003 - httpx - INFO - HTTP Request: POST https://api.telegram.org/bot7947622045:AAHsINxjjK35EFgPUmGOB8y5DZD5ytYR1So/getUpdates "HTTP/1.1 200 OK"
2025-03-09 17:49:53,127 - httpx - INFO - HTTP Request: POST https://api.telegram.org/bot7947622045:AAHsINxjjK35EFgPUmGOB8y5DZD5ytYR1So/getUpdates "HTTP/1.1 200 OK"
2025-03-09 17:50:03,256 - httpx - INFO - HTTP Request: POST https://api.telegram.org/bot7947622045:AAHsINxjjK35EFgPUmGOB8y5DZD5ytYR1So/getUpdates "HTTP/1.1 200 OK"
2025-03-09 17:50:13,607 - httpx - INFO - HTTP Request: POST https://api.telegram.org/bot7947622045:AAHsINxjjK35EFgPUmGOB8y5DZD5ytYR1So/getUpdates "HTTP/1.1 200 OK"
2025-03-09 17:50:23,873 - httpx - INFO - HTTP Request: POST https://api.telegram.org/bot7947622045:AAHsINxjjK35EFgPUmGOB8y5DZD5ytYR1So/getUpdates "HTTP/1.1 200 OK"
2025-03-09 17:50:34,189 - httpx - INFO - HTTP Request: POST https://api.telegram.org/bot7947622045:AAHsINxjjK35EFgPUmGOB8y5DZD5ytYR1So/getUpdates "HTTP/1.1 200 OK"
2025-03-09 17:50:44,601 - httpx - INFO - HTTP Request: POST https://api.telegram.org/bot7947622045:AAHsINxjjK35EFgPUmGOB8y5DZD5ytYR1So/getUpdates "HTTP/1.1 200 OK"
2025-03-09 17:50:54,824 - httpx - INFO - HTTP Request: POST https://api.telegram.org/bot7947622045:AAHsINxjjK35EFgPUmGOB8y5DZD5ytYR1So/getUpdates "HTTP/1.1 200 OK"
2025-03-09 17:51:06,477 - httpx - INFO - HTTP Request: POST https://api.telegram.org/bot7947622045:AAHsINxjjK35EFgPUmGOB8y5DZD5ytYR1So/getUpdates "HTTP/1.1 200 OK"
2025-03-09 17:51:16,895 - httpx - INFO - HTTP Request: POST https://api.telegram.org/bot7947622045:AAHsINxjjK35EFgPUmGOB8y5DZD5ytYR1So/getUpdates "HTTP/1.1 200 OK"
2025-03-09 17:51:27,051 - httpx - INFO - HTTP Request: POST https://api.telegram.org/bot7947622045:AAHsINxjjK35EFgPUmGOB8y5DZD5ytYR1So/getUpdates "HTTP/1.1 200 OK"
2025-03-09 17:51:37,180 - httpx - INFO - HTTP Request: POST https://api.telegram.org/bot7947622045:AAHsINxjjK35EFgPUmGOB8y5DZD5ytYR1So/getUpdates "HTTP/1.1 200 OK"
2025-03-09 17:51:47,611 - httpx - INFO - HTTP Request: POST https://api.telegram.org/bot7947622045:AAHsINxjjK35EFgPUmGOB8y5DZD5ytYR1So/getUpdates "HTTP/1.1 200 OK"
2025-03-09 17:51:58,063 - httpx - INFO - HTTP Request: POST https://api.telegram.org/bot7947622045:AAHsINxjjK35EFgPUmGOB8y5DZD5ytYR1So/getUpdates "HTTP/1.1 200 OK"
2025-03-09 17:52:08,222 - httpx - INFO - HTTP Request: POST https://api.telegram.org/bot7947622045:AAHsINxjjK35EFgPUmGOB8y5DZD5ytYR1So/getUpdates "HTTP/1.1 200 OK"
2025-03-09 17:52:18,639 - httpx - INFO - HTTP Request: POST https://api.telegram.org/bot7947622045:AAHsINxjjK35EFgPUmGOB8y5DZD5ytYR1So/getUpdates "HTTP/1.1 200 OK"
2025-03-09 17:52:28,773 - httpx - INFO - HTTP Request: POST https://api.telegram.org/bot7947622045:AAHsINxjjK35EFgPUmGOB8y5DZD5ytYR1So/getUpdates "HTTP/1.1 200 OK"
2025-03-09 17:52:38,892 - httpx - INFO - HTTP Request: POST https://api.telegram.org/bot7947622045:AAHsINxjjK35EFgPUmGOB8y5DZD5ytYR1So/getUpdates "HTTP/1.1 200 OK"
2025-03-09 17:52:49,051 - httpx - INFO - HTTP Request: POST https://api.telegram.org/bot7947622045:AAHsINxjjK35EFgPUmGOB8y5DZD5ytYR1So/getUpdates "HTTP/1.1 200 OK"
2025-03-09 17:52:59,161 - httpx - INFO - HTTP Request: POST https://api.telegram.org/bot7947622045:AAHsINxjjK35EFgPUmGOB8y5DZD5ytYR1So/getUpdates "HTTP/1.1 200 OK"
2025-03-09 17:53:09,281 - httpx - INFO - HTTP Request: POST https://api.telegram.org/bot7947622045:AAHsINxjjK35EFgPUmGOB8y5DZD5ytYR1So/getUpdates "HTTP/1.1 200 OK"
2025-03-09 17:53:19,469 - httpx - INFO - HTTP Request: POST https://api.telegram.org/bot7947622045:AAHsINxjjK35EFgPUmGOB8y5DZD5ytYR1So/getUpdates "HTTP/1.1 200 OK"
2025-03-09 17:53:29,727 - httpx - INFO - HTTP Request: POST https://api.telegram.org/bot7947622045:AAHsINxjjK35EFgPUmGOB8y5DZD5ytYR1So/getUpdates "HTTP/1.1 200 OK"
2025-03-09 17:53:40,048 - httpx - INFO - HTTP Request: POST https://api.telegram.org/bot7947622045:AAHsINxjjK35EFgPUmGOB8y5DZD5ytYR1So/getUpdates "HTTP/1.1 200 OK"
2025-03-09 17:53:50,185 - httpx - INFO - HTTP Request: POST https://api.telegram.org/bot7947622045:AAHsINxjjK35EFgPUmGOB8y5DZD5ytYR1So/getUpdates "HTTP/1.1 200 OK"
2025-03-09 17:54:00,296 - httpx - INFO - HTTP Request: POST https://api.telegram.org/bot7947622045:AAHsINxjjK35EFgPUmGOB8y5DZD5ytYR1So/getUpdates "HTTP/1.1 200 OK"
2025-03-09 17:54:10,433 - httpx - INFO - HTTP Request: POST https://api.telegram.org/bot7947622045:AAHsINxjjK35EFgPUmGOB8y5DZD5ytYR1So/getUpdates "HTTP/1.1 200 OK"
2025-03-09 17:54:20,557 - httpx - INFO - HTTP Request: POST https://api.telegram.org/bot7947622045:AAHsINxjjK35EFgPUmGOB8y5DZD5ytYR1So/getUpdates "HTTP/1.1 200 OK"
2025-03-09 17:54:31,351 - httpx - INFO - HTTP Request: POST https://api.telegram.org/bot7947622045:AAHsINxjjK35EFgPUmGOB8y5DZD5ytYR1So/getUpdates "HTTP/1.1 200 OK"
2025-03-09 17:54:41,692 - httpx - INFO - HTTP Request: POST https://api.telegram.org/bot7947622045:AAHsINxjjK35EFgPUmGOB8y5DZD5ytYR1So/getUpdates "HTTP/1.1 200 OK"
2025-03-09 17:54:51,812 - httpx - INFO - HTTP Request: POST https://api.telegram.org/bot7947622045:AAHsINxjjK35EFgPUmGOB8y5DZD5ytYR1So/getUpdates "HTTP/1.1 200 OK"
2025-03-09 17:55:01,930 - httpx - INFO - HTTP Request: POST https://api.telegram.org/bot7947622045:AAHsINxjjK35EFgPUmGOB8y5DZD5ytYR1So/getUpdates "HTTP/1.1 200 OK"
2025-03-09 17:55:12,117 - httpx - INFO - HTTP Request: POST https://api.telegram.org/bot7947622045:AAHsINxjjK35EFgPUmGOB8y5DZD5ytYR1So/getUpdates "HTTP/1.1 200 OK"
2025-03-09 17:55:22,235 - httpx - INFO - HTTP Request: POST https://api.telegram.org/bot7947622045:AAHsINxjjK35EFgPUmGOB8y5DZD5ytYR1So/getUpdates "HTTP/1.1 200 OK"
2025-03-09 17:55:32,363 - httpx - INFO - HTTP Request: POST https://api.telegram.org/bot7947622045:AAHsINxjjK35EFgPUmGOB8y5DZD5ytYR1So/getUpdates "HTTP/1.1 200 OK"
2025-03-09 17:55:42,489 - httpx - INFO - HTTP Request: POST https://api.telegram.org/bot7947622045:AAHsINxjjK35EFgPUmGOB8y5DZD5ytYR1So/getUpdates "HTTP/1.1 200 OK"
2025-03-09 17:55:52,614 - httpx - INFO - HTTP Request: POST https://api.telegram.org/bot7947622045:AAHsINxjjK35EFgPUmGOB8y5DZD5ytYR1So/getUpdates "HTTP/1.1 200 OK"
2025-03-09 17:56:02,740 - httpx - INFO - HTTP Request: POST https://api.telegram.org/bot7947622045:AAHsINxjjK35EFgPUmGOB8y5DZD5ytYR1So/getUpdates "HTTP/1.1 200 OK"
2025-03-09 17:56:13,342 - httpx - INFO - HTTP Request: POST https://api.telegram.org/bot7947622045:AAHsINxjjK35EFgPUmGOB8y5DZD5ytYR1So/getUpdates "HTTP/1.1 200 OK"
2025-03-09 17:56:23,746 - httpx - INFO - HTTP Request: POST https://api.telegram.org/bot7947622045:AAHsINxjjK35EFgPUmGOB8y5DZD5ytYR1So/getUpdates "HTTP/1.1 200 OK"
2025-03-09 17:56:33,924 - httpx - INFO - HTTP Request: POST https://api.telegram.org/bot7947622045:AAHsINxjjK35EFgPUmGOB8y5DZD5ytYR1So/getUpdates "HTTP/1.1 200 OK"
2025-03-09 17:56:44,677 - httpx - INFO - HTTP Request: POST https://api.telegram.org/bot7947622045:AAHsINxjjK35EFgPUmGOB8y5DZD5ytYR1So/getUpdates "HTTP/1.1 200 OK"
2025-03-09 17:56:54,815 - httpx - INFO - HTTP Request: POST https://api.telegram.org/bot7947622045:AAHsINxjjK35EFgPUmGOB8y5DZD5ytYR1So/getUpdates "HTTP/1.1 200 OK"
2025-03-09 17:57:05,322 - httpx - INFO - HTTP Request: POST https://api.telegram.org/bot7947622045:AAHsINxjjK35EFgPUmGOB8y5DZD5ytYR1So/getUpdates "HTTP/1.1 200 OK"
2025-03-09 17:57:15,452 - httpx - INFO - HTTP Request: POST https://api.telegram.org/bot7947622045:AAHsINxjjK35EFgPUmGOB8y5DZD5ytYR1So/getUpdates "HTTP/1.1 200 OK"
2025-03-09 17:57:25,846 - httpx - INFO - HTTP Request: POST https://api.telegram.org/bot7947622045:AAHsINxjjK35EFgPUmGOB8y5DZD5ytYR1So/getUpdates "HTTP/1.1 200 OK"
2025-03-09 17:57:36,287 - httpx - INFO - HTTP Request: POST https://api.telegram.org/bot7947622045:AAHsINxjjK35EFgPUmGOB8y5DZD5ytYR1So/getUpdates "HTTP/1.1 200 OK"
2025-03-09 17:57:46,732 - httpx - INFO - HTTP Request: POST https://api.telegram.org/bot7947622045:AAHsINxjjK35EFgPUmGOB8y5DZD5ytYR1So/getUpdates "HTTP/1.1 200 OK"
2025-03-09 17:57:56,867 - httpx - INFO - HTTP Request: POST https://api.telegram.org/bot7947622045:AAHsINxjjK35EFgPUmGOB8y5DZD5ytYR1So/getUpdates "HTTP/1.1 200 OK"
2025-03-09 17:58:07,011 - httpx - INFO - HTTP Request: POST https://api.telegram.org/bot7947622045:AAHsINxjjK35EFgPUmGOB8y5DZD5ytYR1So/getUpdates "HTTP/1.1 200 OK"
2025-03-09 17:58:17,146 - httpx - INFO - HTTP Request: POST https://api.telegram.org/bot7947622045:AAHsINxjjK35EFgPUmGOB8y5DZD5ytYR1So/getUpdates "HTTP/1.1 200 OK"
2025-03-09 17:58:27,283 - httpx - INFO - HTTP Request: POST https://api.telegram.org/bot7947622045:AAHsINxjjK35EFgPUmGOB8y5DZD5ytYR1So/getUpdates "HTTP/1.1 200 OK"
2025-03-09 17:58:37,422 - httpx - INFO - HTTP Request: POST https://api.telegram.org/bot7947622045:AAHsINxjjK35EFgPUmGOB8y5DZD5ytYR1So/getUpdates "HTTP/1.1 200 OK"
2025-03-09 17:58:47,529 - httpx - INFO - HTTP Request: POST https://api.telegram.org/bot7947622045:AAHsINxjjK35EFgPUmGOB8y5DZD5ytYR1So/getUpdates "HTTP/1.1 200 OK"
2025-03-09 17:58:57,696 - httpx - INFO - HTTP Request: POST https://api.telegram.org/bot7947622045:AAHsINxjjK35EFgPUmGOB8y5DZD5ytYR1So/getUpdates "HTTP/1.1 200 OK"
2025-03-09 17:59:07,795 - httpx - INFO - HTTP Request: POST https://api.telegram.org/bot7947622045:AAHsINxjjK35EFgPUmGOB8y5DZD5ytYR1So/getUpdates "HTTP/1.1 200 OK"
2025-03-09 17:59:17,907 - httpx - INFO - HTTP Request: POST https://api.telegram.org/bot7947622045:AAHsINxjjK35EFgPUmGOB8y5DZD5ytYR1So/getUpdates "HTTP/1.1 200 OK"
2025-03-09 17:59:28,028 - httpx - INFO - HTTP Request: POST https://api.telegram.org/bot7947622045:AAHsINxjjK35EFgPUmGOB8y5DZD5ytYR1So/getUpdates "HTTP/1.1 200 OK"
2025-03-09 17:59:38,250 - httpx - INFO - HTTP Request: POST https://api.telegram.org/bot7947622045:AAHsINxjjK35EFgPUmGOB8y5DZD5ytYR1So/getUpdates "HTTP/1.1 200 OK"
2025-03-09 17:59:48,389 - httpx - INFO - HTTP Request: POST https://api.telegram.org/bot7947622045:AAHsINxjjK35EFgPUmGOB8y5DZD5ytYR1So/getUpdates "HTTP/1.1 200 OK"
2025-03-09 17:59:58,502 - httpx - INFO - HTTP Request: POST https://api.telegram.org/bot7947622045:AAHsINxjjK35EFgPUmGOB8y5DZD5ytYR1So/getUpdates "HTTP/1.1 200 OK"
2025-03-09 18:00:08,672 - httpx - INFO - HTTP Request: POST https://api.telegram.org/bot7947622045:AAHsINxjjK35EFgPUmGOB8y5DZD5ytYR1So/getUpdates "HTTP/1.1 200 OK"
2025-03-09 18:00:19,103 - httpx - INFO - HTTP Request: POST https://api.telegram.org/bot7947622045:AAHsINxjjK35EFgPUmGOB8y5DZD5ytYR1So/getUpdates "HTTP/1.1 200 OK"
2025-03-09 18:00:29,242 - httpx - INFO - HTTP Request: POST https://api.telegram.org/bot7947622045:AAHsINxjjK35EFgPUmGOB8y5DZD5ytYR1So/getUpdates "HTTP/1.1 200 OK"
2025-03-09 18:00:39,384 - httpx - INFO - HTTP Request: POST https://api.telegram.org/bot7947622045:AAHsINxjjK35EFgPUmGOB8y5DZD5ytYR1So/getUpdates "HTTP/1.1 200 OK"
2025-03-09 18:00:49,519 - httpx - INFO - HTTP Request: POST https://api.telegram.org/bot7947622045:AAHsINxjjK35EFgPUmGOB8y5DZD5ytYR1So/getUpdates "HTTP/1.1 200 OK"
2025-03-09 18:00:59,620 - httpx - INFO - HTTP Request: POST https://api.telegram.org/bot7947622045:AAHsINxjjK35EFgPUmGOB8y5DZD5ytYR1So/getUpdates "HTTP/1.1 200 OK"
2025-03-09 18:01:10,029 - httpx - INFO - HTTP Request: POST https://api.telegram.org/bot7947622045:AAHsINxjjK35EFgPUmGOB8y5DZD5ytYR1So/getUpdates "HTTP/1.1 200 OK"
2025-03-09 18:01:20,546 - httpx - INFO - HTTP Request: POST https://api.telegram.org/bot7947622045:AAHsINxjjK35EFgPUmGOB8y5DZD5ytYR1So/getUpdates "HTTP/1.1 200 OK"
2025-03-09 18:01:30,672 - httpx - INFO - HTTP Request: POST https://api.telegram.org/bot7947622045:AAHsINxjjK35EFgPUmGOB8y5DZD5ytYR1So/getUpdates "HTTP/1.1 200 OK"
2025-03-09 18:01:40,821 - httpx - INFO - HTTP Request: POST https://api.telegram.org/bot7947622045:AAHsINxjjK35EFgPUmGOB8y5DZD5ytYR1So/getUpdates "HTTP/1.1 200 OK"
2025-03-09 18:01:50,957 - httpx - INFO - HTTP Request: POST https://api.telegram.org/bot7947622045:AAHsINxjjK35EFgPUmGOB8y5DZD5ytYR1So/getUpdates "HTTP/1.1 200 OK"
2025-03-09 18:02:01,092 - httpx - INFO - HTTP Request: POST https://api.telegram.org/bot7947622045:AAHsINxjjK35EFgPUmGOB8y5DZD5ytYR1So/getUpdates "HTTP/1.1 200 OK"
2025-03-09 18:02:11,236 - httpx - INFO - HTTP Request: POST https://api.telegram.org/bot7947622045:AAHsINxjjK35EFgPUmGOB8y5DZD5ytYR1So/getUpdates "HTTP/1.1 200 OK"
2025-03-09 18:02:21,408 - httpx - INFO - HTTP Request: POST https://api.telegram.org/bot7947622045:AAHsINxjjK35EFgPUmGOB8y5DZD5ytYR1So/getUpdates "HTTP/1.1 200 OK"
2025-03-09 18:02:31,810 - httpx - INFO - HTTP Request: POST https://api.telegram.org/bot7947622045:AAHsINxjjK35EFgPUmGOB8y5DZD5ytYR1So/getUpdates "HTTP/1.1 200 OK"
2025-03-09 18:02:41,944 - httpx - INFO - HTTP Request: POST https://api.telegram.org/bot7947622045:AAHsINxjjK35EFgPUmGOB8y5DZD5ytYR1So/getUpdates "HTTP/1.1 200 OK"
2025-03-09 18:02:52,080 - httpx - INFO - HTTP Request: POST https://api.telegram.org/bot7947622045:AAHsINxjjK35EFgPUmGOB8y5DZD5ytYR1So/getUpdates "HTTP/1.1 200 OK"
2025-03-09 18:03:02,526 - httpx - INFO - HTTP Request: POST https://api.telegram.org/bot7947622045:AAHsINxjjK35EFgPUmGOB8y5DZD5ytYR1So/getUpdates "HTTP/1.1 200 OK"
2025-03-09 18:03:12,681 - httpx - INFO - HTTP Request: POST https://api.telegram.org/bot7947622045:AAHsINxjjK35EFgPUmGOB8y5DZD5ytYR1So/getUpdates "HTTP/1.1 200 OK"
2025-03-09 18:03:22,797 - httpx - INFO - HTTP Request: POST https://api.telegram.org/bot7947622045:AAHsINxjjK35EFgPUmGOB8y5DZD5ytYR1So/getUpdates "HTTP/1.1 200 OK"
2025-03-09 18:03:33,242 - httpx - INFO - HTTP Request: POST https://api.telegram.org/bot7947622045:AAHsINxjjK35EFgPUmGOB8y5DZD5ytYR1So/getUpdates "HTTP/1.1 200 OK"
2025-03-09 18:03:43,355 - httpx - INFO - HTTP Request: POST https://api.telegram.org/bot7947622045:AAHsINxjjK35EFgPUmGOB8y5DZD5ytYR1So/getUpdates "HTTP/1.1 200 OK"
2025-03-09 18:03:53,477 - httpx - INFO - HTTP Request: POST https://api.telegram.org/bot7947622045:AAHsINxjjK35EFgPUmGOB8y5DZD5ytYR1So/getUpdates "HTTP/1.1 200 OK"
2025-03-09 18:04:03,964 - httpx - INFO - HTTP Request: POST https://api.telegram.org/bot7947622045:AAHsINxjjK35EFgPUmGOB8y5DZD5ytYR1So/getUpdates "HTTP/1.1 200 OK"
2025-03-09 18:04:14,102 - httpx - INFO - HTTP Request: POST https://api.telegram.org/bot7947622045:AAHsINxjjK35EFgPUmGOB8y5DZD5ytYR1So/getUpdates "HTTP/1.1 200 OK"
2025-03-09 18:04:24,311 - httpx - INFO - HTTP Request: POST https://api.telegram.org/bot7947622045:AAHsINxjjK35EFgPUmGOB8y5DZD5ytYR1So/getUpdates "HTTP/1.1 200 OK"
2025-03-09 18:04:34,684 - httpx - INFO - HTTP Request: POST https://api.telegram.org/bot7947622045:AAHsINxjjK35EFgPUmGOB8y5DZD5ytYR1So/getUpdates "HTTP/1.1 200 OK"
2025-03-09 18:04:44,821 - httpx - INFO - HTTP Request: POST https://api.telegram.org/bot7947622045:AAHsINxjjK35EFgPUmGOB8y5DZD5ytYR1So/getUpdates "HTTP/1.1 200 OK"
2025-03-09 18:04:54,959 - httpx - INFO - HTTP Request: POST https://api.telegram.org/bot7947622045:AAHsINxjjK35EFgPUmGOB8y5DZD5ytYR1So/getUpdates "HTTP/1.1 200 OK"
2025-03-09 18:05:05,098 - httpx - INFO - HTTP Request: POST https://api.telegram.org/bot7947622045:AAHsINxjjK35EFgPUmGOB8y5DZD5ytYR1So/getUpdates "HTTP/1.1 200 OK"
2025-03-09 18:05:15,208 - httpx - INFO - HTTP Request: POST https://api.telegram.org/bot7947622045:AAHsINxjjK35EFgPUmGOB8y5DZD5ytYR1So/getUpdates "HTTP/1.1 200 OK"
2025-03-09 18:05:25,309 - httpx - INFO - HTTP Request: POST https://api.telegram.org/bot7947622045:AAHsINxjjK35EFgPUmGOB8y5DZD5ytYR1So/getUpdates "HTTP/1.1 200 OK"
2025-03-09 18:05:35,428 - httpx - INFO - HTTP Request: POST https://api.telegram.org/bot7947622045:AAHsINxjjK35EFgPUmGOB8y5DZD5ytYR1So/getUpdates "HTTP/1.1 200 OK"
2025-03-09 18:05:45,525 - httpx - INFO - HTTP Request: POST https://api.telegram.org/bot7947622045:AAHsINxjjK35EFgPUmGOB8y5DZD5ytYR1So/getUpdates "HTTP/1.1 200 OK"
2025-03-09 18:05:56,093 - httpx - INFO - HTTP Request: POST https://api.telegram.org/bot7947622045:AAHsINxjjK35EFgPUmGOB8y5DZD5ytYR1So/getUpdates "HTTP/1.1 200 OK"
2025-03-09 18:06:06,246 - httpx - INFO - HTTP Request: POST https://api.telegram.org/bot7947622045:AAHsINxjjK35EFgPUmGOB8y5DZD5ytYR1So/getUpdates "HTTP/1.1 200 OK"
2025-03-09 18:06:16,359 - httpx - INFO - HTTP Request: POST https://api.telegram.org/bot7947622045:AAHsINxjjK35EFgPUmGOB8y5DZD5ytYR1So/getUpdates "HTTP/1.1 200 OK"
2025-03-09 18:06:26,479 - httpx - INFO - HTTP Request: POST https://api.telegram.org/bot7947622045:AAHsINxjjK35EFgPUmGOB8y5DZD5ytYR1So/getUpdates "HTTP/1.1 200 OK"
2025-03-09 18:06:36,621 - httpx - INFO - HTTP Request: POST https://api.telegram.org/bot7947622045:AAHsINxjjK35EFgPUmGOB8y5DZD5ytYR1So/getUpdates "HTTP/1.1 200 OK"
2025-03-09 18:06:46,788 - httpx - INFO - HTTP Request: POST https://api.telegram.org/bot7947622045:AAHsINxjjK35EFgPUmGOB8y5DZD5ytYR1So/getUpdates "HTTP/1.1 200 OK"
2025-03-09 18:06:56,887 - httpx - INFO - HTTP Request: POST https://api.telegram.org/bot7947622045:AAHsINxjjK35EFgPUmGOB8y5DZD5ytYR1So/getUpdates "HTTP/1.1 200 OK"
2025-03-09 18:07:07,243 - httpx - INFO - HTTP Request: POST https://api.telegram.org/bot7947622045:AAHsINxjjK35EFgPUmGOB8y5DZD5ytYR1So/getUpdates "HTTP/1.1 200 OK"
2025-03-09 18:07:17,502 - httpx - INFO - HTTP Request: POST https://api.telegram.org/bot7947622045:AAHsINxjjK35EFgPUmGOB8y5DZD5ytYR1So/getUpdates "HTTP/1.1 200 OK"
2025-03-09 18:07:27,621 - httpx - INFO - HTTP Request: POST https://api.telegram.org/bot7947622045:AAHsINxjjK35EFgPUmGOB8y5DZD5ytYR1So/getUpdates "HTTP/1.1 200 OK"
2025-03-09 18:07:37,731 - httpx - INFO - HTTP Request: POST https://api.telegram.org/bot7947622045:AAHsINxjjK35EFgPUmGOB8y5DZD5ytYR1So/getUpdates "HTTP/1.1 200 OK"
2025-03-09 18:07:47,917 - httpx - INFO - HTTP Request: POST https://api.telegram.org/bot7947622045:AAHsINxjjK35EFgPUmGOB8y5DZD5ytYR1So/getUpdates "HTTP/1.1 200 OK"
2025-03-09 18:07:58,020 - httpx - INFO - HTTP Request: POST https://api.telegram.org/bot7947622045:AAHsINxjjK35EFgPUmGOB8y5DZD5ytYR1So/getUpdates "HTTP/1.1 200 OK"
2025-03-09 18:08:08,345 - httpx - INFO - HTTP Request: POST https://api.telegram.org/bot7947622045:AAHsINxjjK35EFgPUmGOB8y5DZD5ytYR1So/getUpdates "HTTP/1.1 200 OK"
2025-03-09 18:08:18,445 - httpx - INFO - HTTP Request: POST https://api.telegram.org/bot7947622045:AAHsINxjjK35EFgPUmGOB8y5DZD5ytYR1So/getUpdates "HTTP/1.1 200 OK"
2025-03-09 18:08:28,537 - httpx - INFO - HTTP Request: POST https://api.telegram.org/bot7947622045:AAHsINxjjK35EFgPUmGOB8y5DZD5ytYR1So/getUpdates "HTTP/1.1 200 OK"
2025-03-09 18:08:38,797 - httpx - INFO - HTTP Request: POST https://api.telegram.org/bot7947622045:AAHsINxjjK35EFgPUmGOB8y5DZD5ytYR1So/getUpdates "HTTP/1.1 200 OK"
2025-03-09 18:08:49,048 - httpx - INFO - HTTP Request: POST https://api.telegram.org/bot7947622045:AAHsINxjjK35EFgPUmGOB8y5DZD5ytYR1So/getUpdates "HTTP/1.1 200 OK"
2025-03-09 18:08:59,184 - httpx - INFO - HTTP Request: POST https://api.telegram.org/bot7947622045:AAHsINxjjK35EFgPUmGOB8y5DZD5ytYR1So/getUpdates "HTTP/1.1 200 OK"
2025-03-09 18:09:09,323 - httpx - INFO - HTTP Request: POST https://api.telegram.org/bot7947622045:AAHsINxjjK35EFgPUmGOB8y5DZD5ytYR1So/getUpdates "HTTP/1.1 200 OK"
2025-03-09 18:09:19,410 - httpx - INFO - HTTP Request: POST https://api.telegram.org/bot7947622045:AAHsINxjjK35EFgPUmGOB8y5DZD5ytYR1So/getUpdates "HTTP/1.1 200 OK"
2025-03-09 18:09:29,598 - httpx - INFO - HTTP Request: POST https://api.telegram.org/bot7947622045:AAHsINxjjK35EFgPUmGOB8y5DZD5ytYR1So/getUpdates "HTTP/1.1 200 OK"
2025-03-09 18:09:40,047 - httpx - INFO - HTTP Request: POST https://api.telegram.org/bot7947622045:AAHsINxjjK35EFgPUmGOB8y5DZD5ytYR1So/getUpdates "HTTP/1.1 200 OK"
2025-03-09 18:09:50,288 - httpx - INFO - HTTP Request: POST https://api.telegram.org/bot7947622045:AAHsINxjjK35EFgPUmGOB8y5DZD5ytYR1So/getUpdates "HTTP/1.1 200 OK"
2025-03-09 18:10:00,413 - httpx - INFO - HTTP Request: POST https://api.telegram.org/bot7947622045:AAHsINxjjK35EFgPUmGOB8y5DZD5ytYR1So/getUpdates "HTTP/1.1 200 OK"
2025-03-09 18:10:10,764 - httpx - INFO - HTTP Request: POST https://api.telegram.org/bot7947622045:AAHsINxjjK35EFgPUmGOB8y5DZD5ytYR1So/getUpdates "HTTP/1.1 200 OK"
2025-03-09 18:10:21,209 - httpx - INFO - HTTP Request: POST https://api.telegram.org/bot7947622045:AAHsINxjjK35EFgPUmGOB8y5DZD5ytYR1So/getUpdates "HTTP/1.1 200 OK"
2025-03-09 18:10:31,654 - httpx - INFO - HTTP Request: POST https://api.telegram.org/bot7947622045:AAHsINxjjK35EFgPUmGOB8y5DZD5ytYR1So/getUpdates "HTTP/1.1 200 OK"
2025-03-09 18:10:41,793 - httpx - INFO - HTTP Request: POST https://api.telegram.org/bot7947622045:AAHsINxjjK35EFgPUmGOB8y5DZD5ytYR1So/getUpdates "HTTP/1.1 200 OK"
2025-03-09 18:10:51,930 - httpx - INFO - HTTP Request: POST https://api.telegram.org/bot7947622045:AAHsINxjjK35EFgPUmGOB8y5DZD5ytYR1So/getUpdates "HTTP/1.1 200 OK"
2025-03-09 18:11:02,067 - httpx - INFO - HTTP Request: POST https://api.telegram.org/bot7947622045:AAHsINxjjK35EFgPUmGOB8y5DZD5ytYR1So/getUpdates "HTTP/1.1 200 OK"
2025-03-09 18:11:12,177 - httpx - INFO - HTTP Request: POST https://api.telegram.org/bot7947622045:AAHsINxjjK35EFgPUmGOB8y5DZD5ytYR1So/getUpdates "HTTP/1.1 200 OK"
2025-03-09 18:11:22,343 - httpx - INFO - HTTP Request: POST https://api.telegram.org/bot7947622045:AAHsINxjjK35EFgPUmGOB8y5DZD5ytYR1So/getUpdates "HTTP/1.1 200 OK"
2025-03-09 18:11:32,792 - httpx - INFO - HTTP Request: POST https://api.telegram.org/bot7947622045:AAHsINxjjK35EFgPUmGOB8y5DZD5ytYR1So/getUpdates "HTTP/1.1 200 OK"
2025-03-09 18:11:43,232 - httpx - INFO - HTTP Request: POST https://api.telegram.org/bot7947622045:AAHsINxjjK35EFgPUmGOB8y5DZD5ytYR1So/getUpdates "HTTP/1.1 200 OK"
2025-03-09 18:11:53,362 - httpx - INFO - HTTP Request: POST https://api.telegram.org/bot7947622045:AAHsINxjjK35EFgPUmGOB8y5DZD5ytYR1So/getUpdates "HTTP/1.1 200 OK"
2025-03-09 18:12:03,453 - httpx - INFO - HTTP Request: POST https://api.telegram.org/bot7947622045:AAHsINxjjK35EFgPUmGOB8y5DZD5ytYR1So/getUpdates "HTTP/1.1 200 OK"
2025-03-09 18:12:13,952 - httpx - INFO - HTTP Request: POST https://api.telegram.org/bot7947622045:AAHsINxjjK35EFgPUmGOB8y5DZD5ytYR1So/getUpdates "HTTP/1.1 200 OK"
2025-03-09 18:12:24,101 - httpx - INFO - HTTP Request: POST https://api.telegram.org/bot7947622045:AAHsINxjjK35EFgPUmGOB8y5DZD5ytYR1So/getUpdates "HTTP/1.1 200 OK"
2025-03-09 18:12:34,535 - httpx - INFO - HTTP Request: POST https://api.telegram.org/bot7947622045:AAHsINxjjK35EFgPUmGOB8y5DZD5ytYR1So/getUpdates "HTTP/1.1 200 OK"
2025-03-09 18:12:44,947 - httpx - INFO - HTTP Request: POST https://api.telegram.org/bot7947622045:AAHsINxjjK35EFgPUmGOB8y5DZD5ytYR1So/getUpdates "HTTP/1.1 200 OK"
2025-03-09 18:12:55,089 - httpx - INFO - HTTP Request: POST https://api.telegram.org/bot7947622045:AAHsINxjjK35EFgPUmGOB8y5DZD5ytYR1So/getUpdates "HTTP/1.1 200 OK"
2025-03-09 18:13:05,191 - httpx - INFO - HTTP Request: POST https://api.telegram.org/bot7947622045:AAHsINxjjK35EFgPUmGOB8y5DZD5ytYR1So/getUpdates "HTTP/1.1 200 OK"
2025-03-09 18:13:15,324 - httpx - INFO - HTTP Request: POST https://api.telegram.org/bot7947622045:AAHsINxjjK35EFgPUmGOB8y5DZD5ytYR1So/getUpdates "HTTP/1.1 200 OK"
2025-03-09 18:13:27,066 - httpx - INFO - HTTP Request: POST https://api.telegram.org/bot7947622045:AAHsINxjjK35EFgPUmGOB8y5DZD5ytYR1So/getUpdates "HTTP/1.1 200 OK"
2025-03-09 18:13:37,209 - httpx - INFO - HTTP Request: POST https://api.telegram.org/bot7947622045:AAHsINxjjK35EFgPUmGOB8y5DZD5ytYR1So/getUpdates "HTTP/1.1 200 OK"
2025-03-09 18:13:47,452 - httpx - INFO - HTTP Request: POST https://api.telegram.org/bot7947622045:AAHsINxjjK35EFgPUmGOB8y5DZD5ytYR1So/getUpdates "HTTP/1.1 200 OK"
2025-03-09 18:13:57,788 - httpx - INFO - HTTP Request: POST https://api.telegram.org/bot7947622045:AAHsINxjjK35EFgPUmGOB8y5DZD5ytYR1So/getUpdates "HTTP/1.1 200 OK"
2025-03-09 18:14:08,233 - httpx - INFO - HTTP Request: POST https://api.telegram.org/bot7947622045:AAHsINxjjK35EFgPUmGOB8y5DZD5ytYR1So/getUpdates "HTTP/1.1 200 OK"
2025-03-09 18:14:18,320 - httpx - INFO - HTTP Request: POST https://api.telegram.org/bot7947622045:AAHsINxjjK35EFgPUmGOB8y5DZD5ytYR1So/getUpdates "HTTP/1.1 200 OK"
2025-03-09 18:14:28,814 - httpx - INFO - HTTP Request: POST https://api.telegram.org/bot7947622045:AAHsINxjjK35EFgPUmGOB8y5DZD5ytYR1So/getUpdates "HTTP/1.1 200 OK"
2025-03-09 18:14:38,952 - httpx - INFO - HTTP Request: POST https://api.telegram.org/bot7947622045:AAHsINxjjK35EFgPUmGOB8y5DZD5ytYR1So/getUpdates "HTTP/1.1 200 OK"
2025-03-09 18:14:49,089 - httpx - INFO - HTTP Request: POST https://api.telegram.org/bot7947622045:AAHsINxjjK35EFgPUmGOB8y5DZD5ytYR1So/getUpdates "HTTP/1.1 200 OK"
2025-03-09 18:14:59,534 - httpx - INFO - HTTP Request: POST https://api.telegram.org/bot7947622045:AAHsINxjjK35EFgPUmGOB8y5DZD5ytYR1So/getUpdates "HTTP/1.1 200 OK"
2025-03-09 18:15:09,666 - httpx - INFO - HTTP Request: POST https://api.telegram.org/bot7947622045:AAHsINxjjK35EFgPUmGOB8y5DZD5ytYR1So/getUpdates "HTTP/1.1 200 OK"
2025-03-09 18:15:19,774 - httpx - INFO - HTTP Request: POST https://api.telegram.org/bot7947622045:AAHsINxjjK35EFgPUmGOB8y5DZD5ytYR1So/getUpdates "HTTP/1.1 200 OK"
2025-03-09 18:15:29,882 - httpx - INFO - HTTP Request: POST https://api.telegram.org/bot7947622045:AAHsINxjjK35EFgPUmGOB8y5DZD5ytYR1So/getUpdates "HTTP/1.1 200 OK"
2025-03-09 18:15:40,086 - httpx - INFO - HTTP Request: POST https://api.telegram.org/bot7947622045:AAHsINxjjK35EFgPUmGOB8y5DZD5ytYR1So/getUpdates "HTTP/1.1 200 OK"
2025-03-09 18:15:50,227 - httpx - INFO - HTTP Request: POST https://api.telegram.org/bot7947622045:AAHsINxjjK35EFgPUmGOB8y5DZD5ytYR1So/getUpdates "HTTP/1.1 200 OK"
2025-03-09 18:16:00,317 - httpx - INFO - HTTP Request: POST https://api.telegram.org/bot7947622045:AAHsINxjjK35EFgPUmGOB8y5DZD5ytYR1So/getUpdates "HTTP/1.1 200 OK"
2025-03-09 18:16:10,498 - httpx - INFO - HTTP Request: POST https://api.telegram.org/bot7947622045:AAHsINxjjK35EFgPUmGOB8y5DZD5ytYR1So/getUpdates "HTTP/1.1 200 OK"
2025-03-09 18:16:20,636 - httpx - INFO - HTTP Request: POST https://api.telegram.org/bot7947622045:AAHsINxjjK35EFgPUmGOB8y5DZD5ytYR1So/getUpdates "HTTP/1.1 200 OK"
2025-03-09 18:16:30,741 - httpx - INFO - HTTP Request: POST https://api.telegram.org/bot7947622045:AAHsINxjjK35EFgPUmGOB8y5DZD5ytYR1So/getUpdates "HTTP/1.1 200 OK"
2025-03-09 18:16:41,221 - httpx - INFO - HTTP Request: POST https://api.telegram.org/bot7947622045:AAHsINxjjK35EFgPUmGOB8y5DZD5ytYR1So/getUpdates "HTTP/1.1 200 OK"
2025-03-09 18:16:51,351 - httpx - INFO - HTTP Request: POST https://api.telegram.org/bot7947622045:AAHsINxjjK35EFgPUmGOB8y5DZD5ytYR1So/getUpdates "HTTP/1.1 200 OK"
2025-03-09 18:17:01,801 - httpx - INFO - HTTP Request: POST https://api.telegram.org/bot7947622045:AAHsINxjjK35EFgPUmGOB8y5DZD5ytYR1So/getUpdates "HTTP/1.1 200 OK"
2025-03-09 18:17:12,246 - httpx - INFO - HTTP Request: POST https://api.telegram.org/bot7947622045:AAHsINxjjK35EFgPUmGOB8y5DZD5ytYR1So/getUpdates "HTTP/1.1 200 OK"
2025-03-09 18:17:22,692 - httpx - INFO - HTTP Request: POST https://api.telegram.org/bot7947622045:AAHsINxjjK35EFgPUmGOB8y5DZD5ytYR1So/getUpdates "HTTP/1.1 200 OK"
2025-03-09 18:17:32,829 - httpx - INFO - HTTP Request: POST https://api.telegram.org/bot7947622045:AAHsINxjjK35EFgPUmGOB8y5DZD5ytYR1So/getUpdates "HTTP/1.1 200 OK"
2025-03-09 18:17:43,280 - httpx - INFO - HTTP Request: POST https://api.telegram.org/bot7947622045:AAHsINxjjK35EFgPUmGOB8y5DZD5ytYR1So/getUpdates "HTTP/1.1 200 OK"
2025-03-09 18:17:53,425 - httpx - INFO - HTTP Request: POST https://api.telegram.org/bot7947622045:AAHsINxjjK35EFgPUmGOB8y5DZD5ytYR1So/getUpdates "HTTP/1.1 200 OK"
2025-03-09 18:18:03,540 - httpx - INFO - HTTP Request: POST https://api.telegram.org/bot7947622045:AAHsINxjjK35EFgPUmGOB8y5DZD5ytYR1So/getUpdates "HTTP/1.1 200 OK"
2025-03-09 18:18:13,706 - httpx - INFO - HTTP Request: POST https://api.telegram.org/bot7947622045:AAHsINxjjK35EFgPUmGOB8y5DZD5ytYR1So/getUpdates "HTTP/1.1 200 OK"
2025-03-09 18:18:23,844 - httpx - INFO - HTTP Request: POST https://api.telegram.org/bot7947622045:AAHsINxjjK35EFgPUmGOB8y5DZD5ytYR1So/getUpdates "HTTP/1.1 200 OK"
2025-03-09 18:18:34,290 - httpx - INFO - HTTP Request: POST https://api.telegram.org/bot7947622045:AAHsINxjjK35EFgPUmGOB8y5DZD5ytYR1So/getUpdates "HTTP/1.1 200 OK"
2025-03-09 18:18:44,735 - httpx - INFO - HTTP Request: POST https://api.telegram.org/bot7947622045:AAHsINxjjK35EFgPUmGOB8y5DZD5ytYR1So/getUpdates "HTTP/1.1 200 OK"
2025-03-09 18:18:54,873 - httpx - INFO - HTTP Request: POST https://api.telegram.org/bot7947622045:AAHsINxjjK35EFgPUmGOB8y5DZD5ytYR1So/getUpdates "HTTP/1.1 200 OK"
2025-03-09 18:19:04,974 - httpx - INFO - HTTP Request: POST https://api.telegram.org/bot7947622045:AAHsINxjjK35EFgPUmGOB8y5DZD5ytYR1So/getUpdates "HTTP/1.1 200 OK"
2025-03-09 18:19:15,151 - httpx - INFO - HTTP Request: POST https://api.telegram.org/bot7947622045:AAHsINxjjK35EFgPUmGOB8y5DZD5ytYR1So/getUpdates "HTTP/1.1 200 OK"
2025-03-09 18:19:26,321 - httpx - INFO - HTTP Request: POST https://api.telegram.org/bot7947622045:AAHsINxjjK35EFgPUmGOB8y5DZD5ytYR1So/getUpdates "HTTP/1.1 200 OK"
2025-03-09 18:19:36,464 - httpx - INFO - HTTP Request: POST https://api.telegram.org/bot7947622045:AAHsINxjjK35EFgPUmGOB8y5DZD5ytYR1So/getUpdates "HTTP/1.1 200 OK"
2025-03-09 18:19:46,791 - httpx - INFO - HTTP Request: POST https://api.telegram.org/bot7947622045:AAHsINxjjK35EFgPUmGOB8y5DZD5ytYR1So/getUpdates "HTTP/1.1 200 OK"
2025-03-09 18:19:57,236 - httpx - INFO - HTTP Request: POST https://api.telegram.org/bot7947622045:AAHsINxjjK35EFgPUmGOB8y5DZD5ytYR1So/getUpdates "HTTP/1.1 200 OK"
2025-03-09 18:20:07,373 - httpx - INFO - HTTP Request: POST https://api.telegram.org/bot7947622045:AAHsINxjjK35EFgPUmGOB8y5DZD5ytYR1So/getUpdates "HTTP/1.1 200 OK"
2025-03-09 18:20:17,663 - httpx - INFO - HTTP Request: POST https://api.telegram.org/bot7947622045:AAHsINxjjK35EFgPUmGOB8y5DZD5ytYR1So/getUpdates "HTTP/1.1 200 OK"
2025-03-09 18:20:27,956 - httpx - INFO - HTTP Request: POST https://api.telegram.org/bot7947622045:AAHsINxjjK35EFgPUmGOB8y5DZD5ytYR1So/getUpdates "HTTP/1.1 200 OK"
2025-03-09 18:20:38,080 - httpx - INFO - HTTP Request: POST https://api.telegram.org/bot7947622045:AAHsINxjjK35EFgPUmGOB8y5DZD5ytYR1So/getUpdates "HTTP/1.1 200 OK"
2025-03-09 18:20:48,231 - httpx - INFO - HTTP Request: POST https://api.telegram.org/bot7947622045:AAHsINxjjK35EFgPUmGOB8y5DZD5ytYR1So/getUpdates "HTTP/1.1 200 OK"
2025-03-09 18:20:58,677 - httpx - INFO - HTTP Request: POST https://api.telegram.org/bot7947622045:AAHsINxjjK35EFgPUmGOB8y5DZD5ytYR1So/getUpdates "HTTP/1.1 200 OK"
2025-03-09 18:21:08,783 - httpx - INFO - HTTP Request: POST https://api.telegram.org/bot7947622045:AAHsINxjjK35EFgPUmGOB8y5DZD5ytYR1So/getUpdates "HTTP/1.1 200 OK"
2025-03-09 18:21:18,952 - httpx - INFO - HTTP Request: POST https://api.telegram.org/bot7947622045:AAHsINxjjK35EFgPUmGOB8y5DZD5ytYR1So/getUpdates "HTTP/1.1 200 OK"
2025-03-09 18:21:29,067 - httpx - INFO - HTTP Request: POST https://api.telegram.org/bot7947622045:AAHsINxjjK35EFgPUmGOB8y5DZD5ytYR1So/getUpdates "HTTP/1.1 200 OK"
2025-03-09 18:21:39,228 - httpx - INFO - HTTP Request: POST https://api.telegram.org/bot7947622045:AAHsINxjjK35EFgPUmGOB8y5DZD5ytYR1So/getUpdates "HTTP/1.1 200 OK"
2025-03-09 18:21:49,364 - httpx - INFO - HTTP Request: POST https://api.telegram.org/bot7947622045:AAHsINxjjK35EFgPUmGOB8y5DZD5ytYR1So/getUpdates "HTTP/1.1 200 OK"
2025-03-09 18:21:59,503 - httpx - INFO - HTTP Request: POST https://api.telegram.org/bot7947622045:AAHsINxjjK35EFgPUmGOB8y5DZD5ytYR1So/getUpdates "HTTP/1.1 200 OK"
2025-03-09 18:22:09,640 - httpx - INFO - HTTP Request: POST https://api.telegram.org/bot7947622045:AAHsINxjjK35EFgPUmGOB8y5DZD5ytYR1So/getUpdates "HTTP/1.1 200 OK"
2025-03-09 18:22:19,778 - httpx - INFO - HTTP Request: POST https://api.telegram.org/bot7947622045:AAHsINxjjK35EFgPUmGOB8y5DZD5ytYR1So/getUpdates "HTTP/1.1 200 OK"
2025-03-09 18:22:29,877 - httpx - INFO - HTTP Request: POST https://api.telegram.org/bot7947622045:AAHsINxjjK35EFgPUmGOB8y5DZD5ytYR1So/getUpdates "HTTP/1.1 200 OK"
2025-03-09 18:22:40,329 - httpx - INFO - HTTP Request: POST https://api.telegram.org/bot7947622045:AAHsINxjjK35EFgPUmGOB8y5DZD5ytYR1So/getUpdates "HTTP/1.1 200 OK"
2025-03-09 18:22:50,742 - httpx - INFO - HTTP Request: POST https://api.telegram.org/bot7947622045:AAHsINxjjK35EFgPUmGOB8y5DZD5ytYR1So/getUpdates "HTTP/1.1 200 OK"
2025-03-09 18:23:00,944 - httpx - INFO - HTTP Request: POST https://api.telegram.org/bot7947622045:AAHsINxjjK35EFgPUmGOB8y5DZD5ytYR1So/getUpdates "HTTP/1.1 200 OK"
2025-03-09 18:23:11,062 - httpx - INFO - HTTP Request: POST https://api.telegram.org/bot7947622045:AAHsINxjjK35EFgPUmGOB8y5DZD5ytYR1So/getUpdates "HTTP/1.1 200 OK"
2025-03-09 18:23:21,177 - httpx - INFO - HTTP Request: POST https://api.telegram.org/bot7947622045:AAHsINxjjK35EFgPUmGOB8y5DZD5ytYR1So/getUpdates "HTTP/1.1 200 OK"
2025-03-09 18:23:31,356 - httpx - INFO - HTTP Request: POST https://api.telegram.org/bot7947622045:AAHsINxjjK35EFgPUmGOB8y5DZD5ytYR1So/getUpdates "HTTP/1.1 200 OK"
2025-03-09 18:23:41,801 - httpx - INFO - HTTP Request: POST https://api.telegram.org/bot7947622045:AAHsINxjjK35EFgPUmGOB8y5DZD5ytYR1So/getUpdates "HTTP/1.1 200 OK"
2025-03-09 18:23:51,999 - httpx - INFO - HTTP Request: POST https://api.telegram.org/bot7947622045:AAHsINxjjK35EFgPUmGOB8y5DZD5ytYR1So/getUpdates "HTTP/1.1 200 OK"
2025-03-09 18:34:35,727 - httpx - INFO - HTTP Request: POST https://api.telegram.org/bot7947622045:AAHsINxjjK35EFgPUmGOB8y5DZD5ytYR1So/getUpdates "HTTP/1.1 200 OK"
2025-03-09 18:34:45,832 - httpx - INFO - HTTP Request: POST https://api.telegram.org/bot7947622045:AAHsINxjjK35EFgPUmGOB8y5DZD5ytYR1So/getUpdates "HTTP/1.1 200 OK"
2025-03-09 18:34:56,094 - httpx - INFO - HTTP Request: POST https://api.telegram.org/bot7947622045:AAHsINxjjK35EFgPUmGOB8y5DZD5ytYR1So/getUpdates "HTTP/1.1 200 OK"
2025-03-09 18:35:06,231 - httpx - INFO - HTTP Request: POST https://api.telegram.org/bot7947622045:AAHsINxjjK35EFgPUmGOB8y5DZD5ytYR1So/getUpdates "HTTP/1.1 200 OK"
2025-03-09 18:35:16,369 - httpx - INFO - HTTP Request: POST https://api.telegram.org/bot7947622045:AAHsINxjjK35EFgPUmGOB8y5DZD5ytYR1So/getUpdates "HTTP/1.1 200 OK"
2025-03-09 18:35:26,471 - httpx - INFO - HTTP Request: POST https://api.telegram.org/bot7947622045:AAHsINxjjK35EFgPUmGOB8y5DZD5ytYR1So/getUpdates "HTTP/1.1 200 OK"
2025-03-09 18:35:36,951 - httpx - INFO - HTTP Request: POST https://api.telegram.org/bot7947622045:AAHsINxjjK35EFgPUmGOB8y5DZD5ytYR1So/getUpdates "HTTP/1.1 200 OK"
2025-03-09 18:35:47,060 - httpx - INFO - HTTP Request: POST https://api.telegram.org/bot7947622045:AAHsINxjjK35EFgPUmGOB8y5DZD5ytYR1So/getUpdates "HTTP/1.1 200 OK"
2025-03-09 18:35:57,232 - httpx - INFO - HTTP Request: POST https://api.telegram.org/bot7947622045:AAHsINxjjK35EFgPUmGOB8y5DZD5ytYR1So/getUpdates "HTTP/1.1 200 OK"
2025-03-09 18:36:07,364 - httpx - INFO - HTTP Request: POST https://api.telegram.org/bot7947622045:AAHsINxjjK35EFgPUmGOB8y5DZD5ytYR1So/getUpdates "HTTP/1.1 200 OK"
2025-03-09 18:36:17,476 - httpx - INFO - HTTP Request: POST https://api.telegram.org/bot7947622045:AAHsINxjjK35EFgPUmGOB8y5DZD5ytYR1So/getUpdates "HTTP/1.1 200 OK"
2025-03-09 18:36:27,639 - httpx - INFO - HTTP Request: POST https://api.telegram.org/bot7947622045:AAHsINxjjK35EFgPUmGOB8y5DZD5ytYR1So/getUpdates "HTTP/1.1 200 OK"
2025-03-09 18:36:37,777 - httpx - INFO - HTTP Request: POST https://api.telegram.org/bot7947622045:AAHsINxjjK35EFgPUmGOB8y5DZD5ytYR1So/getUpdates "HTTP/1.1 200 OK"
2025-03-09 18:36:47,890 - httpx - INFO - HTTP Request: POST https://api.telegram.org/bot7947622045:AAHsINxjjK35EFgPUmGOB8y5DZD5ytYR1So/getUpdates "HTTP/1.1 200 OK"
2025-03-09 18:36:58,054 - httpx - INFO - HTTP Request: POST https://api.telegram.org/bot7947622045:AAHsINxjjK35EFgPUmGOB8y5DZD5ytYR1So/getUpdates "HTTP/1.1 200 OK"
2025-03-09 18:37:08,192 - httpx - INFO - HTTP Request: POST https://api.telegram.org/bot7947622045:AAHsINxjjK35EFgPUmGOB8y5DZD5ytYR1So/getUpdates "HTTP/1.1 200 OK"
2025-03-09 18:37:18,328 - httpx - INFO - HTTP Request: POST https://api.telegram.org/bot7947622045:AAHsINxjjK35EFgPUmGOB8y5DZD5ytYR1So/getUpdates "HTTP/1.1 200 OK"
2025-03-09 18:37:28,467 - httpx - INFO - HTTP Request: POST https://api.telegram.org/bot7947622045:AAHsINxjjK35EFgPUmGOB8y5DZD5ytYR1So/getUpdates "HTTP/1.1 200 OK"
2025-03-09 18:37:38,564 - httpx - INFO - HTTP Request: POST https://api.telegram.org/bot7947622045:AAHsINxjjK35EFgPUmGOB8y5DZD5ytYR1So/getUpdates "HTTP/1.1 200 OK"
2025-03-09 18:37:48,660 - httpx - INFO - HTTP Request: POST https://api.telegram.org/bot7947622045:AAHsINxjjK35EFgPUmGOB8y5DZD5ytYR1So/getUpdates "HTTP/1.1 200 OK"
2025-03-09 18:37:58,759 - httpx - INFO - HTTP Request: POST https://api.telegram.org/bot7947622045:AAHsINxjjK35EFgPUmGOB8y5DZD5ytYR1So/getUpdates "HTTP/1.1 200 OK"
2025-03-09 18:38:08,865 - httpx - INFO - HTTP Request: POST https://api.telegram.org/bot7947622045:AAHsINxjjK35EFgPUmGOB8y5DZD5ytYR1So/getUpdates "HTTP/1.1 200 OK"
2025-03-09 18:38:18,975 - httpx - INFO - HTTP Request: POST https://api.telegram.org/bot7947622045:AAHsINxjjK35EFgPUmGOB8y5DZD5ytYR1So/getUpdates "HTTP/1.1 200 OK"
2025-03-09 18:38:29,081 - httpx - INFO - HTTP Request: POST https://api.telegram.org/bot7947622045:AAHsINxjjK35EFgPUmGOB8y5DZD5ytYR1So/getUpdates "HTTP/1.1 200 OK"
2025-03-09 18:38:39,192 - httpx - INFO - HTTP Request: POST https://api.telegram.org/bot7947622045:AAHsINxjjK35EFgPUmGOB8y5DZD5ytYR1So/getUpdates "HTTP/1.1 200 OK"
2025-03-09 18:38:49,385 - httpx - INFO - HTTP Request: POST https://api.telegram.org/bot7947622045:AAHsINxjjK35EFgPUmGOB8y5DZD5ytYR1So/getUpdates "HTTP/1.1 200 OK"
2025-03-09 18:38:59,505 - httpx - INFO - HTTP Request: POST https://api.telegram.org/bot7947622045:AAHsINxjjK35EFgPUmGOB8y5DZD5ytYR1So/getUpdates "HTTP/1.1 200 OK"
2025-03-09 18:39:09,614 - httpx - INFO - HTTP Request: POST https://api.telegram.org/bot7947622045:AAHsINxjjK35EFgPUmGOB8y5DZD5ytYR1So/getUpdates "HTTP/1.1 200 OK"
2025-03-09 18:39:19,719 - httpx - INFO - HTTP Request: POST https://api.telegram.org/bot7947622045:AAHsINxjjK35EFgPUmGOB8y5DZD5ytYR1So/getUpdates "HTTP/1.1 200 OK"
2025-03-09 18:39:29,838 - httpx - INFO - HTTP Request: POST https://api.telegram.org/bot7947622045:AAHsINxjjK35EFgPUmGOB8y5DZD5ytYR1So/getUpdates "HTTP/1.1 200 OK"
2025-03-09 18:39:40,116 - httpx - INFO - HTTP Request: POST https://api.telegram.org/bot7947622045:AAHsINxjjK35EFgPUmGOB8y5DZD5ytYR1So/getUpdates "HTTP/1.1 200 OK"
2025-03-09 18:39:50,213 - httpx - INFO - HTTP Request: POST https://api.telegram.org/bot7947622045:AAHsINxjjK35EFgPUmGOB8y5DZD5ytYR1So/getUpdates "HTTP/1.1 200 OK"
2025-03-09 18:39:51,929 - telegram.ext.Application - INFO - Application is stopping. This might take a moment.
2025-03-09 18:39:51,931 - telegram.ext.Application - INFO - Application.stop() complete
2025-03-09 18:39:51,936 - TelegramBot - INFO - Telegram bot started successfully
2025-03-09 18:39:51,943 - TelegramBot - INFO - Started catalog update thread
2025-03-09 18:39:51,945 - TelegramBot - INFO - Telegram Bot Service initialized
2025-03-09 18:39:51,952 - cherrypy.error - INFO - [09/Mar/2025:18:39:51] ENGINE Bus STARTING
2025-03-09 18:39:51,955 - cherrypy.error - INFO - [09/Mar/2025:18:39:51] ENGINE Started monitor thread 'Autoreloader'.
2025-03-09 18:39:51,956 - TelegramBot - ERROR - Error updating status with catalog: HTTPConnectionPool(host='localhost', port=8080): Max retries exceeded with url: /services/telegram_bot_service (Caused by NewConnectionError('<urllib3.connection.HTTPConnection object at 0x1033d9bd0>: Failed to establish a new connection: [Errno 61] Connection refused'))
2025-03-09 18:39:52,065 - cherrypy.error - INFO - [09/Mar/2025:18:39:52] ENGINE Serving on http://0.0.0.0:8085
2025-03-09 18:39:52,067 - cherrypy.error - INFO - [09/Mar/2025:18:39:52] ENGINE Bus STARTED
2025-03-09 18:39:55,529 - cherrypy.error - INFO - [09/Mar/2025:18:39:55] ENGINE Keyboard Interrupt: shutting down bus
2025-03-09 18:39:55,529 - cherrypy.error - INFO - [09/Mar/2025:18:39:55] ENGINE Bus STOPPING
2025-03-09 18:39:55,579 - cherrypy.error - INFO - [09/Mar/2025:18:39:55] ENGINE HTTP Server cherrypy._cpwsgi_server.CPWSGIServer(('0.0.0.0', 8085)) shut down
2025-03-09 18:39:55,580 - cherrypy.error - INFO - [09/Mar/2025:18:39:55] ENGINE Stopped thread 'Autoreloader'.
2025-03-09 18:39:55,580 - cherrypy.error - INFO - [09/Mar/2025:18:39:55] ENGINE Bus STOPPED
2025-03-09 18:39:55,580 - cherrypy.error - INFO - [09/Mar/2025:18:39:55] ENGINE Bus EXITING
2025-03-09 18:39:55,580 - cherrypy.error - INFO - [09/Mar/2025:18:39:55] ENGINE Bus EXITED
2025-03-09 18:39:55,580 - cherrypy.error - INFO - [09/Mar/2025:18:39:55] ENGINE Waiting for child threads to terminate...
