2025-03-10 00:30:49,574 - MessageBroker - INFO - MessageBroker initializing...
2025-03-10 00:30:49,582 - MessageBroker - INFO - Message broker started successfully.
2025-03-10 00:30:49,583 - MessageBroker - INFO - Connected to MQTT Broker!
2025-03-10 00:30:49,583 - MessageBroker - INFO - Subscribed to topic: /sensor/temperature
2025-03-10 00:30:49,583 - MessageBroker - INFO - Subscribed to topic: /sensor/pressure
2025-03-10 00:30:49,583 - MessageBroker - INFO - Subscribed to topic: /actuator/valve
2025-03-10 00:34:42,162 - MessageBroker - INFO - [ROUTING] /sensor/temperature -> {"device_id": "dev010", "sensor_type": "temperature", "value": 87.10325112385271, "timestamp": 1741563282.141249, "metadata": {"pipeline_id": "0", "position": 10}}
2025-03-10 00:34:42,166 - MessageBroker - INFO - [ROUTING] /sensor/pressure -> {"device_id": "dev010", "sensor_type": "pressure", "value": 516.6, "timestamp": 1741563282.141335, "metadata": {"pipeline_id": "0", "position": 10}}
2025-03-10 00:34:42,168 - MessageBroker - INFO - [ROUTING] /sensor/temperature -> {"device_id": "dev020", "sensor_type": "temperature", "value": 73.9, "timestamp": 1741563282.141453, "metadata": {"pipeline_id": "0", "position": 20}}
2025-03-10 00:34:42,168 - MessageBroker - INFO - [ROUTING] /sensor/temperature -> {"device_id": "dev030", "sensor_type": "temperature", "value": 60.1, "timestamp": 1741563282.141533, "metadata": {"pipeline_id": "0", "position": 30}}
2025-03-10 00:34:42,168 - MessageBroker - INFO - [ROUTING] /sensor/temperature -> {"device_id": "dev110", "sensor_type": "temperature", "value": 74.94153007767336, "timestamp": 1741563282.141582, "metadata": {"pipeline_id": "1", "position": 10}}
2025-03-10 00:34:42,168 - MessageBroker - INFO - [ROUTING] /sensor/temperature -> {"device_id": "dev120", "sensor_type": "temperature", "value": 66.0, "timestamp": 1741563282.141643, "metadata": {"pipeline_id": "1", "position": 20}}
2025-03-10 00:34:42,171 - MessageBroker - INFO - [ROUTING] /sensor/pressure -> {"device_id": "dev020", "sensor_type": "pressure", "value": 413.2, "timestamp": 1741563282.14149, "metadata": {"pipeline_id": "0", "position": 20}}
2025-03-10 00:34:42,171 - MessageBroker - INFO - [ROUTING] /sensor/pressure -> {"device_id": "dev030", "sensor_type": "pressure", "value": 545.1, "timestamp": 1741563282.1415622, "metadata": {"pipeline_id": "0", "position": 30}}
2025-03-10 00:34:42,171 - MessageBroker - INFO - [ROUTING] /sensor/pressure -> {"device_id": "dev110", "sensor_type": "pressure", "value": 510.3, "timestamp": 1741563282.141599, "metadata": {"pipeline_id": "1", "position": 10}}
2025-03-10 00:34:42,171 - MessageBroker - INFO - [ROUTING] /sensor/pressure -> {"device_id": "dev120", "sensor_type": "pressure", "value": 509.1, "timestamp": 1741563282.141657, "metadata": {"pipeline_id": "1", "position": 20}}
2025-03-10 00:34:47,148 - MessageBroker - INFO - [ROUTING] /sensor/temperature -> {"device_id": "dev010", "sensor_type": "temperature", "value": 70.8507261678377, "timestamp": 1741563287.146744, "metadata": {"pipeline_id": "0", "position": 10}}
2025-03-10 00:34:47,149 - MessageBroker - INFO - [ROUTING] /sensor/pressure -> {"device_id": "dev010", "sensor_type": "pressure", "value": 526.0, "timestamp": 1741563287.147156, "metadata": {"pipeline_id": "0", "position": 10}}
2025-03-10 00:34:47,149 - MessageBroker - INFO - [ROUTING] /sensor/temperature -> {"device_id": "dev020", "sensor_type": "temperature", "value": 74.8, "timestamp": 1741563287.147346, "metadata": {"pipeline_id": "0", "position": 20}}
2025-03-10 00:34:47,149 - MessageBroker - INFO - [ROUTING] /sensor/temperature -> {"device_id": "dev030", "sensor_type": "temperature", "value": 75.0, "timestamp": 1741563287.1475909, "metadata": {"pipeline_id": "0", "position": 30}}
2025-03-10 00:34:47,150 - MessageBroker - INFO - [ROUTING] /sensor/pressure -> {"device_id": "dev020", "sensor_type": "pressure", "value": 581.7739403737704, "timestamp": 1741563287.147465, "metadata": {"pipeline_id": "0", "position": 20}}
2025-03-10 00:34:47,150 - MessageBroker - INFO - [ROUTING] /sensor/pressure -> {"device_id": "dev030", "sensor_type": "pressure", "value": 445.4, "timestamp": 1741563287.1477818, "metadata": {"pipeline_id": "0", "position": 30}}
2025-03-10 00:34:47,150 - MessageBroker - INFO - [ROUTING] /sensor/temperature -> {"device_id": "dev110", "sensor_type": "temperature", "value": 71.2, "timestamp": 1741563287.148136, "metadata": {"pipeline_id": "1", "position": 10}}
2025-03-10 00:34:47,150 - MessageBroker - INFO - [ROUTING] /sensor/temperature -> {"device_id": "dev120", "sensor_type": "temperature", "value": 65.9, "timestamp": 1741563287.1486, "metadata": {"pipeline_id": "1", "position": 20}}
2025-03-10 00:34:47,151 - MessageBroker - INFO - [ROUTING] /sensor/pressure -> {"device_id": "dev110", "sensor_type": "pressure", "value": 467.4, "timestamp": 1741563287.148447, "metadata": {"pipeline_id": "1", "position": 10}}
2025-03-10 00:34:47,151 - MessageBroker - INFO - [ROUTING] /sensor/pressure -> {"device_id": "dev120", "sensor_type": "pressure", "value": 595.9, "timestamp": 1741563287.1487029, "metadata": {"pipeline_id": "1", "position": 20}}
2025-03-10 00:34:52,155 - MessageBroker - INFO - [ROUTING] /sensor/temperature -> {"device_id": "dev010", "sensor_type": "temperature", "value": 65.6, "timestamp": 1741563292.153883, "metadata": {"pipeline_id": "0", "position": 10}}
2025-03-10 00:34:52,157 - MessageBroker - INFO - [ROUTING] /sensor/pressure -> {"device_id": "dev010", "sensor_type": "pressure", "value": 409.7, "timestamp": 1741563292.1542442, "metadata": {"pipeline_id": "0", "position": 10}}
2025-03-10 00:34:52,157 - MessageBroker - INFO - [ROUTING] /sensor/temperature -> {"device_id": "dev020", "sensor_type": "temperature", "value": 69.3, "timestamp": 1741563292.1544309, "metadata": {"pipeline_id": "0", "position": 20}}
2025-03-10 00:34:52,157 - MessageBroker - INFO - [ROUTING] /sensor/temperature -> {"device_id": "dev030", "sensor_type": "temperature", "value": 63.2, "timestamp": 1741563292.155351, "metadata": {"pipeline_id": "0", "position": 30}}
2025-03-10 00:34:52,157 - MessageBroker - INFO - [ROUTING] /sensor/temperature -> {"device_id": "dev110", "sensor_type": "temperature", "value": 90.67345230442628, "timestamp": 1741563292.155591, "metadata": {"pipeline_id": "1", "position": 10}}
2025-03-10 00:34:52,158 - MessageBroker - INFO - [ROUTING] /sensor/temperature -> {"device_id": "dev120", "sensor_type": "temperature", "value": 65.5, "timestamp": 1741563292.155746, "metadata": {"pipeline_id": "1", "position": 20}}
2025-03-10 00:34:52,158 - MessageBroker - INFO - [ROUTING] /sensor/pressure -> {"device_id": "dev020", "sensor_type": "pressure", "value": 593.8, "timestamp": 1741563292.155094, "metadata": {"pipeline_id": "0", "position": 20}}
2025-03-10 00:34:52,159 - MessageBroker - INFO - [ROUTING] /sensor/pressure -> {"device_id": "dev030", "sensor_type": "pressure", "value": 444.0, "timestamp": 1741563292.155502, "metadata": {"pipeline_id": "0", "position": 30}}
2025-03-10 00:34:52,159 - MessageBroker - INFO - [ROUTING] /sensor/pressure -> {"device_id": "dev110", "sensor_type": "pressure", "value": 482.7, "timestamp": 1741563292.1556711, "metadata": {"pipeline_id": "1", "position": 10}}
2025-03-10 00:34:52,160 - MessageBroker - INFO - [ROUTING] /sensor/pressure -> {"device_id": "dev120", "sensor_type": "pressure", "value": 423.7, "timestamp": 1741563292.155819, "metadata": {"pipeline_id": "1", "position": 20}}
2025-03-10 00:34:52,160 - MessageBroker - INFO - [ROUTING] /actuator/valve -> {"device_id": "dev110", "actuator_type": "valve", "command": "open", "timestamp": 1741563292.1577039}
2025-03-10 00:34:57,162 - MessageBroker - INFO - [ROUTING] /sensor/temperature -> {"device_id": "dev010", "sensor_type": "temperature", "value": 66.2, "timestamp": 1741563297.160977, "metadata": {"pipeline_id": "0", "position": 10}}
2025-03-10 00:34:57,163 - MessageBroker - INFO - [ROUTING] /sensor/pressure -> {"device_id": "dev010", "sensor_type": "pressure", "value": 580.6, "timestamp": 1741563297.161334, "metadata": {"pipeline_id": "0", "position": 10}}
2025-03-10 00:34:57,163 - MessageBroker - INFO - [ROUTING] /sensor/temperature -> {"device_id": "dev020", "sensor_type": "temperature", "value": 64.8, "timestamp": 1741563297.161474, "metadata": {"pipeline_id": "0", "position": 20}}
2025-03-10 00:34:57,164 - MessageBroker - INFO - [ROUTING] /sensor/temperature -> {"device_id": "dev030", "sensor_type": "temperature", "value": 71.2, "timestamp": 1741563297.1618712, "metadata": {"pipeline_id": "0", "position": 30}}
2025-03-10 00:34:57,164 - MessageBroker - INFO - [ROUTING] /sensor/temperature -> {"device_id": "dev110", "sensor_type": "temperature", "value": 62.2, "timestamp": 1741563297.162355, "metadata": {"pipeline_id": "1", "position": 10}}
2025-03-10 00:34:57,164 - MessageBroker - INFO - [ROUTING] /sensor/pressure -> {"device_id": "dev020", "sensor_type": "pressure", "value": 497.4, "timestamp": 1741563297.161591, "metadata": {"pipeline_id": "0", "position": 20}}
2025-03-10 00:34:57,164 - MessageBroker - INFO - [ROUTING] /sensor/pressure -> {"device_id": "dev030", "sensor_type": "pressure", "value": 637.5536320096672, "timestamp": 1741563297.162039, "metadata": {"pipeline_id": "0", "position": 30}}
2025-03-10 00:34:57,166 - MessageBroker - INFO - [ROUTING] /sensor/pressure -> {"device_id": "dev110", "sensor_type": "pressure", "value": 481.3, "timestamp": 1741563297.1626859, "metadata": {"pipeline_id": "1", "position": 10}}
2025-03-10 00:34:57,166 - MessageBroker - INFO - [ROUTING] /sensor/temperature -> {"device_id": "dev120", "sensor_type": "temperature", "value": 74.00204229677676, "timestamp": 1741563297.1630778, "metadata": {"pipeline_id": "1", "position": 20}}
2025-03-10 00:34:57,166 - MessageBroker - INFO - [ROUTING] /sensor/pressure -> {"device_id": "dev120", "sensor_type": "pressure", "value": 498.8, "timestamp": 1741563297.163208, "metadata": {"pipeline_id": "1", "position": 20}}
2025-03-10 00:35:02,170 - MessageBroker - INFO - [ROUTING] /sensor/temperature -> {"device_id": "dev010", "sensor_type": "temperature", "value": 65.6, "timestamp": 1741563302.1683478, "metadata": {"pipeline_id": "0", "position": 10}}
2025-03-10 00:35:02,171 - MessageBroker - INFO - [ROUTING] /sensor/pressure -> {"device_id": "dev010", "sensor_type": "pressure", "value": 594.9, "timestamp": 1741563302.1687622, "metadata": {"pipeline_id": "0", "position": 10}}
2025-03-10 00:35:02,172 - MessageBroker - INFO - [ROUTING] /sensor/temperature -> {"device_id": "dev020", "sensor_type": "temperature", "value": 66.1, "timestamp": 1741563302.1689548, "metadata": {"pipeline_id": "0", "position": 20}}
2025-03-10 00:35:02,172 - MessageBroker - INFO - [ROUTING] /sensor/temperature -> {"device_id": "dev030", "sensor_type": "temperature", "value": 74.2, "timestamp": 1741563302.1695628, "metadata": {"pipeline_id": "0", "position": 30}}
2025-03-10 00:35:02,172 - MessageBroker - INFO - [ROUTING] /sensor/temperature -> {"device_id": "dev110", "sensor_type": "temperature", "value": 66.4, "timestamp": 1741563302.170093, "metadata": {"pipeline_id": "1", "position": 10}}
2025-03-10 00:35:02,172 - MessageBroker - INFO - [ROUTING] /sensor/pressure -> {"device_id": "dev020", "sensor_type": "pressure", "value": 428.2, "timestamp": 1741563302.169098, "metadata": {"pipeline_id": "0", "position": 20}}
2025-03-10 00:35:02,172 - MessageBroker - INFO - [ROUTING] /sensor/pressure -> {"device_id": "dev030", "sensor_type": "pressure", "value": 503.5, "timestamp": 1741563302.1697369, "metadata": {"pipeline_id": "0", "position": 30}}
2025-03-10 00:35:02,172 - MessageBroker - INFO - [ROUTING] /sensor/pressure -> {"device_id": "dev110", "sensor_type": "pressure", "value": 594.2, "timestamp": 1741563302.1702158, "metadata": {"pipeline_id": "1", "position": 10}}
2025-03-10 00:35:02,172 - MessageBroker - INFO - [ROUTING] /sensor/temperature -> {"device_id": "dev120", "sensor_type": "temperature", "value": 73.1, "timestamp": 1741563302.170339, "metadata": {"pipeline_id": "1", "position": 20}}
2025-03-10 00:35:02,173 - MessageBroker - INFO - [ROUTING] /sensor/pressure -> {"device_id": "dev120", "sensor_type": "pressure", "value": 495.8, "timestamp": 1741563302.170418, "metadata": {"pipeline_id": "1", "position": 20}}
2025-03-10 00:35:07,179 - MessageBroker - INFO - [ROUTING] /sensor/temperature -> {"device_id": "dev010", "sensor_type": "temperature", "value": 73.6, "timestamp": 1741563307.177218, "metadata": {"pipeline_id": "0", "position": 10}}
2025-03-10 00:35:07,180 - MessageBroker - INFO - [ROUTING] /sensor/pressure -> {"device_id": "dev010", "sensor_type": "pressure", "value": 534.4, "timestamp": 1741563307.177633, "metadata": {"pipeline_id": "0", "position": 10}}
2025-03-10 00:35:07,180 - MessageBroker - INFO - [ROUTING] /sensor/temperature -> {"device_id": "dev020", "sensor_type": "temperature", "value": 75.28569404549492, "timestamp": 1741563307.177849, "metadata": {"pipeline_id": "0", "position": 20}}
2025-03-10 00:35:07,180 - MessageBroker - INFO - [ROUTING] /sensor/temperature -> {"device_id": "dev030", "sensor_type": "temperature", "value": 70.9, "timestamp": 1741563307.1783628, "metadata": {"pipeline_id": "0", "position": 30}}
2025-03-10 00:35:07,180 - MessageBroker - INFO - [ROUTING] /sensor/temperature -> {"device_id": "dev110", "sensor_type": "temperature", "value": 68.5, "timestamp": 1741563307.178633, "metadata": {"pipeline_id": "1", "position": 10}}
2025-03-10 00:35:07,181 - MessageBroker - INFO - [ROUTING] /sensor/temperature -> {"device_id": "dev120", "sensor_type": "temperature", "value": 70.2, "timestamp": 1741563307.179282, "metadata": {"pipeline_id": "1", "position": 20}}
2025-03-10 00:35:07,181 - MessageBroker - INFO - [ROUTING] /sensor/pressure -> {"device_id": "dev020", "sensor_type": "pressure", "value": 560.7, "timestamp": 1741563307.178011, "metadata": {"pipeline_id": "0", "position": 20}}
2025-03-10 00:35:07,181 - MessageBroker - INFO - [ROUTING] /sensor/pressure -> {"device_id": "dev030", "sensor_type": "pressure", "value": 501.3, "timestamp": 1741563307.1784918, "metadata": {"pipeline_id": "0", "position": 30}}
2025-03-10 00:35:07,182 - MessageBroker - INFO - [ROUTING] /sensor/pressure -> {"device_id": "dev110", "sensor_type": "pressure", "value": 533.5, "timestamp": 1741563307.1788218, "metadata": {"pipeline_id": "1", "position": 10}}
2025-03-10 00:35:07,182 - MessageBroker - INFO - [ROUTING] /sensor/pressure -> {"device_id": "dev120", "sensor_type": "pressure", "value": 521.0, "timestamp": 1741563307.179378, "metadata": {"pipeline_id": "1", "position": 20}}
2025-03-10 00:35:12,190 - MessageBroker - INFO - [ROUTING] /sensor/temperature -> {"device_id": "dev010", "sensor_type": "temperature", "value": 62.9, "timestamp": 1741563312.188006, "metadata": {"pipeline_id": "0", "position": 10}}
2025-03-10 00:35:12,190 - MessageBroker - INFO - [ROUTING] /sensor/pressure -> {"device_id": "dev010", "sensor_type": "pressure", "value": 420.2, "timestamp": 1741563312.188427, "metadata": {"pipeline_id": "0", "position": 10}}
2025-03-10 00:35:12,191 - MessageBroker - INFO - [ROUTING] /sensor/temperature -> {"device_id": "dev020", "sensor_type": "temperature", "value": 74.3, "timestamp": 1741563312.188631, "metadata": {"pipeline_id": "0", "position": 20}}
2025-03-10 00:35:12,191 - MessageBroker - INFO - [ROUTING] /sensor/temperature -> {"device_id": "dev030", "sensor_type": "temperature", "value": 63.0, "timestamp": 1741563312.189028, "metadata": {"pipeline_id": "0", "position": 30}}
2025-03-10 00:35:12,191 - MessageBroker - INFO - [ROUTING] /sensor/pressure -> {"device_id": "dev020", "sensor_type": "pressure", "value": 430.1, "timestamp": 1741563312.188781, "metadata": {"pipeline_id": "0", "position": 20}}
2025-03-10 00:35:12,192 - MessageBroker - INFO - [ROUTING] /sensor/pressure -> {"device_id": "dev030", "sensor_type": "pressure", "value": 452.0, "timestamp": 1741563312.189174, "metadata": {"pipeline_id": "0", "position": 30}}
2025-03-10 00:35:12,192 - MessageBroker - INFO - [ROUTING] /sensor/temperature -> {"device_id": "dev110", "sensor_type": "temperature", "value": 73.0, "timestamp": 1741563312.189548, "metadata": {"pipeline_id": "1", "position": 10}}
2025-03-10 00:35:12,192 - MessageBroker - INFO - [ROUTING] /sensor/temperature -> {"device_id": "dev120", "sensor_type": "temperature", "value": 60.2, "timestamp": 1741563312.19, "metadata": {"pipeline_id": "1", "position": 20}}
2025-03-10 00:35:12,193 - MessageBroker - INFO - [ROUTING] /sensor/pressure -> {"device_id": "dev110", "sensor_type": "pressure", "value": 501.4, "timestamp": 1741563312.189707, "metadata": {"pipeline_id": "1", "position": 10}}
2025-03-10 00:35:12,193 - MessageBroker - INFO - [ROUTING] /sensor/pressure -> {"device_id": "dev120", "sensor_type": "pressure", "value": 525.0, "timestamp": 1741563312.190547, "metadata": {"pipeline_id": "1", "position": 20}}
2025-03-10 00:35:17,199 - MessageBroker - INFO - [ROUTING] /sensor/temperature -> {"device_id": "dev010", "sensor_type": "temperature", "value": 62.8, "timestamp": 1741563317.196921, "metadata": {"pipeline_id": "0", "position": 10}}
2025-03-10 00:35:17,200 - MessageBroker - INFO - [ROUTING] /sensor/pressure -> {"device_id": "dev010", "sensor_type": "pressure", "value": 422.9, "timestamp": 1741563317.1974201, "metadata": {"pipeline_id": "0", "position": 10}}
2025-03-10 00:35:17,200 - MessageBroker - INFO - [ROUTING] /sensor/temperature -> {"device_id": "dev020", "sensor_type": "temperature", "value": 74.4, "timestamp": 1741563317.1976378, "metadata": {"pipeline_id": "0", "position": 20}}
2025-03-10 00:35:17,201 - MessageBroker - INFO - [ROUTING] /sensor/temperature -> {"device_id": "dev030", "sensor_type": "temperature", "value": 74.2, "timestamp": 1741563317.198393, "metadata": {"pipeline_id": "0", "position": 30}}
2025-03-10 00:35:17,202 - MessageBroker - INFO - [ROUTING] /sensor/pressure -> {"device_id": "dev020", "sensor_type": "pressure", "value": 611.1997227627403, "timestamp": 1741563317.1979809, "metadata": {"pipeline_id": "0", "position": 20}}
2025-03-10 00:35:17,203 - MessageBroker - INFO - [ROUTING] /sensor/pressure -> {"device_id": "dev030", "sensor_type": "pressure", "value": 534.8, "timestamp": 1741563317.198998, "metadata": {"pipeline_id": "0", "position": 30}}
2025-03-10 00:35:17,204 - MessageBroker - INFO - [ROUTING] /sensor/temperature -> {"device_id": "dev110", "sensor_type": "temperature", "value": 68.2, "timestamp": 1741563317.199209, "metadata": {"pipeline_id": "1", "position": 10}}
2025-03-10 00:35:17,205 - MessageBroker - INFO - [ROUTING] /sensor/temperature -> {"device_id": "dev120", "sensor_type": "temperature", "value": 72.1, "timestamp": 1741563317.19988, "metadata": {"pipeline_id": "1", "position": 20}}
2025-03-10 00:35:17,205 - MessageBroker - INFO - [ROUTING] /sensor/pressure -> {"device_id": "dev110", "sensor_type": "pressure", "value": 422.6, "timestamp": 1741563317.199331, "metadata": {"pipeline_id": "1", "position": 10}}
2025-03-10 00:35:17,205 - MessageBroker - INFO - [ROUTING] /sensor/pressure -> {"device_id": "dev120", "sensor_type": "pressure", "value": 564.5, "timestamp": 1741563317.200026, "metadata": {"pipeline_id": "1", "position": 20}}
2025-03-10 00:35:22,207 - MessageBroker - INFO - [ROUTING] /sensor/temperature -> {"device_id": "dev010", "sensor_type": "temperature", "value": 64.3, "timestamp": 1741563322.20265, "metadata": {"pipeline_id": "0", "position": 10}}
2025-03-10 00:35:22,207 - MessageBroker - INFO - [ROUTING] /sensor/pressure -> {"device_id": "dev010", "sensor_type": "pressure", "value": 409.1, "timestamp": 1741563322.203152, "metadata": {"pipeline_id": "0", "position": 10}}
2025-03-10 00:35:22,208 - MessageBroker - INFO - [ROUTING] /sensor/temperature -> {"device_id": "dev020", "sensor_type": "temperature", "value": 61.4, "timestamp": 1741563322.2039292, "metadata": {"pipeline_id": "0", "position": 20}}
2025-03-10 00:35:22,208 - MessageBroker - INFO - [ROUTING] /sensor/temperature -> {"device_id": "dev030", "sensor_type": "temperature", "value": 75.0, "timestamp": 1741563322.2055418, "metadata": {"pipeline_id": "0", "position": 30}}
2025-03-10 00:35:22,208 - MessageBroker - INFO - [ROUTING] /sensor/temperature -> {"device_id": "dev110", "sensor_type": "temperature", "value": 72.9, "timestamp": 1741563322.206422, "metadata": {"pipeline_id": "1", "position": 10}}
2025-03-10 00:35:22,208 - MessageBroker - INFO - [ROUTING] /sensor/temperature -> {"device_id": "dev120", "sensor_type": "temperature", "value": 61.4, "timestamp": 1741563322.206702, "metadata": {"pipeline_id": "1", "position": 20}}
2025-03-10 00:35:22,209 - MessageBroker - INFO - [ROUTING] /sensor/pressure -> {"device_id": "dev020", "sensor_type": "pressure", "value": 501.3, "timestamp": 1741563322.205004, "metadata": {"pipeline_id": "0", "position": 20}}
2025-03-10 00:35:22,209 - MessageBroker - INFO - [ROUTING] /sensor/pressure -> {"device_id": "dev030", "sensor_type": "pressure", "value": 439.3, "timestamp": 1741563322.2061172, "metadata": {"pipeline_id": "0", "position": 30}}
2025-03-10 00:35:22,209 - MessageBroker - INFO - [ROUTING] /sensor/pressure -> {"device_id": "dev110", "sensor_type": "pressure", "value": 514.4, "timestamp": 1741563322.206579, "metadata": {"pipeline_id": "1", "position": 10}}
2025-03-10 00:35:22,209 - MessageBroker - INFO - [ROUTING] /sensor/pressure -> {"device_id": "dev120", "sensor_type": "pressure", "value": 442.7, "timestamp": 1741563322.206898, "metadata": {"pipeline_id": "1", "position": 20}}
2025-03-10 00:36:04,081 - MessageBroker - INFO - Received signal 2, shutting down...
2025-03-10 00:36:04,398 - MessageBroker - INFO - Disconnected from broker.
2025-03-10 00:36:04,399 - MessageBroker - INFO - Message broker stopped.
