2025-03-08 23:15:10,955 - RaspberryPiConnector - INFO - Using configuration from environment variables
2025-03-08 23:15:10,956 - RaspberryPiConnector - INFO - Raspberry Pi Connector initialized
2025-03-08 23:15:10,963 - RaspberryPiConnector - INFO - Connected to MQTT broker at localhost:1883
2025-03-08 23:15:10,963 - RaspberryPiConnector - INFO - Connected to MQTT broker
2025-03-08 23:15:10,963 - RaspberryPiConnector - INFO - Subscribed to topic: actuator/valve/pipeline001/dev010
2025-03-08 23:15:10,965 - RaspberryPiConnector - INFO - Successfully registered with catalog
2025-03-08 23:15:10,965 - RaspberryPiConnector - INFO - Started catalog update thread
2025-03-08 23:15:10,980 - RaspberryPiConnector - INFO - Successfully updated status with catalog
2025-03-08 23:15:11,142 - RaspberryPiConnector - INFO - Published: Temperature=55.27°C, Pressure=6.15 bar
2025-03-08 23:15:11,143 - RaspberryPiConnector - INFO - Published actuator status: closed
2025-03-08 23:15:13,149 - RaspberryPiConnector - INFO - Published: Temperature=63.79°C, Pressure=6.67 bar
2025-03-08 23:15:13,149 - RaspberryPiConnector - INFO - Published actuator status: closed
2025-03-08 23:15:15,156 - RaspberryPiConnector - INFO - Published: Temperature=61.94°C, Pressure=7.67 bar
2025-03-08 23:15:15,156 - RaspberryPiConnector - INFO - Published actuator status: closed
2025-03-08 23:15:17,158 - RaspberryPiConnector - INFO - Published: Temperature=67.63°C, Pressure=7.52 bar
2025-03-08 23:15:17,158 - RaspberryPiConnector - INFO - Published actuator status: closed
2025-03-08 23:15:19,160 - RaspberryPiConnector - INFO - Published: Temperature=69.66°C, Pressure=8.57 bar
2025-03-08 23:15:19,161 - RaspberryPiConnector - INFO - Published actuator status: closed
2025-03-08 23:15:21,167 - RaspberryPiConnector - INFO - Published: Temperature=78.69°C, Pressure=7.6 bar
2025-03-08 23:15:21,167 - RaspberryPiConnector - INFO - Published actuator status: closed
2025-03-08 23:15:23,173 - RaspberryPiConnector - INFO - Published: Temperature=68.72°C, Pressure=7.14 bar
2025-03-08 23:15:23,174 - RaspberryPiConnector - INFO - Published actuator status: closed
2025-03-08 23:15:25,181 - RaspberryPiConnector - INFO - Published: Temperature=65.05°C, Pressure=7.93 bar
2025-03-08 23:15:25,182 - RaspberryPiConnector - INFO - Published actuator status: closed
2025-03-08 23:15:27,188 - RaspberryPiConnector - INFO - Published: Temperature=72.98°C, Pressure=7.94 bar
2025-03-08 23:15:27,188 - RaspberryPiConnector - INFO - Published actuator status: closed
2025-03-08 23:15:29,190 - RaspberryPiConnector - INFO - Published: Temperature=79.43°C, Pressure=7.65 bar
2025-03-08 23:15:29,191 - RaspberryPiConnector - INFO - Published actuator status: closed
2025-03-08 23:15:31,197 - RaspberryPiConnector - INFO - Published: Temperature=67.81°C, Pressure=10.53 bar
2025-03-08 23:15:31,197 - RaspberryPiConnector - INFO - Published actuator status: closed
2025-03-08 23:15:33,201 - RaspberryPiConnector - INFO - Published: Temperature=70.97°C, Pressure=6.05 bar
2025-03-08 23:15:33,201 - RaspberryPiConnector - INFO - Published actuator status: closed
2025-03-08 23:15:35,205 - RaspberryPiConnector - INFO - Published: Temperature=67.69°C, Pressure=7.05 bar
2025-03-08 23:15:35,206 - RaspberryPiConnector - INFO - Published actuator status: closed
2025-03-08 23:15:37,208 - RaspberryPiConnector - INFO - Published: Temperature=71.43°C, Pressure=7.52 bar
2025-03-08 23:15:37,209 - RaspberryPiConnector - INFO - Published actuator status: closed
2025-03-08 23:15:39,214 - RaspberryPiConnector - INFO - Published: Temperature=60.28°C, Pressure=7.58 bar
2025-03-08 23:15:39,214 - RaspberryPiConnector - INFO - Published actuator status: closed
2025-03-08 23:15:41,218 - RaspberryPiConnector - INFO - Published: Temperature=63.57°C, Pressure=8.76 bar
2025-03-08 23:15:41,219 - RaspberryPiConnector - INFO - Published actuator status: closed
2025-03-08 23:15:43,225 - RaspberryPiConnector - INFO - Published: Temperature=68.36°C, Pressure=8.33 bar
2025-03-08 23:15:43,226 - RaspberryPiConnector - INFO - Published actuator status: closed
2025-03-08 23:15:45,232 - RaspberryPiConnector - INFO - Published: Temperature=68.7°C, Pressure=7.24 bar
2025-03-08 23:15:45,232 - RaspberryPiConnector - INFO - Published actuator status: closed
2025-03-08 23:15:47,234 - RaspberryPiConnector - INFO - Published: Temperature=62.8°C, Pressure=8.04 bar
2025-03-08 23:15:47,235 - RaspberryPiConnector - INFO - Published actuator status: closed
2025-03-08 23:15:49,239 - RaspberryPiConnector - INFO - Published: Temperature=54.54°C, Pressure=4.74 bar
2025-03-08 23:15:49,240 - RaspberryPiConnector - INFO - Published actuator status: closed
2025-03-08 23:15:51,246 - RaspberryPiConnector - INFO - Published: Temperature=74.4°C, Pressure=6.17 bar
2025-03-08 23:15:51,247 - RaspberryPiConnector - INFO - Published actuator status: closed
2025-03-08 23:15:53,252 - RaspberryPiConnector - INFO - Published: Temperature=70.52°C, Pressure=7.62 bar
2025-03-08 23:15:53,252 - RaspberryPiConnector - INFO - Published actuator status: closed
2025-03-08 23:15:55,258 - RaspberryPiConnector - INFO - Published: Temperature=56.51°C, Pressure=8.0 bar
2025-03-08 23:15:55,259 - RaspberryPiConnector - INFO - Published actuator status: closed
2025-03-08 23:15:57,265 - RaspberryPiConnector - INFO - Published: Temperature=64.62°C, Pressure=7.44 bar
2025-03-08 23:15:57,266 - RaspberryPiConnector - INFO - Published actuator status: closed
2025-03-08 23:15:59,272 - RaspberryPiConnector - INFO - Published: Temperature=62.87°C, Pressure=6.66 bar
2025-03-08 23:15:59,272 - RaspberryPiConnector - INFO - Published actuator status: closed
2025-03-08 23:16:01,279 - RaspberryPiConnector - INFO - Published: Temperature=67.19°C, Pressure=8.6 bar
2025-03-08 23:16:01,279 - RaspberryPiConnector - INFO - Published actuator status: closed
2025-03-08 23:16:03,285 - RaspberryPiConnector - INFO - Published: Temperature=60.73°C, Pressure=8.34 bar
2025-03-08 23:16:03,286 - RaspberryPiConnector - INFO - Published actuator status: closed
2025-03-08 23:16:05,290 - RaspberryPiConnector - INFO - Published: Temperature=69.12°C, Pressure=7.81 bar
2025-03-08 23:16:05,290 - RaspberryPiConnector - INFO - Published actuator status: closed
2025-03-08 23:16:07,296 - RaspberryPiConnector - INFO - Published: Temperature=70.94°C, Pressure=8.78 bar
2025-03-08 23:16:07,297 - RaspberryPiConnector - INFO - Published actuator status: closed
2025-03-08 23:16:09,303 - RaspberryPiConnector - INFO - Published: Temperature=59.89°C, Pressure=7.35 bar
2025-03-08 23:16:09,303 - RaspberryPiConnector - INFO - Published actuator status: closed
2025-03-08 23:16:11,015 - RaspberryPiConnector - INFO - Successfully updated status with catalog
2025-03-08 23:16:11,310 - RaspberryPiConnector - INFO - Published: Temperature=68.89°C, Pressure=8.74 bar
2025-03-08 23:16:11,311 - RaspberryPiConnector - INFO - Published actuator status: closed
2025-03-08 23:16:13,314 - RaspberryPiConnector - INFO - Published: Temperature=55.87°C, Pressure=7.64 bar
2025-03-08 23:16:13,315 - RaspberryPiConnector - INFO - Published actuator status: closed
2025-03-08 23:16:15,321 - RaspberryPiConnector - INFO - Published: Temperature=62.83°C, Pressure=6.63 bar
2025-03-08 23:16:15,321 - RaspberryPiConnector - INFO - Published actuator status: closed
2025-03-08 23:16:17,327 - RaspberryPiConnector - INFO - Published: Temperature=74.62°C, Pressure=8.16 bar
2025-03-08 23:16:17,328 - RaspberryPiConnector - INFO - Published actuator status: closed
2025-03-08 23:16:19,329 - RaspberryPiConnector - INFO - Published: Temperature=64.87°C, Pressure=6.45 bar
2025-03-08 23:16:19,330 - RaspberryPiConnector - INFO - Published actuator status: closed
2025-03-08 23:16:21,336 - RaspberryPiConnector - INFO - Published: Temperature=75.33°C, Pressure=7.2 bar
2025-03-08 23:16:21,337 - RaspberryPiConnector - INFO - Published actuator status: closed
2025-03-08 23:16:23,343 - RaspberryPiConnector - INFO - Published: Temperature=70.33°C, Pressure=7.69 bar
2025-03-08 23:16:23,344 - RaspberryPiConnector - INFO - Published actuator status: closed
2025-03-08 23:16:25,351 - RaspberryPiConnector - INFO - Published: Temperature=73.89°C, Pressure=8.23 bar
2025-03-08 23:16:25,351 - RaspberryPiConnector - INFO - Published actuator status: closed
2025-03-08 23:16:27,357 - RaspberryPiConnector - INFO - Published: Temperature=68.2°C, Pressure=6.06 bar
2025-03-08 23:16:27,358 - RaspberryPiConnector - INFO - Published actuator status: closed
2025-03-08 23:16:29,361 - RaspberryPiConnector - INFO - Published: Temperature=73.72°C, Pressure=7.65 bar
2025-03-08 23:16:29,362 - RaspberryPiConnector - INFO - Published actuator status: closed
2025-03-08 23:16:31,367 - RaspberryPiConnector - INFO - Published: Temperature=64.35°C, Pressure=9.68 bar
2025-03-08 23:16:31,368 - RaspberryPiConnector - INFO - Published actuator status: closed
2025-03-08 23:16:33,372 - RaspberryPiConnector - INFO - Published: Temperature=70.81°C, Pressure=8.45 bar
2025-03-08 23:16:33,373 - RaspberryPiConnector - INFO - Published actuator status: closed
2025-03-08 23:16:35,379 - RaspberryPiConnector - INFO - Published: Temperature=63.26°C, Pressure=7.28 bar
2025-03-08 23:16:35,380 - RaspberryPiConnector - INFO - Published actuator status: closed
2025-03-08 23:16:37,386 - RaspberryPiConnector - INFO - Published: Temperature=64.6°C, Pressure=8.84 bar
2025-03-08 23:16:37,388 - RaspberryPiConnector - INFO - Published actuator status: closed
2025-03-08 23:16:39,394 - RaspberryPiConnector - INFO - Published: Temperature=73.98°C, Pressure=7.5 bar
2025-03-08 23:16:39,395 - RaspberryPiConnector - INFO - Published actuator status: closed
2025-03-08 23:16:41,398 - RaspberryPiConnector - INFO - Published: Temperature=64.96°C, Pressure=6.17 bar
2025-03-08 23:16:41,399 - RaspberryPiConnector - INFO - Published actuator status: closed
2025-03-08 23:16:43,405 - RaspberryPiConnector - INFO - Published: Temperature=64.09°C, Pressure=6.86 bar
2025-03-08 23:16:43,406 - RaspberryPiConnector - INFO - Published actuator status: closed
2025-03-08 23:16:45,412 - RaspberryPiConnector - INFO - Published: Temperature=68.39°C, Pressure=7.21 bar
2025-03-08 23:16:45,412 - RaspberryPiConnector - INFO - Published actuator status: closed
2025-03-08 23:16:47,419 - RaspberryPiConnector - INFO - Published: Temperature=74.81°C, Pressure=7.02 bar
2025-03-08 23:16:47,420 - RaspberryPiConnector - INFO - Published actuator status: closed
2025-03-08 23:16:49,425 - RaspberryPiConnector - INFO - Published: Temperature=63.24°C, Pressure=7.06 bar
2025-03-08 23:16:49,426 - RaspberryPiConnector - INFO - Published actuator status: closed
2025-03-08 23:16:51,430 - RaspberryPiConnector - INFO - Published: Temperature=67.7°C, Pressure=7.14 bar
2025-03-08 23:16:51,430 - RaspberryPiConnector - INFO - Published actuator status: closed
2025-03-08 23:16:53,434 - RaspberryPiConnector - INFO - Published: Temperature=58.54°C, Pressure=8.85 bar
2025-03-08 23:16:53,435 - RaspberryPiConnector - INFO - Published actuator status: closed
2025-03-08 23:16:55,440 - RaspberryPiConnector - INFO - Published: Temperature=62.72°C, Pressure=7.12 bar
2025-03-08 23:16:55,441 - RaspberryPiConnector - INFO - Published actuator status: closed
2025-03-08 23:16:57,447 - RaspberryPiConnector - INFO - Published: Temperature=61.83°C, Pressure=10.53 bar
2025-03-08 23:16:57,447 - RaspberryPiConnector - INFO - Published actuator status: closed
2025-03-08 23:16:59,454 - RaspberryPiConnector - INFO - Published: Temperature=74.55°C, Pressure=7.82 bar
2025-03-08 23:16:59,455 - RaspberryPiConnector - INFO - Published actuator status: closed
2025-03-08 23:17:01,461 - RaspberryPiConnector - INFO - Published: Temperature=56.77°C, Pressure=6.86 bar
2025-03-08 23:17:01,462 - RaspberryPiConnector - INFO - Published actuator status: closed
2025-03-08 23:17:03,463 - RaspberryPiConnector - INFO - Published: Temperature=67.75°C, Pressure=7.98 bar
2025-03-08 23:17:03,464 - RaspberryPiConnector - INFO - Published actuator status: closed
2025-03-08 23:17:05,468 - RaspberryPiConnector - INFO - Published: Temperature=74.19°C, Pressure=9.09 bar
2025-03-08 23:17:05,468 - RaspberryPiConnector - INFO - Published actuator status: closed
2025-03-08 23:17:07,418 - RaspberryPiConnector - INFO - Published: Temperature=69.56°C, Pressure=6.31 bar
2025-03-08 23:17:07,419 - RaspberryPiConnector - INFO - Published actuator status: closed
2025-03-08 23:17:09,425 - RaspberryPiConnector - INFO - Published: Temperature=63.18°C, Pressure=5.94 bar
2025-03-08 23:17:09,425 - RaspberryPiConnector - INFO - Published actuator status: closed
2025-03-08 23:17:10,981 - RaspberryPiConnector - INFO - Successfully updated status with catalog
2025-03-08 23:17:11,431 - RaspberryPiConnector - INFO - Published: Temperature=67.01°C, Pressure=6.9 bar
2025-03-08 23:17:11,432 - RaspberryPiConnector - INFO - Published actuator status: closed
2025-03-08 23:17:13,439 - RaspberryPiConnector - INFO - Published: Temperature=64.71°C, Pressure=8.52 bar
2025-03-08 23:17:13,439 - RaspberryPiConnector - INFO - Published actuator status: closed
2025-03-08 23:17:15,445 - RaspberryPiConnector - INFO - Published: Temperature=62.07°C, Pressure=7.22 bar
2025-03-08 23:17:15,446 - RaspberryPiConnector - INFO - Published actuator status: closed
2025-03-08 23:17:17,452 - RaspberryPiConnector - INFO - Published: Temperature=69.94°C, Pressure=6.96 bar
2025-03-08 23:17:17,453 - RaspberryPiConnector - INFO - Published actuator status: closed
2025-03-08 23:17:19,458 - RaspberryPiConnector - INFO - Published: Temperature=60.49°C, Pressure=9.03 bar
2025-03-08 23:17:19,459 - RaspberryPiConnector - INFO - Published actuator status: closed
2025-03-08 23:17:21,464 - RaspberryPiConnector - INFO - Published: Temperature=54.14°C, Pressure=8.35 bar
2025-03-08 23:17:21,466 - RaspberryPiConnector - INFO - Published actuator status: closed
2025-03-08 23:17:23,472 - RaspberryPiConnector - INFO - Published: Temperature=60.32°C, Pressure=7.47 bar
2025-03-08 23:17:23,472 - RaspberryPiConnector - INFO - Published actuator status: closed
2025-03-08 23:17:25,474 - RaspberryPiConnector - INFO - Published: Temperature=62.81°C, Pressure=7.64 bar
2025-03-08 23:17:25,474 - RaspberryPiConnector - INFO - Published actuator status: closed
2025-03-08 23:17:27,480 - RaspberryPiConnector - INFO - Published: Temperature=59.37°C, Pressure=8.85 bar
2025-03-08 23:17:27,481 - RaspberryPiConnector - INFO - Published actuator status: closed
2025-03-08 23:17:29,483 - RaspberryPiConnector - INFO - Published: Temperature=63.76°C, Pressure=6.14 bar
2025-03-08 23:17:29,483 - RaspberryPiConnector - INFO - Published actuator status: closed
2025-03-08 23:17:31,489 - RaspberryPiConnector - INFO - Published: Temperature=65.21°C, Pressure=5.43 bar
2025-03-08 23:17:31,489 - RaspberryPiConnector - INFO - Published actuator status: closed
2025-03-08 23:17:33,494 - RaspberryPiConnector - INFO - Published: Temperature=62.37°C, Pressure=8.74 bar
2025-03-08 23:17:33,494 - RaspberryPiConnector - INFO - Published actuator status: closed
2025-03-08 23:17:35,499 - RaspberryPiConnector - INFO - Published: Temperature=61.25°C, Pressure=8.77 bar
2025-03-08 23:17:35,500 - RaspberryPiConnector - INFO - Published actuator status: closed
2025-03-08 23:17:37,500 - RaspberryPiConnector - INFO - Published: Temperature=60.09°C, Pressure=6.04 bar
2025-03-08 23:17:37,500 - RaspberryPiConnector - INFO - Published actuator status: closed
2025-03-08 23:17:39,506 - RaspberryPiConnector - INFO - Published: Temperature=71.6°C, Pressure=6.89 bar
2025-03-08 23:17:39,506 - RaspberryPiConnector - INFO - Published actuator status: closed
2025-03-08 23:17:41,511 - RaspberryPiConnector - INFO - Published: Temperature=62.75°C, Pressure=7.28 bar
2025-03-08 23:17:41,512 - RaspberryPiConnector - INFO - Published actuator status: closed
2025-03-08 23:17:43,518 - RaspberryPiConnector - INFO - Published: Temperature=54.13°C, Pressure=10.78 bar
2025-03-08 23:17:43,518 - RaspberryPiConnector - INFO - Published actuator status: closed
2025-03-08 23:17:45,524 - RaspberryPiConnector - INFO - Published: Temperature=58.4°C, Pressure=8.39 bar
2025-03-08 23:17:45,525 - RaspberryPiConnector - INFO - Published actuator status: closed
2025-03-08 23:17:47,531 - RaspberryPiConnector - INFO - Published: Temperature=64.02°C, Pressure=6.72 bar
2025-03-08 23:17:47,531 - RaspberryPiConnector - INFO - Published actuator status: closed
2025-03-08 23:17:49,537 - RaspberryPiConnector - INFO - Published: Temperature=66.6°C, Pressure=6.2 bar
2025-03-08 23:17:49,539 - RaspberryPiConnector - INFO - Published actuator status: closed
2025-03-08 23:17:51,544 - RaspberryPiConnector - INFO - Published: Temperature=55.46°C, Pressure=6.18 bar
2025-03-08 23:17:51,544 - RaspberryPiConnector - INFO - Published actuator status: closed
2025-03-08 23:17:53,550 - RaspberryPiConnector - INFO - Published: Temperature=69.37°C, Pressure=7.19 bar
2025-03-08 23:17:53,551 - RaspberryPiConnector - INFO - Published actuator status: closed
2025-03-08 23:17:55,556 - RaspberryPiConnector - INFO - Published: Temperature=68.38°C, Pressure=7.73 bar
2025-03-08 23:17:55,556 - RaspberryPiConnector - INFO - Published actuator status: closed
2025-03-08 23:17:57,562 - RaspberryPiConnector - INFO - Published: Temperature=71.15°C, Pressure=6.82 bar
2025-03-08 23:17:57,563 - RaspberryPiConnector - INFO - Published actuator status: closed
2025-03-08 23:17:59,569 - RaspberryPiConnector - INFO - Published: Temperature=56.09°C, Pressure=7.87 bar
2025-03-08 23:17:59,569 - RaspberryPiConnector - INFO - Published actuator status: closed
2025-03-08 23:18:01,575 - RaspberryPiConnector - INFO - Published: Temperature=53.9°C, Pressure=7.23 bar
2025-03-08 23:18:01,576 - RaspberryPiConnector - INFO - Published actuator status: closed
2025-03-08 23:18:03,577 - RaspberryPiConnector - INFO - Published: Temperature=65.71°C, Pressure=7.38 bar
2025-03-08 23:18:03,578 - RaspberryPiConnector - INFO - Published actuator status: closed
2025-03-08 23:18:05,581 - RaspberryPiConnector - INFO - Published: Temperature=70.07°C, Pressure=6.8 bar
2025-03-08 23:18:05,581 - RaspberryPiConnector - INFO - Published actuator status: closed
2025-03-08 23:18:07,588 - RaspberryPiConnector - INFO - Published: Temperature=67.75°C, Pressure=8.76 bar
2025-03-08 23:18:07,588 - RaspberryPiConnector - INFO - Published actuator status: closed
2025-03-08 23:18:09,594 - RaspberryPiConnector - INFO - Published: Temperature=62.19°C, Pressure=6.48 bar
2025-03-08 23:18:09,595 - RaspberryPiConnector - INFO - Published actuator status: closed
2025-03-08 23:18:10,995 - RaspberryPiConnector - INFO - Successfully updated status with catalog
2025-03-08 23:18:11,598 - RaspberryPiConnector - INFO - Published: Temperature=55.45°C, Pressure=6.93 bar
2025-03-08 23:18:11,598 - RaspberryPiConnector - INFO - Published actuator status: closed
2025-03-08 23:18:13,604 - RaspberryPiConnector - INFO - Published: Temperature=66.51°C, Pressure=6.95 bar
2025-03-08 23:18:13,605 - RaspberryPiConnector - INFO - Published actuator status: closed
2025-03-08 23:18:15,611 - RaspberryPiConnector - INFO - Published: Temperature=62.15°C, Pressure=9.99 bar
2025-03-08 23:18:15,611 - RaspberryPiConnector - INFO - Published actuator status: closed
2025-03-08 23:18:17,618 - RaspberryPiConnector - INFO - Published: Temperature=72.19°C, Pressure=7.68 bar
2025-03-08 23:18:17,618 - RaspberryPiConnector - INFO - Published actuator status: closed
2025-03-08 23:18:19,619 - RaspberryPiConnector - INFO - Published: Temperature=59.72°C, Pressure=7.8 bar
2025-03-08 23:18:19,620 - RaspberryPiConnector - INFO - Published actuator status: closed
2025-03-08 23:18:21,626 - RaspberryPiConnector - INFO - Published: Temperature=69.01°C, Pressure=6.48 bar
2025-03-08 23:18:21,627 - RaspberryPiConnector - INFO - Published actuator status: closed
2025-03-08 23:18:23,633 - RaspberryPiConnector - INFO - Published: Temperature=59.87°C, Pressure=7.3 bar
2025-03-08 23:18:23,634 - RaspberryPiConnector - INFO - Published actuator status: closed
2025-03-08 23:18:25,640 - RaspberryPiConnector - INFO - Published: Temperature=56.9°C, Pressure=3.3 bar
2025-03-08 23:18:25,640 - RaspberryPiConnector - INFO - Published actuator status: closed
2025-03-08 23:18:27,646 - RaspberryPiConnector - INFO - Published: Temperature=72.27°C, Pressure=8.38 bar
2025-03-08 23:18:27,647 - RaspberryPiConnector - INFO - Published actuator status: closed
2025-03-08 23:18:29,650 - RaspberryPiConnector - INFO - Published: Temperature=62.66°C, Pressure=7.03 bar
2025-03-08 23:18:29,650 - RaspberryPiConnector - INFO - Published actuator status: closed
2025-03-08 23:18:31,656 - RaspberryPiConnector - INFO - Published: Temperature=60.15°C, Pressure=9.66 bar
2025-03-08 23:18:31,657 - RaspberryPiConnector - INFO - Published actuator status: closed
2025-03-08 23:18:33,662 - RaspberryPiConnector - INFO - Published: Temperature=91.4°C, Pressure=7.1 bar
2025-03-08 23:18:33,663 - RaspberryPiConnector - INFO - Published actuator status: closed
2025-03-08 23:18:35,669 - RaspberryPiConnector - INFO - Published: Temperature=59.87°C, Pressure=8.05 bar
2025-03-08 23:18:35,670 - RaspberryPiConnector - INFO - Published actuator status: closed
2025-03-08 23:18:37,675 - RaspberryPiConnector - INFO - Published: Temperature=74.9°C, Pressure=6.88 bar
2025-03-08 23:18:37,675 - RaspberryPiConnector - INFO - Published actuator status: closed
2025-03-08 23:18:39,681 - RaspberryPiConnector - INFO - Published: Temperature=59.24°C, Pressure=7.96 bar
2025-03-08 23:18:39,682 - RaspberryPiConnector - INFO - Published actuator status: closed
2025-03-08 23:18:41,688 - RaspberryPiConnector - INFO - Published: Temperature=68.25°C, Pressure=8.74 bar
2025-03-08 23:18:41,688 - RaspberryPiConnector - INFO - Published actuator status: closed
2025-03-08 23:18:43,694 - RaspberryPiConnector - INFO - Published: Temperature=61.22°C, Pressure=8.36 bar
2025-03-08 23:18:43,695 - RaspberryPiConnector - INFO - Published actuator status: closed
2025-03-08 23:18:45,701 - RaspberryPiConnector - INFO - Published: Temperature=65.78°C, Pressure=7.46 bar
2025-03-08 23:18:45,702 - RaspberryPiConnector - INFO - Published actuator status: closed
2025-03-08 23:18:47,707 - RaspberryPiConnector - INFO - Published: Temperature=63.78°C, Pressure=8.78 bar
2025-03-08 23:18:47,710 - RaspberryPiConnector - INFO - Published actuator status: closed
2025-03-08 23:18:49,713 - RaspberryPiConnector - INFO - Published: Temperature=70.04°C, Pressure=6.9 bar
2025-03-08 23:18:49,716 - RaspberryPiConnector - INFO - Published actuator status: closed
2025-03-08 23:18:51,722 - RaspberryPiConnector - INFO - Published: Temperature=67.09°C, Pressure=5.99 bar
2025-03-08 23:18:51,723 - RaspberryPiConnector - INFO - Published actuator status: closed
2025-03-08 23:18:53,729 - RaspberryPiConnector - INFO - Published: Temperature=64.9°C, Pressure=7.59 bar
2025-03-08 23:18:53,730 - RaspberryPiConnector - INFO - Published actuator status: closed
2025-03-08 23:18:55,736 - RaspberryPiConnector - INFO - Published: Temperature=64.76°C, Pressure=7.3 bar
2025-03-08 23:18:55,737 - RaspberryPiConnector - INFO - Published actuator status: closed
2025-03-08 23:18:57,743 - RaspberryPiConnector - INFO - Published: Temperature=67.79°C, Pressure=6.22 bar
2025-03-08 23:18:57,744 - RaspberryPiConnector - INFO - Published actuator status: closed
2025-03-08 23:18:59,746 - RaspberryPiConnector - INFO - Published: Temperature=69.38°C, Pressure=6.67 bar
2025-03-08 23:18:59,747 - RaspberryPiConnector - INFO - Published actuator status: closed
2025-03-08 23:19:01,752 - RaspberryPiConnector - INFO - Published: Temperature=61.24°C, Pressure=6.08 bar
2025-03-08 23:19:01,753 - RaspberryPiConnector - INFO - Published actuator status: closed
2025-03-08 23:19:03,758 - RaspberryPiConnector - INFO - Published: Temperature=64.0°C, Pressure=6.16 bar
2025-03-08 23:19:03,759 - RaspberryPiConnector - INFO - Published actuator status: closed
2025-03-08 23:19:05,765 - RaspberryPiConnector - INFO - Published: Temperature=61.94°C, Pressure=7.79 bar
2025-03-08 23:19:05,765 - RaspberryPiConnector - INFO - Published actuator status: closed
2025-03-08 23:19:07,771 - RaspberryPiConnector - INFO - Published: Temperature=63.3°C, Pressure=8.15 bar
2025-03-08 23:19:07,772 - RaspberryPiConnector - INFO - Published actuator status: closed
2025-03-08 23:19:09,776 - RaspberryPiConnector - INFO - Published: Temperature=51.05°C, Pressure=7.66 bar
2025-03-08 23:19:09,776 - RaspberryPiConnector - INFO - Published actuator status: closed
2025-03-08 23:19:11,013 - RaspberryPiConnector - INFO - Successfully updated status with catalog
2025-03-08 23:19:11,781 - RaspberryPiConnector - INFO - Published: Temperature=80.7°C, Pressure=9.05 bar
2025-03-08 23:19:11,782 - RaspberryPiConnector - INFO - Published actuator status: closed
2025-03-08 23:19:13,788 - RaspberryPiConnector - INFO - Published: Temperature=66.37°C, Pressure=6.14 bar
2025-03-08 23:19:13,789 - RaspberryPiConnector - INFO - Published actuator status: closed
2025-03-08 23:19:15,795 - RaspberryPiConnector - INFO - Published: Temperature=63.62°C, Pressure=7.04 bar
2025-03-08 23:19:15,795 - RaspberryPiConnector - INFO - Published actuator status: closed
2025-03-08 23:19:17,800 - RaspberryPiConnector - INFO - Published: Temperature=61.56°C, Pressure=6.88 bar
2025-03-08 23:19:17,801 - RaspberryPiConnector - INFO - Published actuator status: closed
2025-03-08 23:19:19,807 - RaspberryPiConnector - INFO - Published: Temperature=61.71°C, Pressure=9.41 bar
2025-03-08 23:19:19,807 - RaspberryPiConnector - INFO - Published actuator status: closed
2025-03-08 23:19:21,811 - RaspberryPiConnector - INFO - Published: Temperature=66.12°C, Pressure=6.61 bar
2025-03-08 23:19:21,811 - RaspberryPiConnector - INFO - Published actuator status: closed
2025-03-08 23:19:23,817 - RaspberryPiConnector - INFO - Published: Temperature=65.69°C, Pressure=5.45 bar
2025-03-08 23:19:23,818 - RaspberryPiConnector - INFO - Published actuator status: closed
2025-03-08 23:19:25,822 - RaspberryPiConnector - INFO - Published: Temperature=58.29°C, Pressure=7.46 bar
2025-03-08 23:19:25,822 - RaspberryPiConnector - INFO - Published actuator status: closed
2025-03-08 23:19:27,828 - RaspberryPiConnector - INFO - Published: Temperature=68.59°C, Pressure=4.88 bar
2025-03-08 23:19:27,829 - RaspberryPiConnector - INFO - Published actuator status: closed
2025-03-08 23:19:29,835 - RaspberryPiConnector - INFO - Published: Temperature=62.93°C, Pressure=8.07 bar
2025-03-08 23:19:29,836 - RaspberryPiConnector - INFO - Published actuator status: closed
2025-03-08 23:19:31,838 - RaspberryPiConnector - INFO - Published: Temperature=55.79°C, Pressure=7.26 bar
2025-03-08 23:19:31,838 - RaspberryPiConnector - INFO - Published actuator status: closed
2025-03-08 23:19:33,844 - RaspberryPiConnector - INFO - Published: Temperature=65.07°C, Pressure=3.89 bar
2025-03-08 23:19:33,845 - RaspberryPiConnector - INFO - Published actuator status: closed
2025-03-08 23:19:35,851 - RaspberryPiConnector - INFO - Published: Temperature=67.05°C, Pressure=8.43 bar
2025-03-08 23:19:35,852 - RaspberryPiConnector - INFO - Published actuator status: closed
2025-03-08 23:19:37,858 - RaspberryPiConnector - INFO - Published: Temperature=60.18°C, Pressure=6.22 bar
2025-03-08 23:19:37,859 - RaspberryPiConnector - INFO - Published actuator status: closed
2025-03-08 23:19:39,863 - RaspberryPiConnector - INFO - Published: Temperature=61.22°C, Pressure=7.07 bar
2025-03-08 23:19:39,864 - RaspberryPiConnector - INFO - Published actuator status: closed
2025-03-08 23:19:41,865 - RaspberryPiConnector - INFO - Published: Temperature=69.87°C, Pressure=5.01 bar
2025-03-08 23:19:41,865 - RaspberryPiConnector - INFO - Published actuator status: closed
2025-03-08 23:19:43,871 - RaspberryPiConnector - INFO - Published: Temperature=58.13°C, Pressure=6.05 bar
2025-03-08 23:19:43,872 - RaspberryPiConnector - INFO - Published actuator status: closed
2025-03-08 23:19:45,878 - RaspberryPiConnector - INFO - Published: Temperature=66.99°C, Pressure=7.97 bar
2025-03-08 23:19:45,879 - RaspberryPiConnector - INFO - Published actuator status: closed
2025-03-08 23:19:47,885 - RaspberryPiConnector - INFO - Published: Temperature=57.44°C, Pressure=7.48 bar
2025-03-08 23:19:47,886 - RaspberryPiConnector - INFO - Published actuator status: closed
2025-03-08 23:19:49,888 - RaspberryPiConnector - INFO - Published: Temperature=72.0°C, Pressure=7.22 bar
2025-03-08 23:19:49,891 - RaspberryPiConnector - INFO - Published actuator status: closed
2025-03-08 23:19:51,897 - RaspberryPiConnector - INFO - Published: Temperature=62.38°C, Pressure=6.6 bar
2025-03-08 23:19:51,898 - RaspberryPiConnector - INFO - Published actuator status: closed
2025-03-08 23:19:53,904 - RaspberryPiConnector - INFO - Published: Temperature=66.68°C, Pressure=6.9 bar
2025-03-08 23:19:53,905 - RaspberryPiConnector - INFO - Published actuator status: closed
2025-03-08 23:19:55,907 - RaspberryPiConnector - INFO - Published: Temperature=60.24°C, Pressure=7.63 bar
2025-03-08 23:19:55,908 - RaspberryPiConnector - INFO - Published actuator status: closed
2025-03-08 23:19:57,913 - RaspberryPiConnector - INFO - Published: Temperature=61.55°C, Pressure=6.59 bar
2025-03-08 23:19:57,914 - RaspberryPiConnector - INFO - Published actuator status: closed
2025-03-08 23:19:59,920 - RaspberryPiConnector - INFO - Published: Temperature=58.09°C, Pressure=5.48 bar
2025-03-08 23:19:59,923 - RaspberryPiConnector - INFO - Published actuator status: closed
2025-03-08 23:20:01,929 - RaspberryPiConnector - INFO - Published: Temperature=65.46°C, Pressure=6.34 bar
2025-03-08 23:20:01,930 - RaspberryPiConnector - INFO - Published actuator status: closed
2025-03-08 23:20:03,936 - RaspberryPiConnector - INFO - Published: Temperature=66.82°C, Pressure=7.33 bar
2025-03-08 23:20:03,936 - RaspberryPiConnector - INFO - Published actuator status: closed
2025-03-08 23:20:05,941 - RaspberryPiConnector - INFO - Published: Temperature=59.83°C, Pressure=7.69 bar
2025-03-08 23:20:05,942 - RaspberryPiConnector - INFO - Published actuator status: closed
2025-03-08 23:20:07,948 - RaspberryPiConnector - INFO - Published: Temperature=73.47°C, Pressure=7.23 bar
2025-03-08 23:20:07,950 - RaspberryPiConnector - INFO - Published actuator status: closed
2025-03-08 23:20:09,954 - RaspberryPiConnector - INFO - Published: Temperature=66.59°C, Pressure=6.52 bar
2025-03-08 23:20:09,954 - RaspberryPiConnector - INFO - Published actuator status: closed
2025-03-08 23:20:11,025 - RaspberryPiConnector - INFO - Successfully updated status with catalog
2025-03-08 23:20:11,960 - RaspberryPiConnector - INFO - Published: Temperature=60.64°C, Pressure=8.08 bar
2025-03-08 23:20:11,961 - RaspberryPiConnector - INFO - Published actuator status: closed
2025-03-08 23:20:13,964 - RaspberryPiConnector - INFO - Published: Temperature=71.7°C, Pressure=6.4 bar
2025-03-08 23:20:13,966 - RaspberryPiConnector - INFO - Published actuator status: closed
2025-03-08 23:20:15,971 - RaspberryPiConnector - INFO - Published: Temperature=63.53°C, Pressure=8.1 bar
2025-03-08 23:20:15,972 - RaspberryPiConnector - INFO - Published actuator status: closed
2025-03-08 23:20:17,976 - RaspberryPiConnector - INFO - Published: Temperature=57.9°C, Pressure=7.52 bar
2025-03-08 23:20:17,976 - RaspberryPiConnector - INFO - Published actuator status: closed
2025-03-08 23:20:19,980 - RaspberryPiConnector - INFO - Published: Temperature=68.76°C, Pressure=9.93 bar
2025-03-08 23:20:19,981 - RaspberryPiConnector - INFO - Published actuator status: closed
2025-03-08 23:20:21,988 - RaspberryPiConnector - INFO - Published: Temperature=74.85°C, Pressure=6.58 bar
2025-03-08 23:20:21,989 - RaspberryPiConnector - INFO - Published actuator status: closed
2025-03-08 23:20:23,995 - RaspberryPiConnector - INFO - Published: Temperature=68.92°C, Pressure=6.78 bar
2025-03-08 23:20:23,995 - RaspberryPiConnector - INFO - Published actuator status: closed
2025-03-08 23:20:26,001 - RaspberryPiConnector - INFO - Published: Temperature=67.83°C, Pressure=10.01 bar
2025-03-08 23:20:26,002 - RaspberryPiConnector - INFO - Published actuator status: closed
2025-03-08 23:20:28,008 - RaspberryPiConnector - INFO - Published: Temperature=66.0°C, Pressure=8.51 bar
2025-03-08 23:20:28,009 - RaspberryPiConnector - INFO - Published actuator status: closed
2025-03-08 23:20:30,015 - RaspberryPiConnector - INFO - Published: Temperature=63.29°C, Pressure=7.36 bar
2025-03-08 23:20:30,017 - RaspberryPiConnector - INFO - Published actuator status: closed
2025-03-08 23:20:32,021 - RaspberryPiConnector - INFO - Published: Temperature=70.4°C, Pressure=5.67 bar
2025-03-08 23:20:32,021 - RaspberryPiConnector - INFO - Published actuator status: closed
2025-03-08 23:20:34,027 - RaspberryPiConnector - INFO - Published: Temperature=78.16°C, Pressure=8.22 bar
2025-03-08 23:20:34,028 - RaspberryPiConnector - INFO - Published actuator status: closed
2025-03-08 23:20:36,033 - RaspberryPiConnector - INFO - Published: Temperature=66.91°C, Pressure=6.88 bar
2025-03-08 23:20:36,034 - RaspberryPiConnector - INFO - Published actuator status: closed
2025-03-08 23:20:38,040 - RaspberryPiConnector - INFO - Published: Temperature=68.17°C, Pressure=5.81 bar
2025-03-08 23:20:38,040 - RaspberryPiConnector - INFO - Published actuator status: closed
2025-03-08 23:20:40,046 - RaspberryPiConnector - INFO - Published: Temperature=61.16°C, Pressure=7.62 bar
2025-03-08 23:20:40,047 - RaspberryPiConnector - INFO - Published actuator status: closed
2025-03-08 23:20:42,050 - RaspberryPiConnector - INFO - Published: Temperature=67.75°C, Pressure=8.49 bar
2025-03-08 23:20:42,052 - RaspberryPiConnector - INFO - Published actuator status: closed
2025-03-08 23:20:44,057 - RaspberryPiConnector - INFO - Published: Temperature=59.97°C, Pressure=9.37 bar
2025-03-08 23:20:44,058 - RaspberryPiConnector - INFO - Published actuator status: closed
2025-03-08 23:20:46,062 - RaspberryPiConnector - INFO - Published: Temperature=75.7°C, Pressure=7.35 bar
2025-03-08 23:20:46,062 - RaspberryPiConnector - INFO - Published actuator status: closed
2025-03-08 23:20:48,065 - RaspberryPiConnector - INFO - Published: Temperature=63.63°C, Pressure=8.42 bar
2025-03-08 23:20:48,065 - RaspberryPiConnector - INFO - Published actuator status: closed
2025-03-08 23:20:50,068 - RaspberryPiConnector - INFO - Published: Temperature=66.34°C, Pressure=7.57 bar
2025-03-08 23:20:50,069 - RaspberryPiConnector - INFO - Published actuator status: closed
2025-03-08 23:20:52,075 - RaspberryPiConnector - INFO - Published: Temperature=57.26°C, Pressure=7.81 bar
2025-03-08 23:20:52,076 - RaspberryPiConnector - INFO - Published actuator status: closed
2025-03-08 23:20:54,082 - RaspberryPiConnector - INFO - Published: Temperature=57.85°C, Pressure=9.2 bar
2025-03-08 23:20:54,082 - RaspberryPiConnector - INFO - Published actuator status: closed
2025-03-08 23:20:56,087 - RaspberryPiConnector - INFO - Published: Temperature=62.5°C, Pressure=7.95 bar
2025-03-08 23:20:56,088 - RaspberryPiConnector - INFO - Published actuator status: closed
2025-03-08 23:20:58,094 - RaspberryPiConnector - INFO - Published: Temperature=62.97°C, Pressure=5.84 bar
2025-03-08 23:20:58,095 - RaspberryPiConnector - INFO - Published actuator status: closed
2025-03-08 23:21:00,101 - RaspberryPiConnector - INFO - Published: Temperature=64.86°C, Pressure=8.43 bar
2025-03-08 23:21:00,101 - RaspberryPiConnector - INFO - Published actuator status: closed
2025-03-08 23:21:02,107 - RaspberryPiConnector - INFO - Published: Temperature=62.45°C, Pressure=7.43 bar
2025-03-08 23:21:02,108 - RaspberryPiConnector - INFO - Published actuator status: closed
2025-03-08 23:21:04,114 - RaspberryPiConnector - INFO - Published: Temperature=70.21°C, Pressure=7.7 bar
2025-03-08 23:21:04,114 - RaspberryPiConnector - INFO - Published actuator status: closed
2025-03-08 23:21:06,121 - RaspberryPiConnector - INFO - Published: Temperature=70.47°C, Pressure=5.91 bar
2025-03-08 23:21:06,121 - RaspberryPiConnector - INFO - Published actuator status: closed
2025-03-08 23:21:08,127 - RaspberryPiConnector - INFO - Published: Temperature=72.85°C, Pressure=7.67 bar
2025-03-08 23:21:08,129 - RaspberryPiConnector - INFO - Published actuator status: closed
2025-03-08 23:21:10,134 - RaspberryPiConnector - INFO - Published: Temperature=64.74°C, Pressure=7.5 bar
2025-03-08 23:21:10,135 - RaspberryPiConnector - INFO - Published actuator status: closed
2025-03-08 23:21:11,043 - RaspberryPiConnector - INFO - Successfully updated status with catalog
2025-03-08 23:21:12,141 - RaspberryPiConnector - INFO - Published: Temperature=55.9°C, Pressure=8.14 bar
2025-03-08 23:21:12,141 - RaspberryPiConnector - INFO - Published actuator status: closed
2025-03-08 23:21:14,143 - RaspberryPiConnector - INFO - Published: Temperature=64.11°C, Pressure=6.9 bar
2025-03-08 23:21:14,143 - RaspberryPiConnector - INFO - Published actuator status: closed
2025-03-08 23:21:16,147 - RaspberryPiConnector - INFO - Published: Temperature=62.51°C, Pressure=8.03 bar
2025-03-08 23:21:16,149 - RaspberryPiConnector - INFO - Published actuator status: closed
2025-03-08 23:21:18,153 - RaspberryPiConnector - INFO - Published: Temperature=62.53°C, Pressure=6.34 bar
2025-03-08 23:21:18,155 - RaspberryPiConnector - INFO - Published actuator status: closed
2025-03-08 23:21:20,161 - RaspberryPiConnector - INFO - Published: Temperature=60.07°C, Pressure=8.25 bar
2025-03-08 23:21:20,161 - RaspberryPiConnector - INFO - Published actuator status: closed
2025-03-08 23:21:22,164 - RaspberryPiConnector - INFO - Published: Temperature=68.48°C, Pressure=8.97 bar
2025-03-08 23:21:22,166 - RaspberryPiConnector - INFO - Published actuator status: closed
2025-03-08 23:21:24,176 - RaspberryPiConnector - INFO - Published: Temperature=56.14°C, Pressure=8.0 bar
2025-03-08 23:21:24,177 - RaspberryPiConnector - INFO - Published actuator status: closed
2025-03-08 23:21:26,183 - RaspberryPiConnector - INFO - Published: Temperature=64.42°C, Pressure=7.07 bar
2025-03-08 23:21:26,184 - RaspberryPiConnector - INFO - Published actuator status: closed
2025-03-08 23:21:28,190 - RaspberryPiConnector - INFO - Published: Temperature=70.33°C, Pressure=8.6 bar
2025-03-08 23:21:28,191 - RaspberryPiConnector - INFO - Published actuator status: closed
2025-03-08 23:21:30,197 - RaspberryPiConnector - INFO - Published: Temperature=62.58°C, Pressure=7.08 bar
2025-03-08 23:21:30,198 - RaspberryPiConnector - INFO - Published actuator status: closed
2025-03-08 23:21:32,204 - RaspberryPiConnector - INFO - Published: Temperature=71.6°C, Pressure=8.09 bar
2025-03-08 23:21:32,205 - RaspberryPiConnector - INFO - Published actuator status: closed
2025-03-08 23:21:34,210 - RaspberryPiConnector - INFO - Published: Temperature=62.36°C, Pressure=8.72 bar
2025-03-08 23:21:34,210 - RaspberryPiConnector - INFO - Published actuator status: closed
2025-03-08 23:21:36,212 - RaspberryPiConnector - INFO - Published: Temperature=60.34°C, Pressure=7.9 bar
2025-03-08 23:21:36,213 - RaspberryPiConnector - INFO - Published actuator status: closed
2025-03-08 23:21:38,219 - RaspberryPiConnector - INFO - Published: Temperature=60.49°C, Pressure=8.75 bar
2025-03-08 23:21:38,221 - RaspberryPiConnector - INFO - Published actuator status: closed
2025-03-08 23:21:40,226 - RaspberryPiConnector - INFO - Published: Temperature=55.68°C, Pressure=6.87 bar
2025-03-08 23:21:40,227 - RaspberryPiConnector - INFO - Published actuator status: closed
2025-03-08 23:21:42,233 - RaspberryPiConnector - INFO - Published: Temperature=55.48°C, Pressure=7.15 bar
2025-03-08 23:21:42,234 - RaspberryPiConnector - INFO - Published actuator status: closed
2025-03-08 23:21:44,240 - RaspberryPiConnector - INFO - Published: Temperature=57.21°C, Pressure=8.27 bar
2025-03-08 23:21:44,240 - RaspberryPiConnector - INFO - Published actuator status: closed
2025-03-08 23:21:46,246 - RaspberryPiConnector - INFO - Published: Temperature=68.18°C, Pressure=6.82 bar
2025-03-08 23:21:46,247 - RaspberryPiConnector - INFO - Published actuator status: closed
2025-03-08 23:21:48,253 - RaspberryPiConnector - INFO - Published: Temperature=67.25°C, Pressure=6.35 bar
2025-03-08 23:21:48,254 - RaspberryPiConnector - INFO - Published actuator status: closed
2025-03-08 23:21:50,260 - RaspberryPiConnector - INFO - Published: Temperature=68.9°C, Pressure=6.23 bar
2025-03-08 23:21:50,261 - RaspberryPiConnector - INFO - Published actuator status: closed
2025-03-08 23:21:52,266 - RaspberryPiConnector - INFO - Published: Temperature=75.89°C, Pressure=6.87 bar
2025-03-08 23:21:52,267 - RaspberryPiConnector - INFO - Published actuator status: closed
2025-03-08 23:21:54,271 - RaspberryPiConnector - INFO - Published: Temperature=73.75°C, Pressure=7.61 bar
2025-03-08 23:21:54,271 - RaspberryPiConnector - INFO - Published actuator status: closed
2025-03-08 23:21:56,277 - RaspberryPiConnector - INFO - Published: Temperature=60.24°C, Pressure=5.22 bar
2025-03-08 23:21:56,278 - RaspberryPiConnector - INFO - Published actuator status: closed
2025-03-08 23:21:58,283 - RaspberryPiConnector - INFO - Published: Temperature=69.13°C, Pressure=7.4 bar
2025-03-08 23:21:58,284 - RaspberryPiConnector - INFO - Published actuator status: closed
2025-03-08 23:22:00,286 - RaspberryPiConnector - INFO - Published: Temperature=65.05°C, Pressure=5.25 bar
2025-03-08 23:22:00,287 - RaspberryPiConnector - INFO - Published actuator status: closed
2025-03-08 23:22:02,289 - RaspberryPiConnector - INFO - Published: Temperature=64.61°C, Pressure=9.76 bar
2025-03-08 23:22:02,289 - RaspberryPiConnector - INFO - Published actuator status: closed
2025-03-08 23:22:04,295 - RaspberryPiConnector - INFO - Published: Temperature=56.22°C, Pressure=9.39 bar
2025-03-08 23:22:04,295 - RaspberryPiConnector - INFO - Published actuator status: closed
2025-03-08 23:22:06,301 - RaspberryPiConnector - INFO - Published: Temperature=66.31°C, Pressure=6.87 bar
2025-03-08 23:22:06,302 - RaspberryPiConnector - INFO - Published actuator status: closed
2025-03-08 23:22:08,308 - RaspberryPiConnector - INFO - Published: Temperature=72.16°C, Pressure=7.03 bar
2025-03-08 23:22:08,309 - RaspberryPiConnector - INFO - Published actuator status: closed
2025-03-08 23:22:10,311 - RaspberryPiConnector - INFO - Published: Temperature=69.37°C, Pressure=6.73 bar
2025-03-08 23:22:10,312 - RaspberryPiConnector - INFO - Published actuator status: closed
2025-03-08 23:22:11,060 - RaspberryPiConnector - INFO - Successfully updated status with catalog
2025-03-08 23:22:12,318 - RaspberryPiConnector - INFO - Published: Temperature=67.64°C, Pressure=6.33 bar
2025-03-08 23:22:12,319 - RaspberryPiConnector - INFO - Published actuator status: closed
2025-03-08 23:22:14,325 - RaspberryPiConnector - INFO - Published: Temperature=59.05°C, Pressure=6.41 bar
2025-03-08 23:22:14,326 - RaspberryPiConnector - INFO - Published actuator status: closed
2025-03-08 23:22:16,332 - RaspberryPiConnector - INFO - Published: Temperature=66.64°C, Pressure=5.74 bar
2025-03-08 23:22:16,332 - RaspberryPiConnector - INFO - Published actuator status: closed
2025-03-08 23:22:18,338 - RaspberryPiConnector - INFO - Published: Temperature=63.88°C, Pressure=7.35 bar
2025-03-08 23:22:18,339 - RaspberryPiConnector - INFO - Published actuator status: closed
2025-03-08 23:22:20,345 - RaspberryPiConnector - INFO - Published: Temperature=56.65°C, Pressure=6.67 bar
2025-03-08 23:22:20,346 - RaspberryPiConnector - INFO - Published actuator status: closed
2025-03-08 23:22:22,350 - RaspberryPiConnector - INFO - Published: Temperature=68.08°C, Pressure=10.51 bar
2025-03-08 23:22:22,351 - RaspberryPiConnector - INFO - Published actuator status: closed
2025-03-08 23:22:24,357 - RaspberryPiConnector - INFO - Published: Temperature=69.91°C, Pressure=6.74 bar
2025-03-08 23:22:24,358 - RaspberryPiConnector - INFO - Published actuator status: closed
2025-03-08 23:22:26,364 - RaspberryPiConnector - INFO - Published: Temperature=68.83°C, Pressure=8.41 bar
2025-03-08 23:22:26,365 - RaspberryPiConnector - INFO - Published actuator status: closed
2025-03-08 23:22:28,369 - RaspberryPiConnector - INFO - Published: Temperature=67.21°C, Pressure=5.38 bar
2025-03-08 23:22:28,371 - RaspberryPiConnector - INFO - Published actuator status: closed
2025-03-08 23:22:30,377 - RaspberryPiConnector - INFO - Published: Temperature=63.89°C, Pressure=7.14 bar
2025-03-08 23:22:30,378 - RaspberryPiConnector - INFO - Published actuator status: closed
2025-03-08 23:22:32,382 - RaspberryPiConnector - INFO - Published: Temperature=64.24°C, Pressure=7.37 bar
2025-03-08 23:22:32,382 - RaspberryPiConnector - INFO - Published actuator status: closed
2025-03-08 23:22:34,388 - RaspberryPiConnector - INFO - Published: Temperature=68.09°C, Pressure=8.81 bar
2025-03-08 23:22:34,388 - RaspberryPiConnector - INFO - Published actuator status: closed
2025-03-08 23:22:36,390 - RaspberryPiConnector - INFO - Published: Temperature=68.86°C, Pressure=8.88 bar
2025-03-08 23:22:36,391 - RaspberryPiConnector - INFO - Published actuator status: closed
2025-03-08 23:22:38,397 - RaspberryPiConnector - INFO - Published: Temperature=65.27°C, Pressure=6.8 bar
2025-03-08 23:22:38,398 - RaspberryPiConnector - INFO - Published actuator status: closed
2025-03-08 23:22:40,403 - RaspberryPiConnector - INFO - Published: Temperature=56.29°C, Pressure=7.26 bar
2025-03-08 23:22:40,403 - RaspberryPiConnector - INFO - Published actuator status: closed
2025-03-08 23:22:42,405 - RaspberryPiConnector - INFO - Published: Temperature=63.62°C, Pressure=8.36 bar
2025-03-08 23:22:42,406 - RaspberryPiConnector - INFO - Published actuator status: closed
2025-03-08 23:22:44,411 - RaspberryPiConnector - INFO - Published: Temperature=65.9°C, Pressure=7.16 bar
2025-03-08 23:22:44,411 - RaspberryPiConnector - INFO - Published actuator status: closed
2025-03-08 23:22:46,417 - RaspberryPiConnector - INFO - Published: Temperature=57.32°C, Pressure=9.12 bar
2025-03-08 23:22:46,418 - RaspberryPiConnector - INFO - Published actuator status: closed
2025-03-08 23:22:48,419 - RaspberryPiConnector - INFO - Published: Temperature=60.06°C, Pressure=7.85 bar
2025-03-08 23:22:48,420 - RaspberryPiConnector - INFO - Published actuator status: closed
2025-03-08 23:22:50,427 - RaspberryPiConnector - INFO - Published: Temperature=62.49°C, Pressure=10.48 bar
2025-03-08 23:22:50,428 - RaspberryPiConnector - INFO - Published actuator status: closed
2025-03-08 23:22:52,433 - RaspberryPiConnector - INFO - Published: Temperature=69.37°C, Pressure=6.79 bar
2025-03-08 23:22:52,434 - RaspberryPiConnector - INFO - Published actuator status: closed
2025-03-08 23:22:54,437 - RaspberryPiConnector - INFO - Published: Temperature=73.69°C, Pressure=8.25 bar
2025-03-08 23:22:54,438 - RaspberryPiConnector - INFO - Published actuator status: closed
2025-03-08 23:22:56,444 - RaspberryPiConnector - INFO - Published: Temperature=59.96°C, Pressure=7.82 bar
2025-03-08 23:22:56,445 - RaspberryPiConnector - INFO - Published actuator status: closed
2025-03-08 23:22:58,448 - RaspberryPiConnector - INFO - Published: Temperature=64.23°C, Pressure=7.31 bar
2025-03-08 23:22:58,449 - RaspberryPiConnector - INFO - Published actuator status: closed
2025-03-08 23:23:00,452 - RaspberryPiConnector - INFO - Published: Temperature=59.12°C, Pressure=6.75 bar
2025-03-08 23:23:00,453 - RaspberryPiConnector - INFO - Published actuator status: closed
2025-03-08 23:23:02,460 - RaspberryPiConnector - INFO - Published: Temperature=62.63°C, Pressure=7.66 bar
2025-03-08 23:23:02,460 - RaspberryPiConnector - INFO - Published actuator status: closed
2025-03-08 23:23:04,466 - RaspberryPiConnector - INFO - Published: Temperature=66.37°C, Pressure=6.23 bar
2025-03-08 23:23:04,467 - RaspberryPiConnector - INFO - Published actuator status: closed
2025-03-08 23:23:06,473 - RaspberryPiConnector - INFO - Published: Temperature=67.52°C, Pressure=8.64 bar
2025-03-08 23:23:06,475 - RaspberryPiConnector - INFO - Published actuator status: closed
2025-03-08 23:23:08,479 - RaspberryPiConnector - INFO - Published: Temperature=63.57°C, Pressure=6.7 bar
2025-03-08 23:23:08,479 - RaspberryPiConnector - INFO - Published actuator status: closed
2025-03-08 23:23:10,485 - RaspberryPiConnector - INFO - Published: Temperature=69.61°C, Pressure=7.94 bar
2025-03-08 23:23:10,487 - RaspberryPiConnector - INFO - Published actuator status: closed
2025-03-08 23:23:11,078 - RaspberryPiConnector - INFO - Successfully updated status with catalog
2025-03-08 23:23:12,493 - RaspberryPiConnector - INFO - Published: Temperature=60.59°C, Pressure=8.4 bar
2025-03-08 23:23:12,493 - RaspberryPiConnector - INFO - Published actuator status: closed
2025-03-08 23:23:14,497 - RaspberryPiConnector - INFO - Published: Temperature=68.15°C, Pressure=7.65 bar
2025-03-08 23:23:14,498 - RaspberryPiConnector - INFO - Published actuator status: closed
2025-03-08 23:23:16,502 - RaspberryPiConnector - INFO - Published: Temperature=62.63°C, Pressure=7.09 bar
2025-03-08 23:23:16,503 - RaspberryPiConnector - INFO - Published actuator status: closed
2025-03-08 23:23:18,508 - RaspberryPiConnector - INFO - Published: Temperature=59.76°C, Pressure=7.14 bar
2025-03-08 23:23:18,508 - RaspberryPiConnector - INFO - Published actuator status: closed
2025-03-08 23:23:20,512 - RaspberryPiConnector - INFO - Published: Temperature=64.84°C, Pressure=7.83 bar
2025-03-08 23:23:20,514 - RaspberryPiConnector - INFO - Published actuator status: closed
2025-03-08 23:23:22,519 - RaspberryPiConnector - INFO - Published: Temperature=64.7°C, Pressure=6.79 bar
2025-03-08 23:23:22,520 - RaspberryPiConnector - INFO - Published actuator status: closed
2025-03-08 23:23:24,526 - RaspberryPiConnector - INFO - Published: Temperature=65.57°C, Pressure=6.87 bar
2025-03-08 23:23:24,527 - RaspberryPiConnector - INFO - Published actuator status: closed
2025-03-08 23:23:26,533 - RaspberryPiConnector - INFO - Published: Temperature=68.03°C, Pressure=6.34 bar
2025-03-08 23:23:26,534 - RaspberryPiConnector - INFO - Published actuator status: closed
2025-03-08 23:23:28,540 - RaspberryPiConnector - INFO - Published: Temperature=62.45°C, Pressure=7.14 bar
2025-03-08 23:23:28,541 - RaspberryPiConnector - INFO - Published actuator status: closed
2025-03-08 23:23:30,551 - RaspberryPiConnector - INFO - Published: Temperature=63.27°C, Pressure=7.87 bar
2025-03-08 23:23:30,552 - RaspberryPiConnector - INFO - Published actuator status: closed
2025-03-08 23:23:32,558 - RaspberryPiConnector - INFO - Published: Temperature=73.57°C, Pressure=8.15 bar
2025-03-08 23:23:32,559 - RaspberryPiConnector - INFO - Published actuator status: closed
2025-03-08 23:23:34,565 - RaspberryPiConnector - INFO - Published: Temperature=66.19°C, Pressure=6.78 bar
2025-03-08 23:23:34,566 - RaspberryPiConnector - INFO - Published actuator status: closed
2025-03-08 23:23:36,568 - RaspberryPiConnector - INFO - Published: Temperature=75.19°C, Pressure=7.92 bar
2025-03-08 23:23:36,569 - RaspberryPiConnector - INFO - Published actuator status: closed
2025-03-08 23:23:38,571 - RaspberryPiConnector - INFO - Published: Temperature=68.25°C, Pressure=7.46 bar
2025-03-08 23:23:38,571 - RaspberryPiConnector - INFO - Published actuator status: closed
2025-03-08 23:23:40,577 - RaspberryPiConnector - INFO - Published: Temperature=61.97°C, Pressure=6.26 bar
2025-03-08 23:23:40,577 - RaspberryPiConnector - INFO - Published actuator status: closed
2025-03-08 23:23:42,583 - RaspberryPiConnector - INFO - Published: Temperature=65.22°C, Pressure=5.67 bar
2025-03-08 23:23:42,584 - RaspberryPiConnector - INFO - Published actuator status: closed
2025-03-08 23:23:44,590 - RaspberryPiConnector - INFO - Published: Temperature=61.96°C, Pressure=7.97 bar
2025-03-08 23:23:44,591 - RaspberryPiConnector - INFO - Published actuator status: closed
2025-03-08 23:23:46,597 - RaspberryPiConnector - INFO - Published: Temperature=63.62°C, Pressure=7.57 bar
2025-03-08 23:23:46,598 - RaspberryPiConnector - INFO - Published actuator status: closed
2025-03-08 23:23:48,604 - RaspberryPiConnector - INFO - Published: Temperature=67.01°C, Pressure=6.17 bar
2025-03-08 23:23:48,605 - RaspberryPiConnector - INFO - Published actuator status: closed
2025-03-08 23:23:50,610 - RaspberryPiConnector - INFO - Published: Temperature=65.74°C, Pressure=8.84 bar
2025-03-08 23:23:50,610 - RaspberryPiConnector - INFO - Published actuator status: closed
2025-03-08 23:23:52,616 - RaspberryPiConnector - INFO - Published: Temperature=56.21°C, Pressure=8.92 bar
2025-03-08 23:23:52,617 - RaspberryPiConnector - INFO - Published actuator status: closed
2025-03-08 23:23:54,623 - RaspberryPiConnector - INFO - Published: Temperature=53.44°C, Pressure=8.2 bar
2025-03-08 23:23:54,624 - RaspberryPiConnector - INFO - Published actuator status: closed
2025-03-08 23:23:56,628 - RaspberryPiConnector - INFO - Published: Temperature=62.05°C, Pressure=7.24 bar
2025-03-08 23:23:56,629 - RaspberryPiConnector - INFO - Published actuator status: closed
2025-03-08 23:23:58,631 - RaspberryPiConnector - INFO - Published: Temperature=57.56°C, Pressure=6.75 bar
2025-03-08 23:23:58,631 - RaspberryPiConnector - INFO - Published actuator status: closed
2025-03-08 23:24:00,637 - RaspberryPiConnector - INFO - Published: Temperature=56.58°C, Pressure=7.17 bar
2025-03-08 23:24:00,637 - RaspberryPiConnector - INFO - Published actuator status: closed
2025-03-08 23:24:02,642 - RaspberryPiConnector - INFO - Published: Temperature=59.08°C, Pressure=7.61 bar
2025-03-08 23:24:02,643 - RaspberryPiConnector - INFO - Published actuator status: closed
2025-03-08 23:24:04,646 - RaspberryPiConnector - INFO - Published: Temperature=65.15°C, Pressure=7.56 bar
2025-03-08 23:24:04,648 - RaspberryPiConnector - INFO - Published actuator status: closed
2025-03-08 23:24:06,650 - RaspberryPiConnector - INFO - Published: Temperature=59.92°C, Pressure=7.64 bar
2025-03-08 23:24:06,650 - RaspberryPiConnector - INFO - Published actuator status: closed
2025-03-08 23:24:08,656 - RaspberryPiConnector - INFO - Published: Temperature=57.4°C, Pressure=8.36 bar
2025-03-08 23:24:08,656 - RaspberryPiConnector - INFO - Published actuator status: closed
2025-03-08 23:24:10,662 - RaspberryPiConnector - INFO - Published: Temperature=58.25°C, Pressure=7.57 bar
2025-03-08 23:24:10,662 - RaspberryPiConnector - INFO - Published actuator status: closed
2025-03-08 23:24:11,099 - RaspberryPiConnector - INFO - Successfully updated status with catalog
2025-03-08 23:24:12,664 - RaspberryPiConnector - INFO - Published: Temperature=70.93°C, Pressure=7.91 bar
2025-03-08 23:24:12,665 - RaspberryPiConnector - INFO - Published actuator status: closed
2025-03-08 23:24:14,669 - RaspberryPiConnector - INFO - Published: Temperature=56.87°C, Pressure=7.09 bar
2025-03-08 23:24:14,669 - RaspberryPiConnector - INFO - Published actuator status: closed
2025-03-08 23:24:16,675 - RaspberryPiConnector - INFO - Published: Temperature=72.44°C, Pressure=6.93 bar
2025-03-08 23:24:16,675 - RaspberryPiConnector - INFO - Published actuator status: closed
2025-03-08 23:24:18,677 - RaspberryPiConnector - INFO - Published: Temperature=55.13°C, Pressure=8.82 bar
2025-03-08 23:24:18,677 - RaspberryPiConnector - INFO - Published actuator status: closed
2025-03-08 23:24:20,683 - RaspberryPiConnector - INFO - Published: Temperature=62.57°C, Pressure=7.33 bar
2025-03-08 23:24:20,684 - RaspberryPiConnector - INFO - Published actuator status: closed
2025-03-08 23:24:22,686 - RaspberryPiConnector - INFO - Published: Temperature=58.31°C, Pressure=8.01 bar
2025-03-08 23:24:22,686 - RaspberryPiConnector - INFO - Published actuator status: closed
2025-03-08 23:24:24,689 - RaspberryPiConnector - INFO - Published: Temperature=71.44°C, Pressure=7.48 bar
2025-03-08 23:24:24,690 - RaspberryPiConnector - INFO - Published actuator status: closed
2025-03-08 23:24:26,696 - RaspberryPiConnector - INFO - Published: Temperature=61.54°C, Pressure=8.43 bar
2025-03-08 23:24:26,697 - RaspberryPiConnector - INFO - Published actuator status: closed
2025-03-08 23:24:28,699 - RaspberryPiConnector - INFO - Published: Temperature=56.68°C, Pressure=7.33 bar
2025-03-08 23:24:28,699 - RaspberryPiConnector - INFO - Published actuator status: closed
2025-03-08 23:24:30,701 - RaspberryPiConnector - INFO - Published: Temperature=67.11°C, Pressure=6.75 bar
2025-03-08 23:24:30,702 - RaspberryPiConnector - INFO - Published actuator status: closed
2025-03-08 23:24:32,708 - RaspberryPiConnector - INFO - Published: Temperature=55.34°C, Pressure=6.9 bar
2025-03-08 23:24:32,709 - RaspberryPiConnector - INFO - Published actuator status: closed
2025-03-08 23:24:34,715 - RaspberryPiConnector - INFO - Published: Temperature=76.7°C, Pressure=7.86 bar
2025-03-08 23:24:34,715 - RaspberryPiConnector - INFO - Published actuator status: closed
2025-03-08 23:24:36,718 - RaspberryPiConnector - INFO - Published: Temperature=63.98°C, Pressure=5.98 bar
2025-03-08 23:24:36,719 - RaspberryPiConnector - INFO - Published actuator status: closed
2025-03-08 23:24:38,720 - RaspberryPiConnector - INFO - Published: Temperature=64.98°C, Pressure=7.63 bar
2025-03-08 23:24:38,721 - RaspberryPiConnector - INFO - Published actuator status: closed
2025-03-08 23:24:40,724 - RaspberryPiConnector - INFO - Published: Temperature=60.45°C, Pressure=3.87 bar
2025-03-08 23:24:40,725 - RaspberryPiConnector - INFO - Published actuator status: closed
2025-03-08 23:24:42,731 - RaspberryPiConnector - INFO - Published: Temperature=64.96°C, Pressure=8.94 bar
2025-03-08 23:24:42,731 - RaspberryPiConnector - INFO - Published actuator status: closed
2025-03-08 23:24:44,737 - RaspberryPiConnector - INFO - Published: Temperature=59.4°C, Pressure=7.38 bar
2025-03-08 23:24:44,738 - RaspberryPiConnector - INFO - Published actuator status: closed
2025-03-08 23:24:46,744 - RaspberryPiConnector - INFO - Published: Temperature=51.64°C, Pressure=5.71 bar
2025-03-08 23:24:46,745 - RaspberryPiConnector - INFO - Published actuator status: closed
2025-03-08 23:24:48,751 - RaspberryPiConnector - INFO - Published: Temperature=70.98°C, Pressure=6.42 bar
2025-03-08 23:24:48,751 - RaspberryPiConnector - INFO - Published actuator status: closed
2025-03-08 23:24:50,757 - RaspberryPiConnector - INFO - Published: Temperature=74.36°C, Pressure=7.68 bar
2025-03-08 23:24:50,758 - RaspberryPiConnector - INFO - Published actuator status: closed
2025-03-08 23:24:52,760 - RaspberryPiConnector - INFO - Published: Temperature=73.52°C, Pressure=6.47 bar
2025-03-08 23:24:52,760 - RaspberryPiConnector - INFO - Published actuator status: closed
2025-03-08 23:24:53,310 - RaspberryPiConnector - INFO - Shutting down...
2025-03-08 23:24:53,762 - RaspberryPiConnector - WARNING - Disconnected from MQTT broker with code 0
2025-03-09 14:30:18,923 - RaspberryPiConnector - INFO - Using configuration from environment variables
2025-03-09 14:30:18,924 - RaspberryPiConnector - INFO - Raspberry Pi Connector initialized
2025-03-09 14:30:18,930 - RaspberryPiConnector - INFO - Connected to MQTT broker at localhost:1883
2025-03-09 14:30:18,932 - RaspberryPiConnector - INFO - Successfully registered with catalog
2025-03-09 14:30:18,932 - RaspberryPiConnector - INFO - Started catalog update thread
2025-03-09 14:30:18,933 - RaspberryPiConnector - INFO - Successfully updated status with catalog
2025-03-09 14:30:18,935 - RaspberryPiConnector - INFO - Connected to MQTT broker
2025-03-09 14:30:18,935 - RaspberryPiConnector - INFO - Subscribed to topic: actuator/valve/pipeline001/dev010
2025-03-09 14:30:20,963 - RaspberryPiConnector - INFO - Published: Temperature=60.1°C, Pressure=5.93 bar
2025-03-09 14:30:20,963 - RaspberryPiConnector - INFO - Published actuator status: closed
2025-03-09 14:30:22,969 - RaspberryPiConnector - INFO - Published: Temperature=66.71°C, Pressure=7.29 bar
2025-03-09 14:30:22,970 - RaspberryPiConnector - INFO - Published actuator status: closed
2025-03-09 14:30:24,976 - RaspberryPiConnector - INFO - Published: Temperature=70.13°C, Pressure=6.62 bar
2025-03-09 14:30:24,976 - RaspberryPiConnector - INFO - Published actuator status: closed
2025-03-09 14:30:26,981 - RaspberryPiConnector - INFO - Published: Temperature=71.69°C, Pressure=8.83 bar
2025-03-09 14:30:26,982 - RaspberryPiConnector - INFO - Published actuator status: closed
2025-03-09 14:30:28,987 - RaspberryPiConnector - INFO - Published: Temperature=67.79°C, Pressure=7.41 bar
2025-03-09 14:30:28,987 - RaspberryPiConnector - INFO - Published actuator status: closed
2025-03-09 14:30:30,990 - RaspberryPiConnector - INFO - Published: Temperature=73.75°C, Pressure=6.18 bar
2025-03-09 14:30:30,990 - RaspberryPiConnector - INFO - Published actuator status: closed
2025-03-09 14:30:32,996 - RaspberryPiConnector - INFO - Published: Temperature=56.07°C, Pressure=6.05 bar
2025-03-09 14:30:32,998 - RaspberryPiConnector - INFO - Published actuator status: closed
2025-03-09 14:30:35,004 - RaspberryPiConnector - INFO - Published: Temperature=64.57°C, Pressure=7.08 bar
2025-03-09 14:30:35,005 - RaspberryPiConnector - INFO - Published actuator status: closed
2025-03-09 14:30:37,012 - RaspberryPiConnector - INFO - Published: Temperature=72.35°C, Pressure=7.71 bar
2025-03-09 14:30:37,014 - RaspberryPiConnector - INFO - Published actuator status: closed
2025-03-09 14:30:39,020 - RaspberryPiConnector - INFO - Published: Temperature=62.01°C, Pressure=8.47 bar
2025-03-09 14:30:39,021 - RaspberryPiConnector - INFO - Published actuator status: closed
2025-03-09 14:30:41,027 - RaspberryPiConnector - INFO - Published: Temperature=61.98°C, Pressure=9.33 bar
2025-03-09 14:30:41,029 - RaspberryPiConnector - INFO - Published actuator status: closed
2025-03-09 14:30:43,035 - RaspberryPiConnector - INFO - Published: Temperature=65.95°C, Pressure=7.36 bar
2025-03-09 14:30:43,036 - RaspberryPiConnector - INFO - Published actuator status: closed
2025-03-09 14:30:45,037 - RaspberryPiConnector - INFO - Published: Temperature=64.14°C, Pressure=8.22 bar
2025-03-09 14:30:45,038 - RaspberryPiConnector - INFO - Published actuator status: closed
2025-03-09 14:30:47,043 - RaspberryPiConnector - INFO - Published: Temperature=67.69°C, Pressure=8.51 bar
2025-03-09 14:30:47,044 - RaspberryPiConnector - INFO - Published actuator status: closed
2025-03-09 14:30:49,046 - RaspberryPiConnector - INFO - Published: Temperature=70.42°C, Pressure=6.14 bar
2025-03-09 14:30:49,047 - RaspberryPiConnector - INFO - Published actuator status: closed
2025-03-09 14:30:51,053 - RaspberryPiConnector - INFO - Published: Temperature=52.9°C, Pressure=8.96 bar
2025-03-09 14:30:51,054 - RaspberryPiConnector - INFO - Published actuator status: closed
2025-03-09 14:30:53,060 - RaspberryPiConnector - INFO - Published: Temperature=60.64°C, Pressure=9.02 bar
2025-03-09 14:30:53,061 - RaspberryPiConnector - INFO - Published actuator status: closed
2025-03-09 14:30:55,067 - RaspberryPiConnector - INFO - Published: Temperature=61.8°C, Pressure=5.94 bar
2025-03-09 14:30:55,068 - RaspberryPiConnector - INFO - Published actuator status: closed
2025-03-09 14:30:57,074 - RaspberryPiConnector - INFO - Published: Temperature=65.42°C, Pressure=9.43 bar
2025-03-09 14:30:57,075 - RaspberryPiConnector - INFO - Published actuator status: closed
2025-03-09 14:30:59,079 - RaspberryPiConnector - INFO - Published: Temperature=69.49°C, Pressure=7.69 bar
2025-03-09 14:30:59,080 - RaspberryPiConnector - INFO - Published actuator status: closed
2025-03-09 14:31:01,086 - RaspberryPiConnector - INFO - Published: Temperature=70.09°C, Pressure=8.22 bar
2025-03-09 14:31:01,086 - RaspberryPiConnector - INFO - Published actuator status: closed
2025-03-09 14:31:03,093 - RaspberryPiConnector - INFO - Published: Temperature=67.04°C, Pressure=8.29 bar
2025-03-09 14:31:03,093 - RaspberryPiConnector - INFO - Published actuator status: closed
2025-03-09 14:31:05,095 - RaspberryPiConnector - INFO - Published: Temperature=58.34°C, Pressure=6.56 bar
2025-03-09 14:31:05,096 - RaspberryPiConnector - INFO - Published actuator status: closed
2025-03-09 14:31:07,102 - RaspberryPiConnector - INFO - Published: Temperature=59.94°C, Pressure=6.09 bar
2025-03-09 14:31:07,104 - RaspberryPiConnector - INFO - Published actuator status: closed
2025-03-09 14:31:09,108 - RaspberryPiConnector - INFO - Published: Temperature=70.11°C, Pressure=8.53 bar
2025-03-09 14:31:09,109 - RaspberryPiConnector - INFO - Published actuator status: closed
2025-03-09 14:31:11,116 - RaspberryPiConnector - INFO - Published: Temperature=65.26°C, Pressure=6.48 bar
2025-03-09 14:31:11,118 - RaspberryPiConnector - INFO - Published actuator status: closed
2025-03-09 14:31:13,124 - RaspberryPiConnector - INFO - Published: Temperature=64.88°C, Pressure=7.25 bar
2025-03-09 14:31:13,126 - RaspberryPiConnector - INFO - Published actuator status: closed
2025-03-09 14:31:15,131 - RaspberryPiConnector - INFO - Published: Temperature=70.87°C, Pressure=7.67 bar
2025-03-09 14:31:15,132 - RaspberryPiConnector - INFO - Published actuator status: closed
2025-03-09 14:31:17,136 - RaspberryPiConnector - INFO - Published: Temperature=65.98°C, Pressure=7.65 bar
2025-03-09 14:31:17,137 - RaspberryPiConnector - INFO - Published actuator status: closed
2025-03-09 14:31:18,952 - RaspberryPiConnector - INFO - Successfully updated status with catalog
2025-03-09 14:31:19,143 - RaspberryPiConnector - INFO - Published: Temperature=60.38°C, Pressure=7.08 bar
2025-03-09 14:31:19,144 - RaspberryPiConnector - INFO - Published actuator status: closed
2025-03-09 14:31:21,150 - RaspberryPiConnector - INFO - Published: Temperature=64.18°C, Pressure=8.0 bar
2025-03-09 14:31:21,151 - RaspberryPiConnector - INFO - Published actuator status: closed
2025-03-09 14:31:23,152 - RaspberryPiConnector - INFO - Published: Temperature=68.85°C, Pressure=6.53 bar
2025-03-09 14:31:23,153 - RaspberryPiConnector - INFO - Published actuator status: closed
2025-03-09 14:31:25,159 - RaspberryPiConnector - INFO - Published: Temperature=59.46°C, Pressure=6.23 bar
2025-03-09 14:31:25,163 - RaspberryPiConnector - INFO - Published actuator status: closed
2025-03-09 14:31:27,165 - RaspberryPiConnector - INFO - Published: Temperature=71.24°C, Pressure=8.08 bar
2025-03-09 14:31:27,165 - RaspberryPiConnector - INFO - Published actuator status: closed
2025-03-09 14:31:29,171 - RaspberryPiConnector - INFO - Published: Temperature=57.16°C, Pressure=8.59 bar
2025-03-09 14:31:29,174 - RaspberryPiConnector - INFO - Published actuator status: closed
2025-03-09 14:31:31,179 - RaspberryPiConnector - INFO - Published: Temperature=67.13°C, Pressure=7.46 bar
2025-03-09 14:31:31,180 - RaspberryPiConnector - INFO - Published actuator status: closed
2025-03-09 14:31:33,186 - RaspberryPiConnector - INFO - Published: Temperature=66.67°C, Pressure=7.28 bar
2025-03-09 14:31:33,187 - RaspberryPiConnector - INFO - Published actuator status: closed
2025-03-09 14:31:35,189 - RaspberryPiConnector - INFO - Published: Temperature=67.37°C, Pressure=7.84 bar
2025-03-09 14:31:35,190 - RaspberryPiConnector - INFO - Published actuator status: closed
2025-03-09 14:31:37,194 - RaspberryPiConnector - INFO - Published: Temperature=66.54°C, Pressure=8.19 bar
2025-03-09 14:31:37,194 - RaspberryPiConnector - INFO - Published actuator status: closed
2025-03-09 14:31:39,200 - RaspberryPiConnector - INFO - Published: Temperature=64.7°C, Pressure=7.27 bar
2025-03-09 14:31:39,200 - RaspberryPiConnector - INFO - Published actuator status: closed
2025-03-09 14:31:41,204 - RaspberryPiConnector - INFO - Published: Temperature=64.31°C, Pressure=7.07 bar
2025-03-09 14:31:41,204 - RaspberryPiConnector - INFO - Published actuator status: closed
2025-03-09 14:31:43,208 - RaspberryPiConnector - INFO - Published: Temperature=61.74°C, Pressure=6.14 bar
2025-03-09 14:31:43,209 - RaspberryPiConnector - INFO - Published actuator status: closed
2025-03-09 14:31:45,213 - RaspberryPiConnector - INFO - Published: Temperature=68.65°C, Pressure=8.13 bar
2025-03-09 14:31:45,213 - RaspberryPiConnector - INFO - Published actuator status: closed
2025-03-09 14:31:47,218 - RaspberryPiConnector - INFO - Published: Temperature=63.65°C, Pressure=8.13 bar
2025-03-09 14:31:47,219 - RaspberryPiConnector - INFO - Published actuator status: closed
2025-03-09 14:31:49,226 - RaspberryPiConnector - INFO - Published: Temperature=72.21°C, Pressure=7.68 bar
2025-03-09 14:31:49,230 - RaspberryPiConnector - INFO - Published actuator status: closed
2025-03-09 14:31:51,233 - RaspberryPiConnector - INFO - Published: Temperature=56.11°C, Pressure=7.58 bar
2025-03-09 14:31:51,234 - RaspberryPiConnector - INFO - Published actuator status: closed
2025-03-09 14:31:53,240 - RaspberryPiConnector - INFO - Published: Temperature=58.44°C, Pressure=7.84 bar
2025-03-09 14:31:53,242 - RaspberryPiConnector - INFO - Published actuator status: closed
2025-03-09 14:31:55,248 - RaspberryPiConnector - INFO - Published: Temperature=62.97°C, Pressure=6.37 bar
2025-03-09 14:31:55,249 - RaspberryPiConnector - INFO - Published actuator status: closed
2025-03-09 14:31:57,253 - RaspberryPiConnector - INFO - Published: Temperature=62.78°C, Pressure=6.91 bar
2025-03-09 14:31:57,254 - RaspberryPiConnector - INFO - Published actuator status: closed
2025-03-09 14:31:59,259 - RaspberryPiConnector - INFO - Published: Temperature=69.39°C, Pressure=7.84 bar
2025-03-09 14:31:59,261 - RaspberryPiConnector - INFO - Published actuator status: closed
2025-03-09 14:32:01,267 - RaspberryPiConnector - INFO - Published: Temperature=61.35°C, Pressure=7.03 bar
2025-03-09 14:32:01,268 - RaspberryPiConnector - INFO - Published actuator status: closed
2025-03-09 14:32:03,274 - RaspberryPiConnector - INFO - Published: Temperature=63.43°C, Pressure=8.26 bar
2025-03-09 14:32:03,275 - RaspberryPiConnector - INFO - Published actuator status: closed
2025-03-09 14:32:05,278 - RaspberryPiConnector - INFO - Published: Temperature=61.18°C, Pressure=8.28 bar
2025-03-09 14:32:05,279 - RaspberryPiConnector - INFO - Published actuator status: closed
2025-03-09 14:32:07,285 - RaspberryPiConnector - INFO - Published: Temperature=54.6°C, Pressure=8.51 bar
2025-03-09 14:32:07,286 - RaspberryPiConnector - INFO - Published actuator status: closed
2025-03-09 14:32:09,288 - RaspberryPiConnector - INFO - Published: Temperature=65.74°C, Pressure=12.97 bar
2025-03-09 14:32:09,288 - RaspberryPiConnector - INFO - Published actuator status: closed
2025-03-09 14:32:11,294 - RaspberryPiConnector - INFO - Published: Temperature=67.44°C, Pressure=8.54 bar
2025-03-09 14:32:11,295 - RaspberryPiConnector - INFO - Published actuator status: closed
2025-03-09 14:32:13,299 - RaspberryPiConnector - INFO - Published: Temperature=68.08°C, Pressure=7.35 bar
2025-03-09 14:32:13,300 - RaspberryPiConnector - INFO - Published actuator status: closed
2025-03-09 14:32:15,306 - RaspberryPiConnector - INFO - Published: Temperature=66.77°C, Pressure=8.53 bar
2025-03-09 14:32:15,307 - RaspberryPiConnector - INFO - Published actuator status: closed
2025-03-09 14:32:17,313 - RaspberryPiConnector - INFO - Published: Temperature=55.88°C, Pressure=6.7 bar
2025-03-09 14:32:17,315 - RaspberryPiConnector - INFO - Published actuator status: closed
2025-03-09 14:32:18,970 - RaspberryPiConnector - INFO - Successfully updated status with catalog
2025-03-09 14:32:19,321 - RaspberryPiConnector - INFO - Published: Temperature=69.52°C, Pressure=8.94 bar
2025-03-09 14:32:19,321 - RaspberryPiConnector - INFO - Published actuator status: closed
2025-03-09 14:32:21,322 - RaspberryPiConnector - INFO - Published: Temperature=64.26°C, Pressure=6.33 bar
2025-03-09 14:32:21,323 - RaspberryPiConnector - INFO - Published actuator status: closed
2025-03-09 14:32:23,329 - RaspberryPiConnector - INFO - Published: Temperature=69.12°C, Pressure=6.78 bar
2025-03-09 14:32:23,329 - RaspberryPiConnector - INFO - Published actuator status: closed
2025-03-09 14:32:25,334 - RaspberryPiConnector - INFO - Published: Temperature=68.81°C, Pressure=5.11 bar
2025-03-09 14:32:25,335 - RaspberryPiConnector - INFO - Published actuator status: closed
2025-03-09 14:32:27,343 - RaspberryPiConnector - INFO - Published: Temperature=70.63°C, Pressure=8.47 bar
2025-03-09 14:32:27,345 - RaspberryPiConnector - INFO - Published actuator status: closed
2025-03-09 14:32:29,348 - RaspberryPiConnector - INFO - Published: Temperature=67.69°C, Pressure=7.03 bar
2025-03-09 14:32:29,348 - RaspberryPiConnector - INFO - Published actuator status: closed
2025-03-09 14:32:31,352 - RaspberryPiConnector - INFO - Published: Temperature=65.83°C, Pressure=6.96 bar
2025-03-09 14:32:31,352 - RaspberryPiConnector - INFO - Published actuator status: closed
2025-03-09 14:32:33,357 - RaspberryPiConnector - INFO - Published: Temperature=73.56°C, Pressure=6.12 bar
2025-03-09 14:32:33,359 - RaspberryPiConnector - INFO - Published actuator status: closed
2025-03-09 14:32:35,363 - RaspberryPiConnector - INFO - Published: Temperature=67.27°C, Pressure=7.13 bar
2025-03-09 14:32:35,364 - RaspberryPiConnector - INFO - Published actuator status: closed
2025-03-09 14:32:37,370 - RaspberryPiConnector - INFO - Published: Temperature=65.92°C, Pressure=6.4 bar
2025-03-09 14:32:37,371 - RaspberryPiConnector - INFO - Published actuator status: closed
2025-03-09 14:32:39,377 - RaspberryPiConnector - INFO - Published: Temperature=54.38°C, Pressure=5.27 bar
2025-03-09 14:32:39,378 - RaspberryPiConnector - INFO - Published actuator status: closed
2025-03-09 14:32:41,384 - RaspberryPiConnector - INFO - Published: Temperature=73.27°C, Pressure=7.71 bar
2025-03-09 14:32:41,384 - RaspberryPiConnector - INFO - Published actuator status: closed
